[0.979s] Invoking command in '/home/teggatz/documents/WRoverSoftware_25-26/src/simulation': PYTHONPATH=/home/teggatz/documents/WRoverSoftware_25-26/build/simulation/prefix_override:/usr/lib/python3/dist-packages/colcon_core/task/python/colcon_distutils_commands:/home/teggatz/documents/WRoverSoftware_25-26/install/simulation/lib/python3.10/site-packages:${PYTHONPATH} /usr/bin/python3 -W ignore:setup.py install is deprecated -W ignore:easy_install command is deprecated setup.py egg_info --egg-base ../../build/simulation build --build-base /home/teggatz/documents/WRoverSoftware_25-26/build/simulation/build install --record /home/teggatz/documents/WRoverSoftware_25-26/build/simulation/install.log --single-version-externally-managed install_data
[1.096s] running egg_info
[1.097s] creating ../../build/simulation/simulation.egg-info
[1.097s] writing ../../build/simulation/simulation.egg-info/PKG-INFO
[1.097s] writing dependency_links to ../../build/simulation/simulation.egg-info/dependency_links.txt
[1.097s] writing entry points to ../../build/simulation/simulation.egg-info/entry_points.txt
[1.099s] writing requirements to ../../build/simulation/simulation.egg-info/requires.txt
[1.099s] writing top-level names to ../../build/simulation/simulation.egg-info/top_level.txt
[1.099s] writing manifest file '../../build/simulation/simulation.egg-info/SOURCES.txt'
[1.100s] reading manifest file '../../build/simulation/simulation.egg-info/SOURCES.txt'
[1.100s] adding license file 'LICENSE'
[1.100s] writing manifest file '../../build/simulation/simulation.egg-info/SOURCES.txt'
[1.100s] running build
[1.100s] running build_py
[1.100s] creating /home/teggatz/documents/WRoverSoftware_25-26/build/simulation/build
[1.100s] creating /home/teggatz/documents/WRoverSoftware_25-26/build/simulation/build/lib
[1.100s] creating /home/teggatz/documents/WRoverSoftware_25-26/build/simulation/build/lib/simulation
[1.100s] copying simulation/__init__.py -> /home/teggatz/documents/WRoverSoftware_25-26/build/simulation/build/lib/simulation
[1.100s] running install
[1.100s] running install_lib
[1.101s] creating /home/teggatz/documents/WRoverSoftware_25-26/install/simulation/lib/python3.10/site-packages/simulation
[1.101s] copying /home/teggatz/documents/WRoverSoftware_25-26/build/simulation/build/lib/simulation/__init__.py -> /home/teggatz/documents/WRoverSoftware_25-26/install/simulation/lib/python3.10/site-packages/simulation
[1.102s] byte-compiling /home/teggatz/documents/WRoverSoftware_25-26/install/simulation/lib/python3.10/site-packages/simulation/__init__.py to __init__.cpython-310.pyc
[1.102s] running install_data
[1.102s] creating /home/teggatz/documents/WRoverSoftware_25-26/install/simulation/share/ament_index
[1.102s] creating /home/teggatz/documents/WRoverSoftware_25-26/install/simulation/share/ament_index/resource_index
[1.102s] creating /home/teggatz/documents/WRoverSoftware_25-26/install/simulation/share/ament_index/resource_index/packages
[1.102s] copying resource/simulation -> /home/teggatz/documents/WRoverSoftware_25-26/install/simulation/share/ament_index/resource_index/packages
[1.103s] copying package.xml -> /home/teggatz/documents/WRoverSoftware_25-26/install/simulation/share/simulation
[1.103s] running install_egg_info
[1.105s] Copying ../../build/simulation/simulation.egg-info to /home/teggatz/documents/WRoverSoftware_25-26/install/simulation/lib/python3.10/site-packages/simulation-0.0.0-py3.10.egg-info
[1.106s] running install_scripts
[1.125s] writing list of installed files to '/home/teggatz/documents/WRoverSoftware_25-26/build/simulation/install.log'
[1.143s] Invoked command in '/home/teggatz/documents/WRoverSoftware_25-26/src/simulation' returned '0': PYTHONPATH=/home/teggatz/documents/WRoverSoftware_25-26/build/simulation/prefix_override:/usr/lib/python3/dist-packages/colcon_core/task/python/colcon_distutils_commands:/home/teggatz/documents/WRoverSoftware_25-26/install/simulation/lib/python3.10/site-packages:${PYTHONPATH} /usr/bin/python3 -W ignore:setup.py install is deprecated -W ignore:easy_install command is deprecated setup.py egg_info --egg-base ../../build/simulation build --build-base /home/teggatz/documents/WRoverSoftware_25-26/build/simulation/build install --record /home/teggatz/documents/WRoverSoftware_25-26/build/simulation/install.log --single-version-externally-managed install_data
