[0.949s] Invoking command in '/home/david-wang/Desktop/Projects/Wisconsin Robotics/WRoverSoftware_25-26/src/object_detection': DEBUGINFOD_URLS=https://debuginfod.ubuntu.com PS1=(.venv) \[\e]0;\u@\h: \w\a\]${debian_chroot:+($debian_chroot)}\[\033[01;32m\]\u@\h\[\033[00m\]:\[\033[01;34m\]\w\[\033[00m\]\$ PYTHONPATH=/home/david-wang/Desktop/Projects/Wisconsin Robotics/WRoverSoftware_25-26/build/object_detection/prefix_override:/home/david-wang/.venv/lib/python3.12/site-packages/colcon_core/task/python/colcon_distutils_commands:/home/david-wang/Desktop/Projects/Wisconsin Robotics/WRoverSoftware_25-26/install/object_detection/lib/python3.12/site-packages:/home/david-wang/Desktop/Projects/Wisconsin Robotics/WRoverSoftware_25-26/install/object_detection_msgs/lib/python3.12/site-packages:/home/david-wang/Desktop/Projects/Wisconsin Robotics/WRoverSoftware_25-26/install/object_detection/lib/python3.12/site-packages:/opt/ros/jazzy/lib/python3.12/site-packages:/home/david-wang/.venv/lib/python3.12/site-packages VIRTUAL_ENV_PROMPT=(.venv) /home/david-wang/.venv/bin/python3 -W ignore:setup.py install is deprecated -W ignore:easy_install command is deprecated setup.py egg_info --egg-base ../../build/object_detection build --build-base /home/david-wang/Desktop/Projects/Wisconsin Robotics/WRoverSoftware_25-26/build/object_detection/build install --record /home/david-wang/Desktop/Projects/Wisconsin Robotics/WRoverSoftware_25-26/build/object_detection/install.log --single-version-externally-managed install_data
[1.162s] running egg_info
[1.176s] writing ../../build/object_detection/object_detection.egg-info/PKG-INFO
[1.176s] writing dependency_links to ../../build/object_detection/object_detection.egg-info/dependency_links.txt
[1.176s] writing entry points to ../../build/object_detection/object_detection.egg-info/entry_points.txt
[1.177s] writing requirements to ../../build/object_detection/object_detection.egg-info/requires.txt
[1.177s] writing top-level names to ../../build/object_detection/object_detection.egg-info/top_level.txt
[1.209s] reading manifest file '../../build/object_detection/object_detection.egg-info/SOURCES.txt'
[1.209s] adding license file 'LICENSE'
[1.210s] writing manifest file '../../build/object_detection/object_detection.egg-info/SOURCES.txt'
[1.210s] running build
[1.211s] running build_py
[1.211s] copying object_detection/bottle.py -> /home/david-wang/Desktop/Projects/Wisconsin Robotics/WRoverSoftware_25-26/build/object_detection/build/lib/object_detection
[1.211s] copying object_detection/__init__.py -> /home/david-wang/Desktop/Projects/Wisconsin Robotics/WRoverSoftware_25-26/build/object_detection/build/lib/object_detection
[1.211s] copying object_detection/mallet.py -> /home/david-wang/Desktop/Projects/Wisconsin Robotics/WRoverSoftware_25-26/build/object_detection/build/lib/object_detection
[1.211s] copying object_detection/hammer.py -> /home/david-wang/Desktop/Projects/Wisconsin Robotics/WRoverSoftware_25-26/build/object_detection/build/lib/object_detection
[1.211s] running install
[1.215s] running install_lib
[1.229s] copying /home/david-wang/Desktop/Projects/Wisconsin Robotics/WRoverSoftware_25-26/build/object_detection/build/lib/object_detection/bottle.py -> /home/david-wang/Desktop/Projects/Wisconsin Robotics/WRoverSoftware_25-26/install/object_detection/lib/python3.12/site-packages/object_detection
[1.230s] copying /home/david-wang/Desktop/Projects/Wisconsin Robotics/WRoverSoftware_25-26/build/object_detection/build/lib/object_detection/mallet.py -> /home/david-wang/Desktop/Projects/Wisconsin Robotics/WRoverSoftware_25-26/install/object_detection/lib/python3.12/site-packages/object_detection
[1.230s] copying /home/david-wang/Desktop/Projects/Wisconsin Robotics/WRoverSoftware_25-26/build/object_detection/build/lib/object_detection/hammer.py -> /home/david-wang/Desktop/Projects/Wisconsin Robotics/WRoverSoftware_25-26/install/object_detection/lib/python3.12/site-packages/object_detection
[1.230s] byte-compiling /home/david-wang/Desktop/Projects/Wisconsin Robotics/WRoverSoftware_25-26/install/object_detection/lib/python3.12/site-packages/object_detection/bottle.py to bottle.cpython-312.pyc
[1.231s] byte-compiling /home/david-wang/Desktop/Projects/Wisconsin Robotics/WRoverSoftware_25-26/install/object_detection/lib/python3.12/site-packages/object_detection/mallet.py to mallet.cpython-312.pyc
[1.232s] byte-compiling /home/david-wang/Desktop/Projects/Wisconsin Robotics/WRoverSoftware_25-26/install/object_detection/lib/python3.12/site-packages/object_detection/hammer.py to hammer.cpython-312.pyc
[1.232s] running install_data
[1.233s] copying resource/object_detection -> /home/david-wang/Desktop/Projects/Wisconsin Robotics/WRoverSoftware_25-26/install/object_detection/share/ament_index/resource_index/packages
[1.233s] copying package.xml -> /home/david-wang/Desktop/Projects/Wisconsin Robotics/WRoverSoftware_25-26/install/object_detection/share/object_detection
[1.233s] copying resource/mallet.blob -> /home/david-wang/Desktop/Projects/Wisconsin Robotics/WRoverSoftware_25-26/install/object_detection/share/object_detection/resource
[1.240s] copying resource/hammer.blob -> /home/david-wang/Desktop/Projects/Wisconsin Robotics/WRoverSoftware_25-26/install/object_detection/share/object_detection/resource
[1.246s] copying resource/bottle.blob -> /home/david-wang/Desktop/Projects/Wisconsin Robotics/WRoverSoftware_25-26/install/object_detection/share/object_detection/resource
[1.252s] running install_egg_info
[1.269s] removing '/home/david-wang/Desktop/Projects/Wisconsin Robotics/WRoverSoftware_25-26/install/object_detection/lib/python3.12/site-packages/object_detection-0.0.0-py3.12.egg-info' (and everything under it)
[1.270s] Copying ../../build/object_detection/object_detection.egg-info to /home/david-wang/Desktop/Projects/Wisconsin Robotics/WRoverSoftware_25-26/install/object_detection/lib/python3.12/site-packages/object_detection-0.0.0-py3.12.egg-info
[1.270s] running install_scripts
[1.354s] Installing bottle script to /home/david-wang/Desktop/Projects/Wisconsin Robotics/WRoverSoftware_25-26/install/object_detection/lib/object_detection
[1.354s] Installing hammer script to /home/david-wang/Desktop/Projects/Wisconsin Robotics/WRoverSoftware_25-26/install/object_detection/lib/object_detection
[1.355s] Installing mallet script to /home/david-wang/Desktop/Projects/Wisconsin Robotics/WRoverSoftware_25-26/install/object_detection/lib/object_detection
[1.355s] writing list of installed files to '/home/david-wang/Desktop/Projects/Wisconsin Robotics/WRoverSoftware_25-26/build/object_detection/install.log'
[1.391s] Invoked command in '/home/david-wang/Desktop/Projects/Wisconsin Robotics/WRoverSoftware_25-26/src/object_detection' returned '0': DEBUGINFOD_URLS=https://debuginfod.ubuntu.com PS1=(.venv) \[\e]0;\u@\h: \w\a\]${debian_chroot:+($debian_chroot)}\[\033[01;32m\]\u@\h\[\033[00m\]:\[\033[01;34m\]\w\[\033[00m\]\$ PYTHONPATH=/home/david-wang/Desktop/Projects/Wisconsin Robotics/WRoverSoftware_25-26/build/object_detection/prefix_override:/home/david-wang/.venv/lib/python3.12/site-packages/colcon_core/task/python/colcon_distutils_commands:/home/david-wang/Desktop/Projects/Wisconsin Robotics/WRoverSoftware_25-26/install/object_detection/lib/python3.12/site-packages:/home/david-wang/Desktop/Projects/Wisconsin Robotics/WRoverSoftware_25-26/install/object_detection_msgs/lib/python3.12/site-packages:/home/david-wang/Desktop/Projects/Wisconsin Robotics/WRoverSoftware_25-26/install/object_detection/lib/python3.12/site-packages:/opt/ros/jazzy/lib/python3.12/site-packages:/home/david-wang/.venv/lib/python3.12/site-packages VIRTUAL_ENV_PROMPT=(.venv) /home/david-wang/.venv/bin/python3 -W ignore:setup.py install is deprecated -W ignore:easy_install command is deprecated setup.py egg_info --egg-base ../../build/object_detection build --build-base /home/david-wang/Desktop/Projects/Wisconsin Robotics/WRoverSoftware_25-26/build/object_detection/build install --record /home/david-wang/Desktop/Projects/Wisconsin Robotics/WRoverSoftware_25-26/build/object_detection/install.log --single-version-externally-managed install_data
