[1.500s] Invoking command in '/home/wiscrobo/workspace/WRoverSoftware_25-26/localization_workspace/src/wr_fusion': PS1=\[\e]0;\u@\h: \w\a\]${debian_chroot:+($debian_chroot)}\[\033[01;32m\]\u@\h\[\033[00m\]:\[\033[01;34m\]\w\[\033[00m\]\$ PYTHONPATH=/home/wiscrobo/workspace/WRoverSoftware_25-26/localization_workspace/build/wr_fusion/prefix_override:/usr/lib/python3/dist-packages/colcon_core/task/python/colcon_distutils_commands:/home/wiscrobo/workspace/WRoverSoftware_25-26/localization_workspace/install/wr_fusion/lib/python3.10/site-packages:${PYTHONPATH} /usr/bin/python3 -W ignore:setup.py install is deprecated -W ignore:easy_install command is deprecated setup.py egg_info --egg-base ../../build/wr_fusion build --build-base /home/wiscrobo/workspace/WRoverSoftware_25-26/localization_workspace/build/wr_fusion/build install --record /home/wiscrobo/workspace/WRoverSoftware_25-26/localization_workspace/build/wr_fusion/install.log --single-version-externally-managed install_data
[2.051s] running egg_info
[2.053s] writing ../../build/wr_fusion/wr_fusion.egg-info/PKG-INFO
[2.053s] writing dependency_links to ../../build/wr_fusion/wr_fusion.egg-info/dependency_links.txt
[2.054s] writing entry points to ../../build/wr_fusion/wr_fusion.egg-info/entry_points.txt
[2.054s] writing requirements to ../../build/wr_fusion/wr_fusion.egg-info/requires.txt
[2.054s] writing top-level names to ../../build/wr_fusion/wr_fusion.egg-info/top_level.txt
[2.059s] reading manifest file '../../build/wr_fusion/wr_fusion.egg-info/SOURCES.txt'
[2.062s] writing manifest file '../../build/wr_fusion/wr_fusion.egg-info/SOURCES.txt'
[2.062s] running build
[2.063s] running build_py
[2.063s] running install
[2.063s] running install_lib
[2.066s] byte-compiling /home/wiscrobo/workspace/WRoverSoftware_25-26/localization_workspace/install/wr_fusion/lib/python3.10/site-packages/wr_fusion/fusion.py to fusion.cpython-310.pyc
[2.069s]   File "/home/wiscrobo/workspace/WRoverSoftware_25-26/localization_workspace/install/wr_fusion/lib/python3.10/site-packages/wr_fusion/fusion.py", line 278
[2.069s]     		)
[2.069s]     		^
[2.069s] SyntaxError: unmatched ')'
[2.069s] 
[2.069s] running install_data
[2.070s] running install_egg_info
[2.073s] removing '/home/wiscrobo/workspace/WRoverSoftware_25-26/localization_workspace/install/wr_fusion/lib/python3.10/site-packages/wr_fusion-0.0.0-py3.10.egg-info' (and everything under it)
[2.074s] Copying ../../build/wr_fusion/wr_fusion.egg-info to /home/wiscrobo/workspace/WRoverSoftware_25-26/localization_workspace/install/wr_fusion/lib/python3.10/site-packages/wr_fusion-0.0.0-py3.10.egg-info
[2.076s] running install_scripts
[2.128s] Installing fusion script to /home/wiscrobo/workspace/WRoverSoftware_25-26/localization_workspace/install/wr_fusion/lib/wr_fusion
[2.129s] writing list of installed files to '/home/wiscrobo/workspace/WRoverSoftware_25-26/localization_workspace/build/wr_fusion/install.log'
[2.223s] Invoked command in '/home/wiscrobo/workspace/WRoverSoftware_25-26/localization_workspace/src/wr_fusion' returned '0': PS1=\[\e]0;\u@\h: \w\a\]${debian_chroot:+($debian_chroot)}\[\033[01;32m\]\u@\h\[\033[00m\]:\[\033[01;34m\]\w\[\033[00m\]\$ PYTHONPATH=/home/wiscrobo/workspace/WRoverSoftware_25-26/localization_workspace/build/wr_fusion/prefix_override:/usr/lib/python3/dist-packages/colcon_core/task/python/colcon_distutils_commands:/home/wiscrobo/workspace/WRoverSoftware_25-26/localization_workspace/install/wr_fusion/lib/python3.10/site-packages:${PYTHONPATH} /usr/bin/python3 -W ignore:setup.py install is deprecated -W ignore:easy_install command is deprecated setup.py egg_info --egg-base ../../build/wr_fusion build --build-base /home/wiscrobo/workspace/WRoverSoftware_25-26/localization_workspace/build/wr_fusion/build install --record /home/wiscrobo/workspace/WRoverSoftware_25-26/localization_workspace/build/wr_fusion/install.log --single-version-externally-managed install_data
