[0.243s] Invoking command in '/home/wizk/Desktop/Robotics/WRoverSoftware_25-26/build/wr_imu_compass': CMAKE_PREFIX_PATH=/opt/ros/humble /usr/bin/cmake /home/wizk/Desktop/Robotics/WRoverSoftware_25-26/src/wr_imu_compass -DCMAKE_INSTALL_PREFIX=/home/wizk/Desktop/Robotics/WRoverSoftware_25-26/install/wr_imu_compass
[0.496s] -- The C compiler identification is GNU 11.4.0
[0.553s] -- The CXX compiler identification is GNU 11.4.0
[0.568s] -- Detecting C compiler ABI info
[0.677s] -- Detecting C compiler ABI info - done
[0.685s] -- Check for working C compiler: /usr/bin/cc - skipped
[0.686s] -- Detecting C compile features
[0.687s] -- Detecting C compile features - done
[0.691s] -- Detecting CXX compiler ABI info
[0.816s] -- Detecting CXX compiler ABI info - done
[0.822s] -- Check for working CXX compiler: /usr/bin/c++ - skipped
[0.822s] -- Detecting CXX compile features
[0.823s] -- Detecting CXX compile features - done
[0.830s] -- Found ament_cmake: 1.3.12 (/opt/ros/humble/share/ament_cmake/cmake)
[1.050s] -- Found Python3: /usr/bin/python3 (found version "3.10.12") found components: Interpreter 
[1.175s] -- Found rclcpp: 16.0.15 (/opt/ros/humble/share/rclcpp/cmake)
[1.276s] -- Found rosidl_generator_c: 3.1.7 (/opt/ros/humble/share/rosidl_generator_c/cmake)
[1.283s] -- Found rosidl_adapter: 3.1.7 (/opt/ros/humble/share/rosidl_adapter/cmake)
[1.302s] -- Found rosidl_generator_cpp: 3.1.7 (/opt/ros/humble/share/rosidl_generator_cpp/cmake)
[1.325s] -- Using all available rosidl_typesupport_c: rosidl_typesupport_fastrtps_c;rosidl_typesupport_introspection_c
[1.370s] -- Using all available rosidl_typesupport_cpp: rosidl_typesupport_fastrtps_cpp;rosidl_typesupport_introspection_cpp
[1.458s] -- Found rmw_implementation_cmake: 6.1.2 (/opt/ros/humble/share/rmw_implementation_cmake/cmake)
[1.462s] -- Found rmw_fastrtps_cpp: 6.2.8 (/opt/ros/humble/share/rmw_fastrtps_cpp/cmake)
[1.699s] -- Found OpenSSL: /usr/lib/aarch64-linux-gnu/libcrypto.so (found version "3.0.2")  
[1.737s] -- Found FastRTPS: /opt/ros/humble/include  
[1.784s] -- Using RMW implementation 'rmw_fastrtps_cpp' as default
[1.797s] -- Looking for pthread.h
[1.933s] -- Looking for pthread.h - found
[1.934s] -- Performing Test CMAKE_HAVE_LIBC_PTHREAD
[2.002s] -- Performing Test CMAKE_HAVE_LIBC_PTHREAD - Success
[2.003s] -- Found Threads: TRUE  
[2.101s] [31mCMake Error at CMakeLists.txt:14 (find_package):
[2.101s]   By not providing "Findphoenix6.cmake" in CMAKE_MODULE_PATH this project has
[2.102s]   asked CMake to find a package configuration file provided by "phoenix6",
[2.102s]   but CMake did not find one.
[2.102s] 
[2.102s]   Could not find a package configuration file provided by "phoenix6" with any
[2.102s]   of the following names:
[2.102s] 
[2.102s]     phoenix6Config.cmake
[2.102s]     phoenix6-config.cmake
[2.102s] 
[2.102s]   Add the installation prefix of "phoenix6" to CMAKE_PREFIX_PATH or set
[2.102s]   "phoenix6_DIR" to a directory containing one of the above files.  If
[2.102s]   "phoenix6" provides a separate development package or SDK, be sure it has
[2.102s]   been installed.
[2.102s] 
[2.102s] [0m
[2.102s] -- Configuring incomplete, errors occurred!
[2.102s] See also "/home/wizk/Desktop/Robotics/WRoverSoftware_25-26/build/wr_imu_compass/CMakeFiles/CMakeOutput.log".
[2.109s] Invoked command in '/home/wizk/Desktop/Robotics/WRoverSoftware_25-26/build/wr_imu_compass' returned '1': CMAKE_PREFIX_PATH=/opt/ros/humble /usr/bin/cmake /home/wizk/Desktop/Robotics/WRoverSoftware_25-26/src/wr_imu_compass -DCMAKE_INSTALL_PREFIX=/home/wizk/Desktop/Robotics/WRoverSoftware_25-26/install/wr_imu_compass
