[1.103s] Invoking command in '/home/david-wang/Desktop/Projects/Wisconsin Robotics/WRoverSoftware_25-26/src/gps_tools': DEBUGINFOD_URLS=https://debuginfod.ubuntu.com PS1=(.venv) \[\e]0;\u@\h: \w\a\]${debian_chroot:+($debian_chroot)}\[\033[01;32m\]\u@\h\[\033[00m\]:\[\033[01;34m\]\w\[\033[00m\]\$ PYTHONPATH=/home/david-wang/Desktop/Projects/Wisconsin Robotics/WRoverSoftware_25-26/build/gps_tools/prefix_override:/home/david-wang/.venv/lib/python3.12/site-packages/colcon_core/task/python/colcon_distutils_commands:/home/david-wang/Desktop/Projects/Wisconsin Robotics/WRoverSoftware_25-26/install/gps_tools/lib/python3.12/site-packages:${PYTHONPATH} VIRTUAL_ENV_PROMPT=(.venv) /home/david-wang/.venv/bin/python3 -W ignore:setup.py install is deprecated -W ignore:easy_install command is deprecated setup.py egg_info --egg-base ../../build/gps_tools build --build-base /home/david-wang/Desktop/Projects/Wisconsin Robotics/WRoverSoftware_25-26/build/gps_tools/build install --record /home/david-wang/Desktop/Projects/Wisconsin Robotics/WRoverSoftware_25-26/build/gps_tools/install.log --single-version-externally-managed install_data
[1.508s] running egg_info
[1.538s] writing ../../build/gps_tools/gps_tools.egg-info/PKG-INFO
[1.539s] writing dependency_links to ../../build/gps_tools/gps_tools.egg-info/dependency_links.txt
[1.539s] writing entry points to ../../build/gps_tools/gps_tools.egg-info/entry_points.txt
[1.539s] writing requirements to ../../build/gps_tools/gps_tools.egg-info/requires.txt
[1.540s] writing top-level names to ../../build/gps_tools/gps_tools.egg-info/top_level.txt
[1.587s] reading manifest file '../../build/gps_tools/gps_tools.egg-info/SOURCES.txt'
[1.588s] writing manifest file '../../build/gps_tools/gps_tools.egg-info/SOURCES.txt'
[1.589s] running build
[1.589s] running build_py
[1.589s] copying gps_tools/local_grapher.py -> /home/david-wang/Desktop/Projects/Wisconsin Robotics/WRoverSoftware_25-26/build/gps_tools/build/lib/gps_tools
[1.589s] copying gps_tools/__init__.py -> /home/david-wang/Desktop/Projects/Wisconsin Robotics/WRoverSoftware_25-26/build/gps_tools/build/lib/gps_tools
[1.589s] copying gps_tools/heading.py -> /home/david-wang/Desktop/Projects/Wisconsin Robotics/WRoverSoftware_25-26/build/gps_tools/build/lib/gps_tools
[1.590s] running install
[1.594s] running install_lib
[1.615s] running install_data
[1.615s] copying resource/gps_tools -> /home/david-wang/Desktop/Projects/Wisconsin Robotics/WRoverSoftware_25-26/install/gps_tools/share/ament_index/resource_index/packages
[1.616s] copying package.xml -> /home/david-wang/Desktop/Projects/Wisconsin Robotics/WRoverSoftware_25-26/install/gps_tools/share/gps_tools
[1.616s] running install_egg_info
[1.632s] removing '/home/david-wang/Desktop/Projects/Wisconsin Robotics/WRoverSoftware_25-26/install/gps_tools/lib/python3.12/site-packages/gps_tools-0.0.0-py3.12.egg-info' (and everything under it)
[1.633s] Copying ../../build/gps_tools/gps_tools.egg-info to /home/david-wang/Desktop/Projects/Wisconsin Robotics/WRoverSoftware_25-26/install/gps_tools/lib/python3.12/site-packages/gps_tools-0.0.0-py3.12.egg-info
[1.633s] running install_scripts
[1.719s] Installing heading script to /home/david-wang/Desktop/Projects/Wisconsin Robotics/WRoverSoftware_25-26/install/gps_tools/lib/gps_tools
[1.720s] Installing local_grapher script to /home/david-wang/Desktop/Projects/Wisconsin Robotics/WRoverSoftware_25-26/install/gps_tools/lib/gps_tools
[1.720s] writing list of installed files to '/home/david-wang/Desktop/Projects/Wisconsin Robotics/WRoverSoftware_25-26/build/gps_tools/install.log'
[1.750s] Invoked command in '/home/david-wang/Desktop/Projects/Wisconsin Robotics/WRoverSoftware_25-26/src/gps_tools' returned '0': DEBUGINFOD_URLS=https://debuginfod.ubuntu.com PS1=(.venv) \[\e]0;\u@\h: \w\a\]${debian_chroot:+($debian_chroot)}\[\033[01;32m\]\u@\h\[\033[00m\]:\[\033[01;34m\]\w\[\033[00m\]\$ PYTHONPATH=/home/david-wang/Desktop/Projects/Wisconsin Robotics/WRoverSoftware_25-26/build/gps_tools/prefix_override:/home/david-wang/.venv/lib/python3.12/site-packages/colcon_core/task/python/colcon_distutils_commands:/home/david-wang/Desktop/Projects/Wisconsin Robotics/WRoverSoftware_25-26/install/gps_tools/lib/python3.12/site-packages:${PYTHONPATH} VIRTUAL_ENV_PROMPT=(.venv) /home/david-wang/.venv/bin/python3 -W ignore:setup.py install is deprecated -W ignore:easy_install command is deprecated setup.py egg_info --egg-base ../../build/gps_tools build --build-base /home/david-wang/Desktop/Projects/Wisconsin Robotics/WRoverSoftware_25-26/build/gps_tools/build install --record /home/david-wang/Desktop/Projects/Wisconsin Robotics/WRoverSoftware_25-26/build/gps_tools/install.log --single-version-externally-managed install_data
