running egg_info
writing ../../build/object_detection/object_detection.egg-info/PKG-INFO
writing dependency_links to ../../build/object_detection/object_detection.egg-info/dependency_links.txt
writing entry points to ../../build/object_detection/object_detection.egg-info/entry_points.txt
writing requirements to ../../build/object_detection/object_detection.egg-info/requires.txt
writing top-level names to ../../build/object_detection/object_detection.egg-info/top_level.txt
reading manifest file '../../build/object_detection/object_detection.egg-info/SOURCES.txt'
adding license file 'LICENSE'
writing manifest file '../../build/object_detection/object_detection.egg-info/SOURCES.txt'
running build
running build_py
running install
running install_lib
running install_data
running install_egg_info
removing '/home/david-wang/Desktop/Projects/Wisconsin Robotics/WRoverSoftware_25-26/install/object_detection/lib/python3.12/site-packages/object_detection-0.0.0-py3.12.egg-info' (and everything under it)
Copying ../../build/object_detection/object_detection.egg-info to /home/david-wang/Desktop/Projects/Wisconsin Robotics/WRoverSoftware_25-26/install/object_detection/lib/python3.12/site-packages/object_detection-0.0.0-py3.12.egg-info
running install_scripts
Installing bottle script to /home/david-wang/Desktop/Projects/Wisconsin Robotics/WRoverSoftware_25-26/install/object_detection/lib/object_detection
Installing hammer script to /home/david-wang/Desktop/Projects/Wisconsin Robotics/WRoverSoftware_25-26/install/object_detection/lib/object_detection
Installing mallet script to /home/david-wang/Desktop/Projects/Wisconsin Robotics/WRoverSoftware_25-26/install/object_detection/lib/object_detection
writing list of installed files to '/home/david-wang/Desktop/Projects/Wisconsin Robotics/WRoverSoftware_25-26/build/object_detection/install.log'
