[0.018s] Invoking command in '/home/david-wang/Desktop/Projects/Wisconsin Robotics/WRoverSoftware_25-26/build/object_detection_msgs': CMAKE_PREFIX_PATH=/opt/ros/jazzy DEBUGINFOD_URLS=https://debuginfod.ubuntu.com PS1=(.venv) \[\e]0;\u@\h: \w\a\]${debian_chroot:+($debian_chroot)}\[\033[01;32m\]\u@\h\[\033[00m\]:\[\033[01;34m\]\w\[\033[00m\]\$ VIRTUAL_ENV_PROMPT=(.venv) /usr/bin/cmake /home/david-wang/Desktop/Projects/Wisconsin Robotics/WRoverSoftware_25-26/src/object_detection_msgs -DCMAKE_INSTALL_PREFIX=/home/david-wang/Desktop/Projects/Wisconsin Robotics/WRoverSoftware_25-26/install/object_detection_msgs
[0.132s] -- The C compiler identification is GNU 13.3.0
[0.250s] -- The CXX compiler identification is GNU 13.3.0
[0.286s] -- Detecting C compiler ABI info
[0.476s] -- Detecting C compiler ABI info - done
[0.488s] -- Check for working C compiler: /usr/bin/cc - skipped
[0.488s] -- Detecting C compile features
[0.489s] -- Detecting C compile features - done
[0.511s] -- Detecting CXX compiler ABI info
[0.728s] -- Detecting CXX compiler ABI info - done
[0.741s] -- Check for working CXX compiler: /usr/bin/c++ - skipped
[0.742s] -- Detecting CXX compile features
[0.742s] -- Detecting CXX compile features - done
[0.758s] -- Found ament_cmake: 2.5.5 (/opt/ros/jazzy/share/ament_cmake/cmake)
[0.955s] -- Found Python3: /home/david-wang/.venv/bin/python3 (found version "3.12.3") found components: Interpreter 
[1.117s] -- Found rosidl_default_generators: 1.6.0 (/opt/ros/jazzy/share/rosidl_default_generators/cmake)
[1.124s] -- Using all available rosidl_typesupport_c: rosidl_typesupport_fastrtps_c;rosidl_typesupport_introspection_c
[1.197s] -- Using all available rosidl_typesupport_cpp: rosidl_typesupport_fastrtps_cpp;rosidl_typesupport_introspection_cpp
[1.253s] -- Found rosidl_adapter: 4.6.7 (/opt/ros/jazzy/share/rosidl_adapter/cmake)
[1.944s] -- Found ament_cmake_ros: 0.12.0 (/opt/ros/jazzy/share/ament_cmake_ros/cmake)
[2.290s] -- Using all available rosidl_typesupport_c: rosidl_typesupport_fastrtps_c;rosidl_typesupport_introspection_c
[2.728s] -- Using all available rosidl_typesupport_cpp: rosidl_typesupport_fastrtps_cpp;rosidl_typesupport_introspection_cpp
[2.730s] -- Found python_cmake_module: 0.11.1 (/opt/ros/jazzy/share/python_cmake_module/cmake)
[2.844s] -- Found PythonExtra: /home/david-wang/.venv/bin/python3  
[3.283s] -- Found Python3: /home/david-wang/.venv/bin/python3 (found version "3.12.3") found components: Interpreter Development NumPy Development.Module Development.Embed 
[3.322s] -- Found ament_lint_auto: 0.17.4 (/opt/ros/jazzy/share/ament_lint_auto/cmake)
[3.335s] -- Added test 'lint_cmake' to check CMake code style
[3.336s] -- Added test 'xmllint' to check XML markup files
[3.338s] -- Configuring done (3.3s)
[3.365s] -- Generating done (0.0s)
[3.373s] -- Build files have been written to: /home/david-wang/Desktop/Projects/Wisconsin Robotics/WRoverSoftware_25-26/build/object_detection_msgs
[3.384s] Invoked command in '/home/david-wang/Desktop/Projects/Wisconsin Robotics/WRoverSoftware_25-26/build/object_detection_msgs' returned '0': CMAKE_PREFIX_PATH=/opt/ros/jazzy DEBUGINFOD_URLS=https://debuginfod.ubuntu.com PS1=(.venv) \[\e]0;\u@\h: \w\a\]${debian_chroot:+($debian_chroot)}\[\033[01;32m\]\u@\h\[\033[00m\]:\[\033[01;34m\]\w\[\033[00m\]\$ VIRTUAL_ENV_PROMPT=(.venv) /usr/bin/cmake /home/david-wang/Desktop/Projects/Wisconsin Robotics/WRoverSoftware_25-26/src/object_detection_msgs -DCMAKE_INSTALL_PREFIX=/home/david-wang/Desktop/Projects/Wisconsin Robotics/WRoverSoftware_25-26/install/object_detection_msgs
[3.384s] Invoking command in '/home/david-wang/Desktop/Projects/Wisconsin Robotics/WRoverSoftware_25-26/build/object_detection_msgs': CMAKE_PREFIX_PATH=/opt/ros/jazzy DEBUGINFOD_URLS=https://debuginfod.ubuntu.com PS1=(.venv) \[\e]0;\u@\h: \w\a\]${debian_chroot:+($debian_chroot)}\[\033[01;32m\]\u@\h\[\033[00m\]:\[\033[01;34m\]\w\[\033[00m\]\$ VIRTUAL_ENV_PROMPT=(.venv) /usr/bin/cmake --build /home/david-wang/Desktop/Projects/Wisconsin Robotics/WRoverSoftware_25-26/build/object_detection_msgs -- -j12 -l12
[3.440s] [  2%] [34m[1mGenerating type hashes for ROS interfaces[0m
[3.449s] [  2%] Built target ament_cmake_python_copy_object_detection_msgs
[3.618s] [  2%] Built target object_detection_msgs__rosidl_generator_type_description
[3.629s] [  5%] [34m[1mGenerating C code for ROS interfaces[0m
[3.640s] [  8%] [34m[1mGenerating C++ code for ROS interfaces[0m
[3.652s] running egg_info
[3.669s] creating object_detection_msgs.egg-info
[3.670s] writing object_detection_msgs.egg-info/PKG-INFO
[3.670s] writing dependency_links to object_detection_msgs.egg-info/dependency_links.txt
[3.670s] writing top-level names to object_detection_msgs.egg-info/top_level.txt
[3.670s] writing manifest file 'object_detection_msgs.egg-info/SOURCES.txt'
[3.722s] reading manifest file 'object_detection_msgs.egg-info/SOURCES.txt'
[3.723s] writing manifest file 'object_detection_msgs.egg-info/SOURCES.txt'
[3.761s] [  8%] Built target ament_cmake_python_build_object_detection_msgs_egg
[3.848s] [  8%] Built target object_detection_msgs__cpp
[3.868s] [ 14%] [32mBuilding C object CMakeFiles/object_detection_msgs__rosidl_generator_c.dir/rosidl_generator_c/object_detection_msgs/msg/detail/detection__description.c.o[0m
[3.868s] [ 14%] [32mBuilding C object CMakeFiles/object_detection_msgs__rosidl_generator_c.dir/rosidl_generator_c/object_detection_msgs/msg/detail/detection__type_support.c.o[0m
[3.869s] [ 17%] [32mBuilding C object CMakeFiles/object_detection_msgs__rosidl_generator_c.dir/rosidl_generator_c/object_detection_msgs/msg/detail/detection__functions.c.o[0m
[3.907s] [ 20%] [32m[1mLinking C shared library libobject_detection_msgs__rosidl_generator_c.so[0m
[3.945s] [ 20%] Built target object_detection_msgs__rosidl_generator_c
[3.954s] [ 35%] [34m[1mGenerating C++ type support dispatch for ROS interfaces[0m
[3.954s] [ 35%] [34m[1mGenerating C type support dispatch for ROS interfaces[0m
[3.954s] [ 35%] [34m[1mGenerating C++ type support for eProsima Fast-RTPS[0m
[3.954s] [ 35%] [34m[1mGenerating C introspection for ROS interfaces[0m
[3.954s] [ 35%] [34m[1mGenerating C++ introspection for ROS interfaces[0m
[3.954s] [ 38%] [34m[1mGenerating C type support for eProsima Fast-RTPS[0m
[4.140s] [ 41%] [32mBuilding CXX object CMakeFiles/object_detection_msgs__rosidl_typesupport_cpp.dir/rosidl_typesupport_cpp/object_detection_msgs/msg/detection__type_support.cpp.o[0m
[4.145s] [ 44%] [32mBuilding CXX object CMakeFiles/object_detection_msgs__rosidl_typesupport_c.dir/rosidl_typesupport_c/object_detection_msgs/msg/detection__type_support.cpp.o[0m
[4.155s] [ 50%] [32mBuilding CXX object CMakeFiles/object_detection_msgs__rosidl_typesupport_introspection_cpp.dir/rosidl_typesupport_introspection_cpp/object_detection_msgs/msg/detail/detection__type_support.cpp.o[0m
[4.155s] [ 50%] [32mBuilding C object CMakeFiles/object_detection_msgs__rosidl_typesupport_introspection_c.dir/rosidl_typesupport_introspection_c/object_detection_msgs/msg/detail/detection__type_support.c.o[0m
[4.169s] [ 52%] [32mBuilding CXX object CMakeFiles/object_detection_msgs__rosidl_typesupport_fastrtps_cpp.dir/rosidl_typesupport_fastrtps_cpp/object_detection_msgs/msg/detail/dds_fastrtps/detection__type_support.cpp.o[0m
[4.183s] [ 55%] [32m[1mLinking CXX shared library libobject_detection_msgs__rosidl_typesupport_c.so[0m
[4.183s] [ 58%] [32mBuilding CXX object CMakeFiles/object_detection_msgs__rosidl_typesupport_fastrtps_c.dir/rosidl_typesupport_fastrtps_c/object_detection_msgs/msg/detail/detection__type_support_c.cpp.o[0m
[4.183s] [ 61%] [32m[1mLinking C shared library libobject_detection_msgs__rosidl_typesupport_introspection_c.so[0m
[4.208s] [ 61%] Built target object_detection_msgs__rosidl_typesupport_introspection_c
[4.215s] [ 61%] Built target object_detection_msgs__rosidl_typesupport_c
[4.345s] [ 64%] [32m[1mLinking CXX shared library libobject_detection_msgs__rosidl_typesupport_cpp.so[0m
[4.356s] [ 67%] [32m[1mLinking CXX shared library libobject_detection_msgs__rosidl_typesupport_introspection_cpp.so[0m
[4.378s] [ 67%] Built target object_detection_msgs__rosidl_typesupport_cpp
[4.391s] [ 67%] Built target object_detection_msgs__rosidl_typesupport_introspection_cpp
[4.474s] [ 70%] [32m[1mLinking CXX shared library libobject_detection_msgs__rosidl_typesupport_fastrtps_cpp.so[0m
[4.477s] [ 73%] [32m[1mLinking CXX shared library libobject_detection_msgs__rosidl_typesupport_fastrtps_c.so[0m
[4.516s] [ 73%] Built target object_detection_msgs__rosidl_typesupport_fastrtps_cpp
[4.518s] [ 73%] Built target object_detection_msgs__rosidl_typesupport_fastrtps_c
[4.538s] [ 73%] Built target object_detection_msgs
[4.559s] [ 76%] [34m[1mGenerating Python code for ROS interfaces[0m
[4.800s] [ 76%] Built target object_detection_msgs__py
[4.822s] [ 79%] [32mBuilding C object CMakeFiles/object_detection_msgs__rosidl_generator_py.dir/rosidl_generator_py/object_detection_msgs/msg/_detection_s.c.o[0m
[4.913s] [ 82%] [32m[1mLinking C shared library libobject_detection_msgs__rosidl_generator_py.so[0m
[4.956s] [ 82%] Built target object_detection_msgs__rosidl_generator_py
[4.976s] [ 91%] [32mBuilding C object CMakeFiles/object_detection_msgs_s__rosidl_typesupport_introspection_c.dir/rosidl_generator_py/object_detection_msgs/_object_detection_msgs_s.ep.rosidl_typesupport_introspection_c.c.o[0m
[4.976s] [ 91%] [32mBuilding C object CMakeFiles/object_detection_msgs_s__rosidl_typesupport_c.dir/rosidl_generator_py/object_detection_msgs/_object_detection_msgs_s.ep.rosidl_typesupport_c.c.o[0m
[4.976s] [ 91%] [32mBuilding C object CMakeFiles/object_detection_msgs_s__rosidl_typesupport_fastrtps_c.dir/rosidl_generator_py/object_detection_msgs/_object_detection_msgs_s.ep.rosidl_typesupport_fastrtps_c.c.o[0m
[5.057s] [ 97%] [32m[1mLinking C shared module rosidl_generator_py/object_detection_msgs/object_detection_msgs_s__rosidl_typesupport_c.so[0m
[5.057s] [ 97%] [32m[1mLinking C shared module rosidl_generator_py/object_detection_msgs/object_detection_msgs_s__rosidl_typesupport_introspection_c.so[0m
[5.059s] [100%] [32m[1mLinking C shared module rosidl_generator_py/object_detection_msgs/object_detection_msgs_s__rosidl_typesupport_fastrtps_c.so[0m
[5.087s] [100%] Built target object_detection_msgs_s__rosidl_typesupport_c
[5.087s] [100%] Built target object_detection_msgs_s__rosidl_typesupport_introspection_c
[5.087s] [100%] Built target object_detection_msgs_s__rosidl_typesupport_fastrtps_c
[5.099s] Invoked command in '/home/david-wang/Desktop/Projects/Wisconsin Robotics/WRoverSoftware_25-26/build/object_detection_msgs' returned '0': CMAKE_PREFIX_PATH=/opt/ros/jazzy DEBUGINFOD_URLS=https://debuginfod.ubuntu.com PS1=(.venv) \[\e]0;\u@\h: \w\a\]${debian_chroot:+($debian_chroot)}\[\033[01;32m\]\u@\h\[\033[00m\]:\[\033[01;34m\]\w\[\033[00m\]\$ VIRTUAL_ENV_PROMPT=(.venv) /usr/bin/cmake --build /home/david-wang/Desktop/Projects/Wisconsin Robotics/WRoverSoftware_25-26/build/object_detection_msgs -- -j12 -l12
[5.109s] Invoking command in '/home/david-wang/Desktop/Projects/Wisconsin Robotics/WRoverSoftware_25-26/build/object_detection_msgs': CMAKE_PREFIX_PATH=/opt/ros/jazzy DEBUGINFOD_URLS=https://debuginfod.ubuntu.com PS1=(.venv) \[\e]0;\u@\h: \w\a\]${debian_chroot:+($debian_chroot)}\[\033[01;32m\]\u@\h\[\033[00m\]:\[\033[01;34m\]\w\[\033[00m\]\$ VIRTUAL_ENV_PROMPT=(.venv) /usr/bin/cmake --install /home/david-wang/Desktop/Projects/Wisconsin Robotics/WRoverSoftware_25-26/build/object_detection_msgs
[5.119s] -- Install configuration: ""
[5.120s] -- Installing: /home/david-wang/Desktop/Projects/Wisconsin Robotics/WRoverSoftware_25-26/install/object_detection_msgs/share/ament_index/resource_index/rosidl_interfaces/object_detection_msgs
[5.120s] -- Installing: /home/david-wang/Desktop/Projects/Wisconsin Robotics/WRoverSoftware_25-26/install/object_detection_msgs/share/object_detection_msgs/msg/Detection.json
[5.120s] -- Installing: /home/david-wang/Desktop/Projects/Wisconsin Robotics/WRoverSoftware_25-26/install/object_detection_msgs/include/object_detection_msgs/object_detection_msgs
[5.120s] -- Installing: /home/david-wang/Desktop/Projects/Wisconsin Robotics/WRoverSoftware_25-26/install/object_detection_msgs/include/object_detection_msgs/object_detection_msgs/msg
[5.120s] -- Installing: /home/david-wang/Desktop/Projects/Wisconsin Robotics/WRoverSoftware_25-26/install/object_detection_msgs/include/object_detection_msgs/object_detection_msgs/msg/rosidl_generator_c__visibility_control.h
[5.120s] -- Installing: /home/david-wang/Desktop/Projects/Wisconsin Robotics/WRoverSoftware_25-26/install/object_detection_msgs/include/object_detection_msgs/object_detection_msgs/msg/detail
[5.120s] -- Installing: /home/david-wang/Desktop/Projects/Wisconsin Robotics/WRoverSoftware_25-26/install/object_detection_msgs/include/object_detection_msgs/object_detection_msgs/msg/detail/detection__struct.h
[5.120s] -- Installing: /home/david-wang/Desktop/Projects/Wisconsin Robotics/WRoverSoftware_25-26/install/object_detection_msgs/include/object_detection_msgs/object_detection_msgs/msg/detail/detection__functions.h
[5.120s] -- Installing: /home/david-wang/Desktop/Projects/Wisconsin Robotics/WRoverSoftware_25-26/install/object_detection_msgs/include/object_detection_msgs/object_detection_msgs/msg/detail/detection__description.c
[5.121s] -- Installing: /home/david-wang/Desktop/Projects/Wisconsin Robotics/WRoverSoftware_25-26/install/object_detection_msgs/include/object_detection_msgs/object_detection_msgs/msg/detail/detection__type_support.c
[5.121s] -- Installing: /home/david-wang/Desktop/Projects/Wisconsin Robotics/WRoverSoftware_25-26/install/object_detection_msgs/include/object_detection_msgs/object_detection_msgs/msg/detail/detection__functions.c
[5.121s] -- Installing: /home/david-wang/Desktop/Projects/Wisconsin Robotics/WRoverSoftware_25-26/install/object_detection_msgs/include/object_detection_msgs/object_detection_msgs/msg/detail/detection__type_support.h
[5.121s] -- Installing: /home/david-wang/Desktop/Projects/Wisconsin Robotics/WRoverSoftware_25-26/install/object_detection_msgs/include/object_detection_msgs/object_detection_msgs/msg/detection.h
[5.121s] -- Installing: /home/david-wang/Desktop/Projects/Wisconsin Robotics/WRoverSoftware_25-26/install/object_detection_msgs/share/object_detection_msgs/environment/library_path.sh
[5.121s] -- Installing: /home/david-wang/Desktop/Projects/Wisconsin Robotics/WRoverSoftware_25-26/install/object_detection_msgs/share/object_detection_msgs/environment/library_path.dsv
[5.122s] -- Installing: /home/david-wang/Desktop/Projects/Wisconsin Robotics/WRoverSoftware_25-26/install/object_detection_msgs/lib/libobject_detection_msgs__rosidl_generator_c.so
[5.122s] -- Set non-toolchain portion of runtime path of "/home/david-wang/Desktop/Projects/Wisconsin Robotics/WRoverSoftware_25-26/install/object_detection_msgs/lib/libobject_detection_msgs__rosidl_generator_c.so" to ""
[5.122s] -- Up-to-date: /home/david-wang/Desktop/Projects/Wisconsin Robotics/WRoverSoftware_25-26/install/object_detection_msgs/include/object_detection_msgs/object_detection_msgs
[5.122s] -- Up-to-date: /home/david-wang/Desktop/Projects/Wisconsin Robotics/WRoverSoftware_25-26/install/object_detection_msgs/include/object_detection_msgs/object_detection_msgs/msg
[5.122s] -- Installing: /home/david-wang/Desktop/Projects/Wisconsin Robotics/WRoverSoftware_25-26/install/object_detection_msgs/include/object_detection_msgs/object_detection_msgs/msg/rosidl_typesupport_fastrtps_c__visibility_control.h
[5.122s] -- Up-to-date: /home/david-wang/Desktop/Projects/Wisconsin Robotics/WRoverSoftware_25-26/install/object_detection_msgs/include/object_detection_msgs/object_detection_msgs/msg/detail
[5.123s] -- Installing: /home/david-wang/Desktop/Projects/Wisconsin Robotics/WRoverSoftware_25-26/install/object_detection_msgs/include/object_detection_msgs/object_detection_msgs/msg/detail/detection__rosidl_typesupport_fastrtps_c.h
[5.123s] -- Installing: /home/david-wang/Desktop/Projects/Wisconsin Robotics/WRoverSoftware_25-26/install/object_detection_msgs/lib/libobject_detection_msgs__rosidl_typesupport_fastrtps_c.so
[5.123s] -- Set non-toolchain portion of runtime path of "/home/david-wang/Desktop/Projects/Wisconsin Robotics/WRoverSoftware_25-26/install/object_detection_msgs/lib/libobject_detection_msgs__rosidl_typesupport_fastrtps_c.so" to ""
[5.123s] -- Up-to-date: /home/david-wang/Desktop/Projects/Wisconsin Robotics/WRoverSoftware_25-26/install/object_detection_msgs/include/object_detection_msgs/object_detection_msgs
[5.123s] -- Up-to-date: /home/david-wang/Desktop/Projects/Wisconsin Robotics/WRoverSoftware_25-26/install/object_detection_msgs/include/object_detection_msgs/object_detection_msgs/msg
[5.123s] -- Up-to-date: /home/david-wang/Desktop/Projects/Wisconsin Robotics/WRoverSoftware_25-26/install/object_detection_msgs/include/object_detection_msgs/object_detection_msgs/msg/detail
[5.124s] -- Up-to-date: /home/david-wang/Desktop/Projects/Wisconsin Robotics/WRoverSoftware_25-26/install/object_detection_msgs/include/object_detection_msgs/object_detection_msgs/msg/detail/detection__type_support.c
[5.124s] -- Installing: /home/david-wang/Desktop/Projects/Wisconsin Robotics/WRoverSoftware_25-26/install/object_detection_msgs/include/object_detection_msgs/object_detection_msgs/msg/detail/detection__rosidl_typesupport_introspection_c.h
[5.124s] -- Installing: /home/david-wang/Desktop/Projects/Wisconsin Robotics/WRoverSoftware_25-26/install/object_detection_msgs/include/object_detection_msgs/object_detection_msgs/msg/rosidl_typesupport_introspection_c__visibility_control.h
[5.124s] -- Installing: /home/david-wang/Desktop/Projects/Wisconsin Robotics/WRoverSoftware_25-26/install/object_detection_msgs/lib/libobject_detection_msgs__rosidl_typesupport_introspection_c.so
[5.124s] -- Set non-toolchain portion of runtime path of "/home/david-wang/Desktop/Projects/Wisconsin Robotics/WRoverSoftware_25-26/install/object_detection_msgs/lib/libobject_detection_msgs__rosidl_typesupport_introspection_c.so" to ""
[5.124s] -- Installing: /home/david-wang/Desktop/Projects/Wisconsin Robotics/WRoverSoftware_25-26/install/object_detection_msgs/lib/libobject_detection_msgs__rosidl_typesupport_c.so
[5.124s] -- Set non-toolchain portion of runtime path of "/home/david-wang/Desktop/Projects/Wisconsin Robotics/WRoverSoftware_25-26/install/object_detection_msgs/lib/libobject_detection_msgs__rosidl_typesupport_c.so" to ""
[5.124s] -- Up-to-date: /home/david-wang/Desktop/Projects/Wisconsin Robotics/WRoverSoftware_25-26/install/object_detection_msgs/include/object_detection_msgs/object_detection_msgs
[5.124s] -- Up-to-date: /home/david-wang/Desktop/Projects/Wisconsin Robotics/WRoverSoftware_25-26/install/object_detection_msgs/include/object_detection_msgs/object_detection_msgs/msg
[5.125s] -- Installing: /home/david-wang/Desktop/Projects/Wisconsin Robotics/WRoverSoftware_25-26/install/object_detection_msgs/include/object_detection_msgs/object_detection_msgs/msg/detection.hpp
[5.125s] -- Up-to-date: /home/david-wang/Desktop/Projects/Wisconsin Robotics/WRoverSoftware_25-26/install/object_detection_msgs/include/object_detection_msgs/object_detection_msgs/msg/detail
[5.125s] -- Installing: /home/david-wang/Desktop/Projects/Wisconsin Robotics/WRoverSoftware_25-26/install/object_detection_msgs/include/object_detection_msgs/object_detection_msgs/msg/detail/detection__builder.hpp
[5.125s] -- Installing: /home/david-wang/Desktop/Projects/Wisconsin Robotics/WRoverSoftware_25-26/install/object_detection_msgs/include/object_detection_msgs/object_detection_msgs/msg/detail/detection__traits.hpp
[5.125s] -- Installing: /home/david-wang/Desktop/Projects/Wisconsin Robotics/WRoverSoftware_25-26/install/object_detection_msgs/include/object_detection_msgs/object_detection_msgs/msg/detail/detection__type_support.hpp
[5.125s] -- Installing: /home/david-wang/Desktop/Projects/Wisconsin Robotics/WRoverSoftware_25-26/install/object_detection_msgs/include/object_detection_msgs/object_detection_msgs/msg/detail/detection__struct.hpp
[5.125s] -- Installing: /home/david-wang/Desktop/Projects/Wisconsin Robotics/WRoverSoftware_25-26/install/object_detection_msgs/include/object_detection_msgs/object_detection_msgs/msg/rosidl_generator_cpp__visibility_control.hpp
[5.125s] -- Up-to-date: /home/david-wang/Desktop/Projects/Wisconsin Robotics/WRoverSoftware_25-26/install/object_detection_msgs/include/object_detection_msgs/object_detection_msgs
[5.125s] -- Up-to-date: /home/david-wang/Desktop/Projects/Wisconsin Robotics/WRoverSoftware_25-26/install/object_detection_msgs/include/object_detection_msgs/object_detection_msgs/msg
[5.125s] -- Up-to-date: /home/david-wang/Desktop/Projects/Wisconsin Robotics/WRoverSoftware_25-26/install/object_detection_msgs/include/object_detection_msgs/object_detection_msgs/msg/detail
[5.125s] -- Installing: /home/david-wang/Desktop/Projects/Wisconsin Robotics/WRoverSoftware_25-26/install/object_detection_msgs/include/object_detection_msgs/object_detection_msgs/msg/detail/dds_fastrtps
[5.125s] -- Installing: /home/david-wang/Desktop/Projects/Wisconsin Robotics/WRoverSoftware_25-26/install/object_detection_msgs/include/object_detection_msgs/object_detection_msgs/msg/detail/detection__rosidl_typesupport_fastrtps_cpp.hpp
[5.126s] -- Installing: /home/david-wang/Desktop/Projects/Wisconsin Robotics/WRoverSoftware_25-26/install/object_detection_msgs/include/object_detection_msgs/object_detection_msgs/msg/rosidl_typesupport_fastrtps_cpp__visibility_control.h
[5.126s] -- Installing: /home/david-wang/Desktop/Projects/Wisconsin Robotics/WRoverSoftware_25-26/install/object_detection_msgs/lib/libobject_detection_msgs__rosidl_typesupport_fastrtps_cpp.so
[5.126s] -- Set non-toolchain portion of runtime path of "/home/david-wang/Desktop/Projects/Wisconsin Robotics/WRoverSoftware_25-26/install/object_detection_msgs/lib/libobject_detection_msgs__rosidl_typesupport_fastrtps_cpp.so" to ""
[5.126s] -- Up-to-date: /home/david-wang/Desktop/Projects/Wisconsin Robotics/WRoverSoftware_25-26/install/object_detection_msgs/include/object_detection_msgs/object_detection_msgs
[5.126s] -- Up-to-date: /home/david-wang/Desktop/Projects/Wisconsin Robotics/WRoverSoftware_25-26/install/object_detection_msgs/include/object_detection_msgs/object_detection_msgs/msg
[5.126s] -- Up-to-date: /home/david-wang/Desktop/Projects/Wisconsin Robotics/WRoverSoftware_25-26/install/object_detection_msgs/include/object_detection_msgs/object_detection_msgs/msg/detail
[5.126s] -- Installing: /home/david-wang/Desktop/Projects/Wisconsin Robotics/WRoverSoftware_25-26/install/object_detection_msgs/include/object_detection_msgs/object_detection_msgs/msg/detail/detection__rosidl_typesupport_introspection_cpp.hpp
[5.126s] -- Installing: /home/david-wang/Desktop/Projects/Wisconsin Robotics/WRoverSoftware_25-26/install/object_detection_msgs/include/object_detection_msgs/object_detection_msgs/msg/detail/detection__type_support.cpp
[5.126s] -- Installing: /home/david-wang/Desktop/Projects/Wisconsin Robotics/WRoverSoftware_25-26/install/object_detection_msgs/lib/libobject_detection_msgs__rosidl_typesupport_introspection_cpp.so
[5.127s] -- Set non-toolchain portion of runtime path of "/home/david-wang/Desktop/Projects/Wisconsin Robotics/WRoverSoftware_25-26/install/object_detection_msgs/lib/libobject_detection_msgs__rosidl_typesupport_introspection_cpp.so" to ""
[5.127s] -- Installing: /home/david-wang/Desktop/Projects/Wisconsin Robotics/WRoverSoftware_25-26/install/object_detection_msgs/lib/libobject_detection_msgs__rosidl_typesupport_cpp.so
[5.127s] -- Set non-toolchain portion of runtime path of "/home/david-wang/Desktop/Projects/Wisconsin Robotics/WRoverSoftware_25-26/install/object_detection_msgs/lib/libobject_detection_msgs__rosidl_typesupport_cpp.so" to ""
[5.128s] -- Installing: /home/david-wang/Desktop/Projects/Wisconsin Robotics/WRoverSoftware_25-26/install/object_detection_msgs/share/object_detection_msgs/environment/pythonpath.sh
[5.128s] -- Installing: /home/david-wang/Desktop/Projects/Wisconsin Robotics/WRoverSoftware_25-26/install/object_detection_msgs/share/object_detection_msgs/environment/pythonpath.dsv
[5.128s] -- Installing: /home/david-wang/Desktop/Projects/Wisconsin Robotics/WRoverSoftware_25-26/install/object_detection_msgs/lib/python3.12/site-packages/object_detection_msgs-0.0.0-py3.12.egg-info
[5.128s] -- Installing: /home/david-wang/Desktop/Projects/Wisconsin Robotics/WRoverSoftware_25-26/install/object_detection_msgs/lib/python3.12/site-packages/object_detection_msgs-0.0.0-py3.12.egg-info/dependency_links.txt
[5.128s] -- Installing: /home/david-wang/Desktop/Projects/Wisconsin Robotics/WRoverSoftware_25-26/install/object_detection_msgs/lib/python3.12/site-packages/object_detection_msgs-0.0.0-py3.12.egg-info/SOURCES.txt
[5.128s] -- Installing: /home/david-wang/Desktop/Projects/Wisconsin Robotics/WRoverSoftware_25-26/install/object_detection_msgs/lib/python3.12/site-packages/object_detection_msgs-0.0.0-py3.12.egg-info/PKG-INFO
[5.128s] -- Installing: /home/david-wang/Desktop/Projects/Wisconsin Robotics/WRoverSoftware_25-26/install/object_detection_msgs/lib/python3.12/site-packages/object_detection_msgs-0.0.0-py3.12.egg-info/top_level.txt
[5.128s] -- Installing: /home/david-wang/Desktop/Projects/Wisconsin Robotics/WRoverSoftware_25-26/install/object_detection_msgs/lib/python3.12/site-packages/object_detection_msgs
[5.128s] -- Installing: /home/david-wang/Desktop/Projects/Wisconsin Robotics/WRoverSoftware_25-26/install/object_detection_msgs/lib/python3.12/site-packages/object_detection_msgs/object_detection_msgs_s__rosidl_typesupport_fastrtps_c.so
[5.128s] -- Installing: /home/david-wang/Desktop/Projects/Wisconsin Robotics/WRoverSoftware_25-26/install/object_detection_msgs/lib/python3.12/site-packages/object_detection_msgs/__init__.py
[5.129s] -- Installing: /home/david-wang/Desktop/Projects/Wisconsin Robotics/WRoverSoftware_25-26/install/object_detection_msgs/lib/python3.12/site-packages/object_detection_msgs/_object_detection_msgs_s.ep.rosidl_typesupport_introspection_c.c
[5.129s] -- Installing: /home/david-wang/Desktop/Projects/Wisconsin Robotics/WRoverSoftware_25-26/install/object_detection_msgs/lib/python3.12/site-packages/object_detection_msgs/object_detection_msgs_s__rosidl_typesupport_introspection_c.so
[5.129s] -- Installing: /home/david-wang/Desktop/Projects/Wisconsin Robotics/WRoverSoftware_25-26/install/object_detection_msgs/lib/python3.12/site-packages/object_detection_msgs/_object_detection_msgs_s.ep.rosidl_typesupport_c.c
[5.129s] -- Installing: /home/david-wang/Desktop/Projects/Wisconsin Robotics/WRoverSoftware_25-26/install/object_detection_msgs/lib/python3.12/site-packages/object_detection_msgs/_object_detection_msgs_s.ep.rosidl_typesupport_fastrtps_c.c
[5.129s] -- Installing: /home/david-wang/Desktop/Projects/Wisconsin Robotics/WRoverSoftware_25-26/install/object_detection_msgs/lib/python3.12/site-packages/object_detection_msgs/object_detection_msgs_s__rosidl_typesupport_c.so
[5.129s] -- Installing: /home/david-wang/Desktop/Projects/Wisconsin Robotics/WRoverSoftware_25-26/install/object_detection_msgs/lib/python3.12/site-packages/object_detection_msgs/msg
[5.129s] -- Installing: /home/david-wang/Desktop/Projects/Wisconsin Robotics/WRoverSoftware_25-26/install/object_detection_msgs/lib/python3.12/site-packages/object_detection_msgs/msg/_detection.py
[5.129s] -- Installing: /home/david-wang/Desktop/Projects/Wisconsin Robotics/WRoverSoftware_25-26/install/object_detection_msgs/lib/python3.12/site-packages/object_detection_msgs/msg/__init__.py
[5.129s] -- Installing: /home/david-wang/Desktop/Projects/Wisconsin Robotics/WRoverSoftware_25-26/install/object_detection_msgs/lib/python3.12/site-packages/object_detection_msgs/msg/_detection_s.c
[5.162s] Listing '/home/david-wang/Desktop/Projects/Wisconsin Robotics/WRoverSoftware_25-26/install/object_detection_msgs/lib/python3.12/site-packages/object_detection_msgs'...
[5.163s] Compiling '/home/david-wang/Desktop/Projects/Wisconsin Robotics/WRoverSoftware_25-26/install/object_detection_msgs/lib/python3.12/site-packages/object_detection_msgs/__init__.py'...
[5.163s] Listing '/home/david-wang/Desktop/Projects/Wisconsin Robotics/WRoverSoftware_25-26/install/object_detection_msgs/lib/python3.12/site-packages/object_detection_msgs/msg'...
[5.163s] Compiling '/home/david-wang/Desktop/Projects/Wisconsin Robotics/WRoverSoftware_25-26/install/object_detection_msgs/lib/python3.12/site-packages/object_detection_msgs/msg/__init__.py'...
[5.163s] Compiling '/home/david-wang/Desktop/Projects/Wisconsin Robotics/WRoverSoftware_25-26/install/object_detection_msgs/lib/python3.12/site-packages/object_detection_msgs/msg/_detection.py'...
[5.167s] -- Installing: /home/david-wang/Desktop/Projects/Wisconsin Robotics/WRoverSoftware_25-26/install/object_detection_msgs/lib/python3.12/site-packages/object_detection_msgs/object_detection_msgs_s__rosidl_typesupport_fastrtps_c.so
[5.168s] -- Set non-toolchain portion of runtime path of "/home/david-wang/Desktop/Projects/Wisconsin Robotics/WRoverSoftware_25-26/install/object_detection_msgs/lib/python3.12/site-packages/object_detection_msgs/object_detection_msgs_s__rosidl_typesupport_fastrtps_c.so" to ""
[5.168s] -- Installing: /home/david-wang/Desktop/Projects/Wisconsin Robotics/WRoverSoftware_25-26/install/object_detection_msgs/lib/python3.12/site-packages/object_detection_msgs/object_detection_msgs_s__rosidl_typesupport_introspection_c.so
[5.168s] -- Set non-toolchain portion of runtime path of "/home/david-wang/Desktop/Projects/Wisconsin Robotics/WRoverSoftware_25-26/install/object_detection_msgs/lib/python3.12/site-packages/object_detection_msgs/object_detection_msgs_s__rosidl_typesupport_introspection_c.so" to ""
[5.169s] -- Installing: /home/david-wang/Desktop/Projects/Wisconsin Robotics/WRoverSoftware_25-26/install/object_detection_msgs/lib/python3.12/site-packages/object_detection_msgs/object_detection_msgs_s__rosidl_typesupport_c.so
[5.169s] -- Set non-toolchain portion of runtime path of "/home/david-wang/Desktop/Projects/Wisconsin Robotics/WRoverSoftware_25-26/install/object_detection_msgs/lib/python3.12/site-packages/object_detection_msgs/object_detection_msgs_s__rosidl_typesupport_c.so" to ""
[5.169s] -- Installing: /home/david-wang/Desktop/Projects/Wisconsin Robotics/WRoverSoftware_25-26/install/object_detection_msgs/lib/libobject_detection_msgs__rosidl_generator_py.so
[5.170s] -- Set non-toolchain portion of runtime path of "/home/david-wang/Desktop/Projects/Wisconsin Robotics/WRoverSoftware_25-26/install/object_detection_msgs/lib/libobject_detection_msgs__rosidl_generator_py.so" to ""
[5.170s] -- Installing: /home/david-wang/Desktop/Projects/Wisconsin Robotics/WRoverSoftware_25-26/install/object_detection_msgs/share/object_detection_msgs/msg/Detection.idl
[5.170s] -- Installing: /home/david-wang/Desktop/Projects/Wisconsin Robotics/WRoverSoftware_25-26/install/object_detection_msgs/share/object_detection_msgs/msg/Detection.msg
[5.170s] -- Installing: /home/david-wang/Desktop/Projects/Wisconsin Robotics/WRoverSoftware_25-26/install/object_detection_msgs/share/ament_index/resource_index/package_run_dependencies/object_detection_msgs
[5.170s] -- Installing: /home/david-wang/Desktop/Projects/Wisconsin Robotics/WRoverSoftware_25-26/install/object_detection_msgs/share/ament_index/resource_index/parent_prefix_path/object_detection_msgs
[5.170s] -- Installing: /home/david-wang/Desktop/Projects/Wisconsin Robotics/WRoverSoftware_25-26/install/object_detection_msgs/share/object_detection_msgs/environment/ament_prefix_path.sh
[5.170s] -- Installing: /home/david-wang/Desktop/Projects/Wisconsin Robotics/WRoverSoftware_25-26/install/object_detection_msgs/share/object_detection_msgs/environment/ament_prefix_path.dsv
[5.170s] -- Installing: /home/david-wang/Desktop/Projects/Wisconsin Robotics/WRoverSoftware_25-26/install/object_detection_msgs/share/object_detection_msgs/environment/path.sh
[5.170s] -- Installing: /home/david-wang/Desktop/Projects/Wisconsin Robotics/WRoverSoftware_25-26/install/object_detection_msgs/share/object_detection_msgs/environment/path.dsv
[5.170s] -- Installing: /home/david-wang/Desktop/Projects/Wisconsin Robotics/WRoverSoftware_25-26/install/object_detection_msgs/share/object_detection_msgs/local_setup.bash
[5.171s] -- Installing: /home/david-wang/Desktop/Projects/Wisconsin Robotics/WRoverSoftware_25-26/install/object_detection_msgs/share/object_detection_msgs/local_setup.sh
[5.171s] -- Installing: /home/david-wang/Desktop/Projects/Wisconsin Robotics/WRoverSoftware_25-26/install/object_detection_msgs/share/object_detection_msgs/local_setup.zsh
[5.171s] -- Installing: /home/david-wang/Desktop/Projects/Wisconsin Robotics/WRoverSoftware_25-26/install/object_detection_msgs/share/object_detection_msgs/local_setup.dsv
[5.171s] -- Installing: /home/david-wang/Desktop/Projects/Wisconsin Robotics/WRoverSoftware_25-26/install/object_detection_msgs/share/object_detection_msgs/package.dsv
[5.171s] -- Installing: /home/david-wang/Desktop/Projects/Wisconsin Robotics/WRoverSoftware_25-26/install/object_detection_msgs/share/ament_index/resource_index/packages/object_detection_msgs
[5.171s] -- Installing: /home/david-wang/Desktop/Projects/Wisconsin Robotics/WRoverSoftware_25-26/install/object_detection_msgs/share/object_detection_msgs/cmake/export_object_detection_msgs__rosidl_generator_cExport.cmake
[5.171s] -- Installing: /home/david-wang/Desktop/Projects/Wisconsin Robotics/WRoverSoftware_25-26/install/object_detection_msgs/share/object_detection_msgs/cmake/export_object_detection_msgs__rosidl_generator_cExport-noconfig.cmake
[5.172s] -- Installing: /home/david-wang/Desktop/Projects/Wisconsin Robotics/WRoverSoftware_25-26/install/object_detection_msgs/share/object_detection_msgs/cmake/export_object_detection_msgs__rosidl_typesupport_fastrtps_cExport.cmake
[5.172s] -- Installing: /home/david-wang/Desktop/Projects/Wisconsin Robotics/WRoverSoftware_25-26/install/object_detection_msgs/share/object_detection_msgs/cmake/export_object_detection_msgs__rosidl_typesupport_fastrtps_cExport-noconfig.cmake
[5.172s] -- Installing: /home/david-wang/Desktop/Projects/Wisconsin Robotics/WRoverSoftware_25-26/install/object_detection_msgs/share/object_detection_msgs/cmake/object_detection_msgs__rosidl_typesupport_introspection_cExport.cmake
[5.172s] -- Installing: /home/david-wang/Desktop/Projects/Wisconsin Robotics/WRoverSoftware_25-26/install/object_detection_msgs/share/object_detection_msgs/cmake/object_detection_msgs__rosidl_typesupport_introspection_cExport-noconfig.cmake
[5.172s] -- Installing: /home/david-wang/Desktop/Projects/Wisconsin Robotics/WRoverSoftware_25-26/install/object_detection_msgs/share/object_detection_msgs/cmake/object_detection_msgs__rosidl_typesupport_cExport.cmake
[5.172s] -- Installing: /home/david-wang/Desktop/Projects/Wisconsin Robotics/WRoverSoftware_25-26/install/object_detection_msgs/share/object_detection_msgs/cmake/object_detection_msgs__rosidl_typesupport_cExport-noconfig.cmake
[5.172s] -- Installing: /home/david-wang/Desktop/Projects/Wisconsin Robotics/WRoverSoftware_25-26/install/object_detection_msgs/share/object_detection_msgs/cmake/export_object_detection_msgs__rosidl_generator_cppExport.cmake
[5.173s] -- Installing: /home/david-wang/Desktop/Projects/Wisconsin Robotics/WRoverSoftware_25-26/install/object_detection_msgs/share/object_detection_msgs/cmake/export_object_detection_msgs__rosidl_typesupport_fastrtps_cppExport.cmake
[5.173s] -- Installing: /home/david-wang/Desktop/Projects/Wisconsin Robotics/WRoverSoftware_25-26/install/object_detection_msgs/share/object_detection_msgs/cmake/export_object_detection_msgs__rosidl_typesupport_fastrtps_cppExport-noconfig.cmake
[5.173s] -- Installing: /home/david-wang/Desktop/Projects/Wisconsin Robotics/WRoverSoftware_25-26/install/object_detection_msgs/share/object_detection_msgs/cmake/object_detection_msgs__rosidl_typesupport_introspection_cppExport.cmake
[5.173s] -- Installing: /home/david-wang/Desktop/Projects/Wisconsin Robotics/WRoverSoftware_25-26/install/object_detection_msgs/share/object_detection_msgs/cmake/object_detection_msgs__rosidl_typesupport_introspection_cppExport-noconfig.cmake
[5.173s] -- Installing: /home/david-wang/Desktop/Projects/Wisconsin Robotics/WRoverSoftware_25-26/install/object_detection_msgs/share/object_detection_msgs/cmake/object_detection_msgs__rosidl_typesupport_cppExport.cmake
[5.173s] -- Installing: /home/david-wang/Desktop/Projects/Wisconsin Robotics/WRoverSoftware_25-26/install/object_detection_msgs/share/object_detection_msgs/cmake/object_detection_msgs__rosidl_typesupport_cppExport-noconfig.cmake
[5.173s] -- Installing: /home/david-wang/Desktop/Projects/Wisconsin Robotics/WRoverSoftware_25-26/install/object_detection_msgs/share/object_detection_msgs/cmake/export_object_detection_msgs__rosidl_generator_pyExport.cmake
[5.174s] -- Installing: /home/david-wang/Desktop/Projects/Wisconsin Robotics/WRoverSoftware_25-26/install/object_detection_msgs/share/object_detection_msgs/cmake/export_object_detection_msgs__rosidl_generator_pyExport-noconfig.cmake
[5.174s] -- Installing: /home/david-wang/Desktop/Projects/Wisconsin Robotics/WRoverSoftware_25-26/install/object_detection_msgs/share/object_detection_msgs/cmake/rosidl_cmake-extras.cmake
[5.174s] -- Installing: /home/david-wang/Desktop/Projects/Wisconsin Robotics/WRoverSoftware_25-26/install/object_detection_msgs/share/object_detection_msgs/cmake/ament_cmake_export_include_directories-extras.cmake
[5.174s] -- Installing: /home/david-wang/Desktop/Projects/Wisconsin Robotics/WRoverSoftware_25-26/install/object_detection_msgs/share/object_detection_msgs/cmake/ament_cmake_export_libraries-extras.cmake
[5.174s] -- Installing: /home/david-wang/Desktop/Projects/Wisconsin Robotics/WRoverSoftware_25-26/install/object_detection_msgs/share/object_detection_msgs/cmake/ament_cmake_export_targets-extras.cmake
[5.174s] -- Installing: /home/david-wang/Desktop/Projects/Wisconsin Robotics/WRoverSoftware_25-26/install/object_detection_msgs/share/object_detection_msgs/cmake/rosidl_cmake_export_typesupport_targets-extras.cmake
[5.174s] -- Installing: /home/david-wang/Desktop/Projects/Wisconsin Robotics/WRoverSoftware_25-26/install/object_detection_msgs/share/object_detection_msgs/cmake/ament_cmake_export_dependencies-extras.cmake
[5.174s] -- Installing: /home/david-wang/Desktop/Projects/Wisconsin Robotics/WRoverSoftware_25-26/install/object_detection_msgs/share/object_detection_msgs/cmake/rosidl_cmake_export_typesupport_libraries-extras.cmake
[5.174s] -- Installing: /home/david-wang/Desktop/Projects/Wisconsin Robotics/WRoverSoftware_25-26/install/object_detection_msgs/share/object_detection_msgs/cmake/object_detection_msgsConfig.cmake
[5.175s] -- Installing: /home/david-wang/Desktop/Projects/Wisconsin Robotics/WRoverSoftware_25-26/install/object_detection_msgs/share/object_detection_msgs/cmake/object_detection_msgsConfig-version.cmake
[5.175s] -- Installing: /home/david-wang/Desktop/Projects/Wisconsin Robotics/WRoverSoftware_25-26/install/object_detection_msgs/share/object_detection_msgs/package.xml
[5.178s] Invoked command in '/home/david-wang/Desktop/Projects/Wisconsin Robotics/WRoverSoftware_25-26/build/object_detection_msgs' returned '0': CMAKE_PREFIX_PATH=/opt/ros/jazzy DEBUGINFOD_URLS=https://debuginfod.ubuntu.com PS1=(.venv) \[\e]0;\u@\h: \w\a\]${debian_chroot:+($debian_chroot)}\[\033[01;32m\]\u@\h\[\033[00m\]:\[\033[01;34m\]\w\[\033[00m\]\$ VIRTUAL_ENV_PROMPT=(.venv) /usr/bin/cmake --install /home/david-wang/Desktop/Projects/Wisconsin Robotics/WRoverSoftware_25-26/build/object_detection_msgs
