running egg_info
creating ../../build/wr_fusion/wr_fusion.egg-info
writing ../../build/wr_fusion/wr_fusion.egg-info/PKG-INFO
writing dependency_links to ../../build/wr_fusion/wr_fusion.egg-info/dependency_links.txt
writing entry points to ../../build/wr_fusion/wr_fusion.egg-info/entry_points.txt
writing requirements to ../../build/wr_fusion/wr_fusion.egg-info/requires.txt
writing top-level names to ../../build/wr_fusion/wr_fusion.egg-info/top_level.txt
writing manifest file '../../build/wr_fusion/wr_fusion.egg-info/SOURCES.txt'
reading manifest file '../../build/wr_fusion/wr_fusion.egg-info/SOURCES.txt'
writing manifest file '../../build/wr_fusion/wr_fusion.egg-info/SOURCES.txt'
running build
running build_py
creating /home/wiscrobo/workspace/WRoverSoftware_25-26/localization_workspace/build/wr_fusion/build
creating /home/wiscrobo/workspace/WRoverSoftware_25-26/localization_workspace/build/wr_fusion/build/lib
creating /home/wiscrobo/workspace/WRoverSoftware_25-26/localization_workspace/build/wr_fusion/build/lib/wr_fusion
copying wr_fusion/__init__.py -> /home/wiscrobo/workspace/WRoverSoftware_25-26/localization_workspace/build/wr_fusion/build/lib/wr_fusion
copying wr_fusion/fusion.py -> /home/wiscrobo/workspace/WRoverSoftware_25-26/localization_workspace/build/wr_fusion/build/lib/wr_fusion
running install
running install_lib
creating /home/wiscrobo/workspace/WRoverSoftware_25-26/localization_workspace/install/wr_fusion/lib/python3.10/site-packages/wr_fusion
copying /home/wiscrobo/workspace/WRoverSoftware_25-26/localization_workspace/build/wr_fusion/build/lib/wr_fusion/__init__.py -> /home/wiscrobo/workspace/WRoverSoftware_25-26/localization_workspace/install/wr_fusion/lib/python3.10/site-packages/wr_fusion
copying /home/wiscrobo/workspace/WRoverSoftware_25-26/localization_workspace/build/wr_fusion/build/lib/wr_fusion/fusion.py -> /home/wiscrobo/workspace/WRoverSoftware_25-26/localization_workspace/install/wr_fusion/lib/python3.10/site-packages/wr_fusion
byte-compiling /home/wiscrobo/workspace/WRoverSoftware_25-26/localization_workspace/install/wr_fusion/lib/python3.10/site-packages/wr_fusion/__init__.py to __init__.cpython-310.pyc
byte-compiling /home/wiscrobo/workspace/WRoverSoftware_25-26/localization_workspace/install/wr_fusion/lib/python3.10/site-packages/wr_fusion/fusion.py to fusion.cpython-310.pyc
running install_data
creating /home/wiscrobo/workspace/WRoverSoftware_25-26/localization_workspace/install/wr_fusion/share/ament_index
creating /home/wiscrobo/workspace/WRoverSoftware_25-26/localization_workspace/install/wr_fusion/share/ament_index/resource_index
creating /home/wiscrobo/workspace/WRoverSoftware_25-26/localization_workspace/install/wr_fusion/share/ament_index/resource_index/packages
copying resource/wr_fusion -> /home/wiscrobo/workspace/WRoverSoftware_25-26/localization_workspace/install/wr_fusion/share/ament_index/resource_index/packages
copying package.xml -> /home/wiscrobo/workspace/WRoverSoftware_25-26/localization_workspace/install/wr_fusion/share/wr_fusion
running install_egg_info
Copying ../../build/wr_fusion/wr_fusion.egg-info to /home/wiscrobo/workspace/WRoverSoftware_25-26/localization_workspace/install/wr_fusion/lib/python3.10/site-packages/wr_fusion-0.0.0-py3.10.egg-info
running install_scripts
Installing fusion script to /home/wiscrobo/workspace/WRoverSoftware_25-26/localization_workspace/install/wr_fusion/lib/wr_fusion
writing list of installed files to '/home/wiscrobo/workspace/WRoverSoftware_25-26/localization_workspace/build/wr_fusion/install.log'
