[0.021s] Invoking command in '/home/david-wang/Desktop/Projects/Wisconsin Robotics/WRoverSoftware_25-26/build/object_detection_msgs': CMAKE_PREFIX_PATH=/opt/ros/jazzy DEBUGINFOD_URLS=https://debuginfod.ubuntu.com PS1=(.venv) \[\e]0;\u@\h: \w\a\]${debian_chroot:+($debian_chroot)}\[\033[01;32m\]\u@\h\[\033[00m\]:\[\033[01;34m\]\w\[\033[00m\]\$ VIRTUAL_ENV_PROMPT=(.venv) /usr/bin/cmake --build /home/david-wang/Desktop/Projects/Wisconsin Robotics/WRoverSoftware_25-26/build/object_detection_msgs -- -j12 -l12
[0.148s] [  2%] Built target object_detection_msgs__rosidl_generator_type_description
[0.166s] [  2%] Built target ament_cmake_python_copy_object_detection_msgs
[0.183s] [  5%] Built target object_detection_msgs__cpp
[0.188s] [ 20%] Built target object_detection_msgs__rosidl_generator_c
[0.229s] [ 44%] [32mBuilding CXX object CMakeFiles/object_detection_msgs__rosidl_typesupport_fastrtps_c.dir/rosidl_typesupport_fastrtps_c/object_detection_msgs/msg/detail/detection__type_support_c.cpp.o[0m
[0.229s] [ 44%] [32mBuilding CXX object CMakeFiles/object_detection_msgs__rosidl_typesupport_introspection_cpp.dir/rosidl_typesupport_introspection_cpp/object_detection_msgs/msg/detail/detection__type_support.cpp.o[0m
[0.229s] [ 29%] [32mBuilding CXX object CMakeFiles/object_detection_msgs__rosidl_typesupport_cpp.dir/rosidl_typesupport_cpp/object_detection_msgs/msg/detection__type_support.cpp.o[0m
[0.229s] [ 47%] Built target object_detection_msgs__rosidl_typesupport_introspection_c
[0.229s] [ 44%] Built target object_detection_msgs__rosidl_typesupport_c
[0.232s] [ 50%] [32mBuilding CXX object CMakeFiles/object_detection_msgs__rosidl_typesupport_fastrtps_cpp.dir/rosidl_typesupport_fastrtps_cpp/object_detection_msgs/msg/detail/dds_fastrtps/detection__type_support.cpp.o[0m
[0.560s] running egg_info
[0.593s] writing object_detection_msgs.egg-info/PKG-INFO
[0.593s] writing dependency_links to object_detection_msgs.egg-info/dependency_links.txt
[0.594s] writing top-level names to object_detection_msgs.egg-info/top_level.txt
[0.675s] [ 55%] [32m[1mLinking CXX shared library libobject_detection_msgs__rosidl_typesupport_cpp.so[0m
[0.675s] [ 55%] [32m[1mLinking CXX shared library libobject_detection_msgs__rosidl_typesupport_introspection_cpp.so[0m
[0.692s] reading manifest file 'object_detection_msgs.egg-info/SOURCES.txt'
[0.694s] writing manifest file 'object_detection_msgs.egg-info/SOURCES.txt'
[0.744s] [ 55%] Built target ament_cmake_python_build_object_detection_msgs_egg
[0.745s] [ 58%] Built target object_detection_msgs__rosidl_typesupport_cpp
[0.746s] [ 61%] Built target object_detection_msgs__rosidl_typesupport_introspection_cpp
[0.880s] [ 67%] [32m[1mLinking CXX shared library libobject_detection_msgs__rosidl_typesupport_fastrtps_c.so[0m
[0.880s] [ 67%] [32m[1mLinking CXX shared library libobject_detection_msgs__rosidl_typesupport_fastrtps_cpp.so[0m
[0.954s] [ 73%] Built target object_detection_msgs__rosidl_typesupport_fastrtps_c
[0.954s] [ 73%] Built target object_detection_msgs__rosidl_typesupport_fastrtps_cpp
[0.979s] [ 73%] Built target object_detection_msgs
[1.006s] [ 76%] Built target object_detection_msgs__py
[1.031s] [ 79%] [32mBuilding C object CMakeFiles/object_detection_msgs__rosidl_generator_py.dir/rosidl_generator_py/object_detection_msgs/msg/_detection_s.c.o[0m
[1.170s] [ 82%] [32m[1mLinking C shared library libobject_detection_msgs__rosidl_generator_py.so[0m
[1.211s] [ 82%] Built target object_detection_msgs__rosidl_generator_py
[1.234s] [ 91%] [32mBuilding C object CMakeFiles/object_detection_msgs_s__rosidl_typesupport_fastrtps_c.dir/rosidl_generator_py/object_detection_msgs/_object_detection_msgs_s.ep.rosidl_typesupport_fastrtps_c.c.o[0m
[1.234s] [ 91%] [32mBuilding C object CMakeFiles/object_detection_msgs_s__rosidl_typesupport_c.dir/rosidl_generator_py/object_detection_msgs/_object_detection_msgs_s.ep.rosidl_typesupport_c.c.o[0m
[1.234s] [ 91%] [32mBuilding C object CMakeFiles/object_detection_msgs_s__rosidl_typesupport_introspection_c.dir/rosidl_generator_py/object_detection_msgs/_object_detection_msgs_s.ep.rosidl_typesupport_introspection_c.c.o[0m
[1.309s] [ 97%] [32m[1mLinking C shared module rosidl_generator_py/object_detection_msgs/object_detection_msgs_s__rosidl_typesupport_introspection_c.so[0m
[1.309s] [ 97%] [32m[1mLinking C shared module rosidl_generator_py/object_detection_msgs/object_detection_msgs_s__rosidl_typesupport_c.so[0m
[1.311s] [100%] [32m[1mLinking C shared module rosidl_generator_py/object_detection_msgs/object_detection_msgs_s__rosidl_typesupport_fastrtps_c.so[0m
[1.337s] [100%] Built target object_detection_msgs_s__rosidl_typesupport_c
[1.338s] [100%] Built target object_detection_msgs_s__rosidl_typesupport_introspection_c
[1.338s] [100%] Built target object_detection_msgs_s__rosidl_typesupport_fastrtps_c
[1.352s] Invoked command in '/home/david-wang/Desktop/Projects/Wisconsin Robotics/WRoverSoftware_25-26/build/object_detection_msgs' returned '0': CMAKE_PREFIX_PATH=/opt/ros/jazzy DEBUGINFOD_URLS=https://debuginfod.ubuntu.com PS1=(.venv) \[\e]0;\u@\h: \w\a\]${debian_chroot:+($debian_chroot)}\[\033[01;32m\]\u@\h\[\033[00m\]:\[\033[01;34m\]\w\[\033[00m\]\$ VIRTUAL_ENV_PROMPT=(.venv) /usr/bin/cmake --build /home/david-wang/Desktop/Projects/Wisconsin Robotics/WRoverSoftware_25-26/build/object_detection_msgs -- -j12 -l12
[1.364s] Invoking command in '/home/david-wang/Desktop/Projects/Wisconsin Robotics/WRoverSoftware_25-26/build/object_detection_msgs': CMAKE_PREFIX_PATH=/opt/ros/jazzy DEBUGINFOD_URLS=https://debuginfod.ubuntu.com PS1=(.venv) \[\e]0;\u@\h: \w\a\]${debian_chroot:+($debian_chroot)}\[\033[01;32m\]\u@\h\[\033[00m\]:\[\033[01;34m\]\w\[\033[00m\]\$ VIRTUAL_ENV_PROMPT=(.venv) /usr/bin/cmake --install /home/david-wang/Desktop/Projects/Wisconsin Robotics/WRoverSoftware_25-26/build/object_detection_msgs
[1.372s] -- Install configuration: ""
[1.373s] -- Up-to-date: /home/david-wang/Desktop/Projects/Wisconsin Robotics/WRoverSoftware_25-26/install/object_detection_msgs/share/ament_index/resource_index/rosidl_interfaces/object_detection_msgs
[1.373s] -- Up-to-date: /home/david-wang/Desktop/Projects/Wisconsin Robotics/WRoverSoftware_25-26/install/object_detection_msgs/share/object_detection_msgs/msg/Detection.json
[1.373s] -- Up-to-date: /home/david-wang/Desktop/Projects/Wisconsin Robotics/WRoverSoftware_25-26/install/object_detection_msgs/include/object_detection_msgs/object_detection_msgs
[1.373s] -- Up-to-date: /home/david-wang/Desktop/Projects/Wisconsin Robotics/WRoverSoftware_25-26/install/object_detection_msgs/include/object_detection_msgs/object_detection_msgs/msg
[1.374s] -- Up-to-date: /home/david-wang/Desktop/Projects/Wisconsin Robotics/WRoverSoftware_25-26/install/object_detection_msgs/include/object_detection_msgs/object_detection_msgs/msg/rosidl_generator_c__visibility_control.h
[1.374s] -- Up-to-date: /home/david-wang/Desktop/Projects/Wisconsin Robotics/WRoverSoftware_25-26/install/object_detection_msgs/include/object_detection_msgs/object_detection_msgs/msg/detail
[1.374s] -- Up-to-date: /home/david-wang/Desktop/Projects/Wisconsin Robotics/WRoverSoftware_25-26/install/object_detection_msgs/include/object_detection_msgs/object_detection_msgs/msg/detail/detection__struct.h
[1.374s] -- Up-to-date: /home/david-wang/Desktop/Projects/Wisconsin Robotics/WRoverSoftware_25-26/install/object_detection_msgs/include/object_detection_msgs/object_detection_msgs/msg/detail/detection__functions.h
[1.374s] -- Up-to-date: /home/david-wang/Desktop/Projects/Wisconsin Robotics/WRoverSoftware_25-26/install/object_detection_msgs/include/object_detection_msgs/object_detection_msgs/msg/detail/detection__description.c
[1.374s] -- Up-to-date: /home/david-wang/Desktop/Projects/Wisconsin Robotics/WRoverSoftware_25-26/install/object_detection_msgs/include/object_detection_msgs/object_detection_msgs/msg/detail/detection__type_support.c
[1.374s] -- Up-to-date: /home/david-wang/Desktop/Projects/Wisconsin Robotics/WRoverSoftware_25-26/install/object_detection_msgs/include/object_detection_msgs/object_detection_msgs/msg/detail/detection__functions.c
[1.374s] -- Up-to-date: /home/david-wang/Desktop/Projects/Wisconsin Robotics/WRoverSoftware_25-26/install/object_detection_msgs/include/object_detection_msgs/object_detection_msgs/msg/detail/detection__type_support.h
[1.374s] -- Up-to-date: /home/david-wang/Desktop/Projects/Wisconsin Robotics/WRoverSoftware_25-26/install/object_detection_msgs/include/object_detection_msgs/object_detection_msgs/msg/detection.h
[1.374s] -- Up-to-date: /home/david-wang/Desktop/Projects/Wisconsin Robotics/WRoverSoftware_25-26/install/object_detection_msgs/share/object_detection_msgs/environment/library_path.sh
[1.374s] -- Up-to-date: /home/david-wang/Desktop/Projects/Wisconsin Robotics/WRoverSoftware_25-26/install/object_detection_msgs/share/object_detection_msgs/environment/library_path.dsv
[1.375s] -- Up-to-date: /home/david-wang/Desktop/Projects/Wisconsin Robotics/WRoverSoftware_25-26/install/object_detection_msgs/lib/libobject_detection_msgs__rosidl_generator_c.so
[1.375s] -- Up-to-date: /home/david-wang/Desktop/Projects/Wisconsin Robotics/WRoverSoftware_25-26/install/object_detection_msgs/include/object_detection_msgs/object_detection_msgs
[1.375s] -- Up-to-date: /home/david-wang/Desktop/Projects/Wisconsin Robotics/WRoverSoftware_25-26/install/object_detection_msgs/include/object_detection_msgs/object_detection_msgs/msg
[1.375s] -- Up-to-date: /home/david-wang/Desktop/Projects/Wisconsin Robotics/WRoverSoftware_25-26/install/object_detection_msgs/include/object_detection_msgs/object_detection_msgs/msg/rosidl_typesupport_fastrtps_c__visibility_control.h
[1.375s] -- Up-to-date: /home/david-wang/Desktop/Projects/Wisconsin Robotics/WRoverSoftware_25-26/install/object_detection_msgs/include/object_detection_msgs/object_detection_msgs/msg/detail
[1.375s] -- Up-to-date: /home/david-wang/Desktop/Projects/Wisconsin Robotics/WRoverSoftware_25-26/install/object_detection_msgs/include/object_detection_msgs/object_detection_msgs/msg/detail/detection__rosidl_typesupport_fastrtps_c.h
[1.375s] -- Installing: /home/david-wang/Desktop/Projects/Wisconsin Robotics/WRoverSoftware_25-26/install/object_detection_msgs/lib/libobject_detection_msgs__rosidl_typesupport_fastrtps_c.so
[1.376s] -- Set non-toolchain portion of runtime path of "/home/david-wang/Desktop/Projects/Wisconsin Robotics/WRoverSoftware_25-26/install/object_detection_msgs/lib/libobject_detection_msgs__rosidl_typesupport_fastrtps_c.so" to ""
[1.376s] -- Up-to-date: /home/david-wang/Desktop/Projects/Wisconsin Robotics/WRoverSoftware_25-26/install/object_detection_msgs/include/object_detection_msgs/object_detection_msgs
[1.376s] -- Up-to-date: /home/david-wang/Desktop/Projects/Wisconsin Robotics/WRoverSoftware_25-26/install/object_detection_msgs/include/object_detection_msgs/object_detection_msgs/msg
[1.376s] -- Up-to-date: /home/david-wang/Desktop/Projects/Wisconsin Robotics/WRoverSoftware_25-26/install/object_detection_msgs/include/object_detection_msgs/object_detection_msgs/msg/detail
[1.376s] -- Up-to-date: /home/david-wang/Desktop/Projects/Wisconsin Robotics/WRoverSoftware_25-26/install/object_detection_msgs/include/object_detection_msgs/object_detection_msgs/msg/detail/detection__type_support.c
[1.376s] -- Up-to-date: /home/david-wang/Desktop/Projects/Wisconsin Robotics/WRoverSoftware_25-26/install/object_detection_msgs/include/object_detection_msgs/object_detection_msgs/msg/detail/detection__rosidl_typesupport_introspection_c.h
[1.376s] -- Up-to-date: /home/david-wang/Desktop/Projects/Wisconsin Robotics/WRoverSoftware_25-26/install/object_detection_msgs/include/object_detection_msgs/object_detection_msgs/msg/rosidl_typesupport_introspection_c__visibility_control.h
[1.376s] -- Up-to-date: /home/david-wang/Desktop/Projects/Wisconsin Robotics/WRoverSoftware_25-26/install/object_detection_msgs/lib/libobject_detection_msgs__rosidl_typesupport_introspection_c.so
[1.377s] -- Up-to-date: /home/david-wang/Desktop/Projects/Wisconsin Robotics/WRoverSoftware_25-26/install/object_detection_msgs/lib/libobject_detection_msgs__rosidl_typesupport_c.so
[1.377s] -- Up-to-date: /home/david-wang/Desktop/Projects/Wisconsin Robotics/WRoverSoftware_25-26/install/object_detection_msgs/include/object_detection_msgs/object_detection_msgs
[1.377s] -- Up-to-date: /home/david-wang/Desktop/Projects/Wisconsin Robotics/WRoverSoftware_25-26/install/object_detection_msgs/include/object_detection_msgs/object_detection_msgs/msg
[1.377s] -- Up-to-date: /home/david-wang/Desktop/Projects/Wisconsin Robotics/WRoverSoftware_25-26/install/object_detection_msgs/include/object_detection_msgs/object_detection_msgs/msg/detection.hpp
[1.377s] -- Up-to-date: /home/david-wang/Desktop/Projects/Wisconsin Robotics/WRoverSoftware_25-26/install/object_detection_msgs/include/object_detection_msgs/object_detection_msgs/msg/detail
[1.377s] -- Up-to-date: /home/david-wang/Desktop/Projects/Wisconsin Robotics/WRoverSoftware_25-26/install/object_detection_msgs/include/object_detection_msgs/object_detection_msgs/msg/detail/detection__builder.hpp
[1.378s] -- Up-to-date: /home/david-wang/Desktop/Projects/Wisconsin Robotics/WRoverSoftware_25-26/install/object_detection_msgs/include/object_detection_msgs/object_detection_msgs/msg/detail/detection__traits.hpp
[1.378s] -- Up-to-date: /home/david-wang/Desktop/Projects/Wisconsin Robotics/WRoverSoftware_25-26/install/object_detection_msgs/include/object_detection_msgs/object_detection_msgs/msg/detail/detection__type_support.hpp
[1.378s] -- Up-to-date: /home/david-wang/Desktop/Projects/Wisconsin Robotics/WRoverSoftware_25-26/install/object_detection_msgs/include/object_detection_msgs/object_detection_msgs/msg/detail/detection__struct.hpp
[1.378s] -- Up-to-date: /home/david-wang/Desktop/Projects/Wisconsin Robotics/WRoverSoftware_25-26/install/object_detection_msgs/include/object_detection_msgs/object_detection_msgs/msg/rosidl_generator_cpp__visibility_control.hpp
[1.378s] -- Up-to-date: /home/david-wang/Desktop/Projects/Wisconsin Robotics/WRoverSoftware_25-26/install/object_detection_msgs/include/object_detection_msgs/object_detection_msgs
[1.378s] -- Up-to-date: /home/david-wang/Desktop/Projects/Wisconsin Robotics/WRoverSoftware_25-26/install/object_detection_msgs/include/object_detection_msgs/object_detection_msgs/msg
[1.378s] -- Up-to-date: /home/david-wang/Desktop/Projects/Wisconsin Robotics/WRoverSoftware_25-26/install/object_detection_msgs/include/object_detection_msgs/object_detection_msgs/msg/detail
[1.378s] -- Up-to-date: /home/david-wang/Desktop/Projects/Wisconsin Robotics/WRoverSoftware_25-26/install/object_detection_msgs/include/object_detection_msgs/object_detection_msgs/msg/detail/dds_fastrtps
[1.378s] -- Up-to-date: /home/david-wang/Desktop/Projects/Wisconsin Robotics/WRoverSoftware_25-26/install/object_detection_msgs/include/object_detection_msgs/object_detection_msgs/msg/detail/detection__rosidl_typesupport_fastrtps_cpp.hpp
[1.378s] -- Up-to-date: /home/david-wang/Desktop/Projects/Wisconsin Robotics/WRoverSoftware_25-26/install/object_detection_msgs/include/object_detection_msgs/object_detection_msgs/msg/rosidl_typesupport_fastrtps_cpp__visibility_control.h
[1.378s] -- Installing: /home/david-wang/Desktop/Projects/Wisconsin Robotics/WRoverSoftware_25-26/install/object_detection_msgs/lib/libobject_detection_msgs__rosidl_typesupport_fastrtps_cpp.so
[1.379s] -- Set non-toolchain portion of runtime path of "/home/david-wang/Desktop/Projects/Wisconsin Robotics/WRoverSoftware_25-26/install/object_detection_msgs/lib/libobject_detection_msgs__rosidl_typesupport_fastrtps_cpp.so" to ""
[1.379s] -- Up-to-date: /home/david-wang/Desktop/Projects/Wisconsin Robotics/WRoverSoftware_25-26/install/object_detection_msgs/include/object_detection_msgs/object_detection_msgs
[1.379s] -- Up-to-date: /home/david-wang/Desktop/Projects/Wisconsin Robotics/WRoverSoftware_25-26/install/object_detection_msgs/include/object_detection_msgs/object_detection_msgs/msg
[1.379s] -- Up-to-date: /home/david-wang/Desktop/Projects/Wisconsin Robotics/WRoverSoftware_25-26/install/object_detection_msgs/include/object_detection_msgs/object_detection_msgs/msg/detail
[1.379s] -- Up-to-date: /home/david-wang/Desktop/Projects/Wisconsin Robotics/WRoverSoftware_25-26/install/object_detection_msgs/include/object_detection_msgs/object_detection_msgs/msg/detail/detection__rosidl_typesupport_introspection_cpp.hpp
[1.379s] -- Up-to-date: /home/david-wang/Desktop/Projects/Wisconsin Robotics/WRoverSoftware_25-26/install/object_detection_msgs/include/object_detection_msgs/object_detection_msgs/msg/detail/detection__type_support.cpp
[1.379s] -- Installing: /home/david-wang/Desktop/Projects/Wisconsin Robotics/WRoverSoftware_25-26/install/object_detection_msgs/lib/libobject_detection_msgs__rosidl_typesupport_introspection_cpp.so
[1.380s] -- Set non-toolchain portion of runtime path of "/home/david-wang/Desktop/Projects/Wisconsin Robotics/WRoverSoftware_25-26/install/object_detection_msgs/lib/libobject_detection_msgs__rosidl_typesupport_introspection_cpp.so" to ""
[1.380s] -- Installing: /home/david-wang/Desktop/Projects/Wisconsin Robotics/WRoverSoftware_25-26/install/object_detection_msgs/lib/libobject_detection_msgs__rosidl_typesupport_cpp.so
[1.380s] -- Set non-toolchain portion of runtime path of "/home/david-wang/Desktop/Projects/Wisconsin Robotics/WRoverSoftware_25-26/install/object_detection_msgs/lib/libobject_detection_msgs__rosidl_typesupport_cpp.so" to ""
[1.381s] -- Up-to-date: /home/david-wang/Desktop/Projects/Wisconsin Robotics/WRoverSoftware_25-26/install/object_detection_msgs/share/object_detection_msgs/environment/pythonpath.sh
[1.381s] -- Up-to-date: /home/david-wang/Desktop/Projects/Wisconsin Robotics/WRoverSoftware_25-26/install/object_detection_msgs/share/object_detection_msgs/environment/pythonpath.dsv
[1.381s] -- Up-to-date: /home/david-wang/Desktop/Projects/Wisconsin Robotics/WRoverSoftware_25-26/install/object_detection_msgs/lib/python3.12/site-packages/object_detection_msgs-0.0.0-py3.12.egg-info
[1.381s] -- Installing: /home/david-wang/Desktop/Projects/Wisconsin Robotics/WRoverSoftware_25-26/install/object_detection_msgs/lib/python3.12/site-packages/object_detection_msgs-0.0.0-py3.12.egg-info/dependency_links.txt
[1.381s] -- Installing: /home/david-wang/Desktop/Projects/Wisconsin Robotics/WRoverSoftware_25-26/install/object_detection_msgs/lib/python3.12/site-packages/object_detection_msgs-0.0.0-py3.12.egg-info/SOURCES.txt
[1.381s] -- Installing: /home/david-wang/Desktop/Projects/Wisconsin Robotics/WRoverSoftware_25-26/install/object_detection_msgs/lib/python3.12/site-packages/object_detection_msgs-0.0.0-py3.12.egg-info/PKG-INFO
[1.381s] -- Installing: /home/david-wang/Desktop/Projects/Wisconsin Robotics/WRoverSoftware_25-26/install/object_detection_msgs/lib/python3.12/site-packages/object_detection_msgs-0.0.0-py3.12.egg-info/top_level.txt
[1.381s] -- Up-to-date: /home/david-wang/Desktop/Projects/Wisconsin Robotics/WRoverSoftware_25-26/install/object_detection_msgs/lib/python3.12/site-packages/object_detection_msgs
[1.382s] -- Installing: /home/david-wang/Desktop/Projects/Wisconsin Robotics/WRoverSoftware_25-26/install/object_detection_msgs/lib/python3.12/site-packages/object_detection_msgs/object_detection_msgs_s__rosidl_typesupport_fastrtps_c.so
[1.382s] -- Up-to-date: /home/david-wang/Desktop/Projects/Wisconsin Robotics/WRoverSoftware_25-26/install/object_detection_msgs/lib/python3.12/site-packages/object_detection_msgs/__init__.py
[1.382s] -- Up-to-date: /home/david-wang/Desktop/Projects/Wisconsin Robotics/WRoverSoftware_25-26/install/object_detection_msgs/lib/python3.12/site-packages/object_detection_msgs/_object_detection_msgs_s.ep.rosidl_typesupport_introspection_c.c
[1.382s] -- Installing: /home/david-wang/Desktop/Projects/Wisconsin Robotics/WRoverSoftware_25-26/install/object_detection_msgs/lib/python3.12/site-packages/object_detection_msgs/object_detection_msgs_s__rosidl_typesupport_introspection_c.so
[1.382s] -- Up-to-date: /home/david-wang/Desktop/Projects/Wisconsin Robotics/WRoverSoftware_25-26/install/object_detection_msgs/lib/python3.12/site-packages/object_detection_msgs/_object_detection_msgs_s.ep.rosidl_typesupport_c.c
[1.382s] -- Up-to-date: /home/david-wang/Desktop/Projects/Wisconsin Robotics/WRoverSoftware_25-26/install/object_detection_msgs/lib/python3.12/site-packages/object_detection_msgs/_object_detection_msgs_s.ep.rosidl_typesupport_fastrtps_c.c
[1.382s] -- Installing: /home/david-wang/Desktop/Projects/Wisconsin Robotics/WRoverSoftware_25-26/install/object_detection_msgs/lib/python3.12/site-packages/object_detection_msgs/object_detection_msgs_s__rosidl_typesupport_c.so
[1.382s] -- Up-to-date: /home/david-wang/Desktop/Projects/Wisconsin Robotics/WRoverSoftware_25-26/install/object_detection_msgs/lib/python3.12/site-packages/object_detection_msgs/msg
[1.382s] -- Up-to-date: /home/david-wang/Desktop/Projects/Wisconsin Robotics/WRoverSoftware_25-26/install/object_detection_msgs/lib/python3.12/site-packages/object_detection_msgs/msg/_detection.py
[1.382s] -- Up-to-date: /home/david-wang/Desktop/Projects/Wisconsin Robotics/WRoverSoftware_25-26/install/object_detection_msgs/lib/python3.12/site-packages/object_detection_msgs/msg/__init__.py
[1.382s] -- Up-to-date: /home/david-wang/Desktop/Projects/Wisconsin Robotics/WRoverSoftware_25-26/install/object_detection_msgs/lib/python3.12/site-packages/object_detection_msgs/msg/_detection_s.c
[1.416s] Listing '/home/david-wang/Desktop/Projects/Wisconsin Robotics/WRoverSoftware_25-26/install/object_detection_msgs/lib/python3.12/site-packages/object_detection_msgs'...
[1.416s] Listing '/home/david-wang/Desktop/Projects/Wisconsin Robotics/WRoverSoftware_25-26/install/object_detection_msgs/lib/python3.12/site-packages/object_detection_msgs/msg'...
[1.421s] -- Installing: /home/david-wang/Desktop/Projects/Wisconsin Robotics/WRoverSoftware_25-26/install/object_detection_msgs/lib/python3.12/site-packages/object_detection_msgs/object_detection_msgs_s__rosidl_typesupport_fastrtps_c.so
[1.422s] -- Set non-toolchain portion of runtime path of "/home/david-wang/Desktop/Projects/Wisconsin Robotics/WRoverSoftware_25-26/install/object_detection_msgs/lib/python3.12/site-packages/object_detection_msgs/object_detection_msgs_s__rosidl_typesupport_fastrtps_c.so" to ""
[1.422s] -- Installing: /home/david-wang/Desktop/Projects/Wisconsin Robotics/WRoverSoftware_25-26/install/object_detection_msgs/lib/python3.12/site-packages/object_detection_msgs/object_detection_msgs_s__rosidl_typesupport_introspection_c.so
[1.422s] -- Set non-toolchain portion of runtime path of "/home/david-wang/Desktop/Projects/Wisconsin Robotics/WRoverSoftware_25-26/install/object_detection_msgs/lib/python3.12/site-packages/object_detection_msgs/object_detection_msgs_s__rosidl_typesupport_introspection_c.so" to ""
[1.422s] -- Installing: /home/david-wang/Desktop/Projects/Wisconsin Robotics/WRoverSoftware_25-26/install/object_detection_msgs/lib/python3.12/site-packages/object_detection_msgs/object_detection_msgs_s__rosidl_typesupport_c.so
[1.423s] -- Set non-toolchain portion of runtime path of "/home/david-wang/Desktop/Projects/Wisconsin Robotics/WRoverSoftware_25-26/install/object_detection_msgs/lib/python3.12/site-packages/object_detection_msgs/object_detection_msgs_s__rosidl_typesupport_c.so" to ""
[1.423s] -- Installing: /home/david-wang/Desktop/Projects/Wisconsin Robotics/WRoverSoftware_25-26/install/object_detection_msgs/lib/libobject_detection_msgs__rosidl_generator_py.so
[1.424s] -- Set non-toolchain portion of runtime path of "/home/david-wang/Desktop/Projects/Wisconsin Robotics/WRoverSoftware_25-26/install/object_detection_msgs/lib/libobject_detection_msgs__rosidl_generator_py.so" to ""
[1.424s] -- Up-to-date: /home/david-wang/Desktop/Projects/Wisconsin Robotics/WRoverSoftware_25-26/install/object_detection_msgs/share/object_detection_msgs/msg/Detection.idl
[1.424s] -- Up-to-date: /home/david-wang/Desktop/Projects/Wisconsin Robotics/WRoverSoftware_25-26/install/object_detection_msgs/share/object_detection_msgs/msg/Detection.msg
[1.424s] -- Up-to-date: /home/david-wang/Desktop/Projects/Wisconsin Robotics/WRoverSoftware_25-26/install/object_detection_msgs/share/ament_index/resource_index/package_run_dependencies/object_detection_msgs
[1.424s] -- Up-to-date: /home/david-wang/Desktop/Projects/Wisconsin Robotics/WRoverSoftware_25-26/install/object_detection_msgs/share/ament_index/resource_index/parent_prefix_path/object_detection_msgs
[1.425s] -- Up-to-date: /home/david-wang/Desktop/Projects/Wisconsin Robotics/WRoverSoftware_25-26/install/object_detection_msgs/share/object_detection_msgs/environment/ament_prefix_path.sh
[1.425s] -- Up-to-date: /home/david-wang/Desktop/Projects/Wisconsin Robotics/WRoverSoftware_25-26/install/object_detection_msgs/share/object_detection_msgs/environment/ament_prefix_path.dsv
[1.425s] -- Up-to-date: /home/david-wang/Desktop/Projects/Wisconsin Robotics/WRoverSoftware_25-26/install/object_detection_msgs/share/object_detection_msgs/environment/path.sh
[1.425s] -- Up-to-date: /home/david-wang/Desktop/Projects/Wisconsin Robotics/WRoverSoftware_25-26/install/object_detection_msgs/share/object_detection_msgs/environment/path.dsv
[1.425s] -- Up-to-date: /home/david-wang/Desktop/Projects/Wisconsin Robotics/WRoverSoftware_25-26/install/object_detection_msgs/share/object_detection_msgs/local_setup.bash
[1.425s] -- Up-to-date: /home/david-wang/Desktop/Projects/Wisconsin Robotics/WRoverSoftware_25-26/install/object_detection_msgs/share/object_detection_msgs/local_setup.sh
[1.425s] -- Up-to-date: /home/david-wang/Desktop/Projects/Wisconsin Robotics/WRoverSoftware_25-26/install/object_detection_msgs/share/object_detection_msgs/local_setup.zsh
[1.425s] -- Up-to-date: /home/david-wang/Desktop/Projects/Wisconsin Robotics/WRoverSoftware_25-26/install/object_detection_msgs/share/object_detection_msgs/local_setup.dsv
[1.425s] -- Installing: /home/david-wang/Desktop/Projects/Wisconsin Robotics/WRoverSoftware_25-26/install/object_detection_msgs/share/object_detection_msgs/package.dsv
[1.425s] -- Up-to-date: /home/david-wang/Desktop/Projects/Wisconsin Robotics/WRoverSoftware_25-26/install/object_detection_msgs/share/ament_index/resource_index/packages/object_detection_msgs
[1.426s] -- Up-to-date: /home/david-wang/Desktop/Projects/Wisconsin Robotics/WRoverSoftware_25-26/install/object_detection_msgs/share/object_detection_msgs/cmake/export_object_detection_msgs__rosidl_generator_cExport.cmake
[1.426s] -- Up-to-date: /home/david-wang/Desktop/Projects/Wisconsin Robotics/WRoverSoftware_25-26/install/object_detection_msgs/share/object_detection_msgs/cmake/export_object_detection_msgs__rosidl_generator_cExport-noconfig.cmake
[1.426s] -- Up-to-date: /home/david-wang/Desktop/Projects/Wisconsin Robotics/WRoverSoftware_25-26/install/object_detection_msgs/share/object_detection_msgs/cmake/export_object_detection_msgs__rosidl_typesupport_fastrtps_cExport.cmake
[1.426s] -- Up-to-date: /home/david-wang/Desktop/Projects/Wisconsin Robotics/WRoverSoftware_25-26/install/object_detection_msgs/share/object_detection_msgs/cmake/export_object_detection_msgs__rosidl_typesupport_fastrtps_cExport-noconfig.cmake
[1.427s] -- Up-to-date: /home/david-wang/Desktop/Projects/Wisconsin Robotics/WRoverSoftware_25-26/install/object_detection_msgs/share/object_detection_msgs/cmake/object_detection_msgs__rosidl_typesupport_introspection_cExport.cmake
[1.427s] -- Up-to-date: /home/david-wang/Desktop/Projects/Wisconsin Robotics/WRoverSoftware_25-26/install/object_detection_msgs/share/object_detection_msgs/cmake/object_detection_msgs__rosidl_typesupport_introspection_cExport-noconfig.cmake
[1.427s] -- Up-to-date: /home/david-wang/Desktop/Projects/Wisconsin Robotics/WRoverSoftware_25-26/install/object_detection_msgs/share/object_detection_msgs/cmake/object_detection_msgs__rosidl_typesupport_cExport.cmake
[1.427s] -- Up-to-date: /home/david-wang/Desktop/Projects/Wisconsin Robotics/WRoverSoftware_25-26/install/object_detection_msgs/share/object_detection_msgs/cmake/object_detection_msgs__rosidl_typesupport_cExport-noconfig.cmake
[1.427s] -- Up-to-date: /home/david-wang/Desktop/Projects/Wisconsin Robotics/WRoverSoftware_25-26/install/object_detection_msgs/share/object_detection_msgs/cmake/export_object_detection_msgs__rosidl_generator_cppExport.cmake
[1.428s] -- Up-to-date: /home/david-wang/Desktop/Projects/Wisconsin Robotics/WRoverSoftware_25-26/install/object_detection_msgs/share/object_detection_msgs/cmake/export_object_detection_msgs__rosidl_typesupport_fastrtps_cppExport.cmake
[1.428s] -- Up-to-date: /home/david-wang/Desktop/Projects/Wisconsin Robotics/WRoverSoftware_25-26/install/object_detection_msgs/share/object_detection_msgs/cmake/export_object_detection_msgs__rosidl_typesupport_fastrtps_cppExport-noconfig.cmake
[1.428s] -- Up-to-date: /home/david-wang/Desktop/Projects/Wisconsin Robotics/WRoverSoftware_25-26/install/object_detection_msgs/share/object_detection_msgs/cmake/object_detection_msgs__rosidl_typesupport_introspection_cppExport.cmake
[1.428s] -- Up-to-date: /home/david-wang/Desktop/Projects/Wisconsin Robotics/WRoverSoftware_25-26/install/object_detection_msgs/share/object_detection_msgs/cmake/object_detection_msgs__rosidl_typesupport_introspection_cppExport-noconfig.cmake
[1.428s] -- Up-to-date: /home/david-wang/Desktop/Projects/Wisconsin Robotics/WRoverSoftware_25-26/install/object_detection_msgs/share/object_detection_msgs/cmake/object_detection_msgs__rosidl_typesupport_cppExport.cmake
[1.428s] -- Up-to-date: /home/david-wang/Desktop/Projects/Wisconsin Robotics/WRoverSoftware_25-26/install/object_detection_msgs/share/object_detection_msgs/cmake/object_detection_msgs__rosidl_typesupport_cppExport-noconfig.cmake
[1.429s] -- Up-to-date: /home/david-wang/Desktop/Projects/Wisconsin Robotics/WRoverSoftware_25-26/install/object_detection_msgs/share/object_detection_msgs/cmake/export_object_detection_msgs__rosidl_generator_pyExport.cmake
[1.429s] -- Up-to-date: /home/david-wang/Desktop/Projects/Wisconsin Robotics/WRoverSoftware_25-26/install/object_detection_msgs/share/object_detection_msgs/cmake/export_object_detection_msgs__rosidl_generator_pyExport-noconfig.cmake
[1.429s] -- Up-to-date: /home/david-wang/Desktop/Projects/Wisconsin Robotics/WRoverSoftware_25-26/install/object_detection_msgs/share/object_detection_msgs/cmake/rosidl_cmake-extras.cmake
[1.429s] -- Up-to-date: /home/david-wang/Desktop/Projects/Wisconsin Robotics/WRoverSoftware_25-26/install/object_detection_msgs/share/object_detection_msgs/cmake/ament_cmake_export_include_directories-extras.cmake
[1.429s] -- Up-to-date: /home/david-wang/Desktop/Projects/Wisconsin Robotics/WRoverSoftware_25-26/install/object_detection_msgs/share/object_detection_msgs/cmake/ament_cmake_export_libraries-extras.cmake
[1.429s] -- Up-to-date: /home/david-wang/Desktop/Projects/Wisconsin Robotics/WRoverSoftware_25-26/install/object_detection_msgs/share/object_detection_msgs/cmake/ament_cmake_export_targets-extras.cmake
[1.429s] -- Up-to-date: /home/david-wang/Desktop/Projects/Wisconsin Robotics/WRoverSoftware_25-26/install/object_detection_msgs/share/object_detection_msgs/cmake/rosidl_cmake_export_typesupport_targets-extras.cmake
[1.429s] -- Up-to-date: /home/david-wang/Desktop/Projects/Wisconsin Robotics/WRoverSoftware_25-26/install/object_detection_msgs/share/object_detection_msgs/cmake/ament_cmake_export_dependencies-extras.cmake
[1.429s] -- Up-to-date: /home/david-wang/Desktop/Projects/Wisconsin Robotics/WRoverSoftware_25-26/install/object_detection_msgs/share/object_detection_msgs/cmake/rosidl_cmake_export_typesupport_libraries-extras.cmake
[1.429s] -- Up-to-date: /home/david-wang/Desktop/Projects/Wisconsin Robotics/WRoverSoftware_25-26/install/object_detection_msgs/share/object_detection_msgs/cmake/object_detection_msgsConfig.cmake
[1.429s] -- Up-to-date: /home/david-wang/Desktop/Projects/Wisconsin Robotics/WRoverSoftware_25-26/install/object_detection_msgs/share/object_detection_msgs/cmake/object_detection_msgsConfig-version.cmake
[1.429s] -- Up-to-date: /home/david-wang/Desktop/Projects/Wisconsin Robotics/WRoverSoftware_25-26/install/object_detection_msgs/share/object_detection_msgs/package.xml
[1.432s] Invoked command in '/home/david-wang/Desktop/Projects/Wisconsin Robotics/WRoverSoftware_25-26/build/object_detection_msgs' returned '0': CMAKE_PREFIX_PATH=/opt/ros/jazzy DEBUGINFOD_URLS=https://debuginfod.ubuntu.com PS1=(.venv) \[\e]0;\u@\h: \w\a\]${debian_chroot:+($debian_chroot)}\[\033[01;32m\]\u@\h\[\033[00m\]:\[\033[01;34m\]\w\[\033[00m\]\$ VIRTUAL_ENV_PROMPT=(.venv) /usr/bin/cmake --install /home/david-wang/Desktop/Projects/Wisconsin Robotics/WRoverSoftware_25-26/build/object_detection_msgs
