[0.908s] DEBUG:colcon:Command line arguments: ['/usr/bin/colcon', 'build']
[0.908s] DEBUG:colcon:Parsed command line arguments: Namespace(log_base=None, log_level=None, verb_name='build', build_base='build', install_base='install', merge_install=False, symlink_install=False, test_result_base=None, continue_on_error=False, executor='parallel', parallel_workers=16, event_handlers=None, ignore_user_meta=False, metas=['./colcon.meta'], base_paths=['.'], packages_ignore=None, packages_ignore_regex=None, paths=None, packages_up_to=None, packages_up_to_regex=None, packages_above=None, packages_above_and_dependencies=None, packages_above_depth=None, packages_select_by_dep=None, packages_skip_by_dep=None, packages_skip_up_to=None, packages_select_build_failed=False, packages_skip_build_finished=False, packages_select_test_failures=False, packages_skip_test_passed=False, packages_select=None, packages_skip=None, packages_select_regex=None, packages_skip_regex=None, packages_start=None, packages_end=None, allow_overriding=[], cmake_args=None, cmake_target=None, cmake_target_skip_unavailable=False, cmake_clean_cache=False, cmake_clean_first=False, cmake_force_configure=False, ament_cmake_args=None, catkin_cmake_args=None, catkin_skip_building_tests=False, mixin_files=None, mixin=None, verb_parser=<colcon_mixin.mixin.mixin_argument.MixinArgumentDecorator object at 0x7be46bc13d60>, verb_extension=<colcon_core.verb.build.BuildVerb object at 0x7be46bc13790>, main=<bound method BuildVerb.main of <colcon_core.verb.build.BuildVerb object at 0x7be46bc13790>>, mixin_verb=('build',))
[1.099s] Level 1:colcon.colcon_core.package_discovery:discover_packages(colcon_meta) check parameters
[1.099s] Level 1:colcon.colcon_core.package_discovery:discover_packages(recursive) check parameters
[1.099s] Level 1:colcon.colcon_core.package_discovery:discover_packages(ignore) check parameters
[1.099s] Level 1:colcon.colcon_core.package_discovery:discover_packages(path) check parameters
[1.099s] Level 1:colcon.colcon_core.package_discovery:discover_packages(colcon_meta) discover
[1.099s] Level 1:colcon.colcon_core.package_discovery:discover_packages(recursive) discover
[1.099s] INFO:colcon.colcon_core.package_discovery:Crawling recursively for packages in '/home/teggatz/documents/WRoverSoftware_25-26'
[1.099s] Level 1:colcon.colcon_core.package_identification:_identify(.) by extensions ['ignore', 'ignore_ament_install']
[1.099s] Level 1:colcon.colcon_core.package_identification:_identify(.) by extension 'ignore'
[1.100s] Level 1:colcon.colcon_core.package_identification:_identify(.) by extension 'ignore_ament_install'
[1.100s] Level 1:colcon.colcon_core.package_identification:_identify(.) by extensions ['colcon_pkg']
[1.100s] Level 1:colcon.colcon_core.package_identification:_identify(.) by extension 'colcon_pkg'
[1.100s] Level 1:colcon.colcon_core.package_identification:_identify(.) by extensions ['colcon_meta']
[1.100s] Level 1:colcon.colcon_core.package_identification:_identify(.) by extension 'colcon_meta'
[1.100s] Level 1:colcon.colcon_core.package_identification:_identify(.) by extensions ['ros']
[1.100s] Level 1:colcon.colcon_core.package_identification:_identify(.) by extension 'ros'
[1.113s] Level 1:colcon.colcon_core.package_identification:_identify(.) by extensions ['cmake', 'python']
[1.113s] Level 1:colcon.colcon_core.package_identification:_identify(.) by extension 'cmake'
[1.113s] Level 1:colcon.colcon_core.package_identification:_identify(.) by extension 'python'
[1.113s] Level 1:colcon.colcon_core.package_identification:_identify(.) by extensions ['python_setup_py']
[1.113s] Level 1:colcon.colcon_core.package_identification:_identify(.) by extension 'python_setup_py'
[1.114s] Level 1:colcon.colcon_core.package_identification:_identify(build) by extensions ['ignore', 'ignore_ament_install']
[1.115s] Level 1:colcon.colcon_core.package_identification:_identify(build) by extension 'ignore'
[1.115s] Level 1:colcon.colcon_core.package_identification:_identify(build) ignored
[1.115s] Level 1:colcon.colcon_core.package_identification:_identify(docs) by extensions ['ignore', 'ignore_ament_install']
[1.115s] Level 1:colcon.colcon_core.package_identification:_identify(docs) by extension 'ignore'
[1.115s] Level 1:colcon.colcon_core.package_identification:_identify(docs) by extension 'ignore_ament_install'
[1.116s] Level 1:colcon.colcon_core.package_identification:_identify(docs) by extensions ['colcon_pkg']
[1.116s] Level 1:colcon.colcon_core.package_identification:_identify(docs) by extension 'colcon_pkg'
[1.116s] Level 1:colcon.colcon_core.package_identification:_identify(docs) by extensions ['colcon_meta']
[1.116s] Level 1:colcon.colcon_core.package_identification:_identify(docs) by extension 'colcon_meta'
[1.116s] Level 1:colcon.colcon_core.package_identification:_identify(docs) by extensions ['ros']
[1.116s] Level 1:colcon.colcon_core.package_identification:_identify(docs) by extension 'ros'
[1.116s] Level 1:colcon.colcon_core.package_identification:_identify(docs) by extensions ['cmake', 'python']
[1.116s] Level 1:colcon.colcon_core.package_identification:_identify(docs) by extension 'cmake'
[1.116s] Level 1:colcon.colcon_core.package_identification:_identify(docs) by extension 'python'
[1.116s] Level 1:colcon.colcon_core.package_identification:_identify(docs) by extensions ['python_setup_py']
[1.116s] Level 1:colcon.colcon_core.package_identification:_identify(docs) by extension 'python_setup_py'
[1.116s] Level 1:colcon.colcon_core.package_identification:_identify(install) by extensions ['ignore', 'ignore_ament_install']
[1.117s] Level 1:colcon.colcon_core.package_identification:_identify(install) by extension 'ignore'
[1.117s] Level 1:colcon.colcon_core.package_identification:_identify(install) ignored
[1.117s] Level 1:colcon.colcon_core.package_identification:_identify(log) by extensions ['ignore', 'ignore_ament_install']
[1.117s] Level 1:colcon.colcon_core.package_identification:_identify(log) by extension 'ignore'
[1.117s] Level 1:colcon.colcon_core.package_identification:_identify(log) ignored
[1.117s] Level 1:colcon.colcon_core.package_identification:_identify(src) by extensions ['ignore', 'ignore_ament_install']
[1.117s] Level 1:colcon.colcon_core.package_identification:_identify(src) by extension 'ignore'
[1.117s] Level 1:colcon.colcon_core.package_identification:_identify(src) by extension 'ignore_ament_install'
[1.117s] Level 1:colcon.colcon_core.package_identification:_identify(src) by extensions ['colcon_pkg']
[1.117s] Level 1:colcon.colcon_core.package_identification:_identify(src) by extension 'colcon_pkg'
[1.117s] Level 1:colcon.colcon_core.package_identification:_identify(src) by extensions ['colcon_meta']
[1.117s] Level 1:colcon.colcon_core.package_identification:_identify(src) by extension 'colcon_meta'
[1.117s] Level 1:colcon.colcon_core.package_identification:_identify(src) by extensions ['ros']
[1.117s] Level 1:colcon.colcon_core.package_identification:_identify(src) by extension 'ros'
[1.117s] Level 1:colcon.colcon_core.package_identification:_identify(src) by extensions ['cmake', 'python']
[1.117s] Level 1:colcon.colcon_core.package_identification:_identify(src) by extension 'cmake'
[1.117s] Level 1:colcon.colcon_core.package_identification:_identify(src) by extension 'python'
[1.117s] Level 1:colcon.colcon_core.package_identification:_identify(src) by extensions ['python_setup_py']
[1.117s] Level 1:colcon.colcon_core.package_identification:_identify(src) by extension 'python_setup_py'
[1.117s] Level 1:colcon.colcon_core.package_identification:_identify(src/telemetry) by extensions ['ignore', 'ignore_ament_install']
[1.118s] Level 1:colcon.colcon_core.package_identification:_identify(src/telemetry) by extension 'ignore'
[1.118s] Level 1:colcon.colcon_core.package_identification:_identify(src/telemetry) by extension 'ignore_ament_install'
[1.118s] Level 1:colcon.colcon_core.package_identification:_identify(src/telemetry) by extensions ['colcon_pkg']
[1.118s] Level 1:colcon.colcon_core.package_identification:_identify(src/telemetry) by extension 'colcon_pkg'
[1.118s] Level 1:colcon.colcon_core.package_identification:_identify(src/telemetry) by extensions ['colcon_meta']
[1.118s] Level 1:colcon.colcon_core.package_identification:_identify(src/telemetry) by extension 'colcon_meta'
[1.118s] Level 1:colcon.colcon_core.package_identification:_identify(src/telemetry) by extensions ['ros']
[1.118s] Level 1:colcon.colcon_core.package_identification:_identify(src/telemetry) by extension 'ros'
[1.121s] DEBUG:colcon.colcon_core.package_identification:Package 'src/telemetry' with type 'ros.ament_python' and name 'telemetry'
[1.121s] Level 1:colcon.colcon_core.package_discovery:discover_packages(recursive) using defaults
[1.121s] Level 1:colcon.colcon_core.package_discovery:discover_packages(ignore) discover
[1.121s] Level 1:colcon.colcon_core.package_discovery:discover_packages(ignore) using defaults
[1.121s] Level 1:colcon.colcon_core.package_discovery:discover_packages(path) discover
[1.121s] Level 1:colcon.colcon_core.package_discovery:discover_packages(path) using defaults
[1.165s] Level 1:colcon.colcon_core.package_discovery:discover_packages(prefix_path) check parameters
[1.165s] Level 1:colcon.colcon_core.package_discovery:discover_packages(prefix_path) discover
[1.172s] DEBUG:colcon.colcon_installed_package_information.package_discovery:Found 1 installed packages in /home/teggatz/documents/WRoverSoftware_25-26/install
[1.173s] DEBUG:colcon.colcon_installed_package_information.package_discovery:Found 182 installed packages in /opt/ros/humble
[1.174s] Level 1:colcon.colcon_core.package_discovery:discover_packages(prefix_path) using defaults
[1.278s] Level 5:colcon.colcon_core.verb:set package 'telemetry' build argument 'cmake_args' from command line to 'None'
[1.278s] Level 5:colcon.colcon_core.verb:set package 'telemetry' build argument 'cmake_target' from command line to 'None'
[1.278s] Level 5:colcon.colcon_core.verb:set package 'telemetry' build argument 'cmake_target_skip_unavailable' from command line to 'False'
[1.278s] Level 5:colcon.colcon_core.verb:set package 'telemetry' build argument 'cmake_clean_cache' from command line to 'False'
[1.278s] Level 5:colcon.colcon_core.verb:set package 'telemetry' build argument 'cmake_clean_first' from command line to 'False'
[1.278s] Level 5:colcon.colcon_core.verb:set package 'telemetry' build argument 'cmake_force_configure' from command line to 'False'
[1.278s] Level 5:colcon.colcon_core.verb:set package 'telemetry' build argument 'ament_cmake_args' from command line to 'None'
[1.278s] Level 5:colcon.colcon_core.verb:set package 'telemetry' build argument 'catkin_cmake_args' from command line to 'None'
[1.278s] Level 5:colcon.colcon_core.verb:set package 'telemetry' build argument 'catkin_skip_building_tests' from command line to 'False'
[1.278s] DEBUG:colcon.colcon_core.verb:Building package 'telemetry' with the following arguments: {'ament_cmake_args': None, 'build_base': '/home/teggatz/documents/WRoverSoftware_25-26/build/telemetry', 'catkin_cmake_args': None, 'catkin_skip_building_tests': False, 'cmake_args': None, 'cmake_clean_cache': False, 'cmake_clean_first': False, 'cmake_force_configure': False, 'cmake_target': None, 'cmake_target_skip_unavailable': False, 'install_base': '/home/teggatz/documents/WRoverSoftware_25-26/install/telemetry', 'merge_install': False, 'path': '/home/teggatz/documents/WRoverSoftware_25-26/src/telemetry', 'symlink_install': False, 'test_result_base': None}
[1.278s] INFO:colcon.colcon_core.executor:Executing jobs using 'parallel' executor
[1.280s] DEBUG:colcon.colcon_parallel_executor.executor.parallel:run_until_complete
[1.280s] INFO:colcon.colcon_ros.task.ament_python.build:Building ROS package in '/home/teggatz/documents/WRoverSoftware_25-26/src/telemetry' with build type 'ament_python'
[1.280s] Level 1:colcon.colcon_core.shell:create_environment_hook('telemetry', 'ament_prefix_path')
[1.289s] INFO:colcon.colcon_core.plugin_system:Skipping extension 'colcon_core.shell.bat': Not used on non-Windows systems
[1.289s] INFO:colcon.colcon_core.shell:Creating environment hook '/home/teggatz/documents/WRoverSoftware_25-26/install/telemetry/share/telemetry/hook/ament_prefix_path.ps1'
[1.291s] INFO:colcon.colcon_core.shell:Creating environment descriptor '/home/teggatz/documents/WRoverSoftware_25-26/install/telemetry/share/telemetry/hook/ament_prefix_path.dsv'
[1.292s] INFO:colcon.colcon_core.shell:Creating environment hook '/home/teggatz/documents/WRoverSoftware_25-26/install/telemetry/share/telemetry/hook/ament_prefix_path.sh'
[1.293s] INFO:colcon.colcon_core.shell:Skip shell extension 'powershell' for command environment: Not usable outside of PowerShell
[1.294s] DEBUG:colcon.colcon_core.shell:Skip shell extension 'dsv' for command environment
[1.540s] INFO:colcon.colcon_core.task.python.build:Building Python package in '/home/teggatz/documents/WRoverSoftware_25-26/src/telemetry'
[1.541s] INFO:colcon.colcon_core.shell:Skip shell extension 'powershell' for command environment: Not usable outside of PowerShell
[1.541s] DEBUG:colcon.colcon_core.shell:Skip shell extension 'dsv' for command environment
[2.203s] DEBUG:colcon.colcon_core.event_handler.log_command:Invoking command in '/home/teggatz/documents/WRoverSoftware_25-26/src/telemetry': PYTHONPATH=/home/teggatz/documents/WRoverSoftware_25-26/build/telemetry/prefix_override:/usr/lib/python3/dist-packages/colcon_core/task/python/colcon_distutils_commands:/home/teggatz/documents/WRoverSoftware_25-26/install/telemetry/lib/python3.10/site-packages:${PYTHONPATH} /usr/bin/python3 -W ignore:setup.py install is deprecated -W ignore:easy_install command is deprecated setup.py egg_info --egg-base ../../build/telemetry build --build-base /home/teggatz/documents/WRoverSoftware_25-26/build/telemetry/build install --record /home/teggatz/documents/WRoverSoftware_25-26/build/telemetry/install.log --single-version-externally-managed install_data
[2.482s] DEBUG:colcon.colcon_core.event_handler.log_command:Invoked command in '/home/teggatz/documents/WRoverSoftware_25-26/src/telemetry' returned '0': PYTHONPATH=/home/teggatz/documents/WRoverSoftware_25-26/build/telemetry/prefix_override:/usr/lib/python3/dist-packages/colcon_core/task/python/colcon_distutils_commands:/home/teggatz/documents/WRoverSoftware_25-26/install/telemetry/lib/python3.10/site-packages:${PYTHONPATH} /usr/bin/python3 -W ignore:setup.py install is deprecated -W ignore:easy_install command is deprecated setup.py egg_info --egg-base ../../build/telemetry build --build-base /home/teggatz/documents/WRoverSoftware_25-26/build/telemetry/build install --record /home/teggatz/documents/WRoverSoftware_25-26/build/telemetry/install.log --single-version-externally-managed install_data
[2.494s] Level 1:colcon.colcon_core.environment:checking '/home/teggatz/documents/WRoverSoftware_25-26/install/telemetry' for CMake module files
[2.495s] Level 1:colcon.colcon_core.environment:checking '/home/teggatz/documents/WRoverSoftware_25-26/install/telemetry' for CMake config files
[2.500s] Level 1:colcon.colcon_core.environment:checking '/home/teggatz/documents/WRoverSoftware_25-26/install/telemetry/lib'
[2.500s] Level 1:colcon.colcon_core.environment:checking '/home/teggatz/documents/WRoverSoftware_25-26/install/telemetry/bin'
[2.500s] Level 1:colcon.colcon_core.environment:checking '/home/teggatz/documents/WRoverSoftware_25-26/install/telemetry/lib/pkgconfig/telemetry.pc'
[2.500s] Level 1:colcon.colcon_core.environment:checking '/home/teggatz/documents/WRoverSoftware_25-26/install/telemetry/lib/python3.10/site-packages'
[2.500s] Level 1:colcon.colcon_core.shell:create_environment_hook('telemetry', 'pythonpath')
[2.501s] INFO:colcon.colcon_core.shell:Creating environment hook '/home/teggatz/documents/WRoverSoftware_25-26/install/telemetry/share/telemetry/hook/pythonpath.ps1'
[2.501s] INFO:colcon.colcon_core.shell:Creating environment descriptor '/home/teggatz/documents/WRoverSoftware_25-26/install/telemetry/share/telemetry/hook/pythonpath.dsv'
[2.502s] INFO:colcon.colcon_core.shell:Creating environment hook '/home/teggatz/documents/WRoverSoftware_25-26/install/telemetry/share/telemetry/hook/pythonpath.sh'
[2.503s] Level 1:colcon.colcon_core.environment:checking '/home/teggatz/documents/WRoverSoftware_25-26/install/telemetry/bin'
[2.503s] Level 1:colcon.colcon_core.environment:create_environment_scripts_only(telemetry)
[2.503s] INFO:colcon.colcon_core.shell:Creating package script '/home/teggatz/documents/WRoverSoftware_25-26/install/telemetry/share/telemetry/package.ps1'
[2.505s] INFO:colcon.colcon_core.shell:Creating package descriptor '/home/teggatz/documents/WRoverSoftware_25-26/install/telemetry/share/telemetry/package.dsv'
[2.506s] INFO:colcon.colcon_core.shell:Creating package script '/home/teggatz/documents/WRoverSoftware_25-26/install/telemetry/share/telemetry/package.sh'
[2.507s] INFO:colcon.colcon_core.shell:Creating package script '/home/teggatz/documents/WRoverSoftware_25-26/install/telemetry/share/telemetry/package.bash'
[2.508s] INFO:colcon.colcon_core.shell:Creating package script '/home/teggatz/documents/WRoverSoftware_25-26/install/telemetry/share/telemetry/package.zsh'
[2.509s] Level 1:colcon.colcon_core.environment:create_file_with_runtime_dependencies(/home/teggatz/documents/WRoverSoftware_25-26/install/telemetry/share/colcon-core/packages/telemetry)
[2.510s] DEBUG:colcon.colcon_parallel_executor.executor.parallel:closing loop
[2.510s] DEBUG:colcon.colcon_parallel_executor.executor.parallel:loop closed
[2.510s] DEBUG:colcon.colcon_parallel_executor.executor.parallel:run_until_complete finished with '0'
[2.510s] DEBUG:colcon.colcon_core.event_reactor:joining thread
[2.670s] INFO:colcon.colcon_core.plugin_system:Skipping extension 'colcon_notification.desktop_notification.notify_send': Could not find 'notify-send'
[2.670s] INFO:colcon.colcon_core.plugin_system:Skipping extension 'colcon_notification.desktop_notification.terminal_notifier': Not used on non-Darwin systems
[2.670s] INFO:colcon.colcon_core.plugin_system:Skipping extension 'colcon_notification.desktop_notification.win32': Not used on non-Windows systems
[2.670s] INFO:colcon.colcon_notification.desktop_notification:Sending desktop notification using 'notify2'
[2.671s] DEBUG:colcon.colcon_notification.desktop_notification.notify2:Failed to initialize notify2: org.freedesktop.DBus.Error.FileNotFound: Failed to connect to socket /run/user/1000/bus: No such file or directory
[2.671s] DEBUG:colcon.colcon_core.event_reactor:joined thread
[2.671s] INFO:colcon.colcon_core.shell:Creating prefix script '/home/teggatz/documents/WRoverSoftware_25-26/install/local_setup.ps1'
[2.676s] INFO:colcon.colcon_core.shell:Creating prefix util module '/home/teggatz/documents/WRoverSoftware_25-26/install/_local_setup_util_ps1.py'
[2.679s] INFO:colcon.colcon_core.shell:Creating prefix chain script '/home/teggatz/documents/WRoverSoftware_25-26/install/setup.ps1'
[2.681s] INFO:colcon.colcon_core.shell:Creating prefix script '/home/teggatz/documents/WRoverSoftware_25-26/install/local_setup.sh'
[2.683s] INFO:colcon.colcon_core.shell:Creating prefix util module '/home/teggatz/documents/WRoverSoftware_25-26/install/_local_setup_util_sh.py'
[2.685s] INFO:colcon.colcon_core.shell:Creating prefix chain script '/home/teggatz/documents/WRoverSoftware_25-26/install/setup.sh'
[2.687s] INFO:colcon.colcon_core.shell:Creating prefix script '/home/teggatz/documents/WRoverSoftware_25-26/install/local_setup.bash'
[2.688s] INFO:colcon.colcon_core.shell:Creating prefix chain script '/home/teggatz/documents/WRoverSoftware_25-26/install/setup.bash'
[2.690s] INFO:colcon.colcon_core.shell:Creating prefix script '/home/teggatz/documents/WRoverSoftware_25-26/install/local_setup.zsh'
[2.692s] INFO:colcon.colcon_core.shell:Creating prefix chain script '/home/teggatz/documents/WRoverSoftware_25-26/install/setup.zsh'
