[0.736s] Invoking command in '/home/david-wang/Desktop/Projects/Wisconsin Robotics/WRoverSoftware_25-26/src/aruco_part': DEBUGINFOD_URLS=https://debuginfod.ubuntu.com PYTHONPATH=/home/david-wang/Desktop/Projects/Wisconsin Robotics/WRoverSoftware_25-26/build/aruco_part/prefix_override:/usr/lib/python3/dist-packages/colcon_core/task/python/colcon_distutils_commands:/home/david-wang/Desktop/Projects/Wisconsin Robotics/WRoverSoftware_25-26/install/aruco_part/lib/python3.12/site-packages:${PYTHONPATH} /usr/bin/python3 -W ignore:setup.py install is deprecated -W ignore:easy_install command is deprecated setup.py egg_info --egg-base ../../build/aruco_part build --build-base /home/david-wang/Desktop/Projects/Wisconsin Robotics/WRoverSoftware_25-26/build/aruco_part/build install --record /home/david-wang/Desktop/Projects/Wisconsin Robotics/WRoverSoftware_25-26/build/aruco_part/install.log --single-version-externally-managed install_data
[0.910s] running egg_info
[0.922s] writing ../../build/aruco_part/aruco_part.egg-info/PKG-INFO
[0.922s] writing dependency_links to ../../build/aruco_part/aruco_part.egg-info/dependency_links.txt
[0.923s] writing entry points to ../../build/aruco_part/aruco_part.egg-info/entry_points.txt
[0.923s] writing requirements to ../../build/aruco_part/aruco_part.egg-info/requires.txt
[0.923s] writing top-level names to ../../build/aruco_part/aruco_part.egg-info/top_level.txt
[0.947s] reading manifest file '../../build/aruco_part/aruco_part.egg-info/SOURCES.txt'
[0.947s] writing manifest file '../../build/aruco_part/aruco_part.egg-info/SOURCES.txt'
[0.948s] running build
[0.948s] running build_py
[0.948s] running install
[0.952s] running install_lib
[0.965s] running install_data
[0.965s] running install_egg_info
[0.977s] removing '/home/david-wang/Desktop/Projects/Wisconsin Robotics/WRoverSoftware_25-26/install/aruco_part/lib/python3.12/site-packages/aruco_part-0.0.0-py3.12.egg-info' (and everything under it)
[0.978s] Copying ../../build/aruco_part/aruco_part.egg-info to /home/david-wang/Desktop/Projects/Wisconsin Robotics/WRoverSoftware_25-26/install/aruco_part/lib/python3.12/site-packages/aruco_part-0.0.0-py3.12.egg-info
[0.978s] running install_scripts
[1.067s] Installing camera_info script to /home/david-wang/Desktop/Projects/Wisconsin Robotics/WRoverSoftware_25-26/install/aruco_part/lib/aruco_part
[1.067s] Installing combined script to /home/david-wang/Desktop/Projects/Wisconsin Robotics/WRoverSoftware_25-26/install/aruco_part/lib/aruco_part
[1.067s] Installing combined_2 script to /home/david-wang/Desktop/Projects/Wisconsin Robotics/WRoverSoftware_25-26/install/aruco_part/lib/aruco_part
[1.067s] Installing driving_logic script to /home/david-wang/Desktop/Projects/Wisconsin Robotics/WRoverSoftware_25-26/install/aruco_part/lib/aruco_part
[1.068s] Installing fake_sensors script to /home/david-wang/Desktop/Projects/Wisconsin Robotics/WRoverSoftware_25-26/install/aruco_part/lib/aruco_part
[1.068s] Installing fake_tag script to /home/david-wang/Desktop/Projects/Wisconsin Robotics/WRoverSoftware_25-26/install/aruco_part/lib/aruco_part
[1.068s] Installing finding_tag script to /home/david-wang/Desktop/Projects/Wisconsin Robotics/WRoverSoftware_25-26/install/aruco_part/lib/aruco_part
[1.068s] Installing keyboard script to /home/david-wang/Desktop/Projects/Wisconsin Robotics/WRoverSoftware_25-26/install/aruco_part/lib/aruco_part
[1.068s] Installing path_visualizer script to /home/david-wang/Desktop/Projects/Wisconsin Robotics/WRoverSoftware_25-26/install/aruco_part/lib/aruco_part
[1.068s] writing list of installed files to '/home/david-wang/Desktop/Projects/Wisconsin Robotics/WRoverSoftware_25-26/build/aruco_part/install.log'
[1.100s] Invoked command in '/home/david-wang/Desktop/Projects/Wisconsin Robotics/WRoverSoftware_25-26/src/aruco_part' returned '0': DEBUGINFOD_URLS=https://debuginfod.ubuntu.com PYTHONPATH=/home/david-wang/Desktop/Projects/Wisconsin Robotics/WRoverSoftware_25-26/build/aruco_part/prefix_override:/usr/lib/python3/dist-packages/colcon_core/task/python/colcon_distutils_commands:/home/david-wang/Desktop/Projects/Wisconsin Robotics/WRoverSoftware_25-26/install/aruco_part/lib/python3.12/site-packages:${PYTHONPATH} /usr/bin/python3 -W ignore:setup.py install is deprecated -W ignore:easy_install command is deprecated setup.py egg_info --egg-base ../../build/aruco_part build --build-base /home/david-wang/Desktop/Projects/Wisconsin Robotics/WRoverSoftware_25-26/build/aruco_part/build install --record /home/david-wang/Desktop/Projects/Wisconsin Robotics/WRoverSoftware_25-26/build/aruco_part/install.log --single-version-externally-managed install_data
