[1.348s] Invoking command in '/home/david-wang/Desktop/Projects/Wisconsin Robotics/WRoverSoftware_25-26/src/aruco_part': DEBUGINFOD_URLS=https://debuginfod.ubuntu.com PYTHONPATH=/home/david-wang/Desktop/Projects/Wisconsin Robotics/WRoverSoftware_25-26/build/aruco_part/prefix_override:/usr/lib/python3/dist-packages/colcon_core/task/python/colcon_distutils_commands:/home/david-wang/Desktop/Projects/Wisconsin Robotics/WRoverSoftware_25-26/install/aruco_part/lib/python3.12/site-packages:${PYTHONPATH} /usr/bin/python3 -W ignore:setup.py install is deprecated -W ignore:easy_install command is deprecated setup.py egg_info --egg-base ../../build/aruco_part build --build-base /home/david-wang/Desktop/Projects/Wisconsin Robotics/WRoverSoftware_25-26/build/aruco_part/build install --record /home/david-wang/Desktop/Projects/Wisconsin Robotics/WRoverSoftware_25-26/build/aruco_part/install.log --single-version-externally-managed install_data
[1.561s] running egg_info
[1.573s] writing ../../build/aruco_part/aruco_part.egg-info/PKG-INFO
[1.573s] writing dependency_links to ../../build/aruco_part/aruco_part.egg-info/dependency_links.txt
[1.573s] writing entry points to ../../build/aruco_part/aruco_part.egg-info/entry_points.txt
[1.573s] writing requirements to ../../build/aruco_part/aruco_part.egg-info/requires.txt
[1.573s] writing top-level names to ../../build/aruco_part/aruco_part.egg-info/top_level.txt
[1.596s] reading manifest file '../../build/aruco_part/aruco_part.egg-info/SOURCES.txt'
[1.597s] writing manifest file '../../build/aruco_part/aruco_part.egg-info/SOURCES.txt'
[1.597s] running build
[1.597s] running build_py
[1.597s] running install
[1.603s] running install_lib
[1.620s] running install_data
[1.620s] running install_egg_info
[1.633s] removing '/home/david-wang/Desktop/Projects/Wisconsin Robotics/WRoverSoftware_25-26/install/aruco_part/lib/python3.12/site-packages/aruco_part-0.0.0-py3.12.egg-info' (and everything under it)
[1.634s] Copying ../../build/aruco_part/aruco_part.egg-info to /home/david-wang/Desktop/Projects/Wisconsin Robotics/WRoverSoftware_25-26/install/aruco_part/lib/python3.12/site-packages/aruco_part-0.0.0-py3.12.egg-info
[1.634s] running install_scripts
[1.732s] Installing camera_info script to /home/david-wang/Desktop/Projects/Wisconsin Robotics/WRoverSoftware_25-26/install/aruco_part/lib/aruco_part
[1.732s] Installing combined script to /home/david-wang/Desktop/Projects/Wisconsin Robotics/WRoverSoftware_25-26/install/aruco_part/lib/aruco_part
[1.732s] Installing combined_2 script to /home/david-wang/Desktop/Projects/Wisconsin Robotics/WRoverSoftware_25-26/install/aruco_part/lib/aruco_part
[1.733s] Installing driving_logic script to /home/david-wang/Desktop/Projects/Wisconsin Robotics/WRoverSoftware_25-26/install/aruco_part/lib/aruco_part
[1.733s] Installing fake_sensors script to /home/david-wang/Desktop/Projects/Wisconsin Robotics/WRoverSoftware_25-26/install/aruco_part/lib/aruco_part
[1.733s] Installing fake_tag script to /home/david-wang/Desktop/Projects/Wisconsin Robotics/WRoverSoftware_25-26/install/aruco_part/lib/aruco_part
[1.733s] Installing finding_tag script to /home/david-wang/Desktop/Projects/Wisconsin Robotics/WRoverSoftware_25-26/install/aruco_part/lib/aruco_part
[1.733s] Installing keyboard script to /home/david-wang/Desktop/Projects/Wisconsin Robotics/WRoverSoftware_25-26/install/aruco_part/lib/aruco_part
[1.733s] Installing path_visualizer script to /home/david-wang/Desktop/Projects/Wisconsin Robotics/WRoverSoftware_25-26/install/aruco_part/lib/aruco_part
[1.733s] writing list of installed files to '/home/david-wang/Desktop/Projects/Wisconsin Robotics/WRoverSoftware_25-26/build/aruco_part/install.log'
[1.786s] Invoked command in '/home/david-wang/Desktop/Projects/Wisconsin Robotics/WRoverSoftware_25-26/src/aruco_part' returned '0': DEBUGINFOD_URLS=https://debuginfod.ubuntu.com PYTHONPATH=/home/david-wang/Desktop/Projects/Wisconsin Robotics/WRoverSoftware_25-26/build/aruco_part/prefix_override:/usr/lib/python3/dist-packages/colcon_core/task/python/colcon_distutils_commands:/home/david-wang/Desktop/Projects/Wisconsin Robotics/WRoverSoftware_25-26/install/aruco_part/lib/python3.12/site-packages:${PYTHONPATH} /usr/bin/python3 -W ignore:setup.py install is deprecated -W ignore:easy_install command is deprecated setup.py egg_info --egg-base ../../build/aruco_part build --build-base /home/david-wang/Desktop/Projects/Wisconsin Robotics/WRoverSoftware_25-26/build/aruco_part/build install --record /home/david-wang/Desktop/Projects/Wisconsin Robotics/WRoverSoftware_25-26/build/aruco_part/install.log --single-version-externally-managed install_data
