[0.023s] Invoking command in '/home/david-wang/Desktop/Projects/Wisconsin Robotics/WRoverSoftware_25-26/build/object_detection_msgs': CMAKE_PREFIX_PATH=/opt/ros/jazzy DEBUGINFOD_URLS=https://debuginfod.ubuntu.com PS1=(.venv) \[\e]0;\u@\h: \w\a\]${debian_chroot:+($debian_chroot)}\[\033[01;32m\]\u@\h\[\033[00m\]:\[\033[01;34m\]\w\[\033[00m\]\$ VIRTUAL_ENV_PROMPT=(.venv) /usr/bin/cmake --build /home/david-wang/Desktop/Projects/Wisconsin Robotics/WRoverSoftware_25-26/build/object_detection_msgs -- -j12 -l12
[0.101s] -- Found ament_cmake: 2.5.6 (/opt/ros/jazzy/share/ament_cmake/cmake)
[0.141s] -- Found Python3: /home/david-wang/.venv/bin/python3 (found version "3.12.3") found components: Interpreter 
[0.276s] -- Found rosidl_default_generators: 1.6.0 (/opt/ros/jazzy/share/rosidl_default_generators/cmake)
[0.281s] -- Using all available rosidl_typesupport_c: rosidl_typesupport_fastrtps_c;rosidl_typesupport_introspection_c
[0.351s] -- Using all available rosidl_typesupport_cpp: rosidl_typesupport_fastrtps_cpp;rosidl_typesupport_introspection_cpp
[0.410s] -- Found rosidl_adapter: 4.6.7 (/opt/ros/jazzy/share/rosidl_adapter/cmake)
[0.777s] -- Found ament_cmake_ros: 0.12.0 (/opt/ros/jazzy/share/ament_cmake_ros/cmake)
[0.895s] -- Using all available rosidl_typesupport_c: rosidl_typesupport_fastrtps_c;rosidl_typesupport_introspection_c
[0.998s] -- Using all available rosidl_typesupport_cpp: rosidl_typesupport_fastrtps_cpp;rosidl_typesupport_introspection_cpp
[1.000s] -- Found python_cmake_module: 0.11.1 (/opt/ros/jazzy/share/python_cmake_module/cmake)
[1.267s] -- Found Python3: /home/david-wang/.venv/bin/python3 (found version "3.12.3") found components: Interpreter Development NumPy Development.Module Development.Embed 
[1.299s] -- Found Python3: /home/david-wang/.venv/bin/python3 (found version "3.12.3") found components: Interpreter 
[1.300s] -- Found ament_lint_auto: 0.17.5 (/opt/ros/jazzy/share/ament_lint_auto/cmake)
[1.315s] -- Added test 'lint_cmake' to check CMake code style
[1.316s] -- Added test 'xmllint' to check XML markup files
[1.319s] -- Configuring done (1.2s)
[1.370s] -- Generating done (0.0s)
[1.382s] -- Build files have been written to: /home/david-wang/Desktop/Projects/Wisconsin Robotics/WRoverSoftware_25-26/build/object_detection_msgs
[1.418s] [  2%] Built target object_detection_msgs__rosidl_generator_type_description
[1.418s] [  5%] [34m[1mGenerating Rust code for ROS interfaces[0m
[1.428s] [  5%] Built target ament_cmake_python_copy_object_detection_msgs
[1.437s] [  8%] Built target object_detection_msgs__cpp
[1.440s] [ 11%] [32m[1mLinking C shared library libobject_detection_msgs__rosidl_generator_c.so[0m
[1.490s] [ 22%] Built target object_detection_msgs__rosidl_generator_c
[1.513s] [ 31%] [32m[1mLinking CXX shared library libobject_detection_msgs__rosidl_typesupport_cpp.so[0m
[1.513s] [ 31%] [32m[1mLinking C shared library libobject_detection_msgs__rosidl_typesupport_introspection_c.so[0m
[1.513s] [ 31%] [32m[1mLinking CXX shared library libobject_detection_msgs__rosidl_typesupport_c.so[0m
[1.513s] [ 34%] [32m[1mLinking CXX shared library libobject_detection_msgs__rosidl_typesupport_introspection_cpp.so[0m
[1.514s] [ 37%] [32m[1mLinking CXX shared library libobject_detection_msgs__rosidl_typesupport_fastrtps_c.so[0m
[1.514s] [ 40%] [32m[1mLinking CXX shared library libobject_detection_msgs__rosidl_typesupport_fastrtps_cpp.so[0m
[1.549s] [ 45%] Built target object_detection_msgs__rosidl_typesupport_introspection_c
[1.556s] [ 57%] Built target object_detection_msgs__rosidl_typesupport_c
[1.556s] [ 57%] Built target object_detection_msgs__rosidl_typesupport_cpp
[1.559s] [ 62%] Built target object_detection_msgs__rosidl_typesupport_introspection_cpp
[1.567s] [ 74%] Built target object_detection_msgs__rosidl_typesupport_fastrtps_cpp
[1.567s] [ 74%] Built target object_detection_msgs__rosidl_typesupport_fastrtps_c
[1.595s] TransientParseError when expanding 'rmw.rs.em' into '/home/david-wang/Desktop/Projects/Wisconsin Robotics/WRoverSoftware_25-26/build/object_detection_msgs/rosidl_generator_rs/object_detection_msgs/rust/src/msg/rmw.rs': not enough data to read
[1.595s] Traceback (most recent call last):
[1.595s]   File "/opt/ros/jazzy/share/rosidl_generator_rs/cmake/../../../lib/rosidl_generator_rs/rosidl_generator_rs", line 43, in <module>
[1.595s]     sys.exit(main())
[1.596s]              ^^^^^^
[1.596s]   File "/opt/ros/jazzy/share/rosidl_generator_rs/cmake/../../../lib/rosidl_generator_rs/rosidl_generator_rs", line 36, in main
[1.596s]     return generate_rs(
[1.596s]            ^^^^^^^^^^^^
[1.596s]   File "/opt/ros/jazzy/lib/python3.12/site-packages/rosidl_generator_rs/__init__.py", line 165, in generate_rs
[1.596s]     rosidl_pycommon.expand_template(
[1.596s]   File "/opt/ros/jazzy/lib/python3.12/site-packages/rosidl_pycommon/__init__.py", line 191, in expand_template
[1.596s]     interpreter.string(template_content, locals=data)
[1.596s]   File "/home/david-wang/.venv/lib/python3.12/site-packages/em.py", line 5141, in string
[1.596s]     while not self.safe(scanner, True, locals, dispatcher):
[1.596s]               ^^^^^^^^^^^^^^^^^^^^^^^^^^^^^^^^^^^^^^^^^^^^
[1.596s]   File "/home/david-wang/.venv/lib/python3.12/site-packages/em.py", line 5154, in safe
[1.596s]     return self.parse(scanner, locals)
[1.596s]            ^^^^^^^^^^^^^^^^^^^^^^^^^^^
[1.597s]   File "/home/david-wang/.venv/lib/python3.12/site-packages/em.py", line 5181, in parse
[1.597s]     token = scanner.one()
[1.597s]             ^^^^^^^^^^^^^
[1.597s]   File "/home/david-wang/.venv/lib/python3.12/site-packages/em.py", line 4198, in one
[1.597s]     first = self.chop(1)
[1.597s]             ^^^^^^^^^^^^
[1.597s]   File "/home/david-wang/.venv/lib/python3.12/site-packages/em.py", line 3927, in chop
[1.597s]     raise TransientParseError("not enough data to read")
[1.597s] em.TransientParseError: not enough data to read
[1.615s] gmake[2]: *** [/home/david-wang/Desktop/Projects/Wisconsin Robotics/WRoverSoftware_25-26/build/object_detection_msgs/object_detection_msgs__rs/CMakeFiles/object_detection_msgs__rs.dir/build.make:90: rosidl_generator_rs/object_detection_msgs/rust/src/lib.rs] Error 1
[1.616s] gmake[1]: *** [CMakeFiles/Makefile2:666: object_detection_msgs__rs/CMakeFiles/object_detection_msgs__rs.dir/all] Error 2
[1.616s] gmake[1]: *** Waiting for unfinished jobs....
[1.641s] running egg_info
[1.657s] writing object_detection_msgs.egg-info/PKG-INFO
[1.657s] writing dependency_links to object_detection_msgs.egg-info/dependency_links.txt
[1.658s] writing top-level names to object_detection_msgs.egg-info/top_level.txt
[1.705s] reading manifest file 'object_detection_msgs.egg-info/SOURCES.txt'
[1.705s] writing manifest file 'object_detection_msgs.egg-info/SOURCES.txt'
[1.735s] [ 74%] Built target ament_cmake_python_build_object_detection_msgs_egg
[1.736s] gmake: *** [Makefile:146: all] Error 2
[1.740s] Invoked command in '/home/david-wang/Desktop/Projects/Wisconsin Robotics/WRoverSoftware_25-26/build/object_detection_msgs' returned '2': CMAKE_PREFIX_PATH=/opt/ros/jazzy DEBUGINFOD_URLS=https://debuginfod.ubuntu.com PS1=(.venv) \[\e]0;\u@\h: \w\a\]${debian_chroot:+($debian_chroot)}\[\033[01;32m\]\u@\h\[\033[00m\]:\[\033[01;34m\]\w\[\033[00m\]\$ VIRTUAL_ENV_PROMPT=(.venv) /usr/bin/cmake --build /home/david-wang/Desktop/Projects/Wisconsin Robotics/WRoverSoftware_25-26/build/object_detection_msgs -- -j12 -l12
