[0.268s] DEBUG:colcon:Command line arguments: ['/usr/bin/colcon', 'build']
[0.268s] DEBUG:colcon:Parsed command line arguments: Namespace(log_base=None, log_level=None, verb_name='build', build_base='build', install_base='install', merge_install=False, symlink_install=False, test_result_base=None, continue_on_error=False, executor='parallel', parallel_workers=4, event_handlers=None, ignore_user_meta=False, metas=['./colcon.meta'], base_paths=['.'], packages_ignore=None, packages_ignore_regex=None, paths=None, packages_up_to=None, packages_up_to_regex=None, packages_above=None, packages_above_and_dependencies=None, packages_above_depth=None, packages_select_by_dep=None, packages_skip_by_dep=None, packages_skip_up_to=None, packages_select_build_failed=False, packages_skip_build_finished=False, packages_select_test_failures=False, packages_skip_test_passed=False, packages_select=None, packages_skip=None, packages_select_regex=None, packages_skip_regex=None, packages_start=None, packages_end=None, allow_overriding=[], cmake_args=None, cmake_target=None, cmake_target_skip_unavailable=False, cmake_clean_cache=False, cmake_clean_first=False, cmake_force_configure=False, ament_cmake_args=None, catkin_cmake_args=None, catkin_skip_building_tests=False, mixin_files=None, mixin=None, verb_parser=<colcon_mixin.mixin.mixin_argument.MixinArgumentDecorator object at 0xffff8dc550f0>, verb_extension=<colcon_core.verb.build.BuildVerb object at 0xffff8dd7a6b0>, main=<bound method BuildVerb.main of <colcon_core.verb.build.BuildVerb object at 0xffff8dd7a6b0>>, mixin_verb=('build',))
[0.680s] Level 1:colcon.colcon_core.package_discovery:discover_packages(colcon_meta) check parameters
[0.680s] Level 1:colcon.colcon_core.package_discovery:discover_packages(recursive) check parameters
[0.680s] Level 1:colcon.colcon_core.package_discovery:discover_packages(ignore) check parameters
[0.680s] Level 1:colcon.colcon_core.package_discovery:discover_packages(path) check parameters
[0.680s] Level 1:colcon.colcon_core.package_discovery:discover_packages(colcon_meta) discover
[0.680s] Level 1:colcon.colcon_core.package_discovery:discover_packages(recursive) discover
[0.680s] INFO:colcon.colcon_core.package_discovery:Crawling recursively for packages in '/home/wiscrobo/workspace/WRoverSoftware_25-26/localization_workspace'
[0.681s] Level 1:colcon.colcon_core.package_identification:_identify(.) by extensions ['ignore', 'ignore_ament_install']
[0.681s] Level 1:colcon.colcon_core.package_identification:_identify(.) by extension 'ignore'
[0.681s] Level 1:colcon.colcon_core.package_identification:_identify(.) by extension 'ignore_ament_install'
[0.681s] Level 1:colcon.colcon_core.package_identification:_identify(.) by extensions ['colcon_pkg']
[0.682s] Level 1:colcon.colcon_core.package_identification:_identify(.) by extension 'colcon_pkg'
[0.682s] Level 1:colcon.colcon_core.package_identification:_identify(.) by extensions ['colcon_meta']
[0.682s] Level 1:colcon.colcon_core.package_identification:_identify(.) by extension 'colcon_meta'
[0.682s] Level 1:colcon.colcon_core.package_identification:_identify(.) by extensions ['ros']
[0.682s] Level 1:colcon.colcon_core.package_identification:_identify(.) by extension 'ros'
[0.708s] Level 1:colcon.colcon_core.package_identification:_identify(.) by extensions ['cmake', 'python']
[0.708s] Level 1:colcon.colcon_core.package_identification:_identify(.) by extension 'cmake'
[0.708s] Level 1:colcon.colcon_core.package_identification:_identify(.) by extension 'python'
[0.709s] Level 1:colcon.colcon_core.package_identification:_identify(.) by extensions ['python_setup_py']
[0.709s] Level 1:colcon.colcon_core.package_identification:_identify(.) by extension 'python_setup_py'
[0.709s] Level 1:colcon.colcon_core.package_identification:_identify(build) by extensions ['ignore', 'ignore_ament_install']
[0.709s] Level 1:colcon.colcon_core.package_identification:_identify(build) by extension 'ignore'
[0.709s] Level 1:colcon.colcon_core.package_identification:_identify(build) ignored
[0.710s] Level 1:colcon.colcon_core.package_identification:_identify(install) by extensions ['ignore', 'ignore_ament_install']
[0.710s] Level 1:colcon.colcon_core.package_identification:_identify(install) by extension 'ignore'
[0.710s] Level 1:colcon.colcon_core.package_identification:_identify(install) ignored
[0.710s] Level 1:colcon.colcon_core.package_identification:_identify(log) by extensions ['ignore', 'ignore_ament_install']
[0.710s] Level 1:colcon.colcon_core.package_identification:_identify(log) by extension 'ignore'
[0.711s] Level 1:colcon.colcon_core.package_identification:_identify(log) ignored
[0.711s] Level 1:colcon.colcon_core.package_identification:_identify(src) by extensions ['ignore', 'ignore_ament_install']
[0.711s] Level 1:colcon.colcon_core.package_identification:_identify(src) by extension 'ignore'
[0.711s] Level 1:colcon.colcon_core.package_identification:_identify(src) by extension 'ignore_ament_install'
[0.711s] Level 1:colcon.colcon_core.package_identification:_identify(src) by extensions ['colcon_pkg']
[0.711s] Level 1:colcon.colcon_core.package_identification:_identify(src) by extension 'colcon_pkg'
[0.712s] Level 1:colcon.colcon_core.package_identification:_identify(src) by extensions ['colcon_meta']
[0.712s] Level 1:colcon.colcon_core.package_identification:_identify(src) by extension 'colcon_meta'
[0.712s] Level 1:colcon.colcon_core.package_identification:_identify(src) by extensions ['ros']
[0.712s] Level 1:colcon.colcon_core.package_identification:_identify(src) by extension 'ros'
[0.712s] Level 1:colcon.colcon_core.package_identification:_identify(src) by extensions ['cmake', 'python']
[0.712s] Level 1:colcon.colcon_core.package_identification:_identify(src) by extension 'cmake'
[0.712s] Level 1:colcon.colcon_core.package_identification:_identify(src) by extension 'python'
[0.713s] Level 1:colcon.colcon_core.package_identification:_identify(src) by extensions ['python_setup_py']
[0.713s] Level 1:colcon.colcon_core.package_identification:_identify(src) by extension 'python_setup_py'
[0.713s] Level 1:colcon.colcon_core.package_identification:_identify(src/wr_compass) by extensions ['ignore', 'ignore_ament_install']
[0.713s] Level 1:colcon.colcon_core.package_identification:_identify(src/wr_compass) by extension 'ignore'
[0.713s] Level 1:colcon.colcon_core.package_identification:_identify(src/wr_compass) by extension 'ignore_ament_install'
[0.713s] Level 1:colcon.colcon_core.package_identification:_identify(src/wr_compass) by extensions ['colcon_pkg']
[0.713s] Level 1:colcon.colcon_core.package_identification:_identify(src/wr_compass) by extension 'colcon_pkg'
[0.714s] Level 1:colcon.colcon_core.package_identification:_identify(src/wr_compass) by extensions ['colcon_meta']
[0.714s] Level 1:colcon.colcon_core.package_identification:_identify(src/wr_compass) by extension 'colcon_meta'
[0.714s] Level 1:colcon.colcon_core.package_identification:_identify(src/wr_compass) by extensions ['ros']
[0.714s] Level 1:colcon.colcon_core.package_identification:_identify(src/wr_compass) by extension 'ros'
[0.719s] DEBUG:colcon.colcon_core.package_identification:Package 'src/wr_compass' with type 'ros.ament_cmake' and name 'wr_compass'
[0.720s] Level 1:colcon.colcon_core.package_identification:_identify(src/wr_fusion) by extensions ['ignore', 'ignore_ament_install']
[0.720s] Level 1:colcon.colcon_core.package_identification:_identify(src/wr_fusion) by extension 'ignore'
[0.720s] Level 1:colcon.colcon_core.package_identification:_identify(src/wr_fusion) by extension 'ignore_ament_install'
[0.720s] Level 1:colcon.colcon_core.package_identification:_identify(src/wr_fusion) by extensions ['colcon_pkg']
[0.720s] Level 1:colcon.colcon_core.package_identification:_identify(src/wr_fusion) by extension 'colcon_pkg'
[0.720s] Level 1:colcon.colcon_core.package_identification:_identify(src/wr_fusion) by extensions ['colcon_meta']
[0.720s] Level 1:colcon.colcon_core.package_identification:_identify(src/wr_fusion) by extension 'colcon_meta'
[0.720s] Level 1:colcon.colcon_core.package_identification:_identify(src/wr_fusion) by extensions ['ros']
[0.721s] Level 1:colcon.colcon_core.package_identification:_identify(src/wr_fusion) by extension 'ros'
[0.722s] DEBUG:colcon.colcon_core.package_identification:Package 'src/wr_fusion' with type 'ros.ament_python' and name 'wr_fusion'
[0.722s] Level 1:colcon.colcon_core.package_discovery:discover_packages(recursive) using defaults
[0.722s] Level 1:colcon.colcon_core.package_discovery:discover_packages(ignore) discover
[0.722s] Level 1:colcon.colcon_core.package_discovery:discover_packages(ignore) using defaults
[0.722s] Level 1:colcon.colcon_core.package_discovery:discover_packages(path) discover
[0.722s] Level 1:colcon.colcon_core.package_discovery:discover_packages(path) using defaults
[0.805s] Level 1:colcon.colcon_core.package_discovery:discover_packages(prefix_path) check parameters
[0.805s] Level 1:colcon.colcon_core.package_discovery:discover_packages(prefix_path) discover
[0.807s] WARNING:colcon.colcon_core.prefix_path.colcon:The path '/home/wiscrobo/workspace/WRoverSoftware_25-26/install' in the environment variable COLCON_PREFIX_PATH doesn't exist
[0.807s] WARNING:colcon.colcon_ros.prefix_path.ament:The path '/home/wiscrobo/workspace/WRoverSoftware_25-26/install/telemetry' in the environment variable AMENT_PREFIX_PATH doesn't exist
[0.809s] DEBUG:colcon.colcon_installed_package_information.package_discovery:Found 1 installed packages in /home/wiscrobo/workspace/WRoverSoftware_25-26/localization_workspace/install
[0.811s] DEBUG:colcon.colcon_installed_package_information.package_discovery:Found 219 installed packages in /opt/ros/humble
[0.814s] Level 1:colcon.colcon_core.package_discovery:discover_packages(prefix_path) using defaults
[0.878s] Level 5:colcon.colcon_core.verb:set package 'wr_compass' build argument 'cmake_args' from command line to 'None'
[0.878s] Level 5:colcon.colcon_core.verb:set package 'wr_compass' build argument 'cmake_target' from command line to 'None'
[0.878s] Level 5:colcon.colcon_core.verb:set package 'wr_compass' build argument 'cmake_target_skip_unavailable' from command line to 'False'
[0.879s] Level 5:colcon.colcon_core.verb:set package 'wr_compass' build argument 'cmake_clean_cache' from command line to 'False'
[0.879s] Level 5:colcon.colcon_core.verb:set package 'wr_compass' build argument 'cmake_clean_first' from command line to 'False'
[0.879s] Level 5:colcon.colcon_core.verb:set package 'wr_compass' build argument 'cmake_force_configure' from command line to 'False'
[0.879s] Level 5:colcon.colcon_core.verb:set package 'wr_compass' build argument 'ament_cmake_args' from command line to 'None'
[0.879s] Level 5:colcon.colcon_core.verb:set package 'wr_compass' build argument 'catkin_cmake_args' from command line to 'None'
[0.879s] Level 5:colcon.colcon_core.verb:set package 'wr_compass' build argument 'catkin_skip_building_tests' from command line to 'False'
[0.879s] DEBUG:colcon.colcon_core.verb:Building package 'wr_compass' with the following arguments: {'ament_cmake_args': None, 'build_base': '/home/wiscrobo/workspace/WRoverSoftware_25-26/localization_workspace/build/wr_compass', 'catkin_cmake_args': None, 'catkin_skip_building_tests': False, 'cmake_args': None, 'cmake_clean_cache': False, 'cmake_clean_first': False, 'cmake_force_configure': False, 'cmake_target': None, 'cmake_target_skip_unavailable': False, 'install_base': '/home/wiscrobo/workspace/WRoverSoftware_25-26/localization_workspace/install/wr_compass', 'merge_install': False, 'path': '/home/wiscrobo/workspace/WRoverSoftware_25-26/localization_workspace/src/wr_compass', 'symlink_install': False, 'test_result_base': None}
[0.880s] Level 5:colcon.colcon_core.verb:set package 'wr_fusion' build argument 'cmake_args' from command line to 'None'
[0.880s] Level 5:colcon.colcon_core.verb:set package 'wr_fusion' build argument 'cmake_target' from command line to 'None'
[0.880s] Level 5:colcon.colcon_core.verb:set package 'wr_fusion' build argument 'cmake_target_skip_unavailable' from command line to 'False'
[0.880s] Level 5:colcon.colcon_core.verb:set package 'wr_fusion' build argument 'cmake_clean_cache' from command line to 'False'
[0.880s] Level 5:colcon.colcon_core.verb:set package 'wr_fusion' build argument 'cmake_clean_first' from command line to 'False'
[0.880s] Level 5:colcon.colcon_core.verb:set package 'wr_fusion' build argument 'cmake_force_configure' from command line to 'False'
[0.880s] Level 5:colcon.colcon_core.verb:set package 'wr_fusion' build argument 'ament_cmake_args' from command line to 'None'
[0.880s] Level 5:colcon.colcon_core.verb:set package 'wr_fusion' build argument 'catkin_cmake_args' from command line to 'None'
[0.880s] Level 5:colcon.colcon_core.verb:set package 'wr_fusion' build argument 'catkin_skip_building_tests' from command line to 'False'
[0.881s] DEBUG:colcon.colcon_core.verb:Building package 'wr_fusion' with the following arguments: {'ament_cmake_args': None, 'build_base': '/home/wiscrobo/workspace/WRoverSoftware_25-26/localization_workspace/build/wr_fusion', 'catkin_cmake_args': None, 'catkin_skip_building_tests': False, 'cmake_args': None, 'cmake_clean_cache': False, 'cmake_clean_first': False, 'cmake_force_configure': False, 'cmake_target': None, 'cmake_target_skip_unavailable': False, 'install_base': '/home/wiscrobo/workspace/WRoverSoftware_25-26/localization_workspace/install/wr_fusion', 'merge_install': False, 'path': '/home/wiscrobo/workspace/WRoverSoftware_25-26/localization_workspace/src/wr_fusion', 'symlink_install': False, 'test_result_base': None}
[0.881s] INFO:colcon.colcon_core.executor:Executing jobs using 'parallel' executor
[0.884s] DEBUG:colcon.colcon_parallel_executor.executor.parallel:run_until_complete
[0.885s] INFO:colcon.colcon_ros.task.ament_cmake.build:Building ROS package in '/home/wiscrobo/workspace/WRoverSoftware_25-26/localization_workspace/src/wr_compass' with build type 'ament_cmake'
[0.885s] INFO:colcon.colcon_cmake.task.cmake.build:Building CMake package in '/home/wiscrobo/workspace/WRoverSoftware_25-26/localization_workspace/src/wr_compass'
[0.889s] INFO:colcon.colcon_core.plugin_system:Skipping extension 'colcon_core.shell.bat': Not used on non-Windows systems
[0.890s] INFO:colcon.colcon_core.shell:Skip shell extension 'powershell' for command environment: Not usable outside of PowerShell
[0.890s] DEBUG:colcon.colcon_core.shell:Skip shell extension 'dsv' for command environment
[0.896s] INFO:colcon.colcon_ros.task.ament_python.build:Building ROS package in '/home/wiscrobo/workspace/WRoverSoftware_25-26/localization_workspace/src/wr_fusion' with build type 'ament_python'
[0.897s] Level 1:colcon.colcon_core.shell:create_environment_hook('wr_fusion', 'ament_prefix_path')
[0.897s] INFO:colcon.colcon_core.shell:Creating environment hook '/home/wiscrobo/workspace/WRoverSoftware_25-26/localization_workspace/install/wr_fusion/share/wr_fusion/hook/ament_prefix_path.ps1'
[0.900s] INFO:colcon.colcon_core.shell:Creating environment descriptor '/home/wiscrobo/workspace/WRoverSoftware_25-26/localization_workspace/install/wr_fusion/share/wr_fusion/hook/ament_prefix_path.dsv'
[0.901s] INFO:colcon.colcon_core.shell:Creating environment hook '/home/wiscrobo/workspace/WRoverSoftware_25-26/localization_workspace/install/wr_fusion/share/wr_fusion/hook/ament_prefix_path.sh'
[0.903s] INFO:colcon.colcon_core.shell:Skip shell extension 'powershell' for command environment: Not usable outside of PowerShell
[0.903s] DEBUG:colcon.colcon_core.shell:Skip shell extension 'dsv' for command environment
[0.915s] DEBUG:colcon.colcon_core.event_handler.log_command:Invoking command in '/home/wiscrobo/workspace/WRoverSoftware_25-26/localization_workspace/build/wr_compass': CMAKE_PREFIX_PATH=/home/wiscrobo/workspace/WRoverSoftware_25-26/localization_workspace/install/wr_fusion:/home/wiscrobo/workspace/WRoverSoftware_25-26/install/telemetry:/opt/ros/humble PS1=\[\e]0;\u@\h: \w\a\]${debian_chroot:+($debian_chroot)}\[\033[01;32m\]\u@\h\[\033[00m\]:\[\033[01;34m\]\w\[\033[00m\]\$ /usr/bin/cmake /home/wiscrobo/workspace/WRoverSoftware_25-26/localization_workspace/src/wr_compass -DCMAKE_INSTALL_PREFIX=/home/wiscrobo/workspace/WRoverSoftware_25-26/localization_workspace/install/wr_compass
[1.606s] INFO:colcon.colcon_core.task.python.build:Building Python package in '/home/wiscrobo/workspace/WRoverSoftware_25-26/localization_workspace/src/wr_fusion'
[1.607s] INFO:colcon.colcon_core.shell:Skip shell extension 'powershell' for command environment: Not usable outside of PowerShell
[1.607s] DEBUG:colcon.colcon_core.shell:Skip shell extension 'dsv' for command environment
[2.464s] DEBUG:colcon.colcon_core.event_handler.log_command:Invoking command in '/home/wiscrobo/workspace/WRoverSoftware_25-26/localization_workspace/src/wr_fusion': PS1=\[\e]0;\u@\h: \w\a\]${debian_chroot:+($debian_chroot)}\[\033[01;32m\]\u@\h\[\033[00m\]:\[\033[01;34m\]\w\[\033[00m\]\$ PYTHONPATH=/home/wiscrobo/workspace/WRoverSoftware_25-26/localization_workspace/build/wr_fusion/prefix_override:/usr/lib/python3/dist-packages/colcon_core/task/python/colcon_distutils_commands:/home/wiscrobo/workspace/WRoverSoftware_25-26/localization_workspace/install/wr_fusion/lib/python3.10/site-packages:${PYTHONPATH} /usr/bin/python3 -W ignore:setup.py install is deprecated -W ignore:easy_install command is deprecated setup.py egg_info --egg-base ../../build/wr_fusion build --build-base /home/wiscrobo/workspace/WRoverSoftware_25-26/localization_workspace/build/wr_fusion/build install --record /home/wiscrobo/workspace/WRoverSoftware_25-26/localization_workspace/build/wr_fusion/install.log --single-version-externally-managed install_data
[3.165s] DEBUG:colcon.colcon_core.event_handler.log_command:Invoked command in '/home/wiscrobo/workspace/WRoverSoftware_25-26/localization_workspace/src/wr_fusion' returned '0': PS1=\[\e]0;\u@\h: \w\a\]${debian_chroot:+($debian_chroot)}\[\033[01;32m\]\u@\h\[\033[00m\]:\[\033[01;34m\]\w\[\033[00m\]\$ PYTHONPATH=/home/wiscrobo/workspace/WRoverSoftware_25-26/localization_workspace/build/wr_fusion/prefix_override:/usr/lib/python3/dist-packages/colcon_core/task/python/colcon_distutils_commands:/home/wiscrobo/workspace/WRoverSoftware_25-26/localization_workspace/install/wr_fusion/lib/python3.10/site-packages:${PYTHONPATH} /usr/bin/python3 -W ignore:setup.py install is deprecated -W ignore:easy_install command is deprecated setup.py egg_info --egg-base ../../build/wr_fusion build --build-base /home/wiscrobo/workspace/WRoverSoftware_25-26/localization_workspace/build/wr_fusion/build install --record /home/wiscrobo/workspace/WRoverSoftware_25-26/localization_workspace/build/wr_fusion/install.log --single-version-externally-managed install_data
[3.172s] Level 1:colcon.colcon_core.environment:checking '/home/wiscrobo/workspace/WRoverSoftware_25-26/localization_workspace/install/wr_fusion' for CMake module files
[3.173s] Level 1:colcon.colcon_core.environment:checking '/home/wiscrobo/workspace/WRoverSoftware_25-26/localization_workspace/install/wr_fusion' for CMake config files
[3.176s] Level 1:colcon.colcon_core.environment:checking '/home/wiscrobo/workspace/WRoverSoftware_25-26/localization_workspace/install/wr_fusion/lib'
[3.176s] Level 1:colcon.colcon_core.environment:checking '/home/wiscrobo/workspace/WRoverSoftware_25-26/localization_workspace/install/wr_fusion/bin'
[3.177s] Level 1:colcon.colcon_core.environment:checking '/home/wiscrobo/workspace/WRoverSoftware_25-26/localization_workspace/install/wr_fusion/lib/pkgconfig/wr_fusion.pc'
[3.177s] Level 1:colcon.colcon_core.environment:checking '/home/wiscrobo/workspace/WRoverSoftware_25-26/localization_workspace/install/wr_fusion/lib/python3.10/site-packages'
[3.178s] Level 1:colcon.colcon_core.shell:create_environment_hook('wr_fusion', 'pythonpath')
[3.179s] INFO:colcon.colcon_core.shell:Creating environment hook '/home/wiscrobo/workspace/WRoverSoftware_25-26/localization_workspace/install/wr_fusion/share/wr_fusion/hook/pythonpath.ps1'
[3.180s] INFO:colcon.colcon_core.shell:Creating environment descriptor '/home/wiscrobo/workspace/WRoverSoftware_25-26/localization_workspace/install/wr_fusion/share/wr_fusion/hook/pythonpath.dsv'
[3.181s] INFO:colcon.colcon_core.shell:Creating environment hook '/home/wiscrobo/workspace/WRoverSoftware_25-26/localization_workspace/install/wr_fusion/share/wr_fusion/hook/pythonpath.sh'
[3.183s] Level 1:colcon.colcon_core.environment:checking '/home/wiscrobo/workspace/WRoverSoftware_25-26/localization_workspace/install/wr_fusion/bin'
[3.183s] Level 1:colcon.colcon_core.environment:create_environment_scripts_only(wr_fusion)
[3.184s] INFO:colcon.colcon_core.shell:Creating package script '/home/wiscrobo/workspace/WRoverSoftware_25-26/localization_workspace/install/wr_fusion/share/wr_fusion/package.ps1'
[3.186s] INFO:colcon.colcon_core.shell:Creating package descriptor '/home/wiscrobo/workspace/WRoverSoftware_25-26/localization_workspace/install/wr_fusion/share/wr_fusion/package.dsv'
[3.187s] INFO:colcon.colcon_core.shell:Creating package script '/home/wiscrobo/workspace/WRoverSoftware_25-26/localization_workspace/install/wr_fusion/share/wr_fusion/package.sh'
[3.189s] INFO:colcon.colcon_core.shell:Creating package script '/home/wiscrobo/workspace/WRoverSoftware_25-26/localization_workspace/install/wr_fusion/share/wr_fusion/package.bash'
[3.191s] INFO:colcon.colcon_core.shell:Creating package script '/home/wiscrobo/workspace/WRoverSoftware_25-26/localization_workspace/install/wr_fusion/share/wr_fusion/package.zsh'
[3.194s] Level 1:colcon.colcon_core.environment:create_file_with_runtime_dependencies(/home/wiscrobo/workspace/WRoverSoftware_25-26/localization_workspace/install/wr_fusion/share/colcon-core/packages/wr_fusion)
[3.845s] DEBUG:colcon.colcon_core.event_handler.log_command:Invoked command in '/home/wiscrobo/workspace/WRoverSoftware_25-26/localization_workspace/build/wr_compass' returned '0': CMAKE_PREFIX_PATH=/home/wiscrobo/workspace/WRoverSoftware_25-26/localization_workspace/install/wr_fusion:/home/wiscrobo/workspace/WRoverSoftware_25-26/install/telemetry:/opt/ros/humble PS1=\[\e]0;\u@\h: \w\a\]${debian_chroot:+($debian_chroot)}\[\033[01;32m\]\u@\h\[\033[00m\]:\[\033[01;34m\]\w\[\033[00m\]\$ /usr/bin/cmake /home/wiscrobo/workspace/WRoverSoftware_25-26/localization_workspace/src/wr_compass -DCMAKE_INSTALL_PREFIX=/home/wiscrobo/workspace/WRoverSoftware_25-26/localization_workspace/install/wr_compass
[3.851s] DEBUG:colcon.colcon_core.event_handler.log_command:Invoking command in '/home/wiscrobo/workspace/WRoverSoftware_25-26/localization_workspace/build/wr_compass': CMAKE_PREFIX_PATH=/home/wiscrobo/workspace/WRoverSoftware_25-26/localization_workspace/install/wr_fusion:/home/wiscrobo/workspace/WRoverSoftware_25-26/install/telemetry:/opt/ros/humble PS1=\[\e]0;\u@\h: \w\a\]${debian_chroot:+($debian_chroot)}\[\033[01;32m\]\u@\h\[\033[00m\]:\[\033[01;34m\]\w\[\033[00m\]\$ /usr/bin/cmake --build /home/wiscrobo/workspace/WRoverSoftware_25-26/localization_workspace/build/wr_compass -- -j4 -l4
[4.590s] Level 1:colcon.colcon_core.environment:create_environment_scripts_only(wr_compass)
[4.591s] Level 1:colcon.colcon_core.environment:checking '/home/wiscrobo/workspace/WRoverSoftware_25-26/localization_workspace/install/wr_compass' for CMake module files
[4.591s] Level 1:colcon.colcon_core.environment:checking '/home/wiscrobo/workspace/WRoverSoftware_25-26/localization_workspace/install/wr_compass' for CMake config files
[4.592s] Level 1:colcon.colcon_core.environment:checking '/home/wiscrobo/workspace/WRoverSoftware_25-26/localization_workspace/install/wr_compass/bin'
[4.592s] Level 1:colcon.colcon_core.environment:checking '/home/wiscrobo/workspace/WRoverSoftware_25-26/localization_workspace/install/wr_compass/lib/pkgconfig/wr_compass.pc'
[4.593s] Level 1:colcon.colcon_core.environment:checking '/home/wiscrobo/workspace/WRoverSoftware_25-26/localization_workspace/install/wr_compass/lib/python3.10/site-packages'
[4.594s] Level 1:colcon.colcon_core.environment:checking '/home/wiscrobo/workspace/WRoverSoftware_25-26/localization_workspace/install/wr_compass/bin'
[4.595s] INFO:colcon.colcon_core.shell:Creating package script '/home/wiscrobo/workspace/WRoverSoftware_25-26/localization_workspace/install/wr_compass/share/wr_compass/package.ps1'
[4.597s] INFO:colcon.colcon_core.shell:Creating package descriptor '/home/wiscrobo/workspace/WRoverSoftware_25-26/localization_workspace/install/wr_compass/share/wr_compass/package.dsv'
[4.600s] DEBUG:colcon.colcon_core.event_handler.log_command:Invoked command in '/home/wiscrobo/workspace/WRoverSoftware_25-26/localization_workspace/build/wr_compass' returned '2': CMAKE_PREFIX_PATH=/home/wiscrobo/workspace/WRoverSoftware_25-26/localization_workspace/install/wr_fusion:/home/wiscrobo/workspace/WRoverSoftware_25-26/install/telemetry:/opt/ros/humble PS1=\[\e]0;\u@\h: \w\a\]${debian_chroot:+($debian_chroot)}\[\033[01;32m\]\u@\h\[\033[00m\]:\[\033[01;34m\]\w\[\033[00m\]\$ /usr/bin/cmake --build /home/wiscrobo/workspace/WRoverSoftware_25-26/localization_workspace/build/wr_compass -- -j4 -l4
[4.601s] INFO:colcon.colcon_core.shell:Creating package script '/home/wiscrobo/workspace/WRoverSoftware_25-26/localization_workspace/install/wr_compass/share/wr_compass/package.sh'
[4.603s] INFO:colcon.colcon_core.shell:Creating package script '/home/wiscrobo/workspace/WRoverSoftware_25-26/localization_workspace/install/wr_compass/share/wr_compass/package.bash'
[4.604s] INFO:colcon.colcon_core.shell:Creating package script '/home/wiscrobo/workspace/WRoverSoftware_25-26/localization_workspace/install/wr_compass/share/wr_compass/package.zsh'
[4.606s] Level 1:colcon.colcon_core.environment:create_file_with_runtime_dependencies(/home/wiscrobo/workspace/WRoverSoftware_25-26/localization_workspace/install/wr_compass/share/colcon-core/packages/wr_compass)
[4.617s] DEBUG:colcon.colcon_parallel_executor.executor.parallel:closing loop
[4.617s] DEBUG:colcon.colcon_parallel_executor.executor.parallel:loop closed
[4.618s] DEBUG:colcon.colcon_parallel_executor.executor.parallel:run_until_complete finished with '2'
[4.618s] DEBUG:colcon.colcon_core.event_reactor:joining thread
[4.636s] INFO:colcon.colcon_core.plugin_system:Skipping extension 'colcon_notification.desktop_notification.terminal_notifier': Not used on non-Darwin systems
[4.636s] INFO:colcon.colcon_core.plugin_system:Skipping extension 'colcon_notification.desktop_notification.win32': Not used on non-Windows systems
[4.636s] INFO:colcon.colcon_notification.desktop_notification:Sending desktop notification using 'notify2'
[4.668s] DEBUG:colcon.colcon_notification.desktop_notification.notify2:Failed to initialize notify2: org.freedesktop.DBus.Error.Spawn.ChildExited: Process org.freedesktop.Notifications exited with status 1
[4.668s] DEBUG:colcon.colcon_core.event_reactor:joined thread
[4.669s] INFO:colcon.colcon_core.shell:Creating prefix script '/home/wiscrobo/workspace/WRoverSoftware_25-26/localization_workspace/install/local_setup.ps1'
[4.673s] INFO:colcon.colcon_core.shell:Creating prefix util module '/home/wiscrobo/workspace/WRoverSoftware_25-26/localization_workspace/install/_local_setup_util_ps1.py'
[4.681s] INFO:colcon.colcon_core.shell:Creating prefix chain script '/home/wiscrobo/workspace/WRoverSoftware_25-26/localization_workspace/install/setup.ps1'
[4.687s] INFO:colcon.colcon_core.shell:Creating prefix script '/home/wiscrobo/workspace/WRoverSoftware_25-26/localization_workspace/install/local_setup.sh'
[4.689s] INFO:colcon.colcon_core.shell:Creating prefix util module '/home/wiscrobo/workspace/WRoverSoftware_25-26/localization_workspace/install/_local_setup_util_sh.py'
[4.692s] INFO:colcon.colcon_core.shell:Creating prefix chain script '/home/wiscrobo/workspace/WRoverSoftware_25-26/localization_workspace/install/setup.sh'
[4.696s] INFO:colcon.colcon_core.shell:Creating prefix script '/home/wiscrobo/workspace/WRoverSoftware_25-26/localization_workspace/install/local_setup.bash'
[4.699s] INFO:colcon.colcon_core.shell:Creating prefix chain script '/home/wiscrobo/workspace/WRoverSoftware_25-26/localization_workspace/install/setup.bash'
[4.703s] INFO:colcon.colcon_core.shell:Creating prefix script '/home/wiscrobo/workspace/WRoverSoftware_25-26/localization_workspace/install/local_setup.zsh'
[4.705s] INFO:colcon.colcon_core.shell:Creating prefix chain script '/home/wiscrobo/workspace/WRoverSoftware_25-26/localization_workspace/install/setup.zsh'
