[1.152s] Invoking command in '/home/david-wang/Desktop/Projects/Wisconsin Robotics/WRoverSoftware_25-26/src/autonomous': DEBUGINFOD_URLS=https://debuginfod.ubuntu.com PS1=(.venv) \[\e]0;\u@\h: \w\a\]${debian_chroot:+($debian_chroot)}\[\033[01;32m\]\u@\h\[\033[00m\]:\[\033[01;34m\]\w\[\033[00m\]\$ PYTHONPATH=/home/david-wang/Desktop/Projects/Wisconsin Robotics/WRoverSoftware_25-26/build/autonomous/prefix_override:/home/david-wang/.venv/lib/python3.12/site-packages/colcon_core/task/python/colcon_distutils_commands:/home/david-wang/Desktop/Projects/Wisconsin Robotics/WRoverSoftware_25-26/install/autonomous/lib/python3.12/site-packages:${PYTHONPATH} VIRTUAL_ENV_PROMPT=(.venv) /home/david-wang/.venv/bin/python3 -W ignore:setup.py install is deprecated -W ignore:easy_install command is deprecated setup.py egg_info --egg-base ../../build/autonomous build --build-base /home/david-wang/Desktop/Projects/Wisconsin Robotics/WRoverSoftware_25-26/build/autonomous/build install --record /home/david-wang/Desktop/Projects/Wisconsin Robotics/WRoverSoftware_25-26/build/autonomous/install.log --single-version-externally-managed install_data
[1.370s] running egg_info
[1.385s] creating ../../build/autonomous/autonomous.egg-info
[1.385s] writing ../../build/autonomous/autonomous.egg-info/PKG-INFO
[1.386s] writing dependency_links to ../../build/autonomous/autonomous.egg-info/dependency_links.txt
[1.386s] writing entry points to ../../build/autonomous/autonomous.egg-info/entry_points.txt
[1.386s] writing requirements to ../../build/autonomous/autonomous.egg-info/requires.txt
[1.386s] writing top-level names to ../../build/autonomous/autonomous.egg-info/top_level.txt
[1.387s] writing manifest file '../../build/autonomous/autonomous.egg-info/SOURCES.txt'
[1.419s] reading manifest file '../../build/autonomous/autonomous.egg-info/SOURCES.txt'
[1.419s] adding license file 'LICENSE'
[1.420s] writing manifest file '../../build/autonomous/autonomous.egg-info/SOURCES.txt'
[1.420s] running build
[1.420s] running build_py
[1.420s] creating /home/david-wang/Desktop/Projects/Wisconsin Robotics/WRoverSoftware_25-26/build/autonomous/build/lib/autonomous
[1.420s] copying autonomous/obstacle_avoidance_class.py -> /home/david-wang/Desktop/Projects/Wisconsin Robotics/WRoverSoftware_25-26/build/autonomous/build/lib/autonomous
[1.421s] copying autonomous/aruco_class.py -> /home/david-wang/Desktop/Projects/Wisconsin Robotics/WRoverSoftware_25-26/build/autonomous/build/lib/autonomous
[1.421s] copying autonomous/autonomous_node.py -> /home/david-wang/Desktop/Projects/Wisconsin Robotics/WRoverSoftware_25-26/build/autonomous/build/lib/autonomous
[1.421s] copying autonomous/__init__.py -> /home/david-wang/Desktop/Projects/Wisconsin Robotics/WRoverSoftware_25-26/build/autonomous/build/lib/autonomous
[1.421s] running install
[1.423s] running install_lib
[1.438s] creating /home/david-wang/Desktop/Projects/Wisconsin Robotics/WRoverSoftware_25-26/install/autonomous/lib/python3.12/site-packages/autonomous
[1.438s] copying /home/david-wang/Desktop/Projects/Wisconsin Robotics/WRoverSoftware_25-26/build/autonomous/build/lib/autonomous/obstacle_avoidance_class.py -> /home/david-wang/Desktop/Projects/Wisconsin Robotics/WRoverSoftware_25-26/install/autonomous/lib/python3.12/site-packages/autonomous
[1.439s] copying /home/david-wang/Desktop/Projects/Wisconsin Robotics/WRoverSoftware_25-26/build/autonomous/build/lib/autonomous/aruco_class.py -> /home/david-wang/Desktop/Projects/Wisconsin Robotics/WRoverSoftware_25-26/install/autonomous/lib/python3.12/site-packages/autonomous
[1.439s] copying /home/david-wang/Desktop/Projects/Wisconsin Robotics/WRoverSoftware_25-26/build/autonomous/build/lib/autonomous/autonomous_node.py -> /home/david-wang/Desktop/Projects/Wisconsin Robotics/WRoverSoftware_25-26/install/autonomous/lib/python3.12/site-packages/autonomous
[1.439s] copying /home/david-wang/Desktop/Projects/Wisconsin Robotics/WRoverSoftware_25-26/build/autonomous/build/lib/autonomous/__init__.py -> /home/david-wang/Desktop/Projects/Wisconsin Robotics/WRoverSoftware_25-26/install/autonomous/lib/python3.12/site-packages/autonomous
[1.439s] byte-compiling /home/david-wang/Desktop/Projects/Wisconsin Robotics/WRoverSoftware_25-26/install/autonomous/lib/python3.12/site-packages/autonomous/obstacle_avoidance_class.py to obstacle_avoidance_class.cpython-312.pyc
[1.440s] byte-compiling /home/david-wang/Desktop/Projects/Wisconsin Robotics/WRoverSoftware_25-26/install/autonomous/lib/python3.12/site-packages/autonomous/aruco_class.py to aruco_class.cpython-312.pyc
[1.444s] byte-compiling /home/david-wang/Desktop/Projects/Wisconsin Robotics/WRoverSoftware_25-26/install/autonomous/lib/python3.12/site-packages/autonomous/autonomous_node.py to autonomous_node.cpython-312.pyc
[1.445s] byte-compiling /home/david-wang/Desktop/Projects/Wisconsin Robotics/WRoverSoftware_25-26/install/autonomous/lib/python3.12/site-packages/autonomous/__init__.py to __init__.cpython-312.pyc
[1.445s] running install_data
[1.445s] creating /home/david-wang/Desktop/Projects/Wisconsin Robotics/WRoverSoftware_25-26/install/autonomous/share/ament_index/resource_index/packages
[1.445s] copying resource/autonomous -> /home/david-wang/Desktop/Projects/Wisconsin Robotics/WRoverSoftware_25-26/install/autonomous/share/ament_index/resource_index/packages
[1.446s] copying package.xml -> /home/david-wang/Desktop/Projects/Wisconsin Robotics/WRoverSoftware_25-26/install/autonomous/share/autonomous
[1.446s] running install_egg_info
[1.461s] Copying ../../build/autonomous/autonomous.egg-info to /home/david-wang/Desktop/Projects/Wisconsin Robotics/WRoverSoftware_25-26/install/autonomous/lib/python3.12/site-packages/autonomous-0.0.0-py3.12.egg-info
[1.462s] running install_scripts
[1.540s] Installing autonomous_node script to /home/david-wang/Desktop/Projects/Wisconsin Robotics/WRoverSoftware_25-26/install/autonomous/lib/autonomous
[1.540s] writing list of installed files to '/home/david-wang/Desktop/Projects/Wisconsin Robotics/WRoverSoftware_25-26/build/autonomous/install.log'
[1.559s] Invoked command in '/home/david-wang/Desktop/Projects/Wisconsin Robotics/WRoverSoftware_25-26/src/autonomous' returned '0': DEBUGINFOD_URLS=https://debuginfod.ubuntu.com PS1=(.venv) \[\e]0;\u@\h: \w\a\]${debian_chroot:+($debian_chroot)}\[\033[01;32m\]\u@\h\[\033[00m\]:\[\033[01;34m\]\w\[\033[00m\]\$ PYTHONPATH=/home/david-wang/Desktop/Projects/Wisconsin Robotics/WRoverSoftware_25-26/build/autonomous/prefix_override:/home/david-wang/.venv/lib/python3.12/site-packages/colcon_core/task/python/colcon_distutils_commands:/home/david-wang/Desktop/Projects/Wisconsin Robotics/WRoverSoftware_25-26/install/autonomous/lib/python3.12/site-packages:${PYTHONPATH} VIRTUAL_ENV_PROMPT=(.venv) /home/david-wang/.venv/bin/python3 -W ignore:setup.py install is deprecated -W ignore:easy_install command is deprecated setup.py egg_info --egg-base ../../build/autonomous build --build-base /home/david-wang/Desktop/Projects/Wisconsin Robotics/WRoverSoftware_25-26/build/autonomous/build install --record /home/david-wang/Desktop/Projects/Wisconsin Robotics/WRoverSoftware_25-26/build/autonomous/install.log --single-version-externally-managed install_data
