[0.674s] Invoking command in '/home/david-wang/Desktop/Projects/Wisconsin Robotics/WRoverSoftware_25-26/src/object_detection': DEBUGINFOD_URLS=https://debuginfod.ubuntu.com PS1=(.venv) \[\e]0;\u@\h: \w\a\]${debian_chroot:+($debian_chroot)}\[\033[01;32m\]\u@\h\[\033[00m\]:\[\033[01;34m\]\w\[\033[00m\]\$ PYTHONPATH=/home/david-wang/Desktop/Projects/Wisconsin Robotics/WRoverSoftware_25-26/build/object_detection/prefix_override:/home/david-wang/.venv/lib/python3.12/site-packages/colcon_core/task/python/colcon_distutils_commands:/home/david-wang/Desktop/Projects/Wisconsin Robotics/WRoverSoftware_25-26/install/object_detection/lib/python3.12/site-packages:/home/david-wang/Desktop/Projects/Wisconsin Robotics/WRoverSoftware_25-26/install/object_detection_msgs/lib/python3.12/site-packages:/home/david-wang/Desktop/Projects/Wisconsin Robotics/WRoverSoftware_25-26/install/object_detection/lib/python3.12/site-packages:/opt/ros/jazzy/lib/python3.12/site-packages:/home/david-wang/.venv/lib/python3.12/site-packages VIRTUAL_ENV_PROMPT=(.venv) /home/david-wang/.venv/bin/python3 -W ignore:setup.py install is deprecated -W ignore:easy_install command is deprecated setup.py egg_info --egg-base ../../build/object_detection build --build-base /home/david-wang/Desktop/Projects/Wisconsin Robotics/WRoverSoftware_25-26/build/object_detection/build install --record /home/david-wang/Desktop/Projects/Wisconsin Robotics/WRoverSoftware_25-26/build/object_detection/install.log --single-version-externally-managed install_data
[0.894s] running egg_info
[0.908s] writing ../../build/object_detection/object_detection.egg-info/PKG-INFO
[0.918s] writing dependency_links to ../../build/object_detection/object_detection.egg-info/dependency_links.txt
[0.919s] writing entry points to ../../build/object_detection/object_detection.egg-info/entry_points.txt
[0.919s] writing requirements to ../../build/object_detection/object_detection.egg-info/requires.txt
[0.919s] writing top-level names to ../../build/object_detection/object_detection.egg-info/top_level.txt
[0.956s] reading manifest file '../../build/object_detection/object_detection.egg-info/SOURCES.txt'
[0.956s] adding license file 'LICENSE'
[0.957s] writing manifest file '../../build/object_detection/object_detection.egg-info/SOURCES.txt'
[0.957s] running build
[0.957s] running build_py
[0.958s] copying object_detection/object_detection.py -> /home/david-wang/Desktop/Projects/Wisconsin Robotics/WRoverSoftware_25-26/build/object_detection/build/lib/object_detection
[0.958s] copying object_detection/__init__.py -> /home/david-wang/Desktop/Projects/Wisconsin Robotics/WRoverSoftware_25-26/build/object_detection/build/lib/object_detection
[0.958s] running install
[0.962s] running install_lib
[0.977s] running install_data
[0.978s] copying resource/object_detection -> /home/david-wang/Desktop/Projects/Wisconsin Robotics/WRoverSoftware_25-26/install/object_detection/share/ament_index/resource_index/packages
[0.978s] copying package.xml -> /home/david-wang/Desktop/Projects/Wisconsin Robotics/WRoverSoftware_25-26/install/object_detection/share/object_detection
[0.978s] copying resource/mallet.blob -> /home/david-wang/Desktop/Projects/Wisconsin Robotics/WRoverSoftware_25-26/install/object_detection/share/object_detection/resource
[0.983s] copying resource/hammer.blob -> /home/david-wang/Desktop/Projects/Wisconsin Robotics/WRoverSoftware_25-26/install/object_detection/share/object_detection/resource
[0.988s] copying resource/bottle.blob -> /home/david-wang/Desktop/Projects/Wisconsin Robotics/WRoverSoftware_25-26/install/object_detection/share/object_detection/resource
[0.995s] running install_egg_info
[1.012s] removing '/home/david-wang/Desktop/Projects/Wisconsin Robotics/WRoverSoftware_25-26/install/object_detection/lib/python3.12/site-packages/object_detection-0.0.0-py3.12.egg-info' (and everything under it)
[1.012s] Copying ../../build/object_detection/object_detection.egg-info to /home/david-wang/Desktop/Projects/Wisconsin Robotics/WRoverSoftware_25-26/install/object_detection/lib/python3.12/site-packages/object_detection-0.0.0-py3.12.egg-info
[1.013s] running install_scripts
[1.099s] Installing object_detection script to /home/david-wang/Desktop/Projects/Wisconsin Robotics/WRoverSoftware_25-26/install/object_detection/lib/object_detection
[1.100s] writing list of installed files to '/home/david-wang/Desktop/Projects/Wisconsin Robotics/WRoverSoftware_25-26/build/object_detection/install.log'
[1.123s] Invoked command in '/home/david-wang/Desktop/Projects/Wisconsin Robotics/WRoverSoftware_25-26/src/object_detection' returned '0': DEBUGINFOD_URLS=https://debuginfod.ubuntu.com PS1=(.venv) \[\e]0;\u@\h: \w\a\]${debian_chroot:+($debian_chroot)}\[\033[01;32m\]\u@\h\[\033[00m\]:\[\033[01;34m\]\w\[\033[00m\]\$ PYTHONPATH=/home/david-wang/Desktop/Projects/Wisconsin Robotics/WRoverSoftware_25-26/build/object_detection/prefix_override:/home/david-wang/.venv/lib/python3.12/site-packages/colcon_core/task/python/colcon_distutils_commands:/home/david-wang/Desktop/Projects/Wisconsin Robotics/WRoverSoftware_25-26/install/object_detection/lib/python3.12/site-packages:/home/david-wang/Desktop/Projects/Wisconsin Robotics/WRoverSoftware_25-26/install/object_detection_msgs/lib/python3.12/site-packages:/home/david-wang/Desktop/Projects/Wisconsin Robotics/WRoverSoftware_25-26/install/object_detection/lib/python3.12/site-packages:/opt/ros/jazzy/lib/python3.12/site-packages:/home/david-wang/.venv/lib/python3.12/site-packages VIRTUAL_ENV_PROMPT=(.venv) /home/david-wang/.venv/bin/python3 -W ignore:setup.py install is deprecated -W ignore:easy_install command is deprecated setup.py egg_info --egg-base ../../build/object_detection build --build-base /home/david-wang/Desktop/Projects/Wisconsin Robotics/WRoverSoftware_25-26/build/object_detection/build install --record /home/david-wang/Desktop/Projects/Wisconsin Robotics/WRoverSoftware_25-26/build/object_detection/install.log --single-version-externally-managed install_data
