[0.253s] DEBUG:colcon:Command line arguments: ['/usr/bin/colcon', 'build']
[0.253s] DEBUG:colcon:Parsed command line arguments: Namespace(log_base=None, log_level=None, verb_name='build', build_base='build', install_base='install', merge_install=False, symlink_install=False, test_result_base=None, continue_on_error=False, executor='parallel', parallel_workers=4, event_handlers=None, ignore_user_meta=False, metas=['./colcon.meta'], base_paths=['.'], packages_ignore=None, packages_ignore_regex=None, paths=None, packages_up_to=None, packages_up_to_regex=None, packages_above=None, packages_above_and_dependencies=None, packages_above_depth=None, packages_select_by_dep=None, packages_skip_by_dep=None, packages_skip_up_to=None, packages_select_build_failed=False, packages_skip_build_finished=False, packages_select_test_failures=False, packages_skip_test_passed=False, packages_select=None, packages_skip=None, packages_select_regex=None, packages_skip_regex=None, packages_start=None, packages_end=None, allow_overriding=[], cmake_args=None, cmake_target=None, cmake_target_skip_unavailable=False, cmake_clean_cache=False, cmake_clean_first=False, cmake_force_configure=False, ament_cmake_args=None, catkin_cmake_args=None, catkin_skip_building_tests=False, mixin_files=None, mixin=None, verb_parser=<colcon_mixin.mixin.mixin_argument.MixinArgumentDecorator object at 0xffffa1e450f0>, verb_extension=<colcon_core.verb.build.BuildVerb object at 0xffffa1f6a6b0>, main=<bound method BuildVerb.main of <colcon_core.verb.build.BuildVerb object at 0xffffa1f6a6b0>>, mixin_verb=('build',))
[0.640s] Level 1:colcon.colcon_core.package_discovery:discover_packages(colcon_meta) check parameters
[0.640s] Level 1:colcon.colcon_core.package_discovery:discover_packages(recursive) check parameters
[0.641s] Level 1:colcon.colcon_core.package_discovery:discover_packages(ignore) check parameters
[0.641s] Level 1:colcon.colcon_core.package_discovery:discover_packages(path) check parameters
[0.641s] Level 1:colcon.colcon_core.package_discovery:discover_packages(colcon_meta) discover
[0.641s] Level 1:colcon.colcon_core.package_discovery:discover_packages(recursive) discover
[0.641s] INFO:colcon.colcon_core.package_discovery:Crawling recursively for packages in '/home/wiscrobo/workspace/WRoverSoftware_25-26/localization_workspace'
[0.641s] Level 1:colcon.colcon_core.package_identification:_identify(.) by extensions ['ignore', 'ignore_ament_install']
[0.642s] Level 1:colcon.colcon_core.package_identification:_identify(.) by extension 'ignore'
[0.642s] Level 1:colcon.colcon_core.package_identification:_identify(.) by extension 'ignore_ament_install'
[0.642s] Level 1:colcon.colcon_core.package_identification:_identify(.) by extensions ['colcon_pkg']
[0.642s] Level 1:colcon.colcon_core.package_identification:_identify(.) by extension 'colcon_pkg'
[0.642s] Level 1:colcon.colcon_core.package_identification:_identify(.) by extensions ['colcon_meta']
[0.642s] Level 1:colcon.colcon_core.package_identification:_identify(.) by extension 'colcon_meta'
[0.642s] Level 1:colcon.colcon_core.package_identification:_identify(.) by extensions ['ros']
[0.642s] Level 1:colcon.colcon_core.package_identification:_identify(.) by extension 'ros'
[0.667s] Level 1:colcon.colcon_core.package_identification:_identify(.) by extensions ['cmake', 'python']
[0.667s] Level 1:colcon.colcon_core.package_identification:_identify(.) by extension 'cmake'
[0.667s] Level 1:colcon.colcon_core.package_identification:_identify(.) by extension 'python'
[0.668s] Level 1:colcon.colcon_core.package_identification:_identify(.) by extensions ['python_setup_py']
[0.668s] Level 1:colcon.colcon_core.package_identification:_identify(.) by extension 'python_setup_py'
[0.668s] Level 1:colcon.colcon_core.package_identification:_identify(build) by extensions ['ignore', 'ignore_ament_install']
[0.668s] Level 1:colcon.colcon_core.package_identification:_identify(build) by extension 'ignore'
[0.668s] Level 1:colcon.colcon_core.package_identification:_identify(build) ignored
[0.669s] Level 1:colcon.colcon_core.package_identification:_identify(install) by extensions ['ignore', 'ignore_ament_install']
[0.669s] Level 1:colcon.colcon_core.package_identification:_identify(install) by extension 'ignore'
[0.669s] Level 1:colcon.colcon_core.package_identification:_identify(install) ignored
[0.669s] Level 1:colcon.colcon_core.package_identification:_identify(log) by extensions ['ignore', 'ignore_ament_install']
[0.669s] Level 1:colcon.colcon_core.package_identification:_identify(log) by extension 'ignore'
[0.670s] Level 1:colcon.colcon_core.package_identification:_identify(log) ignored
[0.670s] Level 1:colcon.colcon_core.package_identification:_identify(src) by extensions ['ignore', 'ignore_ament_install']
[0.670s] Level 1:colcon.colcon_core.package_identification:_identify(src) by extension 'ignore'
[0.670s] Level 1:colcon.colcon_core.package_identification:_identify(src) by extension 'ignore_ament_install'
[0.670s] Level 1:colcon.colcon_core.package_identification:_identify(src) by extensions ['colcon_pkg']
[0.670s] Level 1:colcon.colcon_core.package_identification:_identify(src) by extension 'colcon_pkg'
[0.670s] Level 1:colcon.colcon_core.package_identification:_identify(src) by extensions ['colcon_meta']
[0.670s] Level 1:colcon.colcon_core.package_identification:_identify(src) by extension 'colcon_meta'
[0.671s] Level 1:colcon.colcon_core.package_identification:_identify(src) by extensions ['ros']
[0.671s] Level 1:colcon.colcon_core.package_identification:_identify(src) by extension 'ros'
[0.671s] Level 1:colcon.colcon_core.package_identification:_identify(src) by extensions ['cmake', 'python']
[0.671s] Level 1:colcon.colcon_core.package_identification:_identify(src) by extension 'cmake'
[0.671s] Level 1:colcon.colcon_core.package_identification:_identify(src) by extension 'python'
[0.671s] Level 1:colcon.colcon_core.package_identification:_identify(src) by extensions ['python_setup_py']
[0.671s] Level 1:colcon.colcon_core.package_identification:_identify(src) by extension 'python_setup_py'
[0.671s] Level 1:colcon.colcon_core.package_identification:_identify(src/wr_compass) by extensions ['ignore', 'ignore_ament_install']
[0.671s] Level 1:colcon.colcon_core.package_identification:_identify(src/wr_compass) by extension 'ignore'
[0.672s] Level 1:colcon.colcon_core.package_identification:_identify(src/wr_compass) by extension 'ignore_ament_install'
[0.672s] Level 1:colcon.colcon_core.package_identification:_identify(src/wr_compass) by extensions ['colcon_pkg']
[0.672s] Level 1:colcon.colcon_core.package_identification:_identify(src/wr_compass) by extension 'colcon_pkg'
[0.672s] Level 1:colcon.colcon_core.package_identification:_identify(src/wr_compass) by extensions ['colcon_meta']
[0.672s] Level 1:colcon.colcon_core.package_identification:_identify(src/wr_compass) by extension 'colcon_meta'
[0.672s] Level 1:colcon.colcon_core.package_identification:_identify(src/wr_compass) by extensions ['ros']
[0.672s] Level 1:colcon.colcon_core.package_identification:_identify(src/wr_compass) by extension 'ros'
[0.677s] DEBUG:colcon.colcon_core.package_identification:Package 'src/wr_compass' with type 'ros.ament_cmake' and name 'wr_compass'
[0.678s] Level 1:colcon.colcon_core.package_identification:_identify(src/wr_fusion) by extensions ['ignore', 'ignore_ament_install']
[0.678s] Level 1:colcon.colcon_core.package_identification:_identify(src/wr_fusion) by extension 'ignore'
[0.678s] Level 1:colcon.colcon_core.package_identification:_identify(src/wr_fusion) by extension 'ignore_ament_install'
[0.678s] Level 1:colcon.colcon_core.package_identification:_identify(src/wr_fusion) by extensions ['colcon_pkg']
[0.678s] Level 1:colcon.colcon_core.package_identification:_identify(src/wr_fusion) by extension 'colcon_pkg'
[0.678s] Level 1:colcon.colcon_core.package_identification:_identify(src/wr_fusion) by extensions ['colcon_meta']
[0.678s] Level 1:colcon.colcon_core.package_identification:_identify(src/wr_fusion) by extension 'colcon_meta'
[0.679s] Level 1:colcon.colcon_core.package_identification:_identify(src/wr_fusion) by extensions ['ros']
[0.679s] Level 1:colcon.colcon_core.package_identification:_identify(src/wr_fusion) by extension 'ros'
[0.680s] DEBUG:colcon.colcon_core.package_identification:Package 'src/wr_fusion' with type 'ros.ament_python' and name 'wr_fusion'
[0.680s] Level 1:colcon.colcon_core.package_discovery:discover_packages(recursive) using defaults
[0.680s] Level 1:colcon.colcon_core.package_discovery:discover_packages(ignore) discover
[0.680s] Level 1:colcon.colcon_core.package_discovery:discover_packages(ignore) using defaults
[0.680s] Level 1:colcon.colcon_core.package_discovery:discover_packages(path) discover
[0.680s] Level 1:colcon.colcon_core.package_discovery:discover_packages(path) using defaults
[0.759s] Level 1:colcon.colcon_core.package_discovery:discover_packages(prefix_path) check parameters
[0.760s] Level 1:colcon.colcon_core.package_discovery:discover_packages(prefix_path) discover
[0.762s] WARNING:colcon.colcon_core.prefix_path.colcon:The path '/home/wiscrobo/workspace/WRoverSoftware_25-26/install' in the environment variable COLCON_PREFIX_PATH doesn't exist
[0.762s] WARNING:colcon.colcon_ros.prefix_path.ament:The path '/home/wiscrobo/workspace/WRoverSoftware_25-26/install/telemetry' in the environment variable AMENT_PREFIX_PATH doesn't exist
[0.764s] DEBUG:colcon.colcon_installed_package_information.package_discovery:Found 2 installed packages in /home/wiscrobo/workspace/WRoverSoftware_25-26/localization_workspace/install
[0.766s] DEBUG:colcon.colcon_installed_package_information.package_discovery:Found 219 installed packages in /opt/ros/humble
[0.769s] Level 1:colcon.colcon_core.package_discovery:discover_packages(prefix_path) using defaults
[0.829s] Level 5:colcon.colcon_core.verb:set package 'wr_compass' build argument 'cmake_args' from command line to 'None'
[0.829s] Level 5:colcon.colcon_core.verb:set package 'wr_compass' build argument 'cmake_target' from command line to 'None'
[0.829s] Level 5:colcon.colcon_core.verb:set package 'wr_compass' build argument 'cmake_target_skip_unavailable' from command line to 'False'
[0.829s] Level 5:colcon.colcon_core.verb:set package 'wr_compass' build argument 'cmake_clean_cache' from command line to 'False'
[0.829s] Level 5:colcon.colcon_core.verb:set package 'wr_compass' build argument 'cmake_clean_first' from command line to 'False'
[0.829s] Level 5:colcon.colcon_core.verb:set package 'wr_compass' build argument 'cmake_force_configure' from command line to 'False'
[0.829s] Level 5:colcon.colcon_core.verb:set package 'wr_compass' build argument 'ament_cmake_args' from command line to 'None'
[0.830s] Level 5:colcon.colcon_core.verb:set package 'wr_compass' build argument 'catkin_cmake_args' from command line to 'None'
[0.830s] Level 5:colcon.colcon_core.verb:set package 'wr_compass' build argument 'catkin_skip_building_tests' from command line to 'False'
[0.830s] DEBUG:colcon.colcon_core.verb:Building package 'wr_compass' with the following arguments: {'ament_cmake_args': None, 'build_base': '/home/wiscrobo/workspace/WRoverSoftware_25-26/localization_workspace/build/wr_compass', 'catkin_cmake_args': None, 'catkin_skip_building_tests': False, 'cmake_args': None, 'cmake_clean_cache': False, 'cmake_clean_first': False, 'cmake_force_configure': False, 'cmake_target': None, 'cmake_target_skip_unavailable': False, 'install_base': '/home/wiscrobo/workspace/WRoverSoftware_25-26/localization_workspace/install/wr_compass', 'merge_install': False, 'path': '/home/wiscrobo/workspace/WRoverSoftware_25-26/localization_workspace/src/wr_compass', 'symlink_install': False, 'test_result_base': None}
[0.830s] Level 5:colcon.colcon_core.verb:set package 'wr_fusion' build argument 'cmake_args' from command line to 'None'
[0.830s] Level 5:colcon.colcon_core.verb:set package 'wr_fusion' build argument 'cmake_target' from command line to 'None'
[0.831s] Level 5:colcon.colcon_core.verb:set package 'wr_fusion' build argument 'cmake_target_skip_unavailable' from command line to 'False'
[0.831s] Level 5:colcon.colcon_core.verb:set package 'wr_fusion' build argument 'cmake_clean_cache' from command line to 'False'
[0.831s] Level 5:colcon.colcon_core.verb:set package 'wr_fusion' build argument 'cmake_clean_first' from command line to 'False'
[0.831s] Level 5:colcon.colcon_core.verb:set package 'wr_fusion' build argument 'cmake_force_configure' from command line to 'False'
[0.831s] Level 5:colcon.colcon_core.verb:set package 'wr_fusion' build argument 'ament_cmake_args' from command line to 'None'
[0.831s] Level 5:colcon.colcon_core.verb:set package 'wr_fusion' build argument 'catkin_cmake_args' from command line to 'None'
[0.831s] Level 5:colcon.colcon_core.verb:set package 'wr_fusion' build argument 'catkin_skip_building_tests' from command line to 'False'
[0.831s] DEBUG:colcon.colcon_core.verb:Building package 'wr_fusion' with the following arguments: {'ament_cmake_args': None, 'build_base': '/home/wiscrobo/workspace/WRoverSoftware_25-26/localization_workspace/build/wr_fusion', 'catkin_cmake_args': None, 'catkin_skip_building_tests': False, 'cmake_args': None, 'cmake_clean_cache': False, 'cmake_clean_first': False, 'cmake_force_configure': False, 'cmake_target': None, 'cmake_target_skip_unavailable': False, 'install_base': '/home/wiscrobo/workspace/WRoverSoftware_25-26/localization_workspace/install/wr_fusion', 'merge_install': False, 'path': '/home/wiscrobo/workspace/WRoverSoftware_25-26/localization_workspace/src/wr_fusion', 'symlink_install': False, 'test_result_base': None}
[0.831s] INFO:colcon.colcon_core.executor:Executing jobs using 'parallel' executor
[0.834s] DEBUG:colcon.colcon_parallel_executor.executor.parallel:run_until_complete
[0.834s] INFO:colcon.colcon_ros.task.ament_cmake.build:Building ROS package in '/home/wiscrobo/workspace/WRoverSoftware_25-26/localization_workspace/src/wr_compass' with build type 'ament_cmake'
[0.835s] INFO:colcon.colcon_cmake.task.cmake.build:Building CMake package in '/home/wiscrobo/workspace/WRoverSoftware_25-26/localization_workspace/src/wr_compass'
[0.839s] INFO:colcon.colcon_core.plugin_system:Skipping extension 'colcon_core.shell.bat': Not used on non-Windows systems
[0.840s] INFO:colcon.colcon_core.shell:Skip shell extension 'powershell' for command environment: Not usable outside of PowerShell
[0.840s] DEBUG:colcon.colcon_core.shell:Skip shell extension 'dsv' for command environment
[0.846s] INFO:colcon.colcon_ros.task.ament_python.build:Building ROS package in '/home/wiscrobo/workspace/WRoverSoftware_25-26/localization_workspace/src/wr_fusion' with build type 'ament_python'
[0.847s] Level 1:colcon.colcon_core.shell:create_environment_hook('wr_fusion', 'ament_prefix_path')
[0.847s] INFO:colcon.colcon_core.shell:Creating environment hook '/home/wiscrobo/workspace/WRoverSoftware_25-26/localization_workspace/install/wr_fusion/share/wr_fusion/hook/ament_prefix_path.ps1'
[0.849s] INFO:colcon.colcon_core.shell:Creating environment descriptor '/home/wiscrobo/workspace/WRoverSoftware_25-26/localization_workspace/install/wr_fusion/share/wr_fusion/hook/ament_prefix_path.dsv'
[0.851s] INFO:colcon.colcon_core.shell:Creating environment hook '/home/wiscrobo/workspace/WRoverSoftware_25-26/localization_workspace/install/wr_fusion/share/wr_fusion/hook/ament_prefix_path.sh'
[0.852s] INFO:colcon.colcon_core.shell:Skip shell extension 'powershell' for command environment: Not usable outside of PowerShell
[0.852s] DEBUG:colcon.colcon_core.shell:Skip shell extension 'dsv' for command environment
[0.866s] DEBUG:colcon.colcon_core.event_handler.log_command:Invoking command in '/home/wiscrobo/workspace/WRoverSoftware_25-26/localization_workspace/build/wr_compass': CMAKE_PREFIX_PATH=/home/wiscrobo/workspace/WRoverSoftware_25-26/localization_workspace/install/wr_fusion:/home/wiscrobo/workspace/WRoverSoftware_25-26/install/telemetry:/opt/ros/humble PS1=\[\e]0;\u@\h: \w\a\]${debian_chroot:+($debian_chroot)}\[\033[01;32m\]\u@\h\[\033[00m\]:\[\033[01;34m\]\w\[\033[00m\]\$ /usr/bin/cmake --build /home/wiscrobo/workspace/WRoverSoftware_25-26/localization_workspace/build/wr_compass -- -j4 -l4
[1.480s] INFO:colcon.colcon_core.task.python.build:Building Python package in '/home/wiscrobo/workspace/WRoverSoftware_25-26/localization_workspace/src/wr_fusion'
[1.481s] INFO:colcon.colcon_core.shell:Skip shell extension 'powershell' for command environment: Not usable outside of PowerShell
[1.481s] DEBUG:colcon.colcon_core.shell:Skip shell extension 'dsv' for command environment
[2.373s] DEBUG:colcon.colcon_core.event_handler.log_command:Invoking command in '/home/wiscrobo/workspace/WRoverSoftware_25-26/localization_workspace/src/wr_fusion': PS1=\[\e]0;\u@\h: \w\a\]${debian_chroot:+($debian_chroot)}\[\033[01;32m\]\u@\h\[\033[00m\]:\[\033[01;34m\]\w\[\033[00m\]\$ PYTHONPATH=/home/wiscrobo/workspace/WRoverSoftware_25-26/localization_workspace/build/wr_fusion/prefix_override:/usr/lib/python3/dist-packages/colcon_core/task/python/colcon_distutils_commands:/home/wiscrobo/workspace/WRoverSoftware_25-26/localization_workspace/install/wr_fusion/lib/python3.10/site-packages:${PYTHONPATH} /usr/bin/python3 -W ignore:setup.py install is deprecated -W ignore:easy_install command is deprecated setup.py egg_info --egg-base ../../build/wr_fusion build --build-base /home/wiscrobo/workspace/WRoverSoftware_25-26/localization_workspace/build/wr_fusion/build install --record /home/wiscrobo/workspace/WRoverSoftware_25-26/localization_workspace/build/wr_fusion/install.log --single-version-externally-managed install_data
[3.102s] DEBUG:colcon.colcon_core.event_handler.log_command:Invoked command in '/home/wiscrobo/workspace/WRoverSoftware_25-26/localization_workspace/src/wr_fusion' returned '0': PS1=\[\e]0;\u@\h: \w\a\]${debian_chroot:+($debian_chroot)}\[\033[01;32m\]\u@\h\[\033[00m\]:\[\033[01;34m\]\w\[\033[00m\]\$ PYTHONPATH=/home/wiscrobo/workspace/WRoverSoftware_25-26/localization_workspace/build/wr_fusion/prefix_override:/usr/lib/python3/dist-packages/colcon_core/task/python/colcon_distutils_commands:/home/wiscrobo/workspace/WRoverSoftware_25-26/localization_workspace/install/wr_fusion/lib/python3.10/site-packages:${PYTHONPATH} /usr/bin/python3 -W ignore:setup.py install is deprecated -W ignore:easy_install command is deprecated setup.py egg_info --egg-base ../../build/wr_fusion build --build-base /home/wiscrobo/workspace/WRoverSoftware_25-26/localization_workspace/build/wr_fusion/build install --record /home/wiscrobo/workspace/WRoverSoftware_25-26/localization_workspace/build/wr_fusion/install.log --single-version-externally-managed install_data
[3.104s] Level 1:colcon.colcon_core.environment:checking '/home/wiscrobo/workspace/WRoverSoftware_25-26/localization_workspace/install/wr_fusion' for CMake module files
[3.105s] Level 1:colcon.colcon_core.environment:checking '/home/wiscrobo/workspace/WRoverSoftware_25-26/localization_workspace/install/wr_fusion' for CMake config files
[3.107s] Level 1:colcon.colcon_core.environment:checking '/home/wiscrobo/workspace/WRoverSoftware_25-26/localization_workspace/install/wr_fusion/lib'
[3.107s] Level 1:colcon.colcon_core.environment:checking '/home/wiscrobo/workspace/WRoverSoftware_25-26/localization_workspace/install/wr_fusion/bin'
[3.107s] Level 1:colcon.colcon_core.environment:checking '/home/wiscrobo/workspace/WRoverSoftware_25-26/localization_workspace/install/wr_fusion/lib/pkgconfig/wr_fusion.pc'
[3.108s] Level 1:colcon.colcon_core.environment:checking '/home/wiscrobo/workspace/WRoverSoftware_25-26/localization_workspace/install/wr_fusion/lib/python3.10/site-packages'
[3.108s] Level 1:colcon.colcon_core.shell:create_environment_hook('wr_fusion', 'pythonpath')
[3.109s] INFO:colcon.colcon_core.shell:Creating environment hook '/home/wiscrobo/workspace/WRoverSoftware_25-26/localization_workspace/install/wr_fusion/share/wr_fusion/hook/pythonpath.ps1'
[3.110s] INFO:colcon.colcon_core.shell:Creating environment descriptor '/home/wiscrobo/workspace/WRoverSoftware_25-26/localization_workspace/install/wr_fusion/share/wr_fusion/hook/pythonpath.dsv'
[3.111s] INFO:colcon.colcon_core.shell:Creating environment hook '/home/wiscrobo/workspace/WRoverSoftware_25-26/localization_workspace/install/wr_fusion/share/wr_fusion/hook/pythonpath.sh'
[3.113s] Level 1:colcon.colcon_core.environment:checking '/home/wiscrobo/workspace/WRoverSoftware_25-26/localization_workspace/install/wr_fusion/bin'
[3.113s] Level 1:colcon.colcon_core.environment:create_environment_scripts_only(wr_fusion)
[3.114s] INFO:colcon.colcon_core.shell:Creating package script '/home/wiscrobo/workspace/WRoverSoftware_25-26/localization_workspace/install/wr_fusion/share/wr_fusion/package.ps1'
[3.116s] INFO:colcon.colcon_core.shell:Creating package descriptor '/home/wiscrobo/workspace/WRoverSoftware_25-26/localization_workspace/install/wr_fusion/share/wr_fusion/package.dsv'
[3.117s] INFO:colcon.colcon_core.shell:Creating package script '/home/wiscrobo/workspace/WRoverSoftware_25-26/localization_workspace/install/wr_fusion/share/wr_fusion/package.sh'
[3.119s] INFO:colcon.colcon_core.shell:Creating package script '/home/wiscrobo/workspace/WRoverSoftware_25-26/localization_workspace/install/wr_fusion/share/wr_fusion/package.bash'
[3.121s] INFO:colcon.colcon_core.shell:Creating package script '/home/wiscrobo/workspace/WRoverSoftware_25-26/localization_workspace/install/wr_fusion/share/wr_fusion/package.zsh'
[3.122s] Level 1:colcon.colcon_core.environment:create_file_with_runtime_dependencies(/home/wiscrobo/workspace/WRoverSoftware_25-26/localization_workspace/install/wr_fusion/share/colcon-core/packages/wr_fusion)
[12.514s] Level 1:colcon.colcon_core.environment:create_environment_scripts_only(wr_compass)
[12.516s] Level 1:colcon.colcon_core.environment:checking '/home/wiscrobo/workspace/WRoverSoftware_25-26/localization_workspace/install/wr_compass' for CMake module files
[12.518s] DEBUG:colcon.colcon_core.event_handler.log_command:Invoked command in '/home/wiscrobo/workspace/WRoverSoftware_25-26/localization_workspace/build/wr_compass' returned '2': CMAKE_PREFIX_PATH=/home/wiscrobo/workspace/WRoverSoftware_25-26/localization_workspace/install/wr_fusion:/home/wiscrobo/workspace/WRoverSoftware_25-26/install/telemetry:/opt/ros/humble PS1=\[\e]0;\u@\h: \w\a\]${debian_chroot:+($debian_chroot)}\[\033[01;32m\]\u@\h\[\033[00m\]:\[\033[01;34m\]\w\[\033[00m\]\$ /usr/bin/cmake --build /home/wiscrobo/workspace/WRoverSoftware_25-26/localization_workspace/build/wr_compass -- -j4 -l4
[12.519s] Level 1:colcon.colcon_core.environment:checking '/home/wiscrobo/workspace/WRoverSoftware_25-26/localization_workspace/install/wr_compass' for CMake config files
[12.520s] Level 1:colcon.colcon_core.environment:checking '/home/wiscrobo/workspace/WRoverSoftware_25-26/localization_workspace/install/wr_compass/bin'
[12.520s] Level 1:colcon.colcon_core.environment:checking '/home/wiscrobo/workspace/WRoverSoftware_25-26/localization_workspace/install/wr_compass/lib/pkgconfig/wr_compass.pc'
[12.520s] Level 1:colcon.colcon_core.environment:checking '/home/wiscrobo/workspace/WRoverSoftware_25-26/localization_workspace/install/wr_compass/lib/python3.10/site-packages'
[12.521s] Level 1:colcon.colcon_core.environment:checking '/home/wiscrobo/workspace/WRoverSoftware_25-26/localization_workspace/install/wr_compass/bin'
[12.522s] INFO:colcon.colcon_core.shell:Creating package script '/home/wiscrobo/workspace/WRoverSoftware_25-26/localization_workspace/install/wr_compass/share/wr_compass/package.ps1'
[12.523s] INFO:colcon.colcon_core.shell:Creating package descriptor '/home/wiscrobo/workspace/WRoverSoftware_25-26/localization_workspace/install/wr_compass/share/wr_compass/package.dsv'
[12.525s] INFO:colcon.colcon_core.shell:Creating package script '/home/wiscrobo/workspace/WRoverSoftware_25-26/localization_workspace/install/wr_compass/share/wr_compass/package.sh'
[12.526s] INFO:colcon.colcon_core.shell:Creating package script '/home/wiscrobo/workspace/WRoverSoftware_25-26/localization_workspace/install/wr_compass/share/wr_compass/package.bash'
[12.528s] INFO:colcon.colcon_core.shell:Creating package script '/home/wiscrobo/workspace/WRoverSoftware_25-26/localization_workspace/install/wr_compass/share/wr_compass/package.zsh'
[12.529s] Level 1:colcon.colcon_core.environment:create_file_with_runtime_dependencies(/home/wiscrobo/workspace/WRoverSoftware_25-26/localization_workspace/install/wr_compass/share/colcon-core/packages/wr_compass)
[12.540s] DEBUG:colcon.colcon_parallel_executor.executor.parallel:closing loop
[12.541s] DEBUG:colcon.colcon_parallel_executor.executor.parallel:loop closed
[12.541s] DEBUG:colcon.colcon_parallel_executor.executor.parallel:run_until_complete finished with '2'
[12.542s] DEBUG:colcon.colcon_core.event_reactor:joining thread
[12.564s] INFO:colcon.colcon_core.plugin_system:Skipping extension 'colcon_notification.desktop_notification.terminal_notifier': Not used on non-Darwin systems
[12.564s] INFO:colcon.colcon_core.plugin_system:Skipping extension 'colcon_notification.desktop_notification.win32': Not used on non-Windows systems
[12.565s] INFO:colcon.colcon_notification.desktop_notification:Sending desktop notification using 'notify2'
[12.596s] DEBUG:colcon.colcon_notification.desktop_notification.notify2:Failed to initialize notify2: org.freedesktop.DBus.Error.Spawn.ChildExited: Process org.freedesktop.Notifications exited with status 1
[12.597s] DEBUG:colcon.colcon_core.event_reactor:joined thread
[12.598s] INFO:colcon.colcon_core.shell:Creating prefix script '/home/wiscrobo/workspace/WRoverSoftware_25-26/localization_workspace/install/local_setup.ps1'
[12.601s] INFO:colcon.colcon_core.shell:Creating prefix util module '/home/wiscrobo/workspace/WRoverSoftware_25-26/localization_workspace/install/_local_setup_util_ps1.py'
[12.606s] INFO:colcon.colcon_core.shell:Creating prefix chain script '/home/wiscrobo/workspace/WRoverSoftware_25-26/localization_workspace/install/setup.ps1'
[12.610s] INFO:colcon.colcon_core.shell:Creating prefix script '/home/wiscrobo/workspace/WRoverSoftware_25-26/localization_workspace/install/local_setup.sh'
[12.612s] INFO:colcon.colcon_core.shell:Creating prefix util module '/home/wiscrobo/workspace/WRoverSoftware_25-26/localization_workspace/install/_local_setup_util_sh.py'
[12.614s] INFO:colcon.colcon_core.shell:Creating prefix chain script '/home/wiscrobo/workspace/WRoverSoftware_25-26/localization_workspace/install/setup.sh'
[12.618s] INFO:colcon.colcon_core.shell:Creating prefix script '/home/wiscrobo/workspace/WRoverSoftware_25-26/localization_workspace/install/local_setup.bash'
[12.620s] INFO:colcon.colcon_core.shell:Creating prefix chain script '/home/wiscrobo/workspace/WRoverSoftware_25-26/localization_workspace/install/setup.bash'
[12.623s] INFO:colcon.colcon_core.shell:Creating prefix script '/home/wiscrobo/workspace/WRoverSoftware_25-26/localization_workspace/install/local_setup.zsh'
[12.625s] INFO:colcon.colcon_core.shell:Creating prefix chain script '/home/wiscrobo/workspace/WRoverSoftware_25-26/localization_workspace/install/setup.zsh'
