running egg_info
writing ../../build/aruco_part/aruco_part.egg-info/PKG-INFO
writing dependency_links to ../../build/aruco_part/aruco_part.egg-info/dependency_links.txt
writing entry points to ../../build/aruco_part/aruco_part.egg-info/entry_points.txt
writing requirements to ../../build/aruco_part/aruco_part.egg-info/requires.txt
writing top-level names to ../../build/aruco_part/aruco_part.egg-info/top_level.txt
reading manifest file '../../build/aruco_part/aruco_part.egg-info/SOURCES.txt'
writing manifest file '../../build/aruco_part/aruco_part.egg-info/SOURCES.txt'
running build
running build_py
running install
running install_lib
running install_data
running install_egg_info
removing '/home/david-wang/Desktop/Projects/Wisconsin Robotics/WRoverSoftware_25-26/install/aruco_part/lib/python3.12/site-packages/aruco_part-0.0.0-py3.12.egg-info' (and everything under it)
Copying ../../build/aruco_part/aruco_part.egg-info to /home/david-wang/Desktop/Projects/Wisconsin Robotics/WRoverSoftware_25-26/install/aruco_part/lib/python3.12/site-packages/aruco_part-0.0.0-py3.12.egg-info
running install_scripts
Installing camera_info script to /home/david-wang/Desktop/Projects/Wisconsin Robotics/WRoverSoftware_25-26/install/aruco_part/lib/aruco_part
Installing combined script to /home/david-wang/Desktop/Projects/Wisconsin Robotics/WRoverSoftware_25-26/install/aruco_part/lib/aruco_part
Installing combined_2 script to /home/david-wang/Desktop/Projects/Wisconsin Robotics/WRoverSoftware_25-26/install/aruco_part/lib/aruco_part
Installing driving_logic script to /home/david-wang/Desktop/Projects/Wisconsin Robotics/WRoverSoftware_25-26/install/aruco_part/lib/aruco_part
Installing fake_sensors script to /home/david-wang/Desktop/Projects/Wisconsin Robotics/WRoverSoftware_25-26/install/aruco_part/lib/aruco_part
Installing fake_tag script to /home/david-wang/Desktop/Projects/Wisconsin Robotics/WRoverSoftware_25-26/install/aruco_part/lib/aruco_part
Installing finding_tag script to /home/david-wang/Desktop/Projects/Wisconsin Robotics/WRoverSoftware_25-26/install/aruco_part/lib/aruco_part
Installing keyboard script to /home/david-wang/Desktop/Projects/Wisconsin Robotics/WRoverSoftware_25-26/install/aruco_part/lib/aruco_part
Installing path_visualizer script to /home/david-wang/Desktop/Projects/Wisconsin Robotics/WRoverSoftware_25-26/install/aruco_part/lib/aruco_part
writing list of installed files to '/home/david-wang/Desktop/Projects/Wisconsin Robotics/WRoverSoftware_25-26/build/aruco_part/install.log'
