[0.030s] Invoking command in '/home/wiscrobo/workspace/WRoverSoftware_25-26/localization_workspace/build/wr_compass': CMAKE_PREFIX_PATH=/home/wiscrobo/workspace/WRoverSoftware_25-26/localization_workspace/install/wr_fusion:/home/wiscrobo/workspace/WRoverSoftware_25-26/install/telemetry:/opt/ros/humble PS1=\[\e]0;\u@\h: \w\a\]${debian_chroot:+($debian_chroot)}\[\033[01;32m\]\u@\h\[\033[00m\]:\[\033[01;34m\]\w\[\033[00m\]\$ /usr/bin/cmake /home/wiscrobo/workspace/WRoverSoftware_25-26/localization_workspace/src/wr_compass -DCMAKE_INSTALL_PREFIX=/home/wiscrobo/workspace/WRoverSoftware_25-26/localization_workspace/install/wr_compass
[0.260s] -- The C compiler identification is GNU 11.4.0
[0.440s] -- The CXX compiler identification is GNU 11.4.0
[0.467s] -- Detecting C compiler ABI info
[0.643s] -- Detecting C compiler ABI info - done
[0.647s] -- Check for working C compiler: /usr/bin/cc - skipped
[0.652s] -- Detecting C compile features
[0.653s] -- Detecting C compile features - done
[0.660s] -- Detecting CXX compiler ABI info
[0.844s] -- Detecting CXX compiler ABI info - done
[0.859s] -- Check for working CXX compiler: /usr/bin/c++ - skipped
[0.859s] -- Detecting CXX compile features
[0.860s] -- Detecting CXX compile features - done
[0.868s] -- Found ament_cmake: 1.3.11 (/opt/ros/humble/share/ament_cmake/cmake)
[1.249s] -- Found Python3: /usr/bin/python3 (found version "3.10.12") found components: Interpreter 
[1.489s] -- Found rclcpp: 16.0.11 (/opt/ros/humble/share/rclcpp/cmake)
[1.606s] -- Found rosidl_generator_c: 3.1.6 (/opt/ros/humble/share/rosidl_generator_c/cmake)
[1.618s] -- Found rosidl_adapter: 3.1.6 (/opt/ros/humble/share/rosidl_adapter/cmake)
[1.638s] -- Found rosidl_generator_cpp: 3.1.6 (/opt/ros/humble/share/rosidl_generator_cpp/cmake)
[1.668s] -- Using all available rosidl_typesupport_c: rosidl_typesupport_fastrtps_c;rosidl_typesupport_introspection_c
[1.709s] -- Using all available rosidl_typesupport_cpp: rosidl_typesupport_fastrtps_cpp;rosidl_typesupport_introspection_cpp
[1.811s] -- Found rmw_implementation_cmake: 6.1.2 (/opt/ros/humble/share/rmw_implementation_cmake/cmake)
[1.819s] -- Found rmw_fastrtps_cpp: 6.2.7 (/opt/ros/humble/share/rmw_fastrtps_cpp/cmake)
[2.005s] -- Found OpenSSL: /usr/lib/aarch64-linux-gnu/libcrypto.so (found version "3.0.2")  
[2.066s] -- Found FastRTPS: /opt/ros/humble/include  
[2.145s] -- Using RMW implementation 'rmw_fastrtps_cpp' as default
[2.166s] -- Looking for pthread.h
[2.341s] -- Looking for pthread.h - found
[2.342s] -- Performing Test CMAKE_HAVE_LIBC_PTHREAD
[2.491s] -- Performing Test CMAKE_HAVE_LIBC_PTHREAD - Success
[2.496s] -- Found Threads: TRUE  
[2.656s] -- Found sensor_msgs: 4.2.4 (/opt/ros/humble/share/sensor_msgs/cmake)
[2.887s] -- Configuring done
[2.922s] -- Generating done
[2.933s] -- Build files have been written to: /home/wiscrobo/workspace/WRoverSoftware_25-26/localization_workspace/build/wr_compass
[2.959s] Invoked command in '/home/wiscrobo/workspace/WRoverSoftware_25-26/localization_workspace/build/wr_compass' returned '0': CMAKE_PREFIX_PATH=/home/wiscrobo/workspace/WRoverSoftware_25-26/localization_workspace/install/wr_fusion:/home/wiscrobo/workspace/WRoverSoftware_25-26/install/telemetry:/opt/ros/humble PS1=\[\e]0;\u@\h: \w\a\]${debian_chroot:+($debian_chroot)}\[\033[01;32m\]\u@\h\[\033[00m\]:\[\033[01;34m\]\w\[\033[00m\]\$ /usr/bin/cmake /home/wiscrobo/workspace/WRoverSoftware_25-26/localization_workspace/src/wr_compass -DCMAKE_INSTALL_PREFIX=/home/wiscrobo/workspace/WRoverSoftware_25-26/localization_workspace/install/wr_compass
[2.965s] Invoking command in '/home/wiscrobo/workspace/WRoverSoftware_25-26/localization_workspace/build/wr_compass': CMAKE_PREFIX_PATH=/home/wiscrobo/workspace/WRoverSoftware_25-26/localization_workspace/install/wr_fusion:/home/wiscrobo/workspace/WRoverSoftware_25-26/install/telemetry:/opt/ros/humble PS1=\[\e]0;\u@\h: \w\a\]${debian_chroot:+($debian_chroot)}\[\033[01;32m\]\u@\h\[\033[00m\]:\[\033[01;34m\]\w\[\033[00m\]\$ /usr/bin/cmake --build /home/wiscrobo/workspace/WRoverSoftware_25-26/localization_workspace/build/wr_compass -- -j4 -l4
[3.067s] [ 50%] [32mBuilding CXX object CMakeFiles/compass_node.dir/src/compass.cpp.o[0m
[3.691s] [01m[K/home/wiscrobo/workspace/WRoverSoftware_25-26/localization_workspace/src/wr_compass/src/compass.cpp:7:10:[m[K [01;31m[Kfatal error: [m[Kctre/phoenix6/Pigeon2.hpp: No such file or directory
[3.691s]     7 | #include [01;31m[K"ctre/phoenix6/Pigeon2.hpp"[m[K
[3.691s]       |          [01;31m[K^~~~~~~~~~~~~~~~~~~~~~~~~~~[m[K
[3.691s] compilation terminated.
[3.697s] gmake[2]: *** [CMakeFiles/compass_node.dir/build.make:76: CMakeFiles/compass_node.dir/src/compass.cpp.o] Error 1
[3.698s] gmake[1]: *** [CMakeFiles/Makefile2:137: CMakeFiles/compass_node.dir/all] Error 2
[3.699s] gmake: *** [Makefile:146: all] Error 2
[3.715s] Invoked command in '/home/wiscrobo/workspace/WRoverSoftware_25-26/localization_workspace/build/wr_compass' returned '2': CMAKE_PREFIX_PATH=/home/wiscrobo/workspace/WRoverSoftware_25-26/localization_workspace/install/wr_fusion:/home/wiscrobo/workspace/WRoverSoftware_25-26/install/telemetry:/opt/ros/humble PS1=\[\e]0;\u@\h: \w\a\]${debian_chroot:+($debian_chroot)}\[\033[01;32m\]\u@\h\[\033[00m\]:\[\033[01;34m\]\w\[\033[00m\]\$ /usr/bin/cmake --build /home/wiscrobo/workspace/WRoverSoftware_25-26/localization_workspace/build/wr_compass -- -j4 -l4
