[1.319s] Invoking command in '/home/david-wang/Desktop/Projects/Wisconsin Robotics/WRoverSoftware_25-26/src/autonomous': DEBUGINFOD_URLS=https://debuginfod.ubuntu.com PYTHONPATH=/home/david-wang/Desktop/Projects/Wisconsin Robotics/WRoverSoftware_25-26/build/autonomous/prefix_override:/usr/lib/python3/dist-packages/colcon_core/task/python/colcon_distutils_commands:/home/david-wang/Desktop/Projects/Wisconsin Robotics/WRoverSoftware_25-26/install/autonomous/lib/python3.12/site-packages:${PYTHONPATH} /usr/bin/python3 -W ignore:setup.py install is deprecated -W ignore:easy_install command is deprecated setup.py egg_info --egg-base ../../build/autonomous build --build-base /home/david-wang/Desktop/Projects/Wisconsin Robotics/WRoverSoftware_25-26/build/autonomous/build install --record /home/david-wang/Desktop/Projects/Wisconsin Robotics/WRoverSoftware_25-26/build/autonomous/install.log --single-version-externally-managed install_data
[1.496s] running egg_info
[1.511s] writing ../../build/autonomous/autonomous.egg-info/PKG-INFO
[1.511s] writing dependency_links to ../../build/autonomous/autonomous.egg-info/dependency_links.txt
[1.511s] writing entry points to ../../build/autonomous/autonomous.egg-info/entry_points.txt
[1.511s] writing requirements to ../../build/autonomous/autonomous.egg-info/requires.txt
[1.512s] writing top-level names to ../../build/autonomous/autonomous.egg-info/top_level.txt
[1.534s] reading manifest file '../../build/autonomous/autonomous.egg-info/SOURCES.txt'
[1.534s] adding license file 'LICENSE'
[1.535s] writing manifest file '../../build/autonomous/autonomous.egg-info/SOURCES.txt'
[1.535s] running build
[1.535s] running build_py
[1.535s] copying autonomous/aruco_class.py -> /home/david-wang/Desktop/Projects/Wisconsin Robotics/WRoverSoftware_25-26/build/autonomous/build/lib/autonomous
[1.535s] running install
[1.540s] running install_lib
[1.551s] copying /home/david-wang/Desktop/Projects/Wisconsin Robotics/WRoverSoftware_25-26/build/autonomous/build/lib/autonomous/aruco_class.py -> /home/david-wang/Desktop/Projects/Wisconsin Robotics/WRoverSoftware_25-26/install/autonomous/lib/python3.12/site-packages/autonomous
[1.552s] byte-compiling /home/david-wang/Desktop/Projects/Wisconsin Robotics/WRoverSoftware_25-26/install/autonomous/lib/python3.12/site-packages/autonomous/aruco_class.py to aruco_class.cpython-312.pyc
[1.554s]   File "/home/david-wang/Desktop/Projects/Wisconsin Robotics/WRoverSoftware_25-26/install/autonomous/lib/python3.12/site-packages/autonomous/aruco_class.py", line 624
[1.554s]     current_orientation = math.degrees(math.atan2(siny_cosp, cosy_cosp)) + 360) % 360
[1.554s]                                                                               ^
[1.554s] SyntaxError: unmatched ')'
[1.554s] 
[1.554s] running install_data
[1.555s] running install_egg_info
[1.566s] removing '/home/david-wang/Desktop/Projects/Wisconsin Robotics/WRoverSoftware_25-26/install/autonomous/lib/python3.12/site-packages/autonomous-0.0.0-py3.12.egg-info' (and everything under it)
[1.566s] Copying ../../build/autonomous/autonomous.egg-info to /home/david-wang/Desktop/Projects/Wisconsin Robotics/WRoverSoftware_25-26/install/autonomous/lib/python3.12/site-packages/autonomous-0.0.0-py3.12.egg-info
[1.567s] running install_scripts
[1.663s] Installing autonomous_node script to /home/david-wang/Desktop/Projects/Wisconsin Robotics/WRoverSoftware_25-26/install/autonomous/lib/autonomous
[1.663s] writing list of installed files to '/home/david-wang/Desktop/Projects/Wisconsin Robotics/WRoverSoftware_25-26/build/autonomous/install.log'
[1.719s] Invoked command in '/home/david-wang/Desktop/Projects/Wisconsin Robotics/WRoverSoftware_25-26/src/autonomous' returned '0': DEBUGINFOD_URLS=https://debuginfod.ubuntu.com PYTHONPATH=/home/david-wang/Desktop/Projects/Wisconsin Robotics/WRoverSoftware_25-26/build/autonomous/prefix_override:/usr/lib/python3/dist-packages/colcon_core/task/python/colcon_distutils_commands:/home/david-wang/Desktop/Projects/Wisconsin Robotics/WRoverSoftware_25-26/install/autonomous/lib/python3.12/site-packages:${PYTHONPATH} /usr/bin/python3 -W ignore:setup.py install is deprecated -W ignore:easy_install command is deprecated setup.py egg_info --egg-base ../../build/autonomous build --build-base /home/david-wang/Desktop/Projects/Wisconsin Robotics/WRoverSoftware_25-26/build/autonomous/build install --record /home/david-wang/Desktop/Projects/Wisconsin Robotics/WRoverSoftware_25-26/build/autonomous/install.log --single-version-externally-managed install_data
