[1.424s] Invoking command in '/home/wiscrobo/workspace/WRoverSoftware_25-26/localization_workspace/src/wr_fusion': PS1=\[\e]0;\u@\h: \w\a\]${debian_chroot:+($debian_chroot)}\[\033[01;32m\]\u@\h\[\033[00m\]:\[\033[01;34m\]\w\[\033[00m\]\$ PYTHONPATH=/home/wiscrobo/workspace/WRoverSoftware_25-26/localization_workspace/build/wr_fusion/prefix_override:/usr/lib/python3/dist-packages/colcon_core/task/python/colcon_distutils_commands:/home/wiscrobo/workspace/WRoverSoftware_25-26/localization_workspace/install/wr_fusion/lib/python3.10/site-packages:${PYTHONPATH} /usr/bin/python3 -W ignore:setup.py install is deprecated -W ignore:easy_install command is deprecated setup.py egg_info --egg-base ../../build/wr_fusion build --build-base /home/wiscrobo/workspace/WRoverSoftware_25-26/localization_workspace/build/wr_fusion/build install --record /home/wiscrobo/workspace/WRoverSoftware_25-26/localization_workspace/build/wr_fusion/install.log --single-version-externally-managed install_data
[1.954s] running egg_info
[1.956s] writing ../../build/wr_fusion/wr_fusion.egg-info/PKG-INFO
[1.956s] writing dependency_links to ../../build/wr_fusion/wr_fusion.egg-info/dependency_links.txt
[1.957s] writing entry points to ../../build/wr_fusion/wr_fusion.egg-info/entry_points.txt
[1.957s] writing requirements to ../../build/wr_fusion/wr_fusion.egg-info/requires.txt
[1.957s] writing top-level names to ../../build/wr_fusion/wr_fusion.egg-info/top_level.txt
[1.961s] reading manifest file '../../build/wr_fusion/wr_fusion.egg-info/SOURCES.txt'
[1.963s] writing manifest file '../../build/wr_fusion/wr_fusion.egg-info/SOURCES.txt'
[1.963s] running build
[1.963s] running build_py
[1.963s] copying wr_fusion/fusion.py -> /home/wiscrobo/workspace/WRoverSoftware_25-26/localization_workspace/build/wr_fusion/build/lib/wr_fusion
[1.964s] running install
[1.965s] running install_lib
[1.967s] copying /home/wiscrobo/workspace/WRoverSoftware_25-26/localization_workspace/build/wr_fusion/build/lib/wr_fusion/fusion.py -> /home/wiscrobo/workspace/WRoverSoftware_25-26/localization_workspace/install/wr_fusion/lib/python3.10/site-packages/wr_fusion
[1.968s] byte-compiling /home/wiscrobo/workspace/WRoverSoftware_25-26/localization_workspace/install/wr_fusion/lib/python3.10/site-packages/wr_fusion/fusion.py to fusion.cpython-310.pyc
[1.971s]   File "/home/wiscrobo/workspace/WRoverSoftware_25-26/localization_workspace/install/wr_fusion/lib/python3.10/site-packages/wr_fusion/fusion.py", line 278
[1.971s]     		)
[1.971s]     		^
[1.971s] SyntaxError: unmatched ')'
[1.971s] 
[1.971s] running install_data
[1.972s] running install_egg_info
[1.975s] removing '/home/wiscrobo/workspace/WRoverSoftware_25-26/localization_workspace/install/wr_fusion/lib/python3.10/site-packages/wr_fusion-0.0.0-py3.10.egg-info' (and everything under it)
[1.975s] Copying ../../build/wr_fusion/wr_fusion.egg-info to /home/wiscrobo/workspace/WRoverSoftware_25-26/localization_workspace/install/wr_fusion/lib/python3.10/site-packages/wr_fusion-0.0.0-py3.10.egg-info
[1.977s] running install_scripts
[2.025s] Installing fusion script to /home/wiscrobo/workspace/WRoverSoftware_25-26/localization_workspace/install/wr_fusion/lib/wr_fusion
[2.025s] writing list of installed files to '/home/wiscrobo/workspace/WRoverSoftware_25-26/localization_workspace/build/wr_fusion/install.log'
[2.104s] Invoked command in '/home/wiscrobo/workspace/WRoverSoftware_25-26/localization_workspace/src/wr_fusion' returned '0': PS1=\[\e]0;\u@\h: \w\a\]${debian_chroot:+($debian_chroot)}\[\033[01;32m\]\u@\h\[\033[00m\]:\[\033[01;34m\]\w\[\033[00m\]\$ PYTHONPATH=/home/wiscrobo/workspace/WRoverSoftware_25-26/localization_workspace/build/wr_fusion/prefix_override:/usr/lib/python3/dist-packages/colcon_core/task/python/colcon_distutils_commands:/home/wiscrobo/workspace/WRoverSoftware_25-26/localization_workspace/install/wr_fusion/lib/python3.10/site-packages:${PYTHONPATH} /usr/bin/python3 -W ignore:setup.py install is deprecated -W ignore:easy_install command is deprecated setup.py egg_info --egg-base ../../build/wr_fusion build --build-base /home/wiscrobo/workspace/WRoverSoftware_25-26/localization_workspace/build/wr_fusion/build install --record /home/wiscrobo/workspace/WRoverSoftware_25-26/localization_workspace/build/wr_fusion/install.log --single-version-externally-managed install_data
