running egg_info
creating ../../build/wr_path_planning/wr_path_planning.egg-info
writing ../../build/wr_path_planning/wr_path_planning.egg-info/PKG-INFO
writing dependency_links to ../../build/wr_path_planning/wr_path_planning.egg-info/dependency_links.txt
writing entry points to ../../build/wr_path_planning/wr_path_planning.egg-info/entry_points.txt
writing requirements to ../../build/wr_path_planning/wr_path_planning.egg-info/requires.txt
writing top-level names to ../../build/wr_path_planning/wr_path_planning.egg-info/top_level.txt
writing manifest file '../../build/wr_path_planning/wr_path_planning.egg-info/SOURCES.txt'
reading manifest file '../../build/wr_path_planning/wr_path_planning.egg-info/SOURCES.txt'
adding license file 'LICENSE'
writing manifest file '../../build/wr_path_planning/wr_path_planning.egg-info/SOURCES.txt'
running build
running build_py
creating /home/teggatz/documents/WRoverSoftware_25-26/build/wr_path_planning/build
creating /home/teggatz/documents/WRoverSoftware_25-26/build/wr_path_planning/build/lib
creating /home/teggatz/documents/WRoverSoftware_25-26/build/wr_path_planning/build/lib/wr_path_planning
copying wr_path_planning/__init__.py -> /home/teggatz/documents/WRoverSoftware_25-26/build/wr_path_planning/build/lib/wr_path_planning
running install
running install_lib
creating /home/teggatz/documents/WRoverSoftware_25-26/install/wr_path_planning/lib/python3.10/site-packages/wr_path_planning
copying /home/teggatz/documents/WRoverSoftware_25-26/build/wr_path_planning/build/lib/wr_path_planning/__init__.py -> /home/teggatz/documents/WRoverSoftware_25-26/install/wr_path_planning/lib/python3.10/site-packages/wr_path_planning
byte-compiling /home/teggatz/documents/WRoverSoftware_25-26/install/wr_path_planning/lib/python3.10/site-packages/wr_path_planning/__init__.py to __init__.cpython-310.pyc
running install_data
creating /home/teggatz/documents/WRoverSoftware_25-26/install/wr_path_planning/share/ament_index
creating /home/teggatz/documents/WRoverSoftware_25-26/install/wr_path_planning/share/ament_index/resource_index
creating /home/teggatz/documents/WRoverSoftware_25-26/install/wr_path_planning/share/ament_index/resource_index/packages
copying resource/wr_path_planning -> /home/teggatz/documents/WRoverSoftware_25-26/install/wr_path_planning/share/ament_index/resource_index/packages
copying package.xml -> /home/teggatz/documents/WRoverSoftware_25-26/install/wr_path_planning/share/wr_path_planning
running install_egg_info
Copying ../../build/wr_path_planning/wr_path_planning.egg-info to /home/teggatz/documents/WRoverSoftware_25-26/install/wr_path_planning/lib/python3.10/site-packages/wr_path_planning-0.0.0-py3.10.egg-info
running install_scripts
writing list of installed files to '/home/teggatz/documents/WRoverSoftware_25-26/build/wr_path_planning/install.log'
