[0.951s] Invoking command in '/home/teggatz/documents/WRoverSoftware_25-26/src/wr_path_planning': PYTHONPATH=/home/teggatz/documents/WRoverSoftware_25-26/build/wr_path_planning/prefix_override:/usr/lib/python3/dist-packages/colcon_core/task/python/colcon_distutils_commands:/home/teggatz/documents/WRoverSoftware_25-26/install/wr_path_planning/lib/python3.10/site-packages:${PYTHONPATH} /usr/bin/python3 -W ignore:setup.py install is deprecated -W ignore:easy_install command is deprecated setup.py egg_info --egg-base ../../build/wr_path_planning build --build-base /home/teggatz/documents/WRoverSoftware_25-26/build/wr_path_planning/build install --record /home/teggatz/documents/WRoverSoftware_25-26/build/wr_path_planning/install.log --single-version-externally-managed install_data
[1.078s] running egg_info
[1.078s] creating ../../build/wr_path_planning/wr_path_planning.egg-info
[1.078s] writing ../../build/wr_path_planning/wr_path_planning.egg-info/PKG-INFO
[1.078s] writing dependency_links to ../../build/wr_path_planning/wr_path_planning.egg-info/dependency_links.txt
[1.078s] writing entry points to ../../build/wr_path_planning/wr_path_planning.egg-info/entry_points.txt
[1.080s] writing requirements to ../../build/wr_path_planning/wr_path_planning.egg-info/requires.txt
[1.082s] writing top-level names to ../../build/wr_path_planning/wr_path_planning.egg-info/top_level.txt
[1.082s] writing manifest file '../../build/wr_path_planning/wr_path_planning.egg-info/SOURCES.txt'
[1.086s] reading manifest file '../../build/wr_path_planning/wr_path_planning.egg-info/SOURCES.txt'
[1.086s] adding license file 'LICENSE'
[1.086s] writing manifest file '../../build/wr_path_planning/wr_path_planning.egg-info/SOURCES.txt'
[1.086s] running build
[1.087s] running build_py
[1.087s] creating /home/teggatz/documents/WRoverSoftware_25-26/build/wr_path_planning/build
[1.087s] creating /home/teggatz/documents/WRoverSoftware_25-26/build/wr_path_planning/build/lib
[1.087s] creating /home/teggatz/documents/WRoverSoftware_25-26/build/wr_path_planning/build/lib/wr_path_planning
[1.087s] copying wr_path_planning/__init__.py -> /home/teggatz/documents/WRoverSoftware_25-26/build/wr_path_planning/build/lib/wr_path_planning
[1.087s] running install
[1.087s] running install_lib
[1.087s] creating /home/teggatz/documents/WRoverSoftware_25-26/install/wr_path_planning/lib/python3.10/site-packages/wr_path_planning
[1.087s] copying /home/teggatz/documents/WRoverSoftware_25-26/build/wr_path_planning/build/lib/wr_path_planning/__init__.py -> /home/teggatz/documents/WRoverSoftware_25-26/install/wr_path_planning/lib/python3.10/site-packages/wr_path_planning
[1.087s] byte-compiling /home/teggatz/documents/WRoverSoftware_25-26/install/wr_path_planning/lib/python3.10/site-packages/wr_path_planning/__init__.py to __init__.cpython-310.pyc
[1.088s] running install_data
[1.088s] creating /home/teggatz/documents/WRoverSoftware_25-26/install/wr_path_planning/share/ament_index
[1.088s] creating /home/teggatz/documents/WRoverSoftware_25-26/install/wr_path_planning/share/ament_index/resource_index
[1.088s] creating /home/teggatz/documents/WRoverSoftware_25-26/install/wr_path_planning/share/ament_index/resource_index/packages
[1.089s] copying resource/wr_path_planning -> /home/teggatz/documents/WRoverSoftware_25-26/install/wr_path_planning/share/ament_index/resource_index/packages
[1.089s] copying package.xml -> /home/teggatz/documents/WRoverSoftware_25-26/install/wr_path_planning/share/wr_path_planning
[1.089s] running install_egg_info
[1.089s] Copying ../../build/wr_path_planning/wr_path_planning.egg-info to /home/teggatz/documents/WRoverSoftware_25-26/install/wr_path_planning/lib/python3.10/site-packages/wr_path_planning-0.0.0-py3.10.egg-info
[1.090s] running install_scripts
[1.112s] writing list of installed files to '/home/teggatz/documents/WRoverSoftware_25-26/build/wr_path_planning/install.log'
[1.163s] Invoked command in '/home/teggatz/documents/WRoverSoftware_25-26/src/wr_path_planning' returned '0': PYTHONPATH=/home/teggatz/documents/WRoverSoftware_25-26/build/wr_path_planning/prefix_override:/usr/lib/python3/dist-packages/colcon_core/task/python/colcon_distutils_commands:/home/teggatz/documents/WRoverSoftware_25-26/install/wr_path_planning/lib/python3.10/site-packages:${PYTHONPATH} /usr/bin/python3 -W ignore:setup.py install is deprecated -W ignore:easy_install command is deprecated setup.py egg_info --egg-base ../../build/wr_path_planning build --build-base /home/teggatz/documents/WRoverSoftware_25-26/build/wr_path_planning/build install --record /home/teggatz/documents/WRoverSoftware_25-26/build/wr_path_planning/install.log --single-version-externally-managed install_data
