[0.614s] Invoking command in '/home/david-wang/Desktop/Projects/Wisconsin Robotics/WRoverSoftware_25-26/src/object_detection': AMENT_PREFIX_PATH=/home/david-wang/Desktop/Projects/Wisconsin Robotics/WRoverSoftware_25-26/install/object_detection_msgs:${AMENT_PREFIX_PATH} CMAKE_PREFIX_PATH=/home/david-wang/Desktop/Projects/Wisconsin Robotics/WRoverSoftware_25-26/install/object_detection_msgs DEBUGINFOD_URLS=https://debuginfod.ubuntu.com LD_LIBRARY_PATH=/home/david-wang/Desktop/Projects/Wisconsin Robotics/WRoverSoftware_25-26/install/object_detection_msgs/lib:${LD_LIBRARY_PATH} PS1=(.venv) \[\e]0;\u@\h: \w\a\]${debian_chroot:+($debian_chroot)}\[\033[01;32m\]\u@\h\[\033[00m\]:\[\033[01;34m\]\w\[\033[00m\]\$ PYTHONPATH=/home/david-wang/Desktop/Projects/Wisconsin Robotics/WRoverSoftware_25-26/build/object_detection/prefix_override:/home/david-wang/.venv/lib/python3.12/site-packages/colcon_core/task/python/colcon_distutils_commands:/home/david-wang/Desktop/Projects/Wisconsin Robotics/WRoverSoftware_25-26/install/object_detection/lib/python3.12/site-packages:/home/david-wang/Desktop/Projects/Wisconsin Robotics/WRoverSoftware_25-26/install/object_detection_msgs/lib/python3.12/site-packages:/opt/ros/jazzy/lib/python3.12/site-packages:/home/david-wang/.venv/lib/python3.12/site-packages VIRTUAL_ENV_PROMPT=(.venv) /home/david-wang/.venv/bin/python3 -W ignore:setup.py install is deprecated -W ignore:easy_install command is deprecated setup.py egg_info --egg-base ../../build/object_detection build --build-base /home/david-wang/Desktop/Projects/Wisconsin Robotics/WRoverSoftware_25-26/build/object_detection/build install --record /home/david-wang/Desktop/Projects/Wisconsin Robotics/WRoverSoftware_25-26/build/object_detection/install.log --single-version-externally-managed install_data
[0.832s] running egg_info
[0.846s] creating ../../build/object_detection/object_detection.egg-info
[0.846s] writing ../../build/object_detection/object_detection.egg-info/PKG-INFO
[0.846s] writing dependency_links to ../../build/object_detection/object_detection.egg-info/dependency_links.txt
[0.847s] writing entry points to ../../build/object_detection/object_detection.egg-info/entry_points.txt
[0.847s] writing requirements to ../../build/object_detection/object_detection.egg-info/requires.txt
[0.847s] writing top-level names to ../../build/object_detection/object_detection.egg-info/top_level.txt
[0.847s] writing manifest file '../../build/object_detection/object_detection.egg-info/SOURCES.txt'
[0.876s] reading manifest file '../../build/object_detection/object_detection.egg-info/SOURCES.txt'
[0.877s] adding license file 'LICENSE'
[0.877s] writing manifest file '../../build/object_detection/object_detection.egg-info/SOURCES.txt'
[0.877s] running build
[0.878s] running build_py
[0.878s] creating /home/david-wang/Desktop/Projects/Wisconsin Robotics/WRoverSoftware_25-26/build/object_detection/build/lib/object_detection
[0.878s] copying object_detection/bottle.py -> /home/david-wang/Desktop/Projects/Wisconsin Robotics/WRoverSoftware_25-26/build/object_detection/build/lib/object_detection
[0.878s] copying object_detection/__init__.py -> /home/david-wang/Desktop/Projects/Wisconsin Robotics/WRoverSoftware_25-26/build/object_detection/build/lib/object_detection
[0.878s] copying object_detection/mallet.py -> /home/david-wang/Desktop/Projects/Wisconsin Robotics/WRoverSoftware_25-26/build/object_detection/build/lib/object_detection
[0.878s] copying object_detection/hammer.py -> /home/david-wang/Desktop/Projects/Wisconsin Robotics/WRoverSoftware_25-26/build/object_detection/build/lib/object_detection
[0.878s] running install
[0.881s] running install_lib
[0.896s] creating /home/david-wang/Desktop/Projects/Wisconsin Robotics/WRoverSoftware_25-26/install/object_detection/lib/python3.12/site-packages/object_detection
[0.896s] copying /home/david-wang/Desktop/Projects/Wisconsin Robotics/WRoverSoftware_25-26/build/object_detection/build/lib/object_detection/bottle.py -> /home/david-wang/Desktop/Projects/Wisconsin Robotics/WRoverSoftware_25-26/install/object_detection/lib/python3.12/site-packages/object_detection
[0.896s] copying /home/david-wang/Desktop/Projects/Wisconsin Robotics/WRoverSoftware_25-26/build/object_detection/build/lib/object_detection/__init__.py -> /home/david-wang/Desktop/Projects/Wisconsin Robotics/WRoverSoftware_25-26/install/object_detection/lib/python3.12/site-packages/object_detection
[0.896s] copying /home/david-wang/Desktop/Projects/Wisconsin Robotics/WRoverSoftware_25-26/build/object_detection/build/lib/object_detection/mallet.py -> /home/david-wang/Desktop/Projects/Wisconsin Robotics/WRoverSoftware_25-26/install/object_detection/lib/python3.12/site-packages/object_detection
[0.897s] copying /home/david-wang/Desktop/Projects/Wisconsin Robotics/WRoverSoftware_25-26/build/object_detection/build/lib/object_detection/hammer.py -> /home/david-wang/Desktop/Projects/Wisconsin Robotics/WRoverSoftware_25-26/install/object_detection/lib/python3.12/site-packages/object_detection
[0.897s] byte-compiling /home/david-wang/Desktop/Projects/Wisconsin Robotics/WRoverSoftware_25-26/install/object_detection/lib/python3.12/site-packages/object_detection/bottle.py to bottle.cpython-312.pyc
[0.897s] byte-compiling /home/david-wang/Desktop/Projects/Wisconsin Robotics/WRoverSoftware_25-26/install/object_detection/lib/python3.12/site-packages/object_detection/__init__.py to __init__.cpython-312.pyc
[0.897s] byte-compiling /home/david-wang/Desktop/Projects/Wisconsin Robotics/WRoverSoftware_25-26/install/object_detection/lib/python3.12/site-packages/object_detection/mallet.py to mallet.cpython-312.pyc
[0.897s] byte-compiling /home/david-wang/Desktop/Projects/Wisconsin Robotics/WRoverSoftware_25-26/install/object_detection/lib/python3.12/site-packages/object_detection/hammer.py to hammer.cpython-312.pyc
[0.898s] running install_data
[0.898s] creating /home/david-wang/Desktop/Projects/Wisconsin Robotics/WRoverSoftware_25-26/install/object_detection/share/ament_index/resource_index/packages
[0.898s] copying resource/object_detection -> /home/david-wang/Desktop/Projects/Wisconsin Robotics/WRoverSoftware_25-26/install/object_detection/share/ament_index/resource_index/packages
[0.898s] copying package.xml -> /home/david-wang/Desktop/Projects/Wisconsin Robotics/WRoverSoftware_25-26/install/object_detection/share/object_detection
[0.898s] creating /home/david-wang/Desktop/Projects/Wisconsin Robotics/WRoverSoftware_25-26/install/object_detection/share/object_detection/resource
[0.898s] copying resource/mallet.blob -> /home/david-wang/Desktop/Projects/Wisconsin Robotics/WRoverSoftware_25-26/install/object_detection/share/object_detection/resource
[0.906s] copying resource/hammer.blob -> /home/david-wang/Desktop/Projects/Wisconsin Robotics/WRoverSoftware_25-26/install/object_detection/share/object_detection/resource
[0.914s] copying resource/bottle.blob -> /home/david-wang/Desktop/Projects/Wisconsin Robotics/WRoverSoftware_25-26/install/object_detection/share/object_detection/resource
[0.921s] running install_egg_info
[0.941s] Copying ../../build/object_detection/object_detection.egg-info to /home/david-wang/Desktop/Projects/Wisconsin Robotics/WRoverSoftware_25-26/install/object_detection/lib/python3.12/site-packages/object_detection-0.0.0-py3.12.egg-info
[0.941s] running install_scripts
[1.021s] Installing bottle script to /home/david-wang/Desktop/Projects/Wisconsin Robotics/WRoverSoftware_25-26/install/object_detection/lib/object_detection
[1.021s] Installing hammer script to /home/david-wang/Desktop/Projects/Wisconsin Robotics/WRoverSoftware_25-26/install/object_detection/lib/object_detection
[1.021s] Installing mallet script to /home/david-wang/Desktop/Projects/Wisconsin Robotics/WRoverSoftware_25-26/install/object_detection/lib/object_detection
[1.021s] writing list of installed files to '/home/david-wang/Desktop/Projects/Wisconsin Robotics/WRoverSoftware_25-26/build/object_detection/install.log'
[1.052s] Invoked command in '/home/david-wang/Desktop/Projects/Wisconsin Robotics/WRoverSoftware_25-26/src/object_detection' returned '0': AMENT_PREFIX_PATH=/home/david-wang/Desktop/Projects/Wisconsin Robotics/WRoverSoftware_25-26/install/object_detection_msgs:${AMENT_PREFIX_PATH} CMAKE_PREFIX_PATH=/home/david-wang/Desktop/Projects/Wisconsin Robotics/WRoverSoftware_25-26/install/object_detection_msgs DEBUGINFOD_URLS=https://debuginfod.ubuntu.com LD_LIBRARY_PATH=/home/david-wang/Desktop/Projects/Wisconsin Robotics/WRoverSoftware_25-26/install/object_detection_msgs/lib:${LD_LIBRARY_PATH} PS1=(.venv) \[\e]0;\u@\h: \w\a\]${debian_chroot:+($debian_chroot)}\[\033[01;32m\]\u@\h\[\033[00m\]:\[\033[01;34m\]\w\[\033[00m\]\$ PYTHONPATH=/home/david-wang/Desktop/Projects/Wisconsin Robotics/WRoverSoftware_25-26/build/object_detection/prefix_override:/home/david-wang/.venv/lib/python3.12/site-packages/colcon_core/task/python/colcon_distutils_commands:/home/david-wang/Desktop/Projects/Wisconsin Robotics/WRoverSoftware_25-26/install/object_detection/lib/python3.12/site-packages:/home/david-wang/Desktop/Projects/Wisconsin Robotics/WRoverSoftware_25-26/install/object_detection_msgs/lib/python3.12/site-packages:/opt/ros/jazzy/lib/python3.12/site-packages:/home/david-wang/.venv/lib/python3.12/site-packages VIRTUAL_ENV_PROMPT=(.venv) /home/david-wang/.venv/bin/python3 -W ignore:setup.py install is deprecated -W ignore:easy_install command is deprecated setup.py egg_info --egg-base ../../build/object_detection build --build-base /home/david-wang/Desktop/Projects/Wisconsin Robotics/WRoverSoftware_25-26/build/object_detection/build install --record /home/david-wang/Desktop/Projects/Wisconsin Robotics/WRoverSoftware_25-26/build/object_detection/install.log --single-version-externally-managed install_data
