[0.256s] Invoking command in '/home/wizk/Desktop/Robotics/WRoverSoftware_25-26/build/wr_imu_compass': CMAKE_PREFIX_PATH=/opt/ros/humble /usr/bin/cmake /home/wizk/Desktop/Robotics/WRoverSoftware_25-26/src/wr_imu_compass -DCMAKE_INSTALL_PREFIX=/home/wizk/Desktop/Robotics/WRoverSoftware_25-26/install/wr_imu_compass
[0.537s] -- Found ament_cmake: 1.3.12 (/opt/ros/humble/share/ament_cmake/cmake)
[0.537s] -- Found rclcpp: 16.0.15 (/opt/ros/humble/share/rclcpp/cmake)
[0.548s] -- Found rosidl_generator_c: 3.1.7 (/opt/ros/humble/share/rosidl_generator_c/cmake)
[0.549s] -- Found rosidl_adapter: 3.1.7 (/opt/ros/humble/share/rosidl_adapter/cmake)
[0.554s] -- Found rosidl_generator_cpp: 3.1.7 (/opt/ros/humble/share/rosidl_generator_cpp/cmake)
[0.562s] -- Using all available rosidl_typesupport_c: rosidl_typesupport_fastrtps_c;rosidl_typesupport_introspection_c
[0.573s] -- Using all available rosidl_typesupport_cpp: rosidl_typesupport_fastrtps_cpp;rosidl_typesupport_introspection_cpp
[0.599s] -- Found rmw_implementation_cmake: 6.1.2 (/opt/ros/humble/share/rmw_implementation_cmake/cmake)
[0.600s] -- Found rmw_fastrtps_cpp: 6.2.8 (/opt/ros/humble/share/rmw_fastrtps_cpp/cmake)
[0.711s] -- Using RMW implementation 'rmw_fastrtps_cpp' as default
[0.772s] [31mCMake Error at CMakeLists.txt:14 (find_package):
[0.772s]   By not providing "Findphoenix6.cmake" in CMAKE_MODULE_PATH this project has
[0.772s]   asked CMake to find a package configuration file provided by "phoenix6",
[0.772s]   but CMake did not find one.
[0.773s] 
[0.773s]   Could not find a package configuration file provided by "phoenix6" with any
[0.773s]   of the following names:
[0.773s] 
[0.773s]     phoenix6Config.cmake
[0.773s]     phoenix6-config.cmake
[0.773s] 
[0.773s]   Add the installation prefix of "phoenix6" to CMAKE_PREFIX_PATH or set
[0.773s]   "phoenix6_DIR" to a directory containing one of the above files.  If
[0.773s]   "phoenix6" provides a separate development package or SDK, be sure it has
[0.773s]   been installed.
[0.773s] 
[0.773s] [0m
[0.773s] -- Configuring incomplete, errors occurred!
[0.773s] See also "/home/wizk/Desktop/Robotics/WRoverSoftware_25-26/build/wr_imu_compass/CMakeFiles/CMakeOutput.log".
[0.824s] Invoked command in '/home/wizk/Desktop/Robotics/WRoverSoftware_25-26/build/wr_imu_compass' returned '1': CMAKE_PREFIX_PATH=/opt/ros/humble /usr/bin/cmake /home/wizk/Desktop/Robotics/WRoverSoftware_25-26/src/wr_imu_compass -DCMAKE_INSTALL_PREFIX=/home/wizk/Desktop/Robotics/WRoverSoftware_25-26/install/wr_imu_compass
