[1.087s] Invoking command in '/home/teggatz/documents/WRoverSoftware_25-26/src/telemetry': PYTHONPATH=/home/teggatz/documents/WRoverSoftware_25-26/build/telemetry/prefix_override:/usr/lib/python3/dist-packages/colcon_core/task/python/colcon_distutils_commands:/home/teggatz/documents/WRoverSoftware_25-26/install/telemetry/lib/python3.10/site-packages:${PYTHONPATH} /usr/bin/python3 -W ignore:setup.py install is deprecated -W ignore:easy_install command is deprecated setup.py egg_info --egg-base ../../build/telemetry build --build-base /home/teggatz/documents/WRoverSoftware_25-26/build/telemetry/build install --record /home/teggatz/documents/WRoverSoftware_25-26/build/telemetry/install.log --single-version-externally-managed install_data
[1.295s] running egg_info
[1.297s] writing ../../build/telemetry/telemetry.egg-info/PKG-INFO
[1.299s] writing dependency_links to ../../build/telemetry/telemetry.egg-info/dependency_links.txt
[1.299s] writing entry points to ../../build/telemetry/telemetry.egg-info/entry_points.txt
[1.299s] writing requirements to ../../build/telemetry/telemetry.egg-info/requires.txt
[1.300s] writing top-level names to ../../build/telemetry/telemetry.egg-info/top_level.txt
[1.302s] reading manifest file '../../build/telemetry/telemetry.egg-info/SOURCES.txt'
[1.304s] writing manifest file '../../build/telemetry/telemetry.egg-info/SOURCES.txt'
[1.304s] running build
[1.304s] running build_py
[1.305s] copying telemetry/battery_data_sender.py -> /home/teggatz/documents/WRoverSoftware_25-26/build/telemetry/build/lib/telemetry
[1.306s] running install
[1.307s] running install_lib
[1.308s] copying /home/teggatz/documents/WRoverSoftware_25-26/build/telemetry/build/lib/telemetry/battery_data_sender.py -> /home/teggatz/documents/WRoverSoftware_25-26/install/telemetry/lib/python3.10/site-packages/telemetry
[1.310s] byte-compiling /home/teggatz/documents/WRoverSoftware_25-26/install/telemetry/lib/python3.10/site-packages/telemetry/battery_data_sender.py to battery_data_sender.cpython-310.pyc
[1.312s] running install_data
[1.316s] running install_egg_info
[1.316s] removing '/home/teggatz/documents/WRoverSoftware_25-26/install/telemetry/lib/python3.10/site-packages/telemetry-0.0.0-py3.10.egg-info' (and everything under it)
[1.317s] Copying ../../build/telemetry/telemetry.egg-info to /home/teggatz/documents/WRoverSoftware_25-26/install/telemetry/lib/python3.10/site-packages/telemetry-0.0.0-py3.10.egg-info
[1.321s] running install_scripts
[1.341s] Installing battery_data_sender script to /home/teggatz/documents/WRoverSoftware_25-26/install/telemetry/lib/telemetry
[1.342s] writing list of installed files to '/home/teggatz/documents/WRoverSoftware_25-26/build/telemetry/install.log'
[1.370s] Invoked command in '/home/teggatz/documents/WRoverSoftware_25-26/src/telemetry' returned '0': PYTHONPATH=/home/teggatz/documents/WRoverSoftware_25-26/build/telemetry/prefix_override:/usr/lib/python3/dist-packages/colcon_core/task/python/colcon_distutils_commands:/home/teggatz/documents/WRoverSoftware_25-26/install/telemetry/lib/python3.10/site-packages:${PYTHONPATH} /usr/bin/python3 -W ignore:setup.py install is deprecated -W ignore:easy_install command is deprecated setup.py egg_info --egg-base ../../build/telemetry build --build-base /home/teggatz/documents/WRoverSoftware_25-26/build/telemetry/build install --record /home/teggatz/documents/WRoverSoftware_25-26/build/telemetry/install.log --single-version-externally-managed install_data
