[1.286s] Invoking command in '/home/wizk/Desktop/Robotics/WRoverSoftware_25-26/src/wr_swerve_motor': PYTHONPATH=/home/wizk/Desktop/Robotics/WRoverSoftware_25-26/build/wr_swerve_motor/prefix_override:/usr/lib/python3/dist-packages/colcon_core/task/python/colcon_distutils_commands:/home/wizk/Desktop/Robotics/WRoverSoftware_25-26/install/wr_swerve_motor/lib/python3.10/site-packages:${PYTHONPATH} /usr/bin/python3 -W ignore:setup.py install is deprecated -W ignore:easy_install command is deprecated setup.py egg_info --egg-base ../../build/wr_swerve_motor build --build-base /home/wizk/Desktop/Robotics/WRoverSoftware_25-26/build/wr_swerve_motor/build install --record /home/wizk/Desktop/Robotics/WRoverSoftware_25-26/build/wr_swerve_motor/install.log --single-version-externally-managed install_data
[1.624s] running egg_info
[1.625s] creating ../../build/wr_swerve_motor/wr_swerve_motor.egg-info
[1.625s] writing ../../build/wr_swerve_motor/wr_swerve_motor.egg-info/PKG-INFO
[1.626s] writing dependency_links to ../../build/wr_swerve_motor/wr_swerve_motor.egg-info/dependency_links.txt
[1.626s] writing entry points to ../../build/wr_swerve_motor/wr_swerve_motor.egg-info/entry_points.txt
[1.627s] writing requirements to ../../build/wr_swerve_motor/wr_swerve_motor.egg-info/requires.txt
[1.627s] writing top-level names to ../../build/wr_swerve_motor/wr_swerve_motor.egg-info/top_level.txt
[1.627s] writing manifest file '../../build/wr_swerve_motor/wr_swerve_motor.egg-info/SOURCES.txt'
[1.628s] reading manifest file '../../build/wr_swerve_motor/wr_swerve_motor.egg-info/SOURCES.txt'
[1.628s] adding license file 'LICENSE'
[1.629s] writing manifest file '../../build/wr_swerve_motor/wr_swerve_motor.egg-info/SOURCES.txt'
[1.630s] running build
[1.630s] running build_py
[1.630s] creating /home/wizk/Desktop/Robotics/WRoverSoftware_25-26/build/wr_swerve_motor/build
[1.630s] creating /home/wizk/Desktop/Robotics/WRoverSoftware_25-26/build/wr_swerve_motor/build/lib
[1.630s] creating /home/wizk/Desktop/Robotics/WRoverSoftware_25-26/build/wr_swerve_motor/build/lib/wr_swerve_motor
[1.631s] copying wr_swerve_motor/swerve_motor.py -> /home/wizk/Desktop/Robotics/WRoverSoftware_25-26/build/wr_swerve_motor/build/lib/wr_swerve_motor
[1.631s] copying wr_swerve_motor/__init__.py -> /home/wizk/Desktop/Robotics/WRoverSoftware_25-26/build/wr_swerve_motor/build/lib/wr_swerve_motor
[1.631s] running install
[1.632s] running install_lib
[1.632s] creating /home/wizk/Desktop/Robotics/WRoverSoftware_25-26/install/wr_swerve_motor/lib/python3.10/site-packages/wr_swerve_motor
[1.633s] copying /home/wizk/Desktop/Robotics/WRoverSoftware_25-26/build/wr_swerve_motor/build/lib/wr_swerve_motor/swerve_motor.py -> /home/wizk/Desktop/Robotics/WRoverSoftware_25-26/install/wr_swerve_motor/lib/python3.10/site-packages/wr_swerve_motor
[1.633s] copying /home/wizk/Desktop/Robotics/WRoverSoftware_25-26/build/wr_swerve_motor/build/lib/wr_swerve_motor/__init__.py -> /home/wizk/Desktop/Robotics/WRoverSoftware_25-26/install/wr_swerve_motor/lib/python3.10/site-packages/wr_swerve_motor
[1.633s] byte-compiling /home/wizk/Desktop/Robotics/WRoverSoftware_25-26/install/wr_swerve_motor/lib/python3.10/site-packages/wr_swerve_motor/swerve_motor.py to swerve_motor.cpython-310.pyc
[1.634s] byte-compiling /home/wizk/Desktop/Robotics/WRoverSoftware_25-26/install/wr_swerve_motor/lib/python3.10/site-packages/wr_swerve_motor/__init__.py to __init__.cpython-310.pyc
[1.635s] running install_data
[1.635s] creating /home/wizk/Desktop/Robotics/WRoverSoftware_25-26/install/wr_swerve_motor/share/ament_index
[1.635s] creating /home/wizk/Desktop/Robotics/WRoverSoftware_25-26/install/wr_swerve_motor/share/ament_index/resource_index
[1.635s] creating /home/wizk/Desktop/Robotics/WRoverSoftware_25-26/install/wr_swerve_motor/share/ament_index/resource_index/packages
[1.635s] copying resource/wr_swerve_motor -> /home/wizk/Desktop/Robotics/WRoverSoftware_25-26/install/wr_swerve_motor/share/ament_index/resource_index/packages
[1.636s] copying package.xml -> /home/wizk/Desktop/Robotics/WRoverSoftware_25-26/install/wr_swerve_motor/share/wr_swerve_motor
[1.636s] running install_egg_info
[1.638s] Copying ../../build/wr_swerve_motor/wr_swerve_motor.egg-info to /home/wizk/Desktop/Robotics/WRoverSoftware_25-26/install/wr_swerve_motor/lib/python3.10/site-packages/wr_swerve_motor-0.0.0-py3.10.egg-info
[1.639s] running install_scripts
[1.661s] Installing swerve_motor script to /home/wizk/Desktop/Robotics/WRoverSoftware_25-26/install/wr_swerve_motor/lib/wr_swerve_motor
[1.662s] writing list of installed files to '/home/wizk/Desktop/Robotics/WRoverSoftware_25-26/build/wr_swerve_motor/install.log'
[1.776s] Invoked command in '/home/wizk/Desktop/Robotics/WRoverSoftware_25-26/src/wr_swerve_motor' returned '0': PYTHONPATH=/home/wizk/Desktop/Robotics/WRoverSoftware_25-26/build/wr_swerve_motor/prefix_override:/usr/lib/python3/dist-packages/colcon_core/task/python/colcon_distutils_commands:/home/wizk/Desktop/Robotics/WRoverSoftware_25-26/install/wr_swerve_motor/lib/python3.10/site-packages:${PYTHONPATH} /usr/bin/python3 -W ignore:setup.py install is deprecated -W ignore:easy_install command is deprecated setup.py egg_info --egg-base ../../build/wr_swerve_motor build --build-base /home/wizk/Desktop/Robotics/WRoverSoftware_25-26/build/wr_swerve_motor/build install --record /home/wizk/Desktop/Robotics/WRoverSoftware_25-26/build/wr_swerve_motor/install.log --single-version-externally-managed install_data
