[1.258s] Invoking command in '/home/wizk/Desktop/Robotics/WRoverSoftware_25-26/src/wr_swerve_control': PYTHONPATH=/home/wizk/Desktop/Robotics/WRoverSoftware_25-26/build/wr_swerve_control/prefix_override:/usr/lib/python3/dist-packages/colcon_core/task/python/colcon_distutils_commands:/home/wizk/Desktop/Robotics/WRoverSoftware_25-26/install/wr_swerve_control/lib/python3.10/site-packages:${PYTHONPATH} /usr/bin/python3 -W ignore:setup.py install is deprecated -W ignore:easy_install command is deprecated setup.py egg_info --egg-base ../../build/wr_swerve_control build --build-base /home/wizk/Desktop/Robotics/WRoverSoftware_25-26/build/wr_swerve_control/build install --record /home/wizk/Desktop/Robotics/WRoverSoftware_25-26/build/wr_swerve_control/install.log --single-version-externally-managed install_data
[1.450s] running egg_info
[1.451s] creating ../../build/wr_swerve_control/wr_swerve_control.egg-info
[1.451s] writing ../../build/wr_swerve_control/wr_swerve_control.egg-info/PKG-INFO
[1.452s] writing dependency_links to ../../build/wr_swerve_control/wr_swerve_control.egg-info/dependency_links.txt
[1.452s] writing entry points to ../../build/wr_swerve_control/wr_swerve_control.egg-info/entry_points.txt
[1.453s] writing requirements to ../../build/wr_swerve_control/wr_swerve_control.egg-info/requires.txt
[1.453s] writing top-level names to ../../build/wr_swerve_control/wr_swerve_control.egg-info/top_level.txt
[1.453s] writing manifest file '../../build/wr_swerve_control/wr_swerve_control.egg-info/SOURCES.txt'
[1.455s] reading manifest file '../../build/wr_swerve_control/wr_swerve_control.egg-info/SOURCES.txt'
[1.455s] adding license file 'LICENSE'
[1.455s] writing manifest file '../../build/wr_swerve_control/wr_swerve_control.egg-info/SOURCES.txt'
[1.456s] running build
[1.456s] running build_py
[1.456s] creating /home/wizk/Desktop/Robotics/WRoverSoftware_25-26/build/wr_swerve_control/build
[1.456s] creating /home/wizk/Desktop/Robotics/WRoverSoftware_25-26/build/wr_swerve_control/build/lib
[1.456s] creating /home/wizk/Desktop/Robotics/WRoverSoftware_25-26/build/wr_swerve_control/build/lib/wr_swerve_control
[1.456s] copying wr_swerve_control/swerve_control.py -> /home/wizk/Desktop/Robotics/WRoverSoftware_25-26/build/wr_swerve_control/build/lib/wr_swerve_control
[1.456s] copying wr_swerve_control/__init__.py -> /home/wizk/Desktop/Robotics/WRoverSoftware_25-26/build/wr_swerve_control/build/lib/wr_swerve_control
[1.457s] running install
[1.457s] running install_lib
[1.457s] creating /home/wizk/Desktop/Robotics/WRoverSoftware_25-26/install/wr_swerve_control/lib/python3.10/site-packages/wr_swerve_control
[1.457s] copying /home/wizk/Desktop/Robotics/WRoverSoftware_25-26/build/wr_swerve_control/build/lib/wr_swerve_control/swerve_control.py -> /home/wizk/Desktop/Robotics/WRoverSoftware_25-26/install/wr_swerve_control/lib/python3.10/site-packages/wr_swerve_control
[1.458s] copying /home/wizk/Desktop/Robotics/WRoverSoftware_25-26/build/wr_swerve_control/build/lib/wr_swerve_control/__init__.py -> /home/wizk/Desktop/Robotics/WRoverSoftware_25-26/install/wr_swerve_control/lib/python3.10/site-packages/wr_swerve_control
[1.458s] byte-compiling /home/wizk/Desktop/Robotics/WRoverSoftware_25-26/install/wr_swerve_control/lib/python3.10/site-packages/wr_swerve_control/swerve_control.py to swerve_control.cpython-310.pyc
[1.459s] byte-compiling /home/wizk/Desktop/Robotics/WRoverSoftware_25-26/install/wr_swerve_control/lib/python3.10/site-packages/wr_swerve_control/__init__.py to __init__.cpython-310.pyc
[1.459s] running install_data
[1.459s] creating /home/wizk/Desktop/Robotics/WRoverSoftware_25-26/install/wr_swerve_control/share/ament_index
[1.459s] creating /home/wizk/Desktop/Robotics/WRoverSoftware_25-26/install/wr_swerve_control/share/ament_index/resource_index
[1.459s] creating /home/wizk/Desktop/Robotics/WRoverSoftware_25-26/install/wr_swerve_control/share/ament_index/resource_index/packages
[1.459s] copying resource/wr_swerve_control -> /home/wizk/Desktop/Robotics/WRoverSoftware_25-26/install/wr_swerve_control/share/ament_index/resource_index/packages
[1.459s] copying package.xml -> /home/wizk/Desktop/Robotics/WRoverSoftware_25-26/install/wr_swerve_control/share/wr_swerve_control
[1.459s] running install_egg_info
[1.461s] Copying ../../build/wr_swerve_control/wr_swerve_control.egg-info to /home/wizk/Desktop/Robotics/WRoverSoftware_25-26/install/wr_swerve_control/lib/python3.10/site-packages/wr_swerve_control-0.0.0-py3.10.egg-info
[1.461s] running install_scripts
[1.480s] Installing swerve_control script to /home/wizk/Desktop/Robotics/WRoverSoftware_25-26/install/wr_swerve_control/lib/wr_swerve_control
[1.481s] writing list of installed files to '/home/wizk/Desktop/Robotics/WRoverSoftware_25-26/build/wr_swerve_control/install.log'
[1.503s] Invoked command in '/home/wizk/Desktop/Robotics/WRoverSoftware_25-26/src/wr_swerve_control' returned '0': PYTHONPATH=/home/wizk/Desktop/Robotics/WRoverSoftware_25-26/build/wr_swerve_control/prefix_override:/usr/lib/python3/dist-packages/colcon_core/task/python/colcon_distutils_commands:/home/wizk/Desktop/Robotics/WRoverSoftware_25-26/install/wr_swerve_control/lib/python3.10/site-packages:${PYTHONPATH} /usr/bin/python3 -W ignore:setup.py install is deprecated -W ignore:easy_install command is deprecated setup.py egg_info --egg-base ../../build/wr_swerve_control build --build-base /home/wizk/Desktop/Robotics/WRoverSoftware_25-26/build/wr_swerve_control/build install --record /home/wizk/Desktop/Robotics/WRoverSoftware_25-26/build/wr_swerve_control/install.log --single-version-externally-managed install_data
