[1.092s] Invoking command in '/home/david-wang/Desktop/Projects/Wisconsin Robotics/WRoverSoftware_25-26/src/object_detection': AMENT_PREFIX_PATH=/home/david-wang/Desktop/Projects/Wisconsin Robotics/WRoverSoftware_25-26/install/object_detection_msgs:${AMENT_PREFIX_PATH} CMAKE_PREFIX_PATH=/home/david-wang/Desktop/Projects/Wisconsin Robotics/WRoverSoftware_25-26/install/object_detection_msgs DEBUGINFOD_URLS=https://debuginfod.ubuntu.com LD_LIBRARY_PATH=/home/david-wang/Desktop/Projects/Wisconsin Robotics/WRoverSoftware_25-26/install/object_detection_msgs/lib:${LD_LIBRARY_PATH} PS1=(.venv) \[\e]0;\u@\h: \w\a\]${debian_chroot:+($debian_chroot)}\[\033[01;32m\]\u@\h\[\033[00m\]:\[\033[01;34m\]\w\[\033[00m\]\$ PYTHONPATH=/home/david-wang/Desktop/Projects/Wisconsin Robotics/WRoverSoftware_25-26/build/object_detection/prefix_override:/home/david-wang/.venv/lib/python3.12/site-packages/colcon_core/task/python/colcon_distutils_commands:/home/david-wang/Desktop/Projects/Wisconsin Robotics/WRoverSoftware_25-26/install/object_detection/lib/python3.12/site-packages:/home/david-wang/Desktop/Projects/Wisconsin Robotics/WRoverSoftware_25-26/install/object_detection_msgs/lib/python3.12/site-packages:/opt/ros/jazzy/lib/python3.12/site-packages:/home/david-wang/.venv/lib/python3.12/site-packages VIRTUAL_ENV_PROMPT=(.venv) /home/david-wang/.venv/bin/python3 -W ignore:setup.py install is deprecated -W ignore:easy_install command is deprecated setup.py egg_info --egg-base ../../build/object_detection build --build-base /home/david-wang/Desktop/Projects/Wisconsin Robotics/WRoverSoftware_25-26/build/object_detection/build install --record /home/david-wang/Desktop/Projects/Wisconsin Robotics/WRoverSoftware_25-26/build/object_detection/install.log --single-version-externally-managed install_data
[1.302s] running egg_info
[1.316s] writing ../../build/object_detection/object_detection.egg-info/PKG-INFO
[1.326s] writing dependency_links to ../../build/object_detection/object_detection.egg-info/dependency_links.txt
[1.326s] writing entry points to ../../build/object_detection/object_detection.egg-info/entry_points.txt
[1.326s] writing requirements to ../../build/object_detection/object_detection.egg-info/requires.txt
[1.327s] writing top-level names to ../../build/object_detection/object_detection.egg-info/top_level.txt
[1.359s] reading manifest file '../../build/object_detection/object_detection.egg-info/SOURCES.txt'
[1.359s] adding license file 'LICENSE'
[1.360s] writing manifest file '../../build/object_detection/object_detection.egg-info/SOURCES.txt'
[1.360s] running build
[1.360s] running build_py
[1.361s] copying object_detection/bottle.py -> /home/david-wang/Desktop/Projects/Wisconsin Robotics/WRoverSoftware_25-26/build/object_detection/build/lib/object_detection
[1.361s] copying object_detection/__init__.py -> /home/david-wang/Desktop/Projects/Wisconsin Robotics/WRoverSoftware_25-26/build/object_detection/build/lib/object_detection
[1.361s] copying object_detection/mallet.py -> /home/david-wang/Desktop/Projects/Wisconsin Robotics/WRoverSoftware_25-26/build/object_detection/build/lib/object_detection
[1.361s] copying object_detection/hammer.py -> /home/david-wang/Desktop/Projects/Wisconsin Robotics/WRoverSoftware_25-26/build/object_detection/build/lib/object_detection
[1.362s] running install
[1.365s] running install_lib
[1.382s] running install_data
[1.383s] copying resource/object_detection -> /home/david-wang/Desktop/Projects/Wisconsin Robotics/WRoverSoftware_25-26/install/object_detection/share/ament_index/resource_index/packages
[1.383s] copying package.xml -> /home/david-wang/Desktop/Projects/Wisconsin Robotics/WRoverSoftware_25-26/install/object_detection/share/object_detection
[1.383s] copying resource/mallet.blob -> /home/david-wang/Desktop/Projects/Wisconsin Robotics/WRoverSoftware_25-26/install/object_detection/share/object_detection/resource
[1.390s] copying resource/hammer.blob -> /home/david-wang/Desktop/Projects/Wisconsin Robotics/WRoverSoftware_25-26/install/object_detection/share/object_detection/resource
[1.396s] copying resource/bottle.blob -> /home/david-wang/Desktop/Projects/Wisconsin Robotics/WRoverSoftware_25-26/install/object_detection/share/object_detection/resource
[1.402s] running install_egg_info
[1.419s] removing '/home/david-wang/Desktop/Projects/Wisconsin Robotics/WRoverSoftware_25-26/install/object_detection/lib/python3.12/site-packages/object_detection-0.0.0-py3.12.egg-info' (and everything under it)
[1.419s] Copying ../../build/object_detection/object_detection.egg-info to /home/david-wang/Desktop/Projects/Wisconsin Robotics/WRoverSoftware_25-26/install/object_detection/lib/python3.12/site-packages/object_detection-0.0.0-py3.12.egg-info
[1.420s] running install_scripts
[1.499s] Installing bottle script to /home/david-wang/Desktop/Projects/Wisconsin Robotics/WRoverSoftware_25-26/install/object_detection/lib/object_detection
[1.499s] Installing hammer script to /home/david-wang/Desktop/Projects/Wisconsin Robotics/WRoverSoftware_25-26/install/object_detection/lib/object_detection
[1.500s] Installing mallet script to /home/david-wang/Desktop/Projects/Wisconsin Robotics/WRoverSoftware_25-26/install/object_detection/lib/object_detection
[1.500s] writing list of installed files to '/home/david-wang/Desktop/Projects/Wisconsin Robotics/WRoverSoftware_25-26/build/object_detection/install.log'
[1.535s] Invoked command in '/home/david-wang/Desktop/Projects/Wisconsin Robotics/WRoverSoftware_25-26/src/object_detection' returned '0': AMENT_PREFIX_PATH=/home/david-wang/Desktop/Projects/Wisconsin Robotics/WRoverSoftware_25-26/install/object_detection_msgs:${AMENT_PREFIX_PATH} CMAKE_PREFIX_PATH=/home/david-wang/Desktop/Projects/Wisconsin Robotics/WRoverSoftware_25-26/install/object_detection_msgs DEBUGINFOD_URLS=https://debuginfod.ubuntu.com LD_LIBRARY_PATH=/home/david-wang/Desktop/Projects/Wisconsin Robotics/WRoverSoftware_25-26/install/object_detection_msgs/lib:${LD_LIBRARY_PATH} PS1=(.venv) \[\e]0;\u@\h: \w\a\]${debian_chroot:+($debian_chroot)}\[\033[01;32m\]\u@\h\[\033[00m\]:\[\033[01;34m\]\w\[\033[00m\]\$ PYTHONPATH=/home/david-wang/Desktop/Projects/Wisconsin Robotics/WRoverSoftware_25-26/build/object_detection/prefix_override:/home/david-wang/.venv/lib/python3.12/site-packages/colcon_core/task/python/colcon_distutils_commands:/home/david-wang/Desktop/Projects/Wisconsin Robotics/WRoverSoftware_25-26/install/object_detection/lib/python3.12/site-packages:/home/david-wang/Desktop/Projects/Wisconsin Robotics/WRoverSoftware_25-26/install/object_detection_msgs/lib/python3.12/site-packages:/opt/ros/jazzy/lib/python3.12/site-packages:/home/david-wang/.venv/lib/python3.12/site-packages VIRTUAL_ENV_PROMPT=(.venv) /home/david-wang/.venv/bin/python3 -W ignore:setup.py install is deprecated -W ignore:easy_install command is deprecated setup.py egg_info --egg-base ../../build/object_detection build --build-base /home/david-wang/Desktop/Projects/Wisconsin Robotics/WRoverSoftware_25-26/build/object_detection/build install --record /home/david-wang/Desktop/Projects/Wisconsin Robotics/WRoverSoftware_25-26/build/object_detection/install.log --single-version-externally-managed install_data
