[0.308s] Invoking command in '/home/teggatz/documents/WRoverSoftware_25-26/src/telemetry': PYTHONPATH=/home/teggatz/documents/WRoverSoftware_25-26/build/telemetry/prefix_override:/usr/lib/python3/dist-packages/colcon_core/task/python/colcon_distutils_commands:/home/teggatz/documents/WRoverSoftware_25-26/install/telemetry/lib/python3.10/site-packages:${PYTHONPATH} /usr/bin/python3 -W ignore:setup.py install is deprecated -W ignore:easy_install command is deprecated setup.py egg_info --egg-base ../../build/telemetry build --build-base /home/teggatz/documents/WRoverSoftware_25-26/build/telemetry/build install --record /home/teggatz/documents/WRoverSoftware_25-26/build/telemetry/install.log --single-version-externally-managed install_data
[0.419s] running egg_info
[0.419s] creating ../../build/telemetry/telemetry.egg-info
[0.419s] writing ../../build/telemetry/telemetry.egg-info/PKG-INFO
[0.419s] writing dependency_links to ../../build/telemetry/telemetry.egg-info/dependency_links.txt
[0.419s] writing entry points to ../../build/telemetry/telemetry.egg-info/entry_points.txt
[0.419s] writing requirements to ../../build/telemetry/telemetry.egg-info/requires.txt
[0.419s] writing top-level names to ../../build/telemetry/telemetry.egg-info/top_level.txt
[0.419s] writing manifest file '../../build/telemetry/telemetry.egg-info/SOURCES.txt'
[0.419s] reading manifest file '../../build/telemetry/telemetry.egg-info/SOURCES.txt'
[0.419s] writing manifest file '../../build/telemetry/telemetry.egg-info/SOURCES.txt'
[0.420s] running build
[0.420s] running build_py
[0.420s] creating /home/teggatz/documents/WRoverSoftware_25-26/build/telemetry/build
[0.420s] creating /home/teggatz/documents/WRoverSoftware_25-26/build/telemetry/build/lib
[0.420s] creating /home/teggatz/documents/WRoverSoftware_25-26/build/telemetry/build/lib/telemetry
[0.420s] copying telemetry/battery_data_publisher.py -> /home/teggatz/documents/WRoverSoftware_25-26/build/telemetry/build/lib/telemetry
[0.421s] copying telemetry/__init__.py -> /home/teggatz/documents/WRoverSoftware_25-26/build/telemetry/build/lib/telemetry
[0.422s] running install
[0.422s] running install_lib
[0.423s] creating /home/teggatz/documents/WRoverSoftware_25-26/install/telemetry/lib/python3.10/site-packages/telemetry
[0.423s] copying /home/teggatz/documents/WRoverSoftware_25-26/build/telemetry/build/lib/telemetry/battery_data_publisher.py -> /home/teggatz/documents/WRoverSoftware_25-26/install/telemetry/lib/python3.10/site-packages/telemetry
[0.423s] copying /home/teggatz/documents/WRoverSoftware_25-26/build/telemetry/build/lib/telemetry/__init__.py -> /home/teggatz/documents/WRoverSoftware_25-26/install/telemetry/lib/python3.10/site-packages/telemetry
[0.424s] byte-compiling /home/teggatz/documents/WRoverSoftware_25-26/install/telemetry/lib/python3.10/site-packages/telemetry/battery_data_publisher.py to battery_data_publisher.cpython-310.pyc
[0.424s] byte-compiling /home/teggatz/documents/WRoverSoftware_25-26/install/telemetry/lib/python3.10/site-packages/telemetry/__init__.py to __init__.cpython-310.pyc
[0.424s] running install_data
[0.424s] creating /home/teggatz/documents/WRoverSoftware_25-26/install/telemetry/share/ament_index
[0.425s] creating /home/teggatz/documents/WRoverSoftware_25-26/install/telemetry/share/ament_index/resource_index
[0.425s] creating /home/teggatz/documents/WRoverSoftware_25-26/install/telemetry/share/ament_index/resource_index/packages
[0.425s] copying resource/telemetry -> /home/teggatz/documents/WRoverSoftware_25-26/install/telemetry/share/ament_index/resource_index/packages
[0.425s] copying package.xml -> /home/teggatz/documents/WRoverSoftware_25-26/install/telemetry/share/telemetry
[0.425s] running install_egg_info
[0.426s] Copying ../../build/telemetry/telemetry.egg-info to /home/teggatz/documents/WRoverSoftware_25-26/install/telemetry/lib/python3.10/site-packages/telemetry-0.0.0-py3.10.egg-info
[0.426s] running install_scripts
[0.438s] Installing battery_data_publisher script to /home/teggatz/documents/WRoverSoftware_25-26/install/telemetry/lib/telemetry
[0.439s] writing list of installed files to '/home/teggatz/documents/WRoverSoftware_25-26/build/telemetry/install.log'
[0.452s] Invoked command in '/home/teggatz/documents/WRoverSoftware_25-26/src/telemetry' returned '0': PYTHONPATH=/home/teggatz/documents/WRoverSoftware_25-26/build/telemetry/prefix_override:/usr/lib/python3/dist-packages/colcon_core/task/python/colcon_distutils_commands:/home/teggatz/documents/WRoverSoftware_25-26/install/telemetry/lib/python3.10/site-packages:${PYTHONPATH} /usr/bin/python3 -W ignore:setup.py install is deprecated -W ignore:easy_install command is deprecated setup.py egg_info --egg-base ../../build/telemetry build --build-base /home/teggatz/documents/WRoverSoftware_25-26/build/telemetry/build install --record /home/teggatz/documents/WRoverSoftware_25-26/build/telemetry/install.log --single-version-externally-managed install_data
