[0.023s] Invoking command in '/home/david-wang/Desktop/Projects/Wisconsin Robotics/WRoverSoftware_25-26/build/object_detection_msgs': CMAKE_PREFIX_PATH=/opt/ros/jazzy DEBUGINFOD_URLS=https://debuginfod.ubuntu.com PS1=(.venv) \[\e]0;\u@\h: \w\a\]${debian_chroot:+($debian_chroot)}\[\033[01;32m\]\u@\h\[\033[00m\]:\[\033[01;34m\]\w\[\033[00m\]\$ VIRTUAL_ENV_PROMPT=(.venv) /usr/bin/cmake --build /home/david-wang/Desktop/Projects/Wisconsin Robotics/WRoverSoftware_25-26/build/object_detection_msgs -- -j12 -l12
[0.150s] [  2%] Built target object_detection_msgs__rosidl_generator_type_description
[0.165s] [  2%] Built target ament_cmake_python_copy_object_detection_msgs
[0.182s] [  5%] Built target object_detection_msgs__cpp
[0.191s] [ 20%] Built target object_detection_msgs__rosidl_generator_c
[0.232s] [ 29%] Built target object_detection_msgs__rosidl_typesupport_c
[0.232s] [ 38%] Built target object_detection_msgs__rosidl_typesupport_introspection_c
[0.234s] [ 52%] Built target object_detection_msgs__rosidl_typesupport_fastrtps_cpp
[0.234s] [ 55%] Built target object_detection_msgs__rosidl_typesupport_introspection_cpp
[0.235s] [ 64%] Built target object_detection_msgs__rosidl_typesupport_cpp
[0.237s] [ 73%] Built target object_detection_msgs__rosidl_typesupport_fastrtps_c
[0.274s] [ 73%] Built target object_detection_msgs
[0.315s] [ 76%] Built target object_detection_msgs__py
[0.358s] [ 82%] Built target object_detection_msgs__rosidl_generator_py
[0.394s] [ 88%] Built target object_detection_msgs_s__rosidl_typesupport_fastrtps_c
[0.394s] [ 94%] Built target object_detection_msgs_s__rosidl_typesupport_introspection_c
[0.394s] [100%] Built target object_detection_msgs_s__rosidl_typesupport_c
[0.526s] running egg_info
[0.556s] writing object_detection_msgs.egg-info/PKG-INFO
[0.556s] writing dependency_links to object_detection_msgs.egg-info/dependency_links.txt
[0.557s] writing top-level names to object_detection_msgs.egg-info/top_level.txt
[0.642s] reading manifest file 'object_detection_msgs.egg-info/SOURCES.txt'
[0.644s] writing manifest file 'object_detection_msgs.egg-info/SOURCES.txt'
[0.685s] [100%] Built target ament_cmake_python_build_object_detection_msgs_egg
[0.707s] Invoked command in '/home/david-wang/Desktop/Projects/Wisconsin Robotics/WRoverSoftware_25-26/build/object_detection_msgs' returned '0': CMAKE_PREFIX_PATH=/opt/ros/jazzy DEBUGINFOD_URLS=https://debuginfod.ubuntu.com PS1=(.venv) \[\e]0;\u@\h: \w\a\]${debian_chroot:+($debian_chroot)}\[\033[01;32m\]\u@\h\[\033[00m\]:\[\033[01;34m\]\w\[\033[00m\]\$ VIRTUAL_ENV_PROMPT=(.venv) /usr/bin/cmake --build /home/david-wang/Desktop/Projects/Wisconsin Robotics/WRoverSoftware_25-26/build/object_detection_msgs -- -j12 -l12
[0.725s] Invoking command in '/home/david-wang/Desktop/Projects/Wisconsin Robotics/WRoverSoftware_25-26/build/object_detection_msgs': CMAKE_PREFIX_PATH=/opt/ros/jazzy DEBUGINFOD_URLS=https://debuginfod.ubuntu.com PS1=(.venv) \[\e]0;\u@\h: \w\a\]${debian_chroot:+($debian_chroot)}\[\033[01;32m\]\u@\h\[\033[00m\]:\[\033[01;34m\]\w\[\033[00m\]\$ VIRTUAL_ENV_PROMPT=(.venv) /usr/bin/cmake --install /home/david-wang/Desktop/Projects/Wisconsin Robotics/WRoverSoftware_25-26/build/object_detection_msgs
[0.738s] -- Install configuration: ""
[0.739s] -- Up-to-date: /home/david-wang/Desktop/Projects/Wisconsin Robotics/WRoverSoftware_25-26/install/object_detection_msgs/share/ament_index/resource_index/rosidl_interfaces/object_detection_msgs
[0.739s] -- Up-to-date: /home/david-wang/Desktop/Projects/Wisconsin Robotics/WRoverSoftware_25-26/install/object_detection_msgs/share/object_detection_msgs/msg/Detection.json
[0.740s] -- Up-to-date: /home/david-wang/Desktop/Projects/Wisconsin Robotics/WRoverSoftware_25-26/install/object_detection_msgs/include/object_detection_msgs/object_detection_msgs
[0.740s] -- Up-to-date: /home/david-wang/Desktop/Projects/Wisconsin Robotics/WRoverSoftware_25-26/install/object_detection_msgs/include/object_detection_msgs/object_detection_msgs/msg
[0.740s] -- Up-to-date: /home/david-wang/Desktop/Projects/Wisconsin Robotics/WRoverSoftware_25-26/install/object_detection_msgs/include/object_detection_msgs/object_detection_msgs/msg/rosidl_generator_c__visibility_control.h
[0.741s] -- Up-to-date: /home/david-wang/Desktop/Projects/Wisconsin Robotics/WRoverSoftware_25-26/install/object_detection_msgs/include/object_detection_msgs/object_detection_msgs/msg/detail
[0.741s] -- Up-to-date: /home/david-wang/Desktop/Projects/Wisconsin Robotics/WRoverSoftware_25-26/install/object_detection_msgs/include/object_detection_msgs/object_detection_msgs/msg/detail/detection__struct.h
[0.741s] -- Up-to-date: /home/david-wang/Desktop/Projects/Wisconsin Robotics/WRoverSoftware_25-26/install/object_detection_msgs/include/object_detection_msgs/object_detection_msgs/msg/detail/detection__functions.h
[0.741s] -- Up-to-date: /home/david-wang/Desktop/Projects/Wisconsin Robotics/WRoverSoftware_25-26/install/object_detection_msgs/include/object_detection_msgs/object_detection_msgs/msg/detail/detection__description.c
[0.741s] -- Up-to-date: /home/david-wang/Desktop/Projects/Wisconsin Robotics/WRoverSoftware_25-26/install/object_detection_msgs/include/object_detection_msgs/object_detection_msgs/msg/detail/detection__type_support.c
[0.741s] -- Up-to-date: /home/david-wang/Desktop/Projects/Wisconsin Robotics/WRoverSoftware_25-26/install/object_detection_msgs/include/object_detection_msgs/object_detection_msgs/msg/detail/detection__functions.c
[0.741s] -- Up-to-date: /home/david-wang/Desktop/Projects/Wisconsin Robotics/WRoverSoftware_25-26/install/object_detection_msgs/include/object_detection_msgs/object_detection_msgs/msg/detail/detection__type_support.h
[0.741s] -- Up-to-date: /home/david-wang/Desktop/Projects/Wisconsin Robotics/WRoverSoftware_25-26/install/object_detection_msgs/include/object_detection_msgs/object_detection_msgs/msg/detection.h
[0.742s] -- Up-to-date: /home/david-wang/Desktop/Projects/Wisconsin Robotics/WRoverSoftware_25-26/install/object_detection_msgs/share/object_detection_msgs/environment/library_path.sh
[0.742s] -- Up-to-date: /home/david-wang/Desktop/Projects/Wisconsin Robotics/WRoverSoftware_25-26/install/object_detection_msgs/share/object_detection_msgs/environment/library_path.dsv
[0.742s] -- Up-to-date: /home/david-wang/Desktop/Projects/Wisconsin Robotics/WRoverSoftware_25-26/install/object_detection_msgs/lib/libobject_detection_msgs__rosidl_generator_c.so
[0.742s] -- Up-to-date: /home/david-wang/Desktop/Projects/Wisconsin Robotics/WRoverSoftware_25-26/install/object_detection_msgs/include/object_detection_msgs/object_detection_msgs
[0.742s] -- Up-to-date: /home/david-wang/Desktop/Projects/Wisconsin Robotics/WRoverSoftware_25-26/install/object_detection_msgs/include/object_detection_msgs/object_detection_msgs/msg
[0.743s] -- Up-to-date: /home/david-wang/Desktop/Projects/Wisconsin Robotics/WRoverSoftware_25-26/install/object_detection_msgs/include/object_detection_msgs/object_detection_msgs/msg/rosidl_typesupport_fastrtps_c__visibility_control.h
[0.743s] -- Up-to-date: /home/david-wang/Desktop/Projects/Wisconsin Robotics/WRoverSoftware_25-26/install/object_detection_msgs/include/object_detection_msgs/object_detection_msgs/msg/detail
[0.743s] -- Up-to-date: /home/david-wang/Desktop/Projects/Wisconsin Robotics/WRoverSoftware_25-26/install/object_detection_msgs/include/object_detection_msgs/object_detection_msgs/msg/detail/detection__rosidl_typesupport_fastrtps_c.h
[0.743s] -- Up-to-date: /home/david-wang/Desktop/Projects/Wisconsin Robotics/WRoverSoftware_25-26/install/object_detection_msgs/lib/libobject_detection_msgs__rosidl_typesupport_fastrtps_c.so
[0.743s] -- Up-to-date: /home/david-wang/Desktop/Projects/Wisconsin Robotics/WRoverSoftware_25-26/install/object_detection_msgs/include/object_detection_msgs/object_detection_msgs
[0.744s] -- Up-to-date: /home/david-wang/Desktop/Projects/Wisconsin Robotics/WRoverSoftware_25-26/install/object_detection_msgs/include/object_detection_msgs/object_detection_msgs/msg
[0.744s] -- Up-to-date: /home/david-wang/Desktop/Projects/Wisconsin Robotics/WRoverSoftware_25-26/install/object_detection_msgs/include/object_detection_msgs/object_detection_msgs/msg/detail
[0.744s] -- Up-to-date: /home/david-wang/Desktop/Projects/Wisconsin Robotics/WRoverSoftware_25-26/install/object_detection_msgs/include/object_detection_msgs/object_detection_msgs/msg/detail/detection__type_support.c
[0.744s] -- Up-to-date: /home/david-wang/Desktop/Projects/Wisconsin Robotics/WRoverSoftware_25-26/install/object_detection_msgs/include/object_detection_msgs/object_detection_msgs/msg/detail/detection__rosidl_typesupport_introspection_c.h
[0.744s] -- Up-to-date: /home/david-wang/Desktop/Projects/Wisconsin Robotics/WRoverSoftware_25-26/install/object_detection_msgs/include/object_detection_msgs/object_detection_msgs/msg/rosidl_typesupport_introspection_c__visibility_control.h
[0.744s] -- Up-to-date: /home/david-wang/Desktop/Projects/Wisconsin Robotics/WRoverSoftware_25-26/install/object_detection_msgs/lib/libobject_detection_msgs__rosidl_typesupport_introspection_c.so
[0.745s] -- Up-to-date: /home/david-wang/Desktop/Projects/Wisconsin Robotics/WRoverSoftware_25-26/install/object_detection_msgs/lib/libobject_detection_msgs__rosidl_typesupport_c.so
[0.745s] -- Up-to-date: /home/david-wang/Desktop/Projects/Wisconsin Robotics/WRoverSoftware_25-26/install/object_detection_msgs/include/object_detection_msgs/object_detection_msgs
[0.746s] -- Up-to-date: /home/david-wang/Desktop/Projects/Wisconsin Robotics/WRoverSoftware_25-26/install/object_detection_msgs/include/object_detection_msgs/object_detection_msgs/msg
[0.746s] -- Up-to-date: /home/david-wang/Desktop/Projects/Wisconsin Robotics/WRoverSoftware_25-26/install/object_detection_msgs/include/object_detection_msgs/object_detection_msgs/msg/detection.hpp
[0.746s] -- Up-to-date: /home/david-wang/Desktop/Projects/Wisconsin Robotics/WRoverSoftware_25-26/install/object_detection_msgs/include/object_detection_msgs/object_detection_msgs/msg/detail
[0.746s] -- Up-to-date: /home/david-wang/Desktop/Projects/Wisconsin Robotics/WRoverSoftware_25-26/install/object_detection_msgs/include/object_detection_msgs/object_detection_msgs/msg/detail/detection__builder.hpp
[0.746s] -- Up-to-date: /home/david-wang/Desktop/Projects/Wisconsin Robotics/WRoverSoftware_25-26/install/object_detection_msgs/include/object_detection_msgs/object_detection_msgs/msg/detail/detection__traits.hpp
[0.746s] -- Up-to-date: /home/david-wang/Desktop/Projects/Wisconsin Robotics/WRoverSoftware_25-26/install/object_detection_msgs/include/object_detection_msgs/object_detection_msgs/msg/detail/detection__type_support.hpp
[0.746s] -- Up-to-date: /home/david-wang/Desktop/Projects/Wisconsin Robotics/WRoverSoftware_25-26/install/object_detection_msgs/include/object_detection_msgs/object_detection_msgs/msg/detail/detection__struct.hpp
[0.746s] -- Up-to-date: /home/david-wang/Desktop/Projects/Wisconsin Robotics/WRoverSoftware_25-26/install/object_detection_msgs/include/object_detection_msgs/object_detection_msgs/msg/rosidl_generator_cpp__visibility_control.hpp
[0.746s] -- Up-to-date: /home/david-wang/Desktop/Projects/Wisconsin Robotics/WRoverSoftware_25-26/install/object_detection_msgs/include/object_detection_msgs/object_detection_msgs
[0.747s] -- Up-to-date: /home/david-wang/Desktop/Projects/Wisconsin Robotics/WRoverSoftware_25-26/install/object_detection_msgs/include/object_detection_msgs/object_detection_msgs/msg
[0.747s] -- Up-to-date: /home/david-wang/Desktop/Projects/Wisconsin Robotics/WRoverSoftware_25-26/install/object_detection_msgs/include/object_detection_msgs/object_detection_msgs/msg/detail
[0.747s] -- Up-to-date: /home/david-wang/Desktop/Projects/Wisconsin Robotics/WRoverSoftware_25-26/install/object_detection_msgs/include/object_detection_msgs/object_detection_msgs/msg/detail/dds_fastrtps
[0.747s] -- Up-to-date: /home/david-wang/Desktop/Projects/Wisconsin Robotics/WRoverSoftware_25-26/install/object_detection_msgs/include/object_detection_msgs/object_detection_msgs/msg/detail/detection__rosidl_typesupport_fastrtps_cpp.hpp
[0.747s] -- Up-to-date: /home/david-wang/Desktop/Projects/Wisconsin Robotics/WRoverSoftware_25-26/install/object_detection_msgs/include/object_detection_msgs/object_detection_msgs/msg/rosidl_typesupport_fastrtps_cpp__visibility_control.h
[0.747s] -- Up-to-date: /home/david-wang/Desktop/Projects/Wisconsin Robotics/WRoverSoftware_25-26/install/object_detection_msgs/lib/libobject_detection_msgs__rosidl_typesupport_fastrtps_cpp.so
[0.747s] -- Up-to-date: /home/david-wang/Desktop/Projects/Wisconsin Robotics/WRoverSoftware_25-26/install/object_detection_msgs/include/object_detection_msgs/object_detection_msgs
[0.747s] -- Up-to-date: /home/david-wang/Desktop/Projects/Wisconsin Robotics/WRoverSoftware_25-26/install/object_detection_msgs/include/object_detection_msgs/object_detection_msgs/msg
[0.748s] -- Up-to-date: /home/david-wang/Desktop/Projects/Wisconsin Robotics/WRoverSoftware_25-26/install/object_detection_msgs/include/object_detection_msgs/object_detection_msgs/msg/detail
[0.748s] -- Up-to-date: /home/david-wang/Desktop/Projects/Wisconsin Robotics/WRoverSoftware_25-26/install/object_detection_msgs/include/object_detection_msgs/object_detection_msgs/msg/detail/detection__rosidl_typesupport_introspection_cpp.hpp
[0.748s] -- Up-to-date: /home/david-wang/Desktop/Projects/Wisconsin Robotics/WRoverSoftware_25-26/install/object_detection_msgs/include/object_detection_msgs/object_detection_msgs/msg/detail/detection__type_support.cpp
[0.748s] -- Up-to-date: /home/david-wang/Desktop/Projects/Wisconsin Robotics/WRoverSoftware_25-26/install/object_detection_msgs/lib/libobject_detection_msgs__rosidl_typesupport_introspection_cpp.so
[0.749s] -- Up-to-date: /home/david-wang/Desktop/Projects/Wisconsin Robotics/WRoverSoftware_25-26/install/object_detection_msgs/lib/libobject_detection_msgs__rosidl_typesupport_cpp.so
[0.749s] -- Up-to-date: /home/david-wang/Desktop/Projects/Wisconsin Robotics/WRoverSoftware_25-26/install/object_detection_msgs/share/object_detection_msgs/environment/pythonpath.sh
[0.749s] -- Up-to-date: /home/david-wang/Desktop/Projects/Wisconsin Robotics/WRoverSoftware_25-26/install/object_detection_msgs/share/object_detection_msgs/environment/pythonpath.dsv
[0.749s] -- Up-to-date: /home/david-wang/Desktop/Projects/Wisconsin Robotics/WRoverSoftware_25-26/install/object_detection_msgs/lib/python3.12/site-packages/object_detection_msgs-0.0.0-py3.12.egg-info
[0.750s] -- Installing: /home/david-wang/Desktop/Projects/Wisconsin Robotics/WRoverSoftware_25-26/install/object_detection_msgs/lib/python3.12/site-packages/object_detection_msgs-0.0.0-py3.12.egg-info/dependency_links.txt
[0.750s] -- Installing: /home/david-wang/Desktop/Projects/Wisconsin Robotics/WRoverSoftware_25-26/install/object_detection_msgs/lib/python3.12/site-packages/object_detection_msgs-0.0.0-py3.12.egg-info/SOURCES.txt
[0.750s] -- Installing: /home/david-wang/Desktop/Projects/Wisconsin Robotics/WRoverSoftware_25-26/install/object_detection_msgs/lib/python3.12/site-packages/object_detection_msgs-0.0.0-py3.12.egg-info/PKG-INFO
[0.750s] -- Installing: /home/david-wang/Desktop/Projects/Wisconsin Robotics/WRoverSoftware_25-26/install/object_detection_msgs/lib/python3.12/site-packages/object_detection_msgs-0.0.0-py3.12.egg-info/top_level.txt
[0.751s] -- Up-to-date: /home/david-wang/Desktop/Projects/Wisconsin Robotics/WRoverSoftware_25-26/install/object_detection_msgs/lib/python3.12/site-packages/object_detection_msgs
[0.751s] -- Up-to-date: /home/david-wang/Desktop/Projects/Wisconsin Robotics/WRoverSoftware_25-26/install/object_detection_msgs/lib/python3.12/site-packages/object_detection_msgs/object_detection_msgs_s__rosidl_typesupport_fastrtps_c.so
[0.751s] -- Up-to-date: /home/david-wang/Desktop/Projects/Wisconsin Robotics/WRoverSoftware_25-26/install/object_detection_msgs/lib/python3.12/site-packages/object_detection_msgs/__init__.py
[0.751s] -- Up-to-date: /home/david-wang/Desktop/Projects/Wisconsin Robotics/WRoverSoftware_25-26/install/object_detection_msgs/lib/python3.12/site-packages/object_detection_msgs/_object_detection_msgs_s.ep.rosidl_typesupport_introspection_c.c
[0.751s] -- Up-to-date: /home/david-wang/Desktop/Projects/Wisconsin Robotics/WRoverSoftware_25-26/install/object_detection_msgs/lib/python3.12/site-packages/object_detection_msgs/object_detection_msgs_s__rosidl_typesupport_introspection_c.so
[0.751s] -- Up-to-date: /home/david-wang/Desktop/Projects/Wisconsin Robotics/WRoverSoftware_25-26/install/object_detection_msgs/lib/python3.12/site-packages/object_detection_msgs/_object_detection_msgs_s.ep.rosidl_typesupport_c.c
[0.751s] -- Up-to-date: /home/david-wang/Desktop/Projects/Wisconsin Robotics/WRoverSoftware_25-26/install/object_detection_msgs/lib/python3.12/site-packages/object_detection_msgs/_object_detection_msgs_s.ep.rosidl_typesupport_fastrtps_c.c
[0.752s] -- Up-to-date: /home/david-wang/Desktop/Projects/Wisconsin Robotics/WRoverSoftware_25-26/install/object_detection_msgs/lib/python3.12/site-packages/object_detection_msgs/object_detection_msgs_s__rosidl_typesupport_c.so
[0.752s] -- Up-to-date: /home/david-wang/Desktop/Projects/Wisconsin Robotics/WRoverSoftware_25-26/install/object_detection_msgs/lib/python3.12/site-packages/object_detection_msgs/msg
[0.752s] -- Up-to-date: /home/david-wang/Desktop/Projects/Wisconsin Robotics/WRoverSoftware_25-26/install/object_detection_msgs/lib/python3.12/site-packages/object_detection_msgs/msg/_detection.py
[0.752s] -- Up-to-date: /home/david-wang/Desktop/Projects/Wisconsin Robotics/WRoverSoftware_25-26/install/object_detection_msgs/lib/python3.12/site-packages/object_detection_msgs/msg/__init__.py
[0.752s] -- Up-to-date: /home/david-wang/Desktop/Projects/Wisconsin Robotics/WRoverSoftware_25-26/install/object_detection_msgs/lib/python3.12/site-packages/object_detection_msgs/msg/_detection_s.c
[0.807s] Listing '/home/david-wang/Desktop/Projects/Wisconsin Robotics/WRoverSoftware_25-26/install/object_detection_msgs/lib/python3.12/site-packages/object_detection_msgs'...
[0.807s] Listing '/home/david-wang/Desktop/Projects/Wisconsin Robotics/WRoverSoftware_25-26/install/object_detection_msgs/lib/python3.12/site-packages/object_detection_msgs/msg'...
[0.815s] -- Up-to-date: /home/david-wang/Desktop/Projects/Wisconsin Robotics/WRoverSoftware_25-26/install/object_detection_msgs/lib/python3.12/site-packages/object_detection_msgs/object_detection_msgs_s__rosidl_typesupport_fastrtps_c.so
[0.816s] -- Up-to-date: /home/david-wang/Desktop/Projects/Wisconsin Robotics/WRoverSoftware_25-26/install/object_detection_msgs/lib/python3.12/site-packages/object_detection_msgs/object_detection_msgs_s__rosidl_typesupport_introspection_c.so
[0.817s] -- Up-to-date: /home/david-wang/Desktop/Projects/Wisconsin Robotics/WRoverSoftware_25-26/install/object_detection_msgs/lib/python3.12/site-packages/object_detection_msgs/object_detection_msgs_s__rosidl_typesupport_c.so
[0.818s] -- Up-to-date: /home/david-wang/Desktop/Projects/Wisconsin Robotics/WRoverSoftware_25-26/install/object_detection_msgs/lib/libobject_detection_msgs__rosidl_generator_py.so
[0.819s] -- Up-to-date: /home/david-wang/Desktop/Projects/Wisconsin Robotics/WRoverSoftware_25-26/install/object_detection_msgs/share/object_detection_msgs/msg/Detection.idl
[0.819s] -- Up-to-date: /home/david-wang/Desktop/Projects/Wisconsin Robotics/WRoverSoftware_25-26/install/object_detection_msgs/share/object_detection_msgs/msg/Detection.msg
[0.819s] -- Up-to-date: /home/david-wang/Desktop/Projects/Wisconsin Robotics/WRoverSoftware_25-26/install/object_detection_msgs/share/ament_index/resource_index/package_run_dependencies/object_detection_msgs
[0.819s] -- Up-to-date: /home/david-wang/Desktop/Projects/Wisconsin Robotics/WRoverSoftware_25-26/install/object_detection_msgs/share/ament_index/resource_index/parent_prefix_path/object_detection_msgs
[0.820s] -- Up-to-date: /home/david-wang/Desktop/Projects/Wisconsin Robotics/WRoverSoftware_25-26/install/object_detection_msgs/share/object_detection_msgs/environment/ament_prefix_path.sh
[0.820s] -- Up-to-date: /home/david-wang/Desktop/Projects/Wisconsin Robotics/WRoverSoftware_25-26/install/object_detection_msgs/share/object_detection_msgs/environment/ament_prefix_path.dsv
[0.820s] -- Up-to-date: /home/david-wang/Desktop/Projects/Wisconsin Robotics/WRoverSoftware_25-26/install/object_detection_msgs/share/object_detection_msgs/environment/path.sh
[0.820s] -- Up-to-date: /home/david-wang/Desktop/Projects/Wisconsin Robotics/WRoverSoftware_25-26/install/object_detection_msgs/share/object_detection_msgs/environment/path.dsv
[0.820s] -- Up-to-date: /home/david-wang/Desktop/Projects/Wisconsin Robotics/WRoverSoftware_25-26/install/object_detection_msgs/share/object_detection_msgs/local_setup.bash
[0.820s] -- Up-to-date: /home/david-wang/Desktop/Projects/Wisconsin Robotics/WRoverSoftware_25-26/install/object_detection_msgs/share/object_detection_msgs/local_setup.sh
[0.820s] -- Up-to-date: /home/david-wang/Desktop/Projects/Wisconsin Robotics/WRoverSoftware_25-26/install/object_detection_msgs/share/object_detection_msgs/local_setup.zsh
[0.820s] -- Up-to-date: /home/david-wang/Desktop/Projects/Wisconsin Robotics/WRoverSoftware_25-26/install/object_detection_msgs/share/object_detection_msgs/local_setup.dsv
[0.820s] -- Installing: /home/david-wang/Desktop/Projects/Wisconsin Robotics/WRoverSoftware_25-26/install/object_detection_msgs/share/object_detection_msgs/package.dsv
[0.821s] -- Up-to-date: /home/david-wang/Desktop/Projects/Wisconsin Robotics/WRoverSoftware_25-26/install/object_detection_msgs/share/ament_index/resource_index/packages/object_detection_msgs
[0.821s] -- Up-to-date: /home/david-wang/Desktop/Projects/Wisconsin Robotics/WRoverSoftware_25-26/install/object_detection_msgs/share/object_detection_msgs/cmake/export_object_detection_msgs__rosidl_generator_cExport.cmake
[0.822s] -- Up-to-date: /home/david-wang/Desktop/Projects/Wisconsin Robotics/WRoverSoftware_25-26/install/object_detection_msgs/share/object_detection_msgs/cmake/export_object_detection_msgs__rosidl_generator_cExport-noconfig.cmake
[0.822s] -- Up-to-date: /home/david-wang/Desktop/Projects/Wisconsin Robotics/WRoverSoftware_25-26/install/object_detection_msgs/share/object_detection_msgs/cmake/export_object_detection_msgs__rosidl_typesupport_fastrtps_cExport.cmake
[0.822s] -- Up-to-date: /home/david-wang/Desktop/Projects/Wisconsin Robotics/WRoverSoftware_25-26/install/object_detection_msgs/share/object_detection_msgs/cmake/export_object_detection_msgs__rosidl_typesupport_fastrtps_cExport-noconfig.cmake
[0.823s] -- Up-to-date: /home/david-wang/Desktop/Projects/Wisconsin Robotics/WRoverSoftware_25-26/install/object_detection_msgs/share/object_detection_msgs/cmake/object_detection_msgs__rosidl_typesupport_introspection_cExport.cmake
[0.823s] -- Up-to-date: /home/david-wang/Desktop/Projects/Wisconsin Robotics/WRoverSoftware_25-26/install/object_detection_msgs/share/object_detection_msgs/cmake/object_detection_msgs__rosidl_typesupport_introspection_cExport-noconfig.cmake
[0.823s] -- Up-to-date: /home/david-wang/Desktop/Projects/Wisconsin Robotics/WRoverSoftware_25-26/install/object_detection_msgs/share/object_detection_msgs/cmake/object_detection_msgs__rosidl_typesupport_cExport.cmake
[0.823s] -- Up-to-date: /home/david-wang/Desktop/Projects/Wisconsin Robotics/WRoverSoftware_25-26/install/object_detection_msgs/share/object_detection_msgs/cmake/object_detection_msgs__rosidl_typesupport_cExport-noconfig.cmake
[0.824s] -- Up-to-date: /home/david-wang/Desktop/Projects/Wisconsin Robotics/WRoverSoftware_25-26/install/object_detection_msgs/share/object_detection_msgs/cmake/export_object_detection_msgs__rosidl_generator_cppExport.cmake
[0.825s] -- Up-to-date: /home/david-wang/Desktop/Projects/Wisconsin Robotics/WRoverSoftware_25-26/install/object_detection_msgs/share/object_detection_msgs/cmake/export_object_detection_msgs__rosidl_typesupport_fastrtps_cppExport.cmake
[0.825s] -- Up-to-date: /home/david-wang/Desktop/Projects/Wisconsin Robotics/WRoverSoftware_25-26/install/object_detection_msgs/share/object_detection_msgs/cmake/export_object_detection_msgs__rosidl_typesupport_fastrtps_cppExport-noconfig.cmake
[0.825s] -- Up-to-date: /home/david-wang/Desktop/Projects/Wisconsin Robotics/WRoverSoftware_25-26/install/object_detection_msgs/share/object_detection_msgs/cmake/object_detection_msgs__rosidl_typesupport_introspection_cppExport.cmake
[0.825s] -- Up-to-date: /home/david-wang/Desktop/Projects/Wisconsin Robotics/WRoverSoftware_25-26/install/object_detection_msgs/share/object_detection_msgs/cmake/object_detection_msgs__rosidl_typesupport_introspection_cppExport-noconfig.cmake
[0.826s] -- Up-to-date: /home/david-wang/Desktop/Projects/Wisconsin Robotics/WRoverSoftware_25-26/install/object_detection_msgs/share/object_detection_msgs/cmake/object_detection_msgs__rosidl_typesupport_cppExport.cmake
[0.826s] -- Up-to-date: /home/david-wang/Desktop/Projects/Wisconsin Robotics/WRoverSoftware_25-26/install/object_detection_msgs/share/object_detection_msgs/cmake/object_detection_msgs__rosidl_typesupport_cppExport-noconfig.cmake
[0.826s] -- Up-to-date: /home/david-wang/Desktop/Projects/Wisconsin Robotics/WRoverSoftware_25-26/install/object_detection_msgs/share/object_detection_msgs/cmake/export_object_detection_msgs__rosidl_generator_pyExport.cmake
[0.826s] -- Up-to-date: /home/david-wang/Desktop/Projects/Wisconsin Robotics/WRoverSoftware_25-26/install/object_detection_msgs/share/object_detection_msgs/cmake/export_object_detection_msgs__rosidl_generator_pyExport-noconfig.cmake
[0.827s] -- Up-to-date: /home/david-wang/Desktop/Projects/Wisconsin Robotics/WRoverSoftware_25-26/install/object_detection_msgs/share/object_detection_msgs/cmake/rosidl_cmake-extras.cmake
[0.827s] -- Up-to-date: /home/david-wang/Desktop/Projects/Wisconsin Robotics/WRoverSoftware_25-26/install/object_detection_msgs/share/object_detection_msgs/cmake/ament_cmake_export_include_directories-extras.cmake
[0.827s] -- Up-to-date: /home/david-wang/Desktop/Projects/Wisconsin Robotics/WRoverSoftware_25-26/install/object_detection_msgs/share/object_detection_msgs/cmake/ament_cmake_export_libraries-extras.cmake
[0.827s] -- Up-to-date: /home/david-wang/Desktop/Projects/Wisconsin Robotics/WRoverSoftware_25-26/install/object_detection_msgs/share/object_detection_msgs/cmake/ament_cmake_export_targets-extras.cmake
[0.827s] -- Up-to-date: /home/david-wang/Desktop/Projects/Wisconsin Robotics/WRoverSoftware_25-26/install/object_detection_msgs/share/object_detection_msgs/cmake/rosidl_cmake_export_typesupport_targets-extras.cmake
[0.827s] -- Up-to-date: /home/david-wang/Desktop/Projects/Wisconsin Robotics/WRoverSoftware_25-26/install/object_detection_msgs/share/object_detection_msgs/cmake/ament_cmake_export_dependencies-extras.cmake
[0.827s] -- Up-to-date: /home/david-wang/Desktop/Projects/Wisconsin Robotics/WRoverSoftware_25-26/install/object_detection_msgs/share/object_detection_msgs/cmake/rosidl_cmake_export_typesupport_libraries-extras.cmake
[0.827s] -- Up-to-date: /home/david-wang/Desktop/Projects/Wisconsin Robotics/WRoverSoftware_25-26/install/object_detection_msgs/share/object_detection_msgs/cmake/object_detection_msgsConfig.cmake
[0.828s] -- Up-to-date: /home/david-wang/Desktop/Projects/Wisconsin Robotics/WRoverSoftware_25-26/install/object_detection_msgs/share/object_detection_msgs/cmake/object_detection_msgsConfig-version.cmake
[0.828s] -- Up-to-date: /home/david-wang/Desktop/Projects/Wisconsin Robotics/WRoverSoftware_25-26/install/object_detection_msgs/share/object_detection_msgs/package.xml
[0.831s] Invoked command in '/home/david-wang/Desktop/Projects/Wisconsin Robotics/WRoverSoftware_25-26/build/object_detection_msgs' returned '0': CMAKE_PREFIX_PATH=/opt/ros/jazzy DEBUGINFOD_URLS=https://debuginfod.ubuntu.com PS1=(.venv) \[\e]0;\u@\h: \w\a\]${debian_chroot:+($debian_chroot)}\[\033[01;32m\]\u@\h\[\033[00m\]:\[\033[01;34m\]\w\[\033[00m\]\$ VIRTUAL_ENV_PROMPT=(.venv) /usr/bin/cmake --install /home/david-wang/Desktop/Projects/Wisconsin Robotics/WRoverSoftware_25-26/build/object_detection_msgs
