[  2%] Built target object_detection_msgs__rosidl_generator_type_description
[  5%] [34m[1mGenerating Rust code for ROS interfaces[0m
[  5%] Built target ament_cmake_python_copy_object_detection_msgs
[  8%] Built target object_detection_msgs__cpp
[ 22%] Built target object_detection_msgs__rosidl_generator_c
[ 31%] Built target object_detection_msgs__rosidl_typesupport_introspection_c
[ 40%] Built target object_detection_msgs__rosidl_typesupport_fastrtps_c
[ 48%] Built target object_detection_msgs__rosidl_typesupport_cpp
[ 60%] Built target object_detection_msgs__rosidl_typesupport_c
[ 65%] Built target object_detection_msgs__rosidl_typesupport_introspection_cpp
[ 74%] Built target object_detection_msgs__rosidl_typesupport_fastrtps_cpp
[ 74%] Built target object_detection_msgs__rs
running egg_info
[ 74%] Built target object_detection_msgs
writing object_detection_msgs.egg-info/PKG-INFO
writing dependency_links to object_detection_msgs.egg-info/dependency_links.txt
writing top-level names to object_detection_msgs.egg-info/top_level.txt
[ 77%] Built target object_detection_msgs__py
[ 80%] [32m[1mLinking C shared library libobject_detection_msgs__rosidl_generator_py.so[0m
reading manifest file 'object_detection_msgs.egg-info/SOURCES.txt'
writing manifest file 'object_detection_msgs.egg-info/SOURCES.txt'
[ 82%] Built target object_detection_msgs__rosidl_generator_py
[ 82%] Built target ament_cmake_python_build_object_detection_msgs_egg
[ 91%] [32m[1mLinking C shared module rosidl_generator_py/object_detection_msgs/object_detection_msgs_s__rosidl_typesupport_c.so[0m
[ 91%] [32m[1mLinking C shared module rosidl_generator_py/object_detection_msgs/object_detection_msgs_s__rosidl_typesupport_fastrtps_c.so[0m
[ 91%] [32m[1mLinking C shared module rosidl_generator_py/object_detection_msgs/object_detection_msgs_s__rosidl_typesupport_introspection_c.so[0m
[100%] Built target object_detection_msgs_s__rosidl_typesupport_c
[100%] Built target object_detection_msgs_s__rosidl_typesupport_introspection_c
[100%] Built target object_detection_msgs_s__rosidl_typesupport_fastrtps_c
-- Install configuration: ""
-- Up-to-date: /home/david-wang/Desktop/Projects/Wisconsin Robotics/WRoverSoftware_25-26/install/object_detection_msgs/share/ament_index/resource_index/rosidl_interfaces/object_detection_msgs
-- Up-to-date: /home/david-wang/Desktop/Projects/Wisconsin Robotics/WRoverSoftware_25-26/install/object_detection_msgs/share/object_detection_msgs/msg/Detection.json
-- Up-to-date: /home/david-wang/Desktop/Projects/Wisconsin Robotics/WRoverSoftware_25-26/install/object_detection_msgs/include/object_detection_msgs/object_detection_msgs
-- Up-to-date: /home/david-wang/Desktop/Projects/Wisconsin Robotics/WRoverSoftware_25-26/install/object_detection_msgs/include/object_detection_msgs/object_detection_msgs/msg
-- Up-to-date: /home/david-wang/Desktop/Projects/Wisconsin Robotics/WRoverSoftware_25-26/install/object_detection_msgs/include/object_detection_msgs/object_detection_msgs/msg/rosidl_generator_c__visibility_control.h
-- Up-to-date: /home/david-wang/Desktop/Projects/Wisconsin Robotics/WRoverSoftware_25-26/install/object_detection_msgs/include/object_detection_msgs/object_detection_msgs/msg/detail
-- Up-to-date: /home/david-wang/Desktop/Projects/Wisconsin Robotics/WRoverSoftware_25-26/install/object_detection_msgs/include/object_detection_msgs/object_detection_msgs/msg/detail/detection__struct.h
-- Up-to-date: /home/david-wang/Desktop/Projects/Wisconsin Robotics/WRoverSoftware_25-26/install/object_detection_msgs/include/object_detection_msgs/object_detection_msgs/msg/detail/detection__functions.h
-- Up-to-date: /home/david-wang/Desktop/Projects/Wisconsin Robotics/WRoverSoftware_25-26/install/object_detection_msgs/include/object_detection_msgs/object_detection_msgs/msg/detail/detection__description.c
-- Up-to-date: /home/david-wang/Desktop/Projects/Wisconsin Robotics/WRoverSoftware_25-26/install/object_detection_msgs/include/object_detection_msgs/object_detection_msgs/msg/detail/detection__type_support.c
-- Up-to-date: /home/david-wang/Desktop/Projects/Wisconsin Robotics/WRoverSoftware_25-26/install/object_detection_msgs/include/object_detection_msgs/object_detection_msgs/msg/detail/detection__functions.c
-- Up-to-date: /home/david-wang/Desktop/Projects/Wisconsin Robotics/WRoverSoftware_25-26/install/object_detection_msgs/include/object_detection_msgs/object_detection_msgs/msg/detail/detection__type_support.h
-- Up-to-date: /home/david-wang/Desktop/Projects/Wisconsin Robotics/WRoverSoftware_25-26/install/object_detection_msgs/include/object_detection_msgs/object_detection_msgs/msg/detection.h
-- Up-to-date: /home/david-wang/Desktop/Projects/Wisconsin Robotics/WRoverSoftware_25-26/install/object_detection_msgs/share/object_detection_msgs/environment/library_path.sh
-- Up-to-date: /home/david-wang/Desktop/Projects/Wisconsin Robotics/WRoverSoftware_25-26/install/object_detection_msgs/share/object_detection_msgs/environment/library_path.dsv
-- Installing: /home/david-wang/Desktop/Projects/Wisconsin Robotics/WRoverSoftware_25-26/install/object_detection_msgs/lib/libobject_detection_msgs__rosidl_generator_c.so
-- Set non-toolchain portion of runtime path of "/home/david-wang/Desktop/Projects/Wisconsin Robotics/WRoverSoftware_25-26/install/object_detection_msgs/lib/libobject_detection_msgs__rosidl_generator_c.so" to ""
-- Up-to-date: /home/david-wang/Desktop/Projects/Wisconsin Robotics/WRoverSoftware_25-26/install/object_detection_msgs/include/object_detection_msgs/object_detection_msgs
-- Up-to-date: /home/david-wang/Desktop/Projects/Wisconsin Robotics/WRoverSoftware_25-26/install/object_detection_msgs/include/object_detection_msgs/object_detection_msgs/msg
-- Up-to-date: /home/david-wang/Desktop/Projects/Wisconsin Robotics/WRoverSoftware_25-26/install/object_detection_msgs/include/object_detection_msgs/object_detection_msgs/msg/rosidl_typesupport_fastrtps_c__visibility_control.h
-- Up-to-date: /home/david-wang/Desktop/Projects/Wisconsin Robotics/WRoverSoftware_25-26/install/object_detection_msgs/include/object_detection_msgs/object_detection_msgs/msg/detail
-- Up-to-date: /home/david-wang/Desktop/Projects/Wisconsin Robotics/WRoverSoftware_25-26/install/object_detection_msgs/include/object_detection_msgs/object_detection_msgs/msg/detail/detection__rosidl_typesupport_fastrtps_c.h
-- Installing: /home/david-wang/Desktop/Projects/Wisconsin Robotics/WRoverSoftware_25-26/install/object_detection_msgs/lib/libobject_detection_msgs__rosidl_typesupport_fastrtps_c.so
-- Set non-toolchain portion of runtime path of "/home/david-wang/Desktop/Projects/Wisconsin Robotics/WRoverSoftware_25-26/install/object_detection_msgs/lib/libobject_detection_msgs__rosidl_typesupport_fastrtps_c.so" to ""
-- Up-to-date: /home/david-wang/Desktop/Projects/Wisconsin Robotics/WRoverSoftware_25-26/install/object_detection_msgs/include/object_detection_msgs/object_detection_msgs
-- Up-to-date: /home/david-wang/Desktop/Projects/Wisconsin Robotics/WRoverSoftware_25-26/install/object_detection_msgs/include/object_detection_msgs/object_detection_msgs/msg
-- Up-to-date: /home/david-wang/Desktop/Projects/Wisconsin Robotics/WRoverSoftware_25-26/install/object_detection_msgs/include/object_detection_msgs/object_detection_msgs/msg/detail
-- Up-to-date: /home/david-wang/Desktop/Projects/Wisconsin Robotics/WRoverSoftware_25-26/install/object_detection_msgs/include/object_detection_msgs/object_detection_msgs/msg/detail/detection__type_support.c
-- Up-to-date: /home/david-wang/Desktop/Projects/Wisconsin Robotics/WRoverSoftware_25-26/install/object_detection_msgs/include/object_detection_msgs/object_detection_msgs/msg/detail/detection__rosidl_typesupport_introspection_c.h
-- Up-to-date: /home/david-wang/Desktop/Projects/Wisconsin Robotics/WRoverSoftware_25-26/install/object_detection_msgs/include/object_detection_msgs/object_detection_msgs/msg/rosidl_typesupport_introspection_c__visibility_control.h
-- Installing: /home/david-wang/Desktop/Projects/Wisconsin Robotics/WRoverSoftware_25-26/install/object_detection_msgs/lib/libobject_detection_msgs__rosidl_typesupport_introspection_c.so
-- Set non-toolchain portion of runtime path of "/home/david-wang/Desktop/Projects/Wisconsin Robotics/WRoverSoftware_25-26/install/object_detection_msgs/lib/libobject_detection_msgs__rosidl_typesupport_introspection_c.so" to ""
-- Installing: /home/david-wang/Desktop/Projects/Wisconsin Robotics/WRoverSoftware_25-26/install/object_detection_msgs/lib/libobject_detection_msgs__rosidl_typesupport_c.so
-- Set non-toolchain portion of runtime path of "/home/david-wang/Desktop/Projects/Wisconsin Robotics/WRoverSoftware_25-26/install/object_detection_msgs/lib/libobject_detection_msgs__rosidl_typesupport_c.so" to ""
-- Up-to-date: /home/david-wang/Desktop/Projects/Wisconsin Robotics/WRoverSoftware_25-26/install/object_detection_msgs/include/object_detection_msgs/object_detection_msgs
-- Up-to-date: /home/david-wang/Desktop/Projects/Wisconsin Robotics/WRoverSoftware_25-26/install/object_detection_msgs/include/object_detection_msgs/object_detection_msgs/msg
-- Up-to-date: /home/david-wang/Desktop/Projects/Wisconsin Robotics/WRoverSoftware_25-26/install/object_detection_msgs/include/object_detection_msgs/object_detection_msgs/msg/detection.hpp
-- Up-to-date: /home/david-wang/Desktop/Projects/Wisconsin Robotics/WRoverSoftware_25-26/install/object_detection_msgs/include/object_detection_msgs/object_detection_msgs/msg/detail
-- Up-to-date: /home/david-wang/Desktop/Projects/Wisconsin Robotics/WRoverSoftware_25-26/install/object_detection_msgs/include/object_detection_msgs/object_detection_msgs/msg/detail/detection__builder.hpp
-- Up-to-date: /home/david-wang/Desktop/Projects/Wisconsin Robotics/WRoverSoftware_25-26/install/object_detection_msgs/include/object_detection_msgs/object_detection_msgs/msg/detail/detection__traits.hpp
-- Up-to-date: /home/david-wang/Desktop/Projects/Wisconsin Robotics/WRoverSoftware_25-26/install/object_detection_msgs/include/object_detection_msgs/object_detection_msgs/msg/detail/detection__type_support.hpp
-- Up-to-date: /home/david-wang/Desktop/Projects/Wisconsin Robotics/WRoverSoftware_25-26/install/object_detection_msgs/include/object_detection_msgs/object_detection_msgs/msg/detail/detection__struct.hpp
-- Up-to-date: /home/david-wang/Desktop/Projects/Wisconsin Robotics/WRoverSoftware_25-26/install/object_detection_msgs/include/object_detection_msgs/object_detection_msgs/msg/rosidl_generator_cpp__visibility_control.hpp
-- Up-to-date: /home/david-wang/Desktop/Projects/Wisconsin Robotics/WRoverSoftware_25-26/install/object_detection_msgs/include/object_detection_msgs/object_detection_msgs
-- Up-to-date: /home/david-wang/Desktop/Projects/Wisconsin Robotics/WRoverSoftware_25-26/install/object_detection_msgs/include/object_detection_msgs/object_detection_msgs/msg
-- Up-to-date: /home/david-wang/Desktop/Projects/Wisconsin Robotics/WRoverSoftware_25-26/install/object_detection_msgs/include/object_detection_msgs/object_detection_msgs/msg/detail
-- Up-to-date: /home/david-wang/Desktop/Projects/Wisconsin Robotics/WRoverSoftware_25-26/install/object_detection_msgs/include/object_detection_msgs/object_detection_msgs/msg/detail/dds_fastrtps
-- Up-to-date: /home/david-wang/Desktop/Projects/Wisconsin Robotics/WRoverSoftware_25-26/install/object_detection_msgs/include/object_detection_msgs/object_detection_msgs/msg/detail/detection__rosidl_typesupport_fastrtps_cpp.hpp
-- Up-to-date: /home/david-wang/Desktop/Projects/Wisconsin Robotics/WRoverSoftware_25-26/install/object_detection_msgs/include/object_detection_msgs/object_detection_msgs/msg/rosidl_typesupport_fastrtps_cpp__visibility_control.h
-- Installing: /home/david-wang/Desktop/Projects/Wisconsin Robotics/WRoverSoftware_25-26/install/object_detection_msgs/lib/libobject_detection_msgs__rosidl_typesupport_fastrtps_cpp.so
-- Set non-toolchain portion of runtime path of "/home/david-wang/Desktop/Projects/Wisconsin Robotics/WRoverSoftware_25-26/install/object_detection_msgs/lib/libobject_detection_msgs__rosidl_typesupport_fastrtps_cpp.so" to ""
-- Up-to-date: /home/david-wang/Desktop/Projects/Wisconsin Robotics/WRoverSoftware_25-26/install/object_detection_msgs/include/object_detection_msgs/object_detection_msgs
-- Up-to-date: /home/david-wang/Desktop/Projects/Wisconsin Robotics/WRoverSoftware_25-26/install/object_detection_msgs/include/object_detection_msgs/object_detection_msgs/msg
-- Up-to-date: /home/david-wang/Desktop/Projects/Wisconsin Robotics/WRoverSoftware_25-26/install/object_detection_msgs/include/object_detection_msgs/object_detection_msgs/msg/detail
-- Up-to-date: /home/david-wang/Desktop/Projects/Wisconsin Robotics/WRoverSoftware_25-26/install/object_detection_msgs/include/object_detection_msgs/object_detection_msgs/msg/detail/detection__rosidl_typesupport_introspection_cpp.hpp
-- Up-to-date: /home/david-wang/Desktop/Projects/Wisconsin Robotics/WRoverSoftware_25-26/install/object_detection_msgs/include/object_detection_msgs/object_detection_msgs/msg/detail/detection__type_support.cpp
-- Installing: /home/david-wang/Desktop/Projects/Wisconsin Robotics/WRoverSoftware_25-26/install/object_detection_msgs/lib/libobject_detection_msgs__rosidl_typesupport_introspection_cpp.so
-- Set non-toolchain portion of runtime path of "/home/david-wang/Desktop/Projects/Wisconsin Robotics/WRoverSoftware_25-26/install/object_detection_msgs/lib/libobject_detection_msgs__rosidl_typesupport_introspection_cpp.so" to ""
-- Installing: /home/david-wang/Desktop/Projects/Wisconsin Robotics/WRoverSoftware_25-26/install/object_detection_msgs/lib/libobject_detection_msgs__rosidl_typesupport_cpp.so
-- Set non-toolchain portion of runtime path of "/home/david-wang/Desktop/Projects/Wisconsin Robotics/WRoverSoftware_25-26/install/object_detection_msgs/lib/libobject_detection_msgs__rosidl_typesupport_cpp.so" to ""
-- Up-to-date: /home/david-wang/Desktop/Projects/Wisconsin Robotics/WRoverSoftware_25-26/install/object_detection_msgs/share/object_detection_msgs/environment/pythonpath.sh
-- Up-to-date: /home/david-wang/Desktop/Projects/Wisconsin Robotics/WRoverSoftware_25-26/install/object_detection_msgs/share/object_detection_msgs/environment/pythonpath.dsv
-- Up-to-date: /home/david-wang/Desktop/Projects/Wisconsin Robotics/WRoverSoftware_25-26/install/object_detection_msgs/lib/python3.12/site-packages/object_detection_msgs-0.0.0-py3.12.egg-info
-- Installing: /home/david-wang/Desktop/Projects/Wisconsin Robotics/WRoverSoftware_25-26/install/object_detection_msgs/lib/python3.12/site-packages/object_detection_msgs-0.0.0-py3.12.egg-info/dependency_links.txt
-- Installing: /home/david-wang/Desktop/Projects/Wisconsin Robotics/WRoverSoftware_25-26/install/object_detection_msgs/lib/python3.12/site-packages/object_detection_msgs-0.0.0-py3.12.egg-info/SOURCES.txt
-- Installing: /home/david-wang/Desktop/Projects/Wisconsin Robotics/WRoverSoftware_25-26/install/object_detection_msgs/lib/python3.12/site-packages/object_detection_msgs-0.0.0-py3.12.egg-info/PKG-INFO
-- Installing: /home/david-wang/Desktop/Projects/Wisconsin Robotics/WRoverSoftware_25-26/install/object_detection_msgs/lib/python3.12/site-packages/object_detection_msgs-0.0.0-py3.12.egg-info/top_level.txt
-- Up-to-date: /home/david-wang/Desktop/Projects/Wisconsin Robotics/WRoverSoftware_25-26/install/object_detection_msgs/lib/python3.12/site-packages/object_detection_msgs
-- Installing: /home/david-wang/Desktop/Projects/Wisconsin Robotics/WRoverSoftware_25-26/install/object_detection_msgs/lib/python3.12/site-packages/object_detection_msgs/object_detection_msgs_s__rosidl_typesupport_fastrtps_c.so
-- Installing: /home/david-wang/Desktop/Projects/Wisconsin Robotics/WRoverSoftware_25-26/install/object_detection_msgs/lib/python3.12/site-packages/object_detection_msgs/__init__.py
-- Up-to-date: /home/david-wang/Desktop/Projects/Wisconsin Robotics/WRoverSoftware_25-26/install/object_detection_msgs/lib/python3.12/site-packages/object_detection_msgs/_object_detection_msgs_s.ep.rosidl_typesupport_introspection_c.c
-- Installing: /home/david-wang/Desktop/Projects/Wisconsin Robotics/WRoverSoftware_25-26/install/object_detection_msgs/lib/python3.12/site-packages/object_detection_msgs/object_detection_msgs_s__rosidl_typesupport_introspection_c.so
-- Up-to-date: /home/david-wang/Desktop/Projects/Wisconsin Robotics/WRoverSoftware_25-26/install/object_detection_msgs/lib/python3.12/site-packages/object_detection_msgs/_object_detection_msgs_s.ep.rosidl_typesupport_c.c
-- Up-to-date: /home/david-wang/Desktop/Projects/Wisconsin Robotics/WRoverSoftware_25-26/install/object_detection_msgs/lib/python3.12/site-packages/object_detection_msgs/_object_detection_msgs_s.ep.rosidl_typesupport_fastrtps_c.c
-- Installing: /home/david-wang/Desktop/Projects/Wisconsin Robotics/WRoverSoftware_25-26/install/object_detection_msgs/lib/python3.12/site-packages/object_detection_msgs/object_detection_msgs_s__rosidl_typesupport_c.so
-- Up-to-date: /home/david-wang/Desktop/Projects/Wisconsin Robotics/WRoverSoftware_25-26/install/object_detection_msgs/lib/python3.12/site-packages/object_detection_msgs/msg
-- Up-to-date: /home/david-wang/Desktop/Projects/Wisconsin Robotics/WRoverSoftware_25-26/install/object_detection_msgs/lib/python3.12/site-packages/object_detection_msgs/msg/_detection.py
-- Up-to-date: /home/david-wang/Desktop/Projects/Wisconsin Robotics/WRoverSoftware_25-26/install/object_detection_msgs/lib/python3.12/site-packages/object_detection_msgs/msg/__init__.py
-- Up-to-date: /home/david-wang/Desktop/Projects/Wisconsin Robotics/WRoverSoftware_25-26/install/object_detection_msgs/lib/python3.12/site-packages/object_detection_msgs/msg/_detection_s.c
Listing '/home/david-wang/Desktop/Projects/Wisconsin Robotics/WRoverSoftware_25-26/install/object_detection_msgs/lib/python3.12/site-packages/object_detection_msgs'...
Compiling '/home/david-wang/Desktop/Projects/Wisconsin Robotics/WRoverSoftware_25-26/install/object_detection_msgs/lib/python3.12/site-packages/object_detection_msgs/__init__.py'...
Listing '/home/david-wang/Desktop/Projects/Wisconsin Robotics/WRoverSoftware_25-26/install/object_detection_msgs/lib/python3.12/site-packages/object_detection_msgs/msg'...
-- Installing: /home/david-wang/Desktop/Projects/Wisconsin Robotics/WRoverSoftware_25-26/install/object_detection_msgs/lib/python3.12/site-packages/object_detection_msgs/object_detection_msgs_s__rosidl_typesupport_fastrtps_c.so
-- Set non-toolchain portion of runtime path of "/home/david-wang/Desktop/Projects/Wisconsin Robotics/WRoverSoftware_25-26/install/object_detection_msgs/lib/python3.12/site-packages/object_detection_msgs/object_detection_msgs_s__rosidl_typesupport_fastrtps_c.so" to ""
-- Installing: /home/david-wang/Desktop/Projects/Wisconsin Robotics/WRoverSoftware_25-26/install/object_detection_msgs/lib/python3.12/site-packages/object_detection_msgs/object_detection_msgs_s__rosidl_typesupport_introspection_c.so
-- Set non-toolchain portion of runtime path of "/home/david-wang/Desktop/Projects/Wisconsin Robotics/WRoverSoftware_25-26/install/object_detection_msgs/lib/python3.12/site-packages/object_detection_msgs/object_detection_msgs_s__rosidl_typesupport_introspection_c.so" to ""
-- Installing: /home/david-wang/Desktop/Projects/Wisconsin Robotics/WRoverSoftware_25-26/install/object_detection_msgs/lib/python3.12/site-packages/object_detection_msgs/object_detection_msgs_s__rosidl_typesupport_c.so
-- Set non-toolchain portion of runtime path of "/home/david-wang/Desktop/Projects/Wisconsin Robotics/WRoverSoftware_25-26/install/object_detection_msgs/lib/python3.12/site-packages/object_detection_msgs/object_detection_msgs_s__rosidl_typesupport_c.so" to ""
-- Installing: /home/david-wang/Desktop/Projects/Wisconsin Robotics/WRoverSoftware_25-26/install/object_detection_msgs/lib/libobject_detection_msgs__rosidl_generator_py.so
-- Set non-toolchain portion of runtime path of "/home/david-wang/Desktop/Projects/Wisconsin Robotics/WRoverSoftware_25-26/install/object_detection_msgs/lib/libobject_detection_msgs__rosidl_generator_py.so" to ""
-- Installing: /home/david-wang/Desktop/Projects/Wisconsin Robotics/WRoverSoftware_25-26/install/object_detection_msgs/share/ament_index/resource_index/rust_packages/object_detection_msgs
-- Installing: /home/david-wang/Desktop/Projects/Wisconsin Robotics/WRoverSoftware_25-26/install/object_detection_msgs/share/object_detection_msgs/rust
-- Installing: /home/david-wang/Desktop/Projects/Wisconsin Robotics/WRoverSoftware_25-26/install/object_detection_msgs/share/object_detection_msgs/rust/build.rs
-- Installing: /home/david-wang/Desktop/Projects/Wisconsin Robotics/WRoverSoftware_25-26/install/object_detection_msgs/share/object_detection_msgs/rust/src
-- Installing: /home/david-wang/Desktop/Projects/Wisconsin Robotics/WRoverSoftware_25-26/install/object_detection_msgs/share/object_detection_msgs/rust/src/lib.rs
-- Installing: /home/david-wang/Desktop/Projects/Wisconsin Robotics/WRoverSoftware_25-26/install/object_detection_msgs/share/object_detection_msgs/rust/src/msg
-- Installing: /home/david-wang/Desktop/Projects/Wisconsin Robotics/WRoverSoftware_25-26/install/object_detection_msgs/share/object_detection_msgs/rust/src/msg/rmw.rs
-- Installing: /home/david-wang/Desktop/Projects/Wisconsin Robotics/WRoverSoftware_25-26/install/object_detection_msgs/share/object_detection_msgs/rust/src/msg.rs
-- Installing: /home/david-wang/Desktop/Projects/Wisconsin Robotics/WRoverSoftware_25-26/install/object_detection_msgs/share/object_detection_msgs/rust/Cargo.toml
-- Up-to-date: /home/david-wang/Desktop/Projects/Wisconsin Robotics/WRoverSoftware_25-26/install/object_detection_msgs/share/object_detection_msgs/msg/Detection.idl
-- Up-to-date: /home/david-wang/Desktop/Projects/Wisconsin Robotics/WRoverSoftware_25-26/install/object_detection_msgs/share/object_detection_msgs/msg/Detection.msg
-- Up-to-date: /home/david-wang/Desktop/Projects/Wisconsin Robotics/WRoverSoftware_25-26/install/object_detection_msgs/share/ament_index/resource_index/package_run_dependencies/object_detection_msgs
-- Up-to-date: /home/david-wang/Desktop/Projects/Wisconsin Robotics/WRoverSoftware_25-26/install/object_detection_msgs/share/ament_index/resource_index/parent_prefix_path/object_detection_msgs
-- Installing: /home/david-wang/Desktop/Projects/Wisconsin Robotics/WRoverSoftware_25-26/install/object_detection_msgs/share/object_detection_msgs/environment/ament_prefix_path.sh
-- Up-to-date: /home/david-wang/Desktop/Projects/Wisconsin Robotics/WRoverSoftware_25-26/install/object_detection_msgs/share/object_detection_msgs/environment/ament_prefix_path.dsv
-- Installing: /home/david-wang/Desktop/Projects/Wisconsin Robotics/WRoverSoftware_25-26/install/object_detection_msgs/share/object_detection_msgs/environment/path.sh
-- Up-to-date: /home/david-wang/Desktop/Projects/Wisconsin Robotics/WRoverSoftware_25-26/install/object_detection_msgs/share/object_detection_msgs/environment/path.dsv
-- Up-to-date: /home/david-wang/Desktop/Projects/Wisconsin Robotics/WRoverSoftware_25-26/install/object_detection_msgs/share/object_detection_msgs/local_setup.bash
-- Up-to-date: /home/david-wang/Desktop/Projects/Wisconsin Robotics/WRoverSoftware_25-26/install/object_detection_msgs/share/object_detection_msgs/local_setup.sh
-- Up-to-date: /home/david-wang/Desktop/Projects/Wisconsin Robotics/WRoverSoftware_25-26/install/object_detection_msgs/share/object_detection_msgs/local_setup.zsh
-- Up-to-date: /home/david-wang/Desktop/Projects/Wisconsin Robotics/WRoverSoftware_25-26/install/object_detection_msgs/share/object_detection_msgs/local_setup.dsv
-- Installing: /home/david-wang/Desktop/Projects/Wisconsin Robotics/WRoverSoftware_25-26/install/object_detection_msgs/share/object_detection_msgs/package.dsv
-- Up-to-date: /home/david-wang/Desktop/Projects/Wisconsin Robotics/WRoverSoftware_25-26/install/object_detection_msgs/share/ament_index/resource_index/packages/object_detection_msgs
-- Up-to-date: /home/david-wang/Desktop/Projects/Wisconsin Robotics/WRoverSoftware_25-26/install/object_detection_msgs/share/object_detection_msgs/cmake/export_object_detection_msgs__rosidl_generator_cExport.cmake
-- Up-to-date: /home/david-wang/Desktop/Projects/Wisconsin Robotics/WRoverSoftware_25-26/install/object_detection_msgs/share/object_detection_msgs/cmake/export_object_detection_msgs__rosidl_generator_cExport-noconfig.cmake
-- Up-to-date: /home/david-wang/Desktop/Projects/Wisconsin Robotics/WRoverSoftware_25-26/install/object_detection_msgs/share/object_detection_msgs/cmake/export_object_detection_msgs__rosidl_typesupport_fastrtps_cExport.cmake
-- Up-to-date: /home/david-wang/Desktop/Projects/Wisconsin Robotics/WRoverSoftware_25-26/install/object_detection_msgs/share/object_detection_msgs/cmake/export_object_detection_msgs__rosidl_typesupport_fastrtps_cExport-noconfig.cmake
-- Up-to-date: /home/david-wang/Desktop/Projects/Wisconsin Robotics/WRoverSoftware_25-26/install/object_detection_msgs/share/object_detection_msgs/cmake/object_detection_msgs__rosidl_typesupport_introspection_cExport.cmake
-- Up-to-date: /home/david-wang/Desktop/Projects/Wisconsin Robotics/WRoverSoftware_25-26/install/object_detection_msgs/share/object_detection_msgs/cmake/object_detection_msgs__rosidl_typesupport_introspection_cExport-noconfig.cmake
-- Up-to-date: /home/david-wang/Desktop/Projects/Wisconsin Robotics/WRoverSoftware_25-26/install/object_detection_msgs/share/object_detection_msgs/cmake/object_detection_msgs__rosidl_typesupport_cExport.cmake
-- Up-to-date: /home/david-wang/Desktop/Projects/Wisconsin Robotics/WRoverSoftware_25-26/install/object_detection_msgs/share/object_detection_msgs/cmake/object_detection_msgs__rosidl_typesupport_cExport-noconfig.cmake
-- Up-to-date: /home/david-wang/Desktop/Projects/Wisconsin Robotics/WRoverSoftware_25-26/install/object_detection_msgs/share/object_detection_msgs/cmake/export_object_detection_msgs__rosidl_generator_cppExport.cmake
-- Up-to-date: /home/david-wang/Desktop/Projects/Wisconsin Robotics/WRoverSoftware_25-26/install/object_detection_msgs/share/object_detection_msgs/cmake/export_object_detection_msgs__rosidl_typesupport_fastrtps_cppExport.cmake
-- Up-to-date: /home/david-wang/Desktop/Projects/Wisconsin Robotics/WRoverSoftware_25-26/install/object_detection_msgs/share/object_detection_msgs/cmake/export_object_detection_msgs__rosidl_typesupport_fastrtps_cppExport-noconfig.cmake
-- Up-to-date: /home/david-wang/Desktop/Projects/Wisconsin Robotics/WRoverSoftware_25-26/install/object_detection_msgs/share/object_detection_msgs/cmake/object_detection_msgs__rosidl_typesupport_introspection_cppExport.cmake
-- Up-to-date: /home/david-wang/Desktop/Projects/Wisconsin Robotics/WRoverSoftware_25-26/install/object_detection_msgs/share/object_detection_msgs/cmake/object_detection_msgs__rosidl_typesupport_introspection_cppExport-noconfig.cmake
-- Up-to-date: /home/david-wang/Desktop/Projects/Wisconsin Robotics/WRoverSoftware_25-26/install/object_detection_msgs/share/object_detection_msgs/cmake/object_detection_msgs__rosidl_typesupport_cppExport.cmake
-- Up-to-date: /home/david-wang/Desktop/Projects/Wisconsin Robotics/WRoverSoftware_25-26/install/object_detection_msgs/share/object_detection_msgs/cmake/object_detection_msgs__rosidl_typesupport_cppExport-noconfig.cmake
-- Up-to-date: /home/david-wang/Desktop/Projects/Wisconsin Robotics/WRoverSoftware_25-26/install/object_detection_msgs/share/object_detection_msgs/cmake/export_object_detection_msgs__rosidl_generator_pyExport.cmake
-- Up-to-date: /home/david-wang/Desktop/Projects/Wisconsin Robotics/WRoverSoftware_25-26/install/object_detection_msgs/share/object_detection_msgs/cmake/export_object_detection_msgs__rosidl_generator_pyExport-noconfig.cmake
-- Up-to-date: /home/david-wang/Desktop/Projects/Wisconsin Robotics/WRoverSoftware_25-26/install/object_detection_msgs/share/object_detection_msgs/cmake/rosidl_cmake-extras.cmake
-- Up-to-date: /home/david-wang/Desktop/Projects/Wisconsin Robotics/WRoverSoftware_25-26/install/object_detection_msgs/share/object_detection_msgs/cmake/ament_cmake_export_include_directories-extras.cmake
-- Up-to-date: /home/david-wang/Desktop/Projects/Wisconsin Robotics/WRoverSoftware_25-26/install/object_detection_msgs/share/object_detection_msgs/cmake/ament_cmake_export_libraries-extras.cmake
-- Up-to-date: /home/david-wang/Desktop/Projects/Wisconsin Robotics/WRoverSoftware_25-26/install/object_detection_msgs/share/object_detection_msgs/cmake/ament_cmake_export_targets-extras.cmake
-- Up-to-date: /home/david-wang/Desktop/Projects/Wisconsin Robotics/WRoverSoftware_25-26/install/object_detection_msgs/share/object_detection_msgs/cmake/rosidl_cmake_export_typesupport_targets-extras.cmake
-- Up-to-date: /home/david-wang/Desktop/Projects/Wisconsin Robotics/WRoverSoftware_25-26/install/object_detection_msgs/share/object_detection_msgs/cmake/ament_cmake_export_dependencies-extras.cmake
-- Up-to-date: /home/david-wang/Desktop/Projects/Wisconsin Robotics/WRoverSoftware_25-26/install/object_detection_msgs/share/object_detection_msgs/cmake/rosidl_cmake_export_typesupport_libraries-extras.cmake
-- Up-to-date: /home/david-wang/Desktop/Projects/Wisconsin Robotics/WRoverSoftware_25-26/install/object_detection_msgs/share/object_detection_msgs/cmake/object_detection_msgsConfig.cmake
-- Up-to-date: /home/david-wang/Desktop/Projects/Wisconsin Robotics/WRoverSoftware_25-26/install/object_detection_msgs/share/object_detection_msgs/cmake/object_detection_msgsConfig-version.cmake
-- Up-to-date: /home/david-wang/Desktop/Projects/Wisconsin Robotics/WRoverSoftware_25-26/install/object_detection_msgs/share/object_detection_msgs/package.xml
