running egg_info
creating ../../build/gps_tools/gps_tools.egg-info
writing ../../build/gps_tools/gps_tools.egg-info/PKG-INFO
writing dependency_links to ../../build/gps_tools/gps_tools.egg-info/dependency_links.txt
writing entry points to ../../build/gps_tools/gps_tools.egg-info/entry_points.txt
writing requirements to ../../build/gps_tools/gps_tools.egg-info/requires.txt
writing top-level names to ../../build/gps_tools/gps_tools.egg-info/top_level.txt
writing manifest file '../../build/gps_tools/gps_tools.egg-info/SOURCES.txt'
reading manifest file '../../build/gps_tools/gps_tools.egg-info/SOURCES.txt'
writing manifest file '../../build/gps_tools/gps_tools.egg-info/SOURCES.txt'
running build
running build_py
creating /home/david-wang/Desktop/Projects/Wisconsin Robotics/WRoverSoftware_25-26/build/gps_tools/build/lib/gps_tools
copying gps_tools/local_grapher.py -> /home/david-wang/Desktop/Projects/Wisconsin Robotics/WRoverSoftware_25-26/build/gps_tools/build/lib/gps_tools
copying gps_tools/__init__.py -> /home/david-wang/Desktop/Projects/Wisconsin Robotics/WRoverSoftware_25-26/build/gps_tools/build/lib/gps_tools
copying gps_tools/heading.py -> /home/david-wang/Desktop/Projects/Wisconsin Robotics/WRoverSoftware_25-26/build/gps_tools/build/lib/gps_tools
running install
running install_lib
creating /home/david-wang/Desktop/Projects/Wisconsin Robotics/WRoverSoftware_25-26/install/gps_tools/lib/python3.12/site-packages/gps_tools
copying /home/david-wang/Desktop/Projects/Wisconsin Robotics/WRoverSoftware_25-26/build/gps_tools/build/lib/gps_tools/local_grapher.py -> /home/david-wang/Desktop/Projects/Wisconsin Robotics/WRoverSoftware_25-26/install/gps_tools/lib/python3.12/site-packages/gps_tools
copying /home/david-wang/Desktop/Projects/Wisconsin Robotics/WRoverSoftware_25-26/build/gps_tools/build/lib/gps_tools/__init__.py -> /home/david-wang/Desktop/Projects/Wisconsin Robotics/WRoverSoftware_25-26/install/gps_tools/lib/python3.12/site-packages/gps_tools
copying /home/david-wang/Desktop/Projects/Wisconsin Robotics/WRoverSoftware_25-26/build/gps_tools/build/lib/gps_tools/heading.py -> /home/david-wang/Desktop/Projects/Wisconsin Robotics/WRoverSoftware_25-26/install/gps_tools/lib/python3.12/site-packages/gps_tools
byte-compiling /home/david-wang/Desktop/Projects/Wisconsin Robotics/WRoverSoftware_25-26/install/gps_tools/lib/python3.12/site-packages/gps_tools/local_grapher.py to local_grapher.cpython-312.pyc
byte-compiling /home/david-wang/Desktop/Projects/Wisconsin Robotics/WRoverSoftware_25-26/install/gps_tools/lib/python3.12/site-packages/gps_tools/__init__.py to __init__.cpython-312.pyc
byte-compiling /home/david-wang/Desktop/Projects/Wisconsin Robotics/WRoverSoftware_25-26/install/gps_tools/lib/python3.12/site-packages/gps_tools/heading.py to heading.cpython-312.pyc
running install_data
creating /home/david-wang/Desktop/Projects/Wisconsin Robotics/WRoverSoftware_25-26/install/gps_tools/share/ament_index/resource_index/packages
copying resource/gps_tools -> /home/david-wang/Desktop/Projects/Wisconsin Robotics/WRoverSoftware_25-26/install/gps_tools/share/ament_index/resource_index/packages
copying package.xml -> /home/david-wang/Desktop/Projects/Wisconsin Robotics/WRoverSoftware_25-26/install/gps_tools/share/gps_tools
running install_egg_info
Copying ../../build/gps_tools/gps_tools.egg-info to /home/david-wang/Desktop/Projects/Wisconsin Robotics/WRoverSoftware_25-26/install/gps_tools/lib/python3.12/site-packages/gps_tools-0.0.0-py3.12.egg-info
running install_scripts
Installing heading script to /home/david-wang/Desktop/Projects/Wisconsin Robotics/WRoverSoftware_25-26/install/gps_tools/lib/gps_tools
Installing local_grapher script to /home/david-wang/Desktop/Projects/Wisconsin Robotics/WRoverSoftware_25-26/install/gps_tools/lib/gps_tools
writing list of installed files to '/home/david-wang/Desktop/Projects/Wisconsin Robotics/WRoverSoftware_25-26/build/gps_tools/install.log'
