[1.250s] Invoking command in '/home/david-wang/Desktop/Projects/Wisconsin Robotics/WRoverSoftware_25-26/src/gps_tools': DEBUGINFOD_URLS=https://debuginfod.ubuntu.com PS1=(.venv) \[\e]0;\u@\h: \w\a\]${debian_chroot:+($debian_chroot)}\[\033[01;32m\]\u@\h\[\033[00m\]:\[\033[01;34m\]\w\[\033[00m\]\$ PYTHONPATH=/home/david-wang/Desktop/Projects/Wisconsin Robotics/WRoverSoftware_25-26/build/gps_tools/prefix_override:/home/david-wang/.venv/lib/python3.12/site-packages/colcon_core/task/python/colcon_distutils_commands:/home/david-wang/Desktop/Projects/Wisconsin Robotics/WRoverSoftware_25-26/install/gps_tools/lib/python3.12/site-packages:${PYTHONPATH} VIRTUAL_ENV_PROMPT=(.venv) /home/david-wang/.venv/bin/python3 -W ignore:setup.py install is deprecated -W ignore:easy_install command is deprecated setup.py egg_info --egg-base ../../build/gps_tools build --build-base /home/david-wang/Desktop/Projects/Wisconsin Robotics/WRoverSoftware_25-26/build/gps_tools/build install --record /home/david-wang/Desktop/Projects/Wisconsin Robotics/WRoverSoftware_25-26/build/gps_tools/install.log --single-version-externally-managed install_data
[1.653s] running egg_info
[1.671s] creating ../../build/gps_tools/gps_tools.egg-info
[1.671s] writing ../../build/gps_tools/gps_tools.egg-info/PKG-INFO
[1.672s] writing dependency_links to ../../build/gps_tools/gps_tools.egg-info/dependency_links.txt
[1.672s] writing entry points to ../../build/gps_tools/gps_tools.egg-info/entry_points.txt
[1.672s] writing requirements to ../../build/gps_tools/gps_tools.egg-info/requires.txt
[1.672s] writing top-level names to ../../build/gps_tools/gps_tools.egg-info/top_level.txt
[1.681s] writing manifest file '../../build/gps_tools/gps_tools.egg-info/SOURCES.txt'
[1.719s] reading manifest file '../../build/gps_tools/gps_tools.egg-info/SOURCES.txt'
[1.719s] writing manifest file '../../build/gps_tools/gps_tools.egg-info/SOURCES.txt'
[1.720s] running build
[1.720s] running build_py
[1.720s] creating /home/david-wang/Desktop/Projects/Wisconsin Robotics/WRoverSoftware_25-26/build/gps_tools/build/lib/gps_tools
[1.720s] copying gps_tools/local_grapher.py -> /home/david-wang/Desktop/Projects/Wisconsin Robotics/WRoverSoftware_25-26/build/gps_tools/build/lib/gps_tools
[1.720s] copying gps_tools/__init__.py -> /home/david-wang/Desktop/Projects/Wisconsin Robotics/WRoverSoftware_25-26/build/gps_tools/build/lib/gps_tools
[1.720s] copying gps_tools/heading.py -> /home/david-wang/Desktop/Projects/Wisconsin Robotics/WRoverSoftware_25-26/build/gps_tools/build/lib/gps_tools
[1.720s] running install
[1.724s] running install_lib
[1.739s] creating /home/david-wang/Desktop/Projects/Wisconsin Robotics/WRoverSoftware_25-26/install/gps_tools/lib/python3.12/site-packages/gps_tools
[1.739s] copying /home/david-wang/Desktop/Projects/Wisconsin Robotics/WRoverSoftware_25-26/build/gps_tools/build/lib/gps_tools/local_grapher.py -> /home/david-wang/Desktop/Projects/Wisconsin Robotics/WRoverSoftware_25-26/install/gps_tools/lib/python3.12/site-packages/gps_tools
[1.740s] copying /home/david-wang/Desktop/Projects/Wisconsin Robotics/WRoverSoftware_25-26/build/gps_tools/build/lib/gps_tools/__init__.py -> /home/david-wang/Desktop/Projects/Wisconsin Robotics/WRoverSoftware_25-26/install/gps_tools/lib/python3.12/site-packages/gps_tools
[1.740s] copying /home/david-wang/Desktop/Projects/Wisconsin Robotics/WRoverSoftware_25-26/build/gps_tools/build/lib/gps_tools/heading.py -> /home/david-wang/Desktop/Projects/Wisconsin Robotics/WRoverSoftware_25-26/install/gps_tools/lib/python3.12/site-packages/gps_tools
[1.740s] byte-compiling /home/david-wang/Desktop/Projects/Wisconsin Robotics/WRoverSoftware_25-26/install/gps_tools/lib/python3.12/site-packages/gps_tools/local_grapher.py to local_grapher.cpython-312.pyc
[1.741s] byte-compiling /home/david-wang/Desktop/Projects/Wisconsin Robotics/WRoverSoftware_25-26/install/gps_tools/lib/python3.12/site-packages/gps_tools/__init__.py to __init__.cpython-312.pyc
[1.741s] byte-compiling /home/david-wang/Desktop/Projects/Wisconsin Robotics/WRoverSoftware_25-26/install/gps_tools/lib/python3.12/site-packages/gps_tools/heading.py to heading.cpython-312.pyc
[1.741s] running install_data
[1.742s] creating /home/david-wang/Desktop/Projects/Wisconsin Robotics/WRoverSoftware_25-26/install/gps_tools/share/ament_index/resource_index/packages
[1.742s] copying resource/gps_tools -> /home/david-wang/Desktop/Projects/Wisconsin Robotics/WRoverSoftware_25-26/install/gps_tools/share/ament_index/resource_index/packages
[1.742s] copying package.xml -> /home/david-wang/Desktop/Projects/Wisconsin Robotics/WRoverSoftware_25-26/install/gps_tools/share/gps_tools
[1.742s] running install_egg_info
[1.757s] Copying ../../build/gps_tools/gps_tools.egg-info to /home/david-wang/Desktop/Projects/Wisconsin Robotics/WRoverSoftware_25-26/install/gps_tools/lib/python3.12/site-packages/gps_tools-0.0.0-py3.12.egg-info
[1.758s] running install_scripts
[1.844s] Installing heading script to /home/david-wang/Desktop/Projects/Wisconsin Robotics/WRoverSoftware_25-26/install/gps_tools/lib/gps_tools
[1.844s] Installing local_grapher script to /home/david-wang/Desktop/Projects/Wisconsin Robotics/WRoverSoftware_25-26/install/gps_tools/lib/gps_tools
[1.844s] writing list of installed files to '/home/david-wang/Desktop/Projects/Wisconsin Robotics/WRoverSoftware_25-26/build/gps_tools/install.log'
[1.878s] Invoked command in '/home/david-wang/Desktop/Projects/Wisconsin Robotics/WRoverSoftware_25-26/src/gps_tools' returned '0': DEBUGINFOD_URLS=https://debuginfod.ubuntu.com PS1=(.venv) \[\e]0;\u@\h: \w\a\]${debian_chroot:+($debian_chroot)}\[\033[01;32m\]\u@\h\[\033[00m\]:\[\033[01;34m\]\w\[\033[00m\]\$ PYTHONPATH=/home/david-wang/Desktop/Projects/Wisconsin Robotics/WRoverSoftware_25-26/build/gps_tools/prefix_override:/home/david-wang/.venv/lib/python3.12/site-packages/colcon_core/task/python/colcon_distutils_commands:/home/david-wang/Desktop/Projects/Wisconsin Robotics/WRoverSoftware_25-26/install/gps_tools/lib/python3.12/site-packages:${PYTHONPATH} VIRTUAL_ENV_PROMPT=(.venv) /home/david-wang/.venv/bin/python3 -W ignore:setup.py install is deprecated -W ignore:easy_install command is deprecated setup.py egg_info --egg-base ../../build/gps_tools build --build-base /home/david-wang/Desktop/Projects/Wisconsin Robotics/WRoverSoftware_25-26/build/gps_tools/build install --record /home/david-wang/Desktop/Projects/Wisconsin Robotics/WRoverSoftware_25-26/build/gps_tools/install.log --single-version-externally-managed install_data
