[0.029s] Invoking command in '/home/wiscrobo/workspace/WRoverSoftware_25-26/localization_workspace/build/wr_compass': CMAKE_PREFIX_PATH=/home/wiscrobo/workspace/WRoverSoftware_25-26/localization_workspace/install/wr_fusion:/home/wiscrobo/workspace/WRoverSoftware_25-26/install/telemetry:/opt/ros/humble PS1=\[\e]0;\u@\h: \w\a\]${debian_chroot:+($debian_chroot)}\[\033[01;32m\]\u@\h\[\033[00m\]:\[\033[01;34m\]\w\[\033[00m\]\$ /usr/bin/cmake --build /home/wiscrobo/workspace/WRoverSoftware_25-26/localization_workspace/build/wr_compass -- -j4 -l4
[0.091s] -- Found ament_cmake: 1.3.11 (/opt/ros/humble/share/ament_cmake/cmake)
[0.414s] -- Found rclcpp: 16.0.11 (/opt/ros/humble/share/rclcpp/cmake)
[0.470s] -- Found rosidl_generator_c: 3.1.6 (/opt/ros/humble/share/rosidl_generator_c/cmake)
[0.475s] -- Found rosidl_adapter: 3.1.6 (/opt/ros/humble/share/rosidl_adapter/cmake)
[0.487s] -- Found rosidl_generator_cpp: 3.1.6 (/opt/ros/humble/share/rosidl_generator_cpp/cmake)
[0.506s] -- Using all available rosidl_typesupport_c: rosidl_typesupport_fastrtps_c;rosidl_typesupport_introspection_c
[0.532s] -- Using all available rosidl_typesupport_cpp: rosidl_typesupport_fastrtps_cpp;rosidl_typesupport_introspection_cpp
[0.598s] -- Found rmw_implementation_cmake: 6.1.2 (/opt/ros/humble/share/rmw_implementation_cmake/cmake)
[0.601s] -- Found rmw_fastrtps_cpp: 6.2.7 (/opt/ros/humble/share/rmw_fastrtps_cpp/cmake)
[0.797s] -- Using RMW implementation 'rmw_fastrtps_cpp' as default
[0.906s] -- Found ament_lint_auto: 0.12.11 (/opt/ros/humble/share/ament_lint_auto/cmake)
[1.096s] -- Added test 'cppcheck' to perform static code analysis on C / C++ code
[1.096s] -- Configured cppcheck include dirs: $<BUILD_INTERFACE:/home/wiscrobo/workspace/WRoverSoftware_25-26/localization_workspace/src/wr_compass/include>
[1.097s] -- Configured cppcheck exclude dirs and/or files: 
[1.098s] -- Added test 'lint_cmake' to check CMake code style
[1.101s] -- Added test 'uncrustify' to check C / C++ code style
[1.101s] -- Configured uncrustify additional arguments: 
[1.102s] -- Added test 'xmllint' to check XML markup files
[1.106s] -- Configuring done
[1.128s] -- Generating done
[1.137s] -- Build files have been written to: /home/wiscrobo/workspace/WRoverSoftware_25-26/localization_workspace/build/wr_compass
[1.225s] [ 50%] [32mBuilding CXX object CMakeFiles/compass.dir/src/compass.cpp.o[0m
[1.764s] [01m[K/home/wiscrobo/workspace/WRoverSoftware_25-26/localization_workspace/src/wr_compass/src/compass.cpp:8:10:[m[K [01;31m[Kfatal error: [m[Ksensor_msgs/msg/imu.hpp: No such file or directory
[1.764s]     8 | #include [01;31m[K"sensor_msgs/msg/imu.hpp"[m[K
[1.764s]       |          [01;31m[K^~~~~~~~~~~~~~~~~~~~~~~~~[m[K
[1.764s] compilation terminated.
[1.770s] gmake[2]: *** [CMakeFiles/compass.dir/build.make:76: CMakeFiles/compass.dir/src/compass.cpp.o] Error 1
[1.771s] gmake[1]: *** [CMakeFiles/Makefile2:137: CMakeFiles/compass.dir/all] Error 2
[1.772s] gmake: *** [Makefile:146: all] Error 2
[1.776s] Invoked command in '/home/wiscrobo/workspace/WRoverSoftware_25-26/localization_workspace/build/wr_compass' returned '2': CMAKE_PREFIX_PATH=/home/wiscrobo/workspace/WRoverSoftware_25-26/localization_workspace/install/wr_fusion:/home/wiscrobo/workspace/WRoverSoftware_25-26/install/telemetry:/opt/ros/humble PS1=\[\e]0;\u@\h: \w\a\]${debian_chroot:+($debian_chroot)}\[\033[01;32m\]\u@\h\[\033[00m\]:\[\033[01;34m\]\w\[\033[00m\]\$ /usr/bin/cmake --build /home/wiscrobo/workspace/WRoverSoftware_25-26/localization_workspace/build/wr_compass -- -j4 -l4
