[0.019s] Invoking command in '/home/david-wang/Desktop/Projects/Wisconsin Robotics/WRoverSoftware_25-26/build/object_detection_msgs': CMAKE_PREFIX_PATH=${CMAKE_PREFIX_PATH}:/home/david-wang/Desktop/Projects/Wisconsin Robotics/WRoverSoftware_25-26/install/object_detection:/opt/ros/jazzy DEBUGINFOD_URLS=https://debuginfod.ubuntu.com PS1=(.venv) \[\e]0;\u@\h: \w\a\]${debian_chroot:+($debian_chroot)}\[\033[01;32m\]\u@\h\[\033[00m\]:\[\033[01;34m\]\w\[\033[00m\]\$ VIRTUAL_ENV_PROMPT=(.venv) /usr/bin/cmake --build /home/david-wang/Desktop/Projects/Wisconsin Robotics/WRoverSoftware_25-26/build/object_detection_msgs -- -j12 -l12
[0.089s] [  2%] Built target object_detection_msgs__rosidl_generator_type_description
[0.099s] [  2%] Built target ament_cmake_python_copy_object_detection_msgs
[0.112s] [ 11%] Built target object_detection_msgs__cpp
[0.113s] [ 20%] Built target object_detection_msgs__rosidl_generator_c
[0.134s] [ 64%] Built target object_detection_msgs__rosidl_typesupport_introspection_cpp
[0.134s] [ 64%] Built target object_detection_msgs__rosidl_typesupport_cpp
[0.134s] [ 64%] Built target object_detection_msgs__rosidl_typesupport_fastrtps_cpp
[0.134s] [ 64%] Built target object_detection_msgs__rosidl_typesupport_c
[0.134s] [ 64%] Built target object_detection_msgs__rosidl_typesupport_introspection_c
[0.135s] [ 73%] Built target object_detection_msgs__rosidl_typesupport_fastrtps_c
[0.154s] [ 73%] Built target object_detection_msgs
[0.177s] [ 76%] Built target object_detection_msgs__py
[0.200s] [ 82%] Built target object_detection_msgs__rosidl_generator_py
[0.224s] [100%] Built target object_detection_msgs_s__rosidl_typesupport_fastrtps_c
[0.224s] [100%] Built target object_detection_msgs_s__rosidl_typesupport_c
[0.224s] [100%] Built target object_detection_msgs_s__rosidl_typesupport_introspection_c
[0.300s] running egg_info
[0.318s] writing object_detection_msgs.egg-info/PKG-INFO
[0.319s] writing dependency_links to object_detection_msgs.egg-info/dependency_links.txt
[0.319s] writing top-level names to object_detection_msgs.egg-info/top_level.txt
[0.363s] reading manifest file 'object_detection_msgs.egg-info/SOURCES.txt'
[0.364s] writing manifest file 'object_detection_msgs.egg-info/SOURCES.txt'
[0.401s] [100%] Built target ament_cmake_python_build_object_detection_msgs_egg
[0.418s] Invoked command in '/home/david-wang/Desktop/Projects/Wisconsin Robotics/WRoverSoftware_25-26/build/object_detection_msgs' returned '0': CMAKE_PREFIX_PATH=${CMAKE_PREFIX_PATH}:/home/david-wang/Desktop/Projects/Wisconsin Robotics/WRoverSoftware_25-26/install/object_detection:/opt/ros/jazzy DEBUGINFOD_URLS=https://debuginfod.ubuntu.com PS1=(.venv) \[\e]0;\u@\h: \w\a\]${debian_chroot:+($debian_chroot)}\[\033[01;32m\]\u@\h\[\033[00m\]:\[\033[01;34m\]\w\[\033[00m\]\$ VIRTUAL_ENV_PROMPT=(.venv) /usr/bin/cmake --build /home/david-wang/Desktop/Projects/Wisconsin Robotics/WRoverSoftware_25-26/build/object_detection_msgs -- -j12 -l12
[0.430s] Invoking command in '/home/david-wang/Desktop/Projects/Wisconsin Robotics/WRoverSoftware_25-26/build/object_detection_msgs': CMAKE_PREFIX_PATH=${CMAKE_PREFIX_PATH}:/home/david-wang/Desktop/Projects/Wisconsin Robotics/WRoverSoftware_25-26/install/object_detection:/opt/ros/jazzy DEBUGINFOD_URLS=https://debuginfod.ubuntu.com PS1=(.venv) \[\e]0;\u@\h: \w\a\]${debian_chroot:+($debian_chroot)}\[\033[01;32m\]\u@\h\[\033[00m\]:\[\033[01;34m\]\w\[\033[00m\]\$ VIRTUAL_ENV_PROMPT=(.venv) /usr/bin/cmake --install /home/david-wang/Desktop/Projects/Wisconsin Robotics/WRoverSoftware_25-26/build/object_detection_msgs
[0.437s] -- Install configuration: ""
[0.437s] -- Up-to-date: /home/david-wang/Desktop/Projects/Wisconsin Robotics/WRoverSoftware_25-26/install/object_detection_msgs/share/ament_index/resource_index/rosidl_interfaces/object_detection_msgs
[0.437s] -- Up-to-date: /home/david-wang/Desktop/Projects/Wisconsin Robotics/WRoverSoftware_25-26/install/object_detection_msgs/share/object_detection_msgs/msg/Detection.json
[0.437s] -- Up-to-date: /home/david-wang/Desktop/Projects/Wisconsin Robotics/WRoverSoftware_25-26/install/object_detection_msgs/include/object_detection_msgs/object_detection_msgs
[0.438s] -- Up-to-date: /home/david-wang/Desktop/Projects/Wisconsin Robotics/WRoverSoftware_25-26/install/object_detection_msgs/include/object_detection_msgs/object_detection_msgs/msg
[0.438s] -- Up-to-date: /home/david-wang/Desktop/Projects/Wisconsin Robotics/WRoverSoftware_25-26/install/object_detection_msgs/include/object_detection_msgs/object_detection_msgs/msg/rosidl_generator_c__visibility_control.h
[0.438s] -- Up-to-date: /home/david-wang/Desktop/Projects/Wisconsin Robotics/WRoverSoftware_25-26/install/object_detection_msgs/include/object_detection_msgs/object_detection_msgs/msg/detail
[0.438s] -- Up-to-date: /home/david-wang/Desktop/Projects/Wisconsin Robotics/WRoverSoftware_25-26/install/object_detection_msgs/include/object_detection_msgs/object_detection_msgs/msg/detail/detection__struct.h
[0.438s] -- Up-to-date: /home/david-wang/Desktop/Projects/Wisconsin Robotics/WRoverSoftware_25-26/install/object_detection_msgs/include/object_detection_msgs/object_detection_msgs/msg/detail/detection__functions.h
[0.438s] -- Up-to-date: /home/david-wang/Desktop/Projects/Wisconsin Robotics/WRoverSoftware_25-26/install/object_detection_msgs/include/object_detection_msgs/object_detection_msgs/msg/detail/detection__description.c
[0.438s] -- Up-to-date: /home/david-wang/Desktop/Projects/Wisconsin Robotics/WRoverSoftware_25-26/install/object_detection_msgs/include/object_detection_msgs/object_detection_msgs/msg/detail/detection__type_support.c
[0.438s] -- Up-to-date: /home/david-wang/Desktop/Projects/Wisconsin Robotics/WRoverSoftware_25-26/install/object_detection_msgs/include/object_detection_msgs/object_detection_msgs/msg/detail/detection__functions.c
[0.438s] -- Up-to-date: /home/david-wang/Desktop/Projects/Wisconsin Robotics/WRoverSoftware_25-26/install/object_detection_msgs/include/object_detection_msgs/object_detection_msgs/msg/detail/detection__type_support.h
[0.438s] -- Up-to-date: /home/david-wang/Desktop/Projects/Wisconsin Robotics/WRoverSoftware_25-26/install/object_detection_msgs/include/object_detection_msgs/object_detection_msgs/msg/detection.h
[0.438s] -- Up-to-date: /home/david-wang/Desktop/Projects/Wisconsin Robotics/WRoverSoftware_25-26/install/object_detection_msgs/share/object_detection_msgs/environment/library_path.sh
[0.438s] -- Up-to-date: /home/david-wang/Desktop/Projects/Wisconsin Robotics/WRoverSoftware_25-26/install/object_detection_msgs/share/object_detection_msgs/environment/library_path.dsv
[0.438s] -- Up-to-date: /home/david-wang/Desktop/Projects/Wisconsin Robotics/WRoverSoftware_25-26/install/object_detection_msgs/lib/libobject_detection_msgs__rosidl_generator_c.so
[0.438s] -- Up-to-date: /home/david-wang/Desktop/Projects/Wisconsin Robotics/WRoverSoftware_25-26/install/object_detection_msgs/include/object_detection_msgs/object_detection_msgs
[0.439s] -- Up-to-date: /home/david-wang/Desktop/Projects/Wisconsin Robotics/WRoverSoftware_25-26/install/object_detection_msgs/include/object_detection_msgs/object_detection_msgs/msg
[0.439s] -- Up-to-date: /home/david-wang/Desktop/Projects/Wisconsin Robotics/WRoverSoftware_25-26/install/object_detection_msgs/include/object_detection_msgs/object_detection_msgs/msg/rosidl_typesupport_fastrtps_c__visibility_control.h
[0.439s] -- Up-to-date: /home/david-wang/Desktop/Projects/Wisconsin Robotics/WRoverSoftware_25-26/install/object_detection_msgs/include/object_detection_msgs/object_detection_msgs/msg/detail
[0.439s] -- Up-to-date: /home/david-wang/Desktop/Projects/Wisconsin Robotics/WRoverSoftware_25-26/install/object_detection_msgs/include/object_detection_msgs/object_detection_msgs/msg/detail/detection__rosidl_typesupport_fastrtps_c.h
[0.439s] -- Up-to-date: /home/david-wang/Desktop/Projects/Wisconsin Robotics/WRoverSoftware_25-26/install/object_detection_msgs/lib/libobject_detection_msgs__rosidl_typesupport_fastrtps_c.so
[0.439s] -- Up-to-date: /home/david-wang/Desktop/Projects/Wisconsin Robotics/WRoverSoftware_25-26/install/object_detection_msgs/include/object_detection_msgs/object_detection_msgs
[0.439s] -- Up-to-date: /home/david-wang/Desktop/Projects/Wisconsin Robotics/WRoverSoftware_25-26/install/object_detection_msgs/include/object_detection_msgs/object_detection_msgs/msg
[0.439s] -- Up-to-date: /home/david-wang/Desktop/Projects/Wisconsin Robotics/WRoverSoftware_25-26/install/object_detection_msgs/include/object_detection_msgs/object_detection_msgs/msg/detail
[0.439s] -- Up-to-date: /home/david-wang/Desktop/Projects/Wisconsin Robotics/WRoverSoftware_25-26/install/object_detection_msgs/include/object_detection_msgs/object_detection_msgs/msg/detail/detection__type_support.c
[0.439s] -- Up-to-date: /home/david-wang/Desktop/Projects/Wisconsin Robotics/WRoverSoftware_25-26/install/object_detection_msgs/include/object_detection_msgs/object_detection_msgs/msg/detail/detection__rosidl_typesupport_introspection_c.h
[0.439s] -- Up-to-date: /home/david-wang/Desktop/Projects/Wisconsin Robotics/WRoverSoftware_25-26/install/object_detection_msgs/include/object_detection_msgs/object_detection_msgs/msg/rosidl_typesupport_introspection_c__visibility_control.h
[0.439s] -- Up-to-date: /home/david-wang/Desktop/Projects/Wisconsin Robotics/WRoverSoftware_25-26/install/object_detection_msgs/lib/libobject_detection_msgs__rosidl_typesupport_introspection_c.so
[0.439s] -- Up-to-date: /home/david-wang/Desktop/Projects/Wisconsin Robotics/WRoverSoftware_25-26/install/object_detection_msgs/lib/libobject_detection_msgs__rosidl_typesupport_c.so
[0.439s] -- Up-to-date: /home/david-wang/Desktop/Projects/Wisconsin Robotics/WRoverSoftware_25-26/install/object_detection_msgs/include/object_detection_msgs/object_detection_msgs
[0.440s] -- Up-to-date: /home/david-wang/Desktop/Projects/Wisconsin Robotics/WRoverSoftware_25-26/install/object_detection_msgs/include/object_detection_msgs/object_detection_msgs/msg
[0.440s] -- Up-to-date: /home/david-wang/Desktop/Projects/Wisconsin Robotics/WRoverSoftware_25-26/install/object_detection_msgs/include/object_detection_msgs/object_detection_msgs/msg/detection.hpp
[0.440s] -- Up-to-date: /home/david-wang/Desktop/Projects/Wisconsin Robotics/WRoverSoftware_25-26/install/object_detection_msgs/include/object_detection_msgs/object_detection_msgs/msg/detail
[0.440s] -- Up-to-date: /home/david-wang/Desktop/Projects/Wisconsin Robotics/WRoverSoftware_25-26/install/object_detection_msgs/include/object_detection_msgs/object_detection_msgs/msg/detail/detection__builder.hpp
[0.440s] -- Up-to-date: /home/david-wang/Desktop/Projects/Wisconsin Robotics/WRoverSoftware_25-26/install/object_detection_msgs/include/object_detection_msgs/object_detection_msgs/msg/detail/detection__traits.hpp
[0.440s] -- Up-to-date: /home/david-wang/Desktop/Projects/Wisconsin Robotics/WRoverSoftware_25-26/install/object_detection_msgs/include/object_detection_msgs/object_detection_msgs/msg/detail/detection__type_support.hpp
[0.440s] -- Up-to-date: /home/david-wang/Desktop/Projects/Wisconsin Robotics/WRoverSoftware_25-26/install/object_detection_msgs/include/object_detection_msgs/object_detection_msgs/msg/detail/detection__struct.hpp
[0.440s] -- Up-to-date: /home/david-wang/Desktop/Projects/Wisconsin Robotics/WRoverSoftware_25-26/install/object_detection_msgs/include/object_detection_msgs/object_detection_msgs/msg/rosidl_generator_cpp__visibility_control.hpp
[0.440s] -- Up-to-date: /home/david-wang/Desktop/Projects/Wisconsin Robotics/WRoverSoftware_25-26/install/object_detection_msgs/include/object_detection_msgs/object_detection_msgs
[0.440s] -- Up-to-date: /home/david-wang/Desktop/Projects/Wisconsin Robotics/WRoverSoftware_25-26/install/object_detection_msgs/include/object_detection_msgs/object_detection_msgs/msg
[0.440s] -- Up-to-date: /home/david-wang/Desktop/Projects/Wisconsin Robotics/WRoverSoftware_25-26/install/object_detection_msgs/include/object_detection_msgs/object_detection_msgs/msg/detail
[0.440s] -- Up-to-date: /home/david-wang/Desktop/Projects/Wisconsin Robotics/WRoverSoftware_25-26/install/object_detection_msgs/include/object_detection_msgs/object_detection_msgs/msg/detail/dds_fastrtps
[0.440s] -- Up-to-date: /home/david-wang/Desktop/Projects/Wisconsin Robotics/WRoverSoftware_25-26/install/object_detection_msgs/include/object_detection_msgs/object_detection_msgs/msg/detail/detection__rosidl_typesupport_fastrtps_cpp.hpp
[0.440s] -- Up-to-date: /home/david-wang/Desktop/Projects/Wisconsin Robotics/WRoverSoftware_25-26/install/object_detection_msgs/include/object_detection_msgs/object_detection_msgs/msg/rosidl_typesupport_fastrtps_cpp__visibility_control.h
[0.440s] -- Up-to-date: /home/david-wang/Desktop/Projects/Wisconsin Robotics/WRoverSoftware_25-26/install/object_detection_msgs/lib/libobject_detection_msgs__rosidl_typesupport_fastrtps_cpp.so
[0.441s] -- Up-to-date: /home/david-wang/Desktop/Projects/Wisconsin Robotics/WRoverSoftware_25-26/install/object_detection_msgs/include/object_detection_msgs/object_detection_msgs
[0.441s] -- Up-to-date: /home/david-wang/Desktop/Projects/Wisconsin Robotics/WRoverSoftware_25-26/install/object_detection_msgs/include/object_detection_msgs/object_detection_msgs/msg
[0.441s] -- Up-to-date: /home/david-wang/Desktop/Projects/Wisconsin Robotics/WRoverSoftware_25-26/install/object_detection_msgs/include/object_detection_msgs/object_detection_msgs/msg/detail
[0.441s] -- Up-to-date: /home/david-wang/Desktop/Projects/Wisconsin Robotics/WRoverSoftware_25-26/install/object_detection_msgs/include/object_detection_msgs/object_detection_msgs/msg/detail/detection__rosidl_typesupport_introspection_cpp.hpp
[0.441s] -- Up-to-date: /home/david-wang/Desktop/Projects/Wisconsin Robotics/WRoverSoftware_25-26/install/object_detection_msgs/include/object_detection_msgs/object_detection_msgs/msg/detail/detection__type_support.cpp
[0.441s] -- Up-to-date: /home/david-wang/Desktop/Projects/Wisconsin Robotics/WRoverSoftware_25-26/install/object_detection_msgs/lib/libobject_detection_msgs__rosidl_typesupport_introspection_cpp.so
[0.441s] -- Up-to-date: /home/david-wang/Desktop/Projects/Wisconsin Robotics/WRoverSoftware_25-26/install/object_detection_msgs/lib/libobject_detection_msgs__rosidl_typesupport_cpp.so
[0.441s] -- Up-to-date: /home/david-wang/Desktop/Projects/Wisconsin Robotics/WRoverSoftware_25-26/install/object_detection_msgs/share/object_detection_msgs/environment/pythonpath.sh
[0.441s] -- Up-to-date: /home/david-wang/Desktop/Projects/Wisconsin Robotics/WRoverSoftware_25-26/install/object_detection_msgs/share/object_detection_msgs/environment/pythonpath.dsv
[0.441s] -- Up-to-date: /home/david-wang/Desktop/Projects/Wisconsin Robotics/WRoverSoftware_25-26/install/object_detection_msgs/lib/python3.12/site-packages/object_detection_msgs-0.0.0-py3.12.egg-info
[0.441s] -- Installing: /home/david-wang/Desktop/Projects/Wisconsin Robotics/WRoverSoftware_25-26/install/object_detection_msgs/lib/python3.12/site-packages/object_detection_msgs-0.0.0-py3.12.egg-info/dependency_links.txt
[0.441s] -- Installing: /home/david-wang/Desktop/Projects/Wisconsin Robotics/WRoverSoftware_25-26/install/object_detection_msgs/lib/python3.12/site-packages/object_detection_msgs-0.0.0-py3.12.egg-info/SOURCES.txt
[0.441s] -- Installing: /home/david-wang/Desktop/Projects/Wisconsin Robotics/WRoverSoftware_25-26/install/object_detection_msgs/lib/python3.12/site-packages/object_detection_msgs-0.0.0-py3.12.egg-info/PKG-INFO
[0.441s] -- Installing: /home/david-wang/Desktop/Projects/Wisconsin Robotics/WRoverSoftware_25-26/install/object_detection_msgs/lib/python3.12/site-packages/object_detection_msgs-0.0.0-py3.12.egg-info/top_level.txt
[0.441s] -- Up-to-date: /home/david-wang/Desktop/Projects/Wisconsin Robotics/WRoverSoftware_25-26/install/object_detection_msgs/lib/python3.12/site-packages/object_detection_msgs
[0.441s] -- Up-to-date: /home/david-wang/Desktop/Projects/Wisconsin Robotics/WRoverSoftware_25-26/install/object_detection_msgs/lib/python3.12/site-packages/object_detection_msgs/object_detection_msgs_s__rosidl_typesupport_fastrtps_c.so
[0.442s] -- Up-to-date: /home/david-wang/Desktop/Projects/Wisconsin Robotics/WRoverSoftware_25-26/install/object_detection_msgs/lib/python3.12/site-packages/object_detection_msgs/__init__.py
[0.442s] -- Up-to-date: /home/david-wang/Desktop/Projects/Wisconsin Robotics/WRoverSoftware_25-26/install/object_detection_msgs/lib/python3.12/site-packages/object_detection_msgs/_object_detection_msgs_s.ep.rosidl_typesupport_introspection_c.c
[0.442s] -- Up-to-date: /home/david-wang/Desktop/Projects/Wisconsin Robotics/WRoverSoftware_25-26/install/object_detection_msgs/lib/python3.12/site-packages/object_detection_msgs/object_detection_msgs_s__rosidl_typesupport_introspection_c.so
[0.442s] -- Up-to-date: /home/david-wang/Desktop/Projects/Wisconsin Robotics/WRoverSoftware_25-26/install/object_detection_msgs/lib/python3.12/site-packages/object_detection_msgs/_object_detection_msgs_s.ep.rosidl_typesupport_c.c
[0.442s] -- Up-to-date: /home/david-wang/Desktop/Projects/Wisconsin Robotics/WRoverSoftware_25-26/install/object_detection_msgs/lib/python3.12/site-packages/object_detection_msgs/_object_detection_msgs_s.ep.rosidl_typesupport_fastrtps_c.c
[0.442s] -- Up-to-date: /home/david-wang/Desktop/Projects/Wisconsin Robotics/WRoverSoftware_25-26/install/object_detection_msgs/lib/python3.12/site-packages/object_detection_msgs/object_detection_msgs_s__rosidl_typesupport_c.so
[0.442s] -- Up-to-date: /home/david-wang/Desktop/Projects/Wisconsin Robotics/WRoverSoftware_25-26/install/object_detection_msgs/lib/python3.12/site-packages/object_detection_msgs/msg
[0.442s] -- Up-to-date: /home/david-wang/Desktop/Projects/Wisconsin Robotics/WRoverSoftware_25-26/install/object_detection_msgs/lib/python3.12/site-packages/object_detection_msgs/msg/_detection.py
[0.442s] -- Up-to-date: /home/david-wang/Desktop/Projects/Wisconsin Robotics/WRoverSoftware_25-26/install/object_detection_msgs/lib/python3.12/site-packages/object_detection_msgs/msg/__init__.py
[0.442s] -- Up-to-date: /home/david-wang/Desktop/Projects/Wisconsin Robotics/WRoverSoftware_25-26/install/object_detection_msgs/lib/python3.12/site-packages/object_detection_msgs/msg/_detection_s.c
[0.470s] Listing '/home/david-wang/Desktop/Projects/Wisconsin Robotics/WRoverSoftware_25-26/install/object_detection_msgs/lib/python3.12/site-packages/object_detection_msgs'...
[0.470s] Listing '/home/david-wang/Desktop/Projects/Wisconsin Robotics/WRoverSoftware_25-26/install/object_detection_msgs/lib/python3.12/site-packages/object_detection_msgs/msg'...
[0.474s] -- Up-to-date: /home/david-wang/Desktop/Projects/Wisconsin Robotics/WRoverSoftware_25-26/install/object_detection_msgs/lib/python3.12/site-packages/object_detection_msgs/object_detection_msgs_s__rosidl_typesupport_fastrtps_c.so
[0.474s] -- Up-to-date: /home/david-wang/Desktop/Projects/Wisconsin Robotics/WRoverSoftware_25-26/install/object_detection_msgs/lib/python3.12/site-packages/object_detection_msgs/object_detection_msgs_s__rosidl_typesupport_introspection_c.so
[0.474s] -- Up-to-date: /home/david-wang/Desktop/Projects/Wisconsin Robotics/WRoverSoftware_25-26/install/object_detection_msgs/lib/python3.12/site-packages/object_detection_msgs/object_detection_msgs_s__rosidl_typesupport_c.so
[0.475s] -- Up-to-date: /home/david-wang/Desktop/Projects/Wisconsin Robotics/WRoverSoftware_25-26/install/object_detection_msgs/lib/libobject_detection_msgs__rosidl_generator_py.so
[0.475s] -- Up-to-date: /home/david-wang/Desktop/Projects/Wisconsin Robotics/WRoverSoftware_25-26/install/object_detection_msgs/share/object_detection_msgs/msg/Detection.idl
[0.476s] -- Up-to-date: /home/david-wang/Desktop/Projects/Wisconsin Robotics/WRoverSoftware_25-26/install/object_detection_msgs/share/object_detection_msgs/msg/Detection.msg
[0.476s] -- Up-to-date: /home/david-wang/Desktop/Projects/Wisconsin Robotics/WRoverSoftware_25-26/install/object_detection_msgs/share/ament_index/resource_index/package_run_dependencies/object_detection_msgs
[0.476s] -- Up-to-date: /home/david-wang/Desktop/Projects/Wisconsin Robotics/WRoverSoftware_25-26/install/object_detection_msgs/share/ament_index/resource_index/parent_prefix_path/object_detection_msgs
[0.476s] -- Up-to-date: /home/david-wang/Desktop/Projects/Wisconsin Robotics/WRoverSoftware_25-26/install/object_detection_msgs/share/object_detection_msgs/environment/ament_prefix_path.sh
[0.476s] -- Up-to-date: /home/david-wang/Desktop/Projects/Wisconsin Robotics/WRoverSoftware_25-26/install/object_detection_msgs/share/object_detection_msgs/environment/ament_prefix_path.dsv
[0.476s] -- Up-to-date: /home/david-wang/Desktop/Projects/Wisconsin Robotics/WRoverSoftware_25-26/install/object_detection_msgs/share/object_detection_msgs/environment/path.sh
[0.476s] -- Up-to-date: /home/david-wang/Desktop/Projects/Wisconsin Robotics/WRoverSoftware_25-26/install/object_detection_msgs/share/object_detection_msgs/environment/path.dsv
[0.476s] -- Up-to-date: /home/david-wang/Desktop/Projects/Wisconsin Robotics/WRoverSoftware_25-26/install/object_detection_msgs/share/object_detection_msgs/local_setup.bash
[0.476s] -- Up-to-date: /home/david-wang/Desktop/Projects/Wisconsin Robotics/WRoverSoftware_25-26/install/object_detection_msgs/share/object_detection_msgs/local_setup.sh
[0.476s] -- Up-to-date: /home/david-wang/Desktop/Projects/Wisconsin Robotics/WRoverSoftware_25-26/install/object_detection_msgs/share/object_detection_msgs/local_setup.zsh
[0.476s] -- Up-to-date: /home/david-wang/Desktop/Projects/Wisconsin Robotics/WRoverSoftware_25-26/install/object_detection_msgs/share/object_detection_msgs/local_setup.dsv
[0.476s] -- Installing: /home/david-wang/Desktop/Projects/Wisconsin Robotics/WRoverSoftware_25-26/install/object_detection_msgs/share/object_detection_msgs/package.dsv
[0.477s] -- Up-to-date: /home/david-wang/Desktop/Projects/Wisconsin Robotics/WRoverSoftware_25-26/install/object_detection_msgs/share/ament_index/resource_index/packages/object_detection_msgs
[0.477s] -- Up-to-date: /home/david-wang/Desktop/Projects/Wisconsin Robotics/WRoverSoftware_25-26/install/object_detection_msgs/share/object_detection_msgs/cmake/export_object_detection_msgs__rosidl_generator_cExport.cmake
[0.477s] -- Up-to-date: /home/david-wang/Desktop/Projects/Wisconsin Robotics/WRoverSoftware_25-26/install/object_detection_msgs/share/object_detection_msgs/cmake/export_object_detection_msgs__rosidl_generator_cExport-noconfig.cmake
[0.477s] -- Up-to-date: /home/david-wang/Desktop/Projects/Wisconsin Robotics/WRoverSoftware_25-26/install/object_detection_msgs/share/object_detection_msgs/cmake/export_object_detection_msgs__rosidl_typesupport_fastrtps_cExport.cmake
[0.477s] -- Up-to-date: /home/david-wang/Desktop/Projects/Wisconsin Robotics/WRoverSoftware_25-26/install/object_detection_msgs/share/object_detection_msgs/cmake/export_object_detection_msgs__rosidl_typesupport_fastrtps_cExport-noconfig.cmake
[0.477s] -- Up-to-date: /home/david-wang/Desktop/Projects/Wisconsin Robotics/WRoverSoftware_25-26/install/object_detection_msgs/share/object_detection_msgs/cmake/object_detection_msgs__rosidl_typesupport_introspection_cExport.cmake
[0.477s] -- Up-to-date: /home/david-wang/Desktop/Projects/Wisconsin Robotics/WRoverSoftware_25-26/install/object_detection_msgs/share/object_detection_msgs/cmake/object_detection_msgs__rosidl_typesupport_introspection_cExport-noconfig.cmake
[0.477s] -- Up-to-date: /home/david-wang/Desktop/Projects/Wisconsin Robotics/WRoverSoftware_25-26/install/object_detection_msgs/share/object_detection_msgs/cmake/object_detection_msgs__rosidl_typesupport_cExport.cmake
[0.477s] -- Up-to-date: /home/david-wang/Desktop/Projects/Wisconsin Robotics/WRoverSoftware_25-26/install/object_detection_msgs/share/object_detection_msgs/cmake/object_detection_msgs__rosidl_typesupport_cExport-noconfig.cmake
[0.477s] -- Up-to-date: /home/david-wang/Desktop/Projects/Wisconsin Robotics/WRoverSoftware_25-26/install/object_detection_msgs/share/object_detection_msgs/cmake/export_object_detection_msgs__rosidl_generator_cppExport.cmake
[0.477s] -- Up-to-date: /home/david-wang/Desktop/Projects/Wisconsin Robotics/WRoverSoftware_25-26/install/object_detection_msgs/share/object_detection_msgs/cmake/export_object_detection_msgs__rosidl_typesupport_fastrtps_cppExport.cmake
[0.477s] -- Up-to-date: /home/david-wang/Desktop/Projects/Wisconsin Robotics/WRoverSoftware_25-26/install/object_detection_msgs/share/object_detection_msgs/cmake/export_object_detection_msgs__rosidl_typesupport_fastrtps_cppExport-noconfig.cmake
[0.477s] -- Up-to-date: /home/david-wang/Desktop/Projects/Wisconsin Robotics/WRoverSoftware_25-26/install/object_detection_msgs/share/object_detection_msgs/cmake/object_detection_msgs__rosidl_typesupport_introspection_cppExport.cmake
[0.477s] -- Up-to-date: /home/david-wang/Desktop/Projects/Wisconsin Robotics/WRoverSoftware_25-26/install/object_detection_msgs/share/object_detection_msgs/cmake/object_detection_msgs__rosidl_typesupport_introspection_cppExport-noconfig.cmake
[0.477s] -- Up-to-date: /home/david-wang/Desktop/Projects/Wisconsin Robotics/WRoverSoftware_25-26/install/object_detection_msgs/share/object_detection_msgs/cmake/object_detection_msgs__rosidl_typesupport_cppExport.cmake
[0.478s] -- Up-to-date: /home/david-wang/Desktop/Projects/Wisconsin Robotics/WRoverSoftware_25-26/install/object_detection_msgs/share/object_detection_msgs/cmake/object_detection_msgs__rosidl_typesupport_cppExport-noconfig.cmake
[0.478s] -- Up-to-date: /home/david-wang/Desktop/Projects/Wisconsin Robotics/WRoverSoftware_25-26/install/object_detection_msgs/share/object_detection_msgs/cmake/export_object_detection_msgs__rosidl_generator_pyExport.cmake
[0.478s] -- Up-to-date: /home/david-wang/Desktop/Projects/Wisconsin Robotics/WRoverSoftware_25-26/install/object_detection_msgs/share/object_detection_msgs/cmake/export_object_detection_msgs__rosidl_generator_pyExport-noconfig.cmake
[0.478s] -- Up-to-date: /home/david-wang/Desktop/Projects/Wisconsin Robotics/WRoverSoftware_25-26/install/object_detection_msgs/share/object_detection_msgs/cmake/rosidl_cmake-extras.cmake
[0.478s] -- Up-to-date: /home/david-wang/Desktop/Projects/Wisconsin Robotics/WRoverSoftware_25-26/install/object_detection_msgs/share/object_detection_msgs/cmake/ament_cmake_export_include_directories-extras.cmake
[0.478s] -- Up-to-date: /home/david-wang/Desktop/Projects/Wisconsin Robotics/WRoverSoftware_25-26/install/object_detection_msgs/share/object_detection_msgs/cmake/ament_cmake_export_libraries-extras.cmake
[0.478s] -- Up-to-date: /home/david-wang/Desktop/Projects/Wisconsin Robotics/WRoverSoftware_25-26/install/object_detection_msgs/share/object_detection_msgs/cmake/ament_cmake_export_targets-extras.cmake
[0.478s] -- Up-to-date: /home/david-wang/Desktop/Projects/Wisconsin Robotics/WRoverSoftware_25-26/install/object_detection_msgs/share/object_detection_msgs/cmake/rosidl_cmake_export_typesupport_targets-extras.cmake
[0.478s] -- Up-to-date: /home/david-wang/Desktop/Projects/Wisconsin Robotics/WRoverSoftware_25-26/install/object_detection_msgs/share/object_detection_msgs/cmake/ament_cmake_export_dependencies-extras.cmake
[0.478s] -- Up-to-date: /home/david-wang/Desktop/Projects/Wisconsin Robotics/WRoverSoftware_25-26/install/object_detection_msgs/share/object_detection_msgs/cmake/rosidl_cmake_export_typesupport_libraries-extras.cmake
[0.478s] -- Up-to-date: /home/david-wang/Desktop/Projects/Wisconsin Robotics/WRoverSoftware_25-26/install/object_detection_msgs/share/object_detection_msgs/cmake/object_detection_msgsConfig.cmake
[0.478s] -- Up-to-date: /home/david-wang/Desktop/Projects/Wisconsin Robotics/WRoverSoftware_25-26/install/object_detection_msgs/share/object_detection_msgs/cmake/object_detection_msgsConfig-version.cmake
[0.478s] -- Up-to-date: /home/david-wang/Desktop/Projects/Wisconsin Robotics/WRoverSoftware_25-26/install/object_detection_msgs/share/object_detection_msgs/package.xml
[0.480s] Invoked command in '/home/david-wang/Desktop/Projects/Wisconsin Robotics/WRoverSoftware_25-26/build/object_detection_msgs' returned '0': CMAKE_PREFIX_PATH=${CMAKE_PREFIX_PATH}:/home/david-wang/Desktop/Projects/Wisconsin Robotics/WRoverSoftware_25-26/install/object_detection:/opt/ros/jazzy DEBUGINFOD_URLS=https://debuginfod.ubuntu.com PS1=(.venv) \[\e]0;\u@\h: \w\a\]${debian_chroot:+($debian_chroot)}\[\033[01;32m\]\u@\h\[\033[00m\]:\[\033[01;34m\]\w\[\033[00m\]\$ VIRTUAL_ENV_PROMPT=(.venv) /usr/bin/cmake --install /home/david-wang/Desktop/Projects/Wisconsin Robotics/WRoverSoftware_25-26/build/object_detection_msgs
