[0.909s] Invoking command in '/home/teggatz/documents/WRoverSoftware_25-26/src/telemetry': PYTHONPATH=/home/teggatz/documents/WRoverSoftware_25-26/build/telemetry/prefix_override:/usr/lib/python3/dist-packages/colcon_core/task/python/colcon_distutils_commands:/home/teggatz/documents/WRoverSoftware_25-26/install/telemetry/lib/python3.10/site-packages:${PYTHONPATH} /usr/bin/python3 -W ignore:setup.py install is deprecated -W ignore:easy_install command is deprecated setup.py egg_info --egg-base ../../build/telemetry build --build-base /home/teggatz/documents/WRoverSoftware_25-26/build/telemetry/build install --record /home/teggatz/documents/WRoverSoftware_25-26/build/telemetry/install.log --single-version-externally-managed install_data
[1.120s] running egg_info
[1.121s] writing ../../build/telemetry/telemetry.egg-info/PKG-INFO
[1.121s] writing dependency_links to ../../build/telemetry/telemetry.egg-info/dependency_links.txt
[1.122s] writing entry points to ../../build/telemetry/telemetry.egg-info/entry_points.txt
[1.122s] writing requirements to ../../build/telemetry/telemetry.egg-info/requires.txt
[1.122s] writing top-level names to ../../build/telemetry/telemetry.egg-info/top_level.txt
[1.125s] reading manifest file '../../build/telemetry/telemetry.egg-info/SOURCES.txt'
[1.128s] writing manifest file '../../build/telemetry/telemetry.egg-info/SOURCES.txt'
[1.128s] running build
[1.128s] running build_py
[1.129s] running install
[1.129s] running install_lib
[1.131s] running install_data
[1.131s] running install_egg_info
[1.133s] removing '/home/teggatz/documents/WRoverSoftware_25-26/install/telemetry/lib/python3.10/site-packages/telemetry-0.0.0-py3.10.egg-info' (and everything under it)
[1.133s] Copying ../../build/telemetry/telemetry.egg-info to /home/teggatz/documents/WRoverSoftware_25-26/install/telemetry/lib/python3.10/site-packages/telemetry-0.0.0-py3.10.egg-info
[1.135s] running install_scripts
[1.158s] Installing battery_data_sender script to /home/teggatz/documents/WRoverSoftware_25-26/install/telemetry/lib/telemetry
[1.158s] writing list of installed files to '/home/teggatz/documents/WRoverSoftware_25-26/build/telemetry/install.log'
[1.184s] Invoked command in '/home/teggatz/documents/WRoverSoftware_25-26/src/telemetry' returned '0': PYTHONPATH=/home/teggatz/documents/WRoverSoftware_25-26/build/telemetry/prefix_override:/usr/lib/python3/dist-packages/colcon_core/task/python/colcon_distutils_commands:/home/teggatz/documents/WRoverSoftware_25-26/install/telemetry/lib/python3.10/site-packages:${PYTHONPATH} /usr/bin/python3 -W ignore:setup.py install is deprecated -W ignore:easy_install command is deprecated setup.py egg_info --egg-base ../../build/telemetry build --build-base /home/teggatz/documents/WRoverSoftware_25-26/build/telemetry/build install --record /home/teggatz/documents/WRoverSoftware_25-26/build/telemetry/install.log --single-version-externally-managed install_data
