[0.035s] Invoking command in '/home/wiscrobo/workspace/WRoverSoftware_25-26/localization_workspace/build/wr_compass': CMAKE_PREFIX_PATH=/home/wiscrobo/workspace/WRoverSoftware_25-26/localization_workspace/install/wr_fusion:/home/wiscrobo/workspace/WRoverSoftware_25-26/install/telemetry:/opt/ros/humble PS1=\[\e]0;\u@\h: \w\a\]${debian_chroot:+($debian_chroot)}\[\033[01;32m\]\u@\h\[\033[00m\]:\[\033[01;34m\]\w\[\033[00m\]\$ /usr/bin/cmake --build /home/wiscrobo/workspace/WRoverSoftware_25-26/localization_workspace/build/wr_compass -- -j4 -l4
[0.662s] -- Found ament_cmake: 1.3.11 (/opt/ros/humble/share/ament_cmake/cmake)
[0.662s] -- Found rclcpp: 16.0.11 (/opt/ros/humble/share/rclcpp/cmake)
[0.662s] -- Found rosidl_generator_c: 3.1.6 (/opt/ros/humble/share/rosidl_generator_c/cmake)
[0.662s] -- Found rosidl_adapter: 3.1.6 (/opt/ros/humble/share/rosidl_adapter/cmake)
[0.662s] -- Found rosidl_generator_cpp: 3.1.6 (/opt/ros/humble/share/rosidl_generator_cpp/cmake)
[0.662s] -- Using all available rosidl_typesupport_c: rosidl_typesupport_fastrtps_c;rosidl_typesupport_introspection_c
[0.663s] -- Using all available rosidl_typesupport_cpp: rosidl_typesupport_fastrtps_cpp;rosidl_typesupport_introspection_cpp
[0.663s] -- Found rmw_implementation_cmake: 6.1.2 (/opt/ros/humble/share/rmw_implementation_cmake/cmake)
[0.663s] -- Found rmw_fastrtps_cpp: 6.2.7 (/opt/ros/humble/share/rmw_fastrtps_cpp/cmake)
[0.830s] -- Using RMW implementation 'rmw_fastrtps_cpp' as default
[0.960s] -- Found ament_lint_auto: 0.12.11 (/opt/ros/humble/share/ament_lint_auto/cmake)
[1.108s] -- Configuring incomplete, errors occurred!
[1.109s] See also "/home/wiscrobo/workspace/WRoverSoftware_25-26/localization_workspace/build/wr_compass/CMakeFiles/CMakeOutput.log".
[1.113s] [31mCMake Error at /opt/ros/humble/share/ament_cmake_core/cmake/core/ament_package_xml.cmake:53 (message):
[1.113s]   ament_package_xml() package name 'wr_compass' in '/package.xml' does not
[1.113s]   match current PROJECT_NAME 'wr_imu_compass'.  You must call project() with
[1.113s]   the same package name before.
[1.113s] Call Stack (most recent call first):
[1.113s]   /opt/ros/humble/share/ament_lint_auto/cmake/ament_lint_auto_find_test_dependencies.cmake:31 (ament_package_xml)
[1.114s]   CMakeLists.txt:43 (ament_lint_auto_find_test_dependencies)
[1.114s] 
[1.114s] [0m
[1.136s] gmake: *** [Makefile:267: cmake_check_build_system] Error 1
[1.149s] Invoked command in '/home/wiscrobo/workspace/WRoverSoftware_25-26/localization_workspace/build/wr_compass' returned '2': CMAKE_PREFIX_PATH=/home/wiscrobo/workspace/WRoverSoftware_25-26/localization_workspace/install/wr_fusion:/home/wiscrobo/workspace/WRoverSoftware_25-26/install/telemetry:/opt/ros/humble PS1=\[\e]0;\u@\h: \w\a\]${debian_chroot:+($debian_chroot)}\[\033[01;32m\]\u@\h\[\033[00m\]:\[\033[01;34m\]\w\[\033[00m\]\$ /usr/bin/cmake --build /home/wiscrobo/workspace/WRoverSoftware_25-26/localization_workspace/build/wr_compass -- -j4 -l4
