/home/wizk/Desktop/Robotics/WRoverSoftware_25-26/install/wr_xbox_controller/lib/python3.10/site-packages/wr_xbox_controller/xbox_controller.py
/home/wizk/Desktop/Robotics/WRoverSoftware_25-26/install/wr_xbox_controller/lib/python3.10/site-packages/wr_xbox_controller/arm_xbox.py
/home/wizk/Desktop/Robotics/WRoverSoftware_25-26/install/wr_xbox_controller/lib/python3.10/site-packages/wr_xbox_controller/__init__.py
/home/wizk/Desktop/Robotics/WRoverSoftware_25-26/install/wr_xbox_controller/lib/python3.10/site-packages/wr_xbox_controller/old_xbox_controller.py
/home/wizk/Desktop/Robotics/WRoverSoftware_25-26/install/wr_xbox_controller/lib/python3.10/site-packages/wr_xbox_controller/__pycache__/xbox_controller.cpython-310.pyc
/home/wizk/Desktop/Robotics/WRoverSoftware_25-26/install/wr_xbox_controller/lib/python3.10/site-packages/wr_xbox_controller/__pycache__/arm_xbox.cpython-310.pyc
/home/wizk/Desktop/Robotics/WRoverSoftware_25-26/install/wr_xbox_controller/lib/python3.10/site-packages/wr_xbox_controller/__pycache__/__init__.cpython-310.pyc
/home/wizk/Desktop/Robotics/WRoverSoftware_25-26/install/wr_xbox_controller/lib/python3.10/site-packages/wr_xbox_controller/__pycache__/old_xbox_controller.cpython-310.pyc
/home/wizk/Desktop/Robotics/WRoverSoftware_25-26/install/wr_xbox_controller/share/ament_index/resource_index/packages/wr_xbox_controller
/home/wizk/Desktop/Robotics/WRoverSoftware_25-26/install/wr_xbox_controller/share/wr_xbox_controller/package.xml
/home/wizk/Desktop/Robotics/WRoverSoftware_25-26/install/wr_xbox_controller/lib/python3.10/site-packages/wr_xbox_controller-0.0.0-py3.10.egg-info/entry_points.txt
/home/wizk/Desktop/Robotics/WRoverSoftware_25-26/install/wr_xbox_controller/lib/python3.10/site-packages/wr_xbox_controller-0.0.0-py3.10.egg-info/SOURCES.txt
/home/wizk/Desktop/Robotics/WRoverSoftware_25-26/install/wr_xbox_controller/lib/python3.10/site-packages/wr_xbox_controller-0.0.0-py3.10.egg-info/requires.txt
/home/wizk/Desktop/Robotics/WRoverSoftware_25-26/install/wr_xbox_controller/lib/python3.10/site-packages/wr_xbox_controller-0.0.0-py3.10.egg-info/dependency_links.txt
/home/wizk/Desktop/Robotics/WRoverSoftware_25-26/install/wr_xbox_controller/lib/python3.10/site-packages/wr_xbox_controller-0.0.0-py3.10.egg-info/zip-safe
/home/wizk/Desktop/Robotics/WRoverSoftware_25-26/install/wr_xbox_controller/lib/python3.10/site-packages/wr_xbox_controller-0.0.0-py3.10.egg-info/PKG-INFO
/home/wizk/Desktop/Robotics/WRoverSoftware_25-26/install/wr_xbox_controller/lib/python3.10/site-packages/wr_xbox_controller-0.0.0-py3.10.egg-info/top_level.txt
/home/wizk/Desktop/Robotics/WRoverSoftware_25-26/install/wr_xbox_controller/lib/wr_xbox_controller/arm_xbox_control
/home/wizk/Desktop/Robotics/WRoverSoftware_25-26/install/wr_xbox_controller/lib/wr_xbox_controller/old_xbox_controller
/home/wizk/Desktop/Robotics/WRoverSoftware_25-26/install/wr_xbox_controller/lib/wr_xbox_controller/xbox_controller
