[0.278s] [34mcolcon[0m [1;30mDEBUG[0m [32mCommand line arguments: ['/home/david-wang/.venv/bin/colcon', 'build'][0m
[0.278s] [34mcolcon[0m [1;30mDEBUG[0m [32mParsed command line arguments: Namespace(log_base=None, log_level=None, verb_name='build', build_base='build', install_base='install', merge_install=False, symlink_install=False, test_result_base=None, continue_on_error=False, executor='parallel', parallel_workers=12, event_handlers=None, ignore_user_meta=False, metas=['./colcon.meta'], base_paths=['.'], packages_ignore=None, packages_ignore_regex=None, paths=None, packages_up_to=None, packages_up_to_regex=None, packages_above=None, packages_above_and_dependencies=None, packages_above_depth=None, packages_select_by_dep=None, packages_skip_by_dep=None, packages_skip_up_to=None, packages_select_build_failed=False, packages_skip_build_finished=False, packages_select_test_failures=False, packages_skip_test_passed=False, packages_select=None, packages_skip=None, packages_select_regex=None, packages_skip_regex=None, packages_start=None, packages_end=None, cmake_args=None, cmake_target=None, cmake_target_skip_unavailable=False, cmake_clean_cache=False, cmake_clean_first=False, cmake_force_configure=False, ament_cmake_args=None, catkin_cmake_args=None, catkin_skip_building_tests=False, verb_parser=<colcon_defaults.argument_parser.defaults.DefaultArgumentsDecorator object at 0x702900202660>, verb_extension=<colcon_core.verb.build.BuildVerb object at 0x702900202000>, main=<bound method BuildVerb.main of <colcon_core.verb.build.BuildVerb object at 0x702900202000>>)[0m
[0.330s] [34mcolcon.colcon_core.package_discovery[0m [1;30mLevel 1[0m discover_packages(colcon_meta) check parameters
[0.330s] [34mcolcon.colcon_core.package_discovery[0m [1;30mLevel 1[0m discover_packages(recursive) check parameters
[0.330s] [34mcolcon.colcon_core.package_discovery[0m [1;30mLevel 1[0m discover_packages(ignore) check parameters
[0.330s] [34mcolcon.colcon_core.package_discovery[0m [1;30mLevel 1[0m discover_packages(path) check parameters
[0.330s] [34mcolcon.colcon_core.package_discovery[0m [1;30mLevel 1[0m discover_packages(colcon_meta) discover
[0.330s] [34mcolcon.colcon_core.package_discovery[0m [1;30mLevel 1[0m discover_packages(recursive) discover
[0.330s] [34mcolcon.colcon_core.package_discovery[0m [1;30mINFO[0m Crawling recursively for packages in '/home/david-wang/Desktop/Projects/Wisconsin Robotics/WRoverSoftware_25-26'
[0.330s] [34mcolcon.colcon_core.package_identification[0m [1;30mLevel 1[0m _identify(.) by extensions ['ignore', 'ignore_ament_install']
[0.331s] [34mcolcon.colcon_core.package_identification[0m [1;30mLevel 1[0m _identify(.) by extension 'ignore'
[0.331s] [34mcolcon.colcon_core.package_identification[0m [1;30mLevel 1[0m _identify(.) by extension 'ignore_ament_install'
[0.331s] [34mcolcon.colcon_core.package_identification[0m [1;30mLevel 1[0m _identify(.) by extensions ['colcon_pkg']
[0.331s] [34mcolcon.colcon_core.package_identification[0m [1;30mLevel 1[0m _identify(.) by extension 'colcon_pkg'
[0.331s] [34mcolcon.colcon_core.package_identification[0m [1;30mLevel 1[0m _identify(.) by extensions ['colcon_meta']
[0.331s] [34mcolcon.colcon_core.package_identification[0m [1;30mLevel 1[0m _identify(.) by extension 'colcon_meta'
[0.331s] [34mcolcon.colcon_core.package_identification[0m [1;30mLevel 1[0m _identify(.) by extensions ['ros']
[0.331s] [34mcolcon.colcon_core.package_identification[0m [1;30mLevel 1[0m _identify(.) by extension 'ros'
[0.366s] [34mcolcon.colcon_core.package_identification[0m [1;30mLevel 1[0m _identify(.) by extensions ['cmake', 'python']
[0.366s] [34mcolcon.colcon_core.package_identification[0m [1;30mLevel 1[0m _identify(.) by extension 'cmake'
[0.366s] [34mcolcon.colcon_core.package_identification[0m [1;30mLevel 1[0m _identify(.) by extension 'python'
[0.366s] [34mcolcon.colcon_core.package_identification[0m [1;30mLevel 1[0m _identify(.) by extensions ['python_setup_py']
[0.366s] [34mcolcon.colcon_core.package_identification[0m [1;30mLevel 1[0m _identify(.) by extension 'python_setup_py'
[0.366s] [34mcolcon.colcon_core.package_identification[0m [1;30mLevel 1[0m _identify(build) by extensions ['ignore', 'ignore_ament_install']
[0.366s] [34mcolcon.colcon_core.package_identification[0m [1;30mLevel 1[0m _identify(build) by extension 'ignore'
[0.366s] [34mcolcon.colcon_core.package_identification[0m [1;30mLevel 1[0m _identify(build) ignored
[0.367s] [34mcolcon.colcon_core.package_identification[0m [1;30mLevel 1[0m _identify(docs) by extensions ['ignore', 'ignore_ament_install']
[0.367s] [34mcolcon.colcon_core.package_identification[0m [1;30mLevel 1[0m _identify(docs) by extension 'ignore'
[0.367s] [34mcolcon.colcon_core.package_identification[0m [1;30mLevel 1[0m _identify(docs) by extension 'ignore_ament_install'
[0.367s] [34mcolcon.colcon_core.package_identification[0m [1;30mLevel 1[0m _identify(docs) by extensions ['colcon_pkg']
[0.367s] [34mcolcon.colcon_core.package_identification[0m [1;30mLevel 1[0m _identify(docs) by extension 'colcon_pkg'
[0.367s] [34mcolcon.colcon_core.package_identification[0m [1;30mLevel 1[0m _identify(docs) by extensions ['colcon_meta']
[0.367s] [34mcolcon.colcon_core.package_identification[0m [1;30mLevel 1[0m _identify(docs) by extension 'colcon_meta'
[0.367s] [34mcolcon.colcon_core.package_identification[0m [1;30mLevel 1[0m _identify(docs) by extensions ['ros']
[0.367s] [34mcolcon.colcon_core.package_identification[0m [1;30mLevel 1[0m _identify(docs) by extension 'ros'
[0.367s] [34mcolcon.colcon_core.package_identification[0m [1;30mLevel 1[0m _identify(docs) by extensions ['cmake', 'python']
[0.367s] [34mcolcon.colcon_core.package_identification[0m [1;30mLevel 1[0m _identify(docs) by extension 'cmake'
[0.367s] [34mcolcon.colcon_core.package_identification[0m [1;30mLevel 1[0m _identify(docs) by extension 'python'
[0.367s] [34mcolcon.colcon_core.package_identification[0m [1;30mLevel 1[0m _identify(docs) by extensions ['python_setup_py']
[0.367s] [34mcolcon.colcon_core.package_identification[0m [1;30mLevel 1[0m _identify(docs) by extension 'python_setup_py'
[0.367s] [34mcolcon.colcon_core.package_identification[0m [1;30mLevel 1[0m _identify(install) by extensions ['ignore', 'ignore_ament_install']
[0.368s] [34mcolcon.colcon_core.package_identification[0m [1;30mLevel 1[0m _identify(install) by extension 'ignore'
[0.368s] [34mcolcon.colcon_core.package_identification[0m [1;30mLevel 1[0m _identify(install) ignored
[0.368s] [34mcolcon.colcon_core.package_identification[0m [1;30mLevel 1[0m _identify(log) by extensions ['ignore', 'ignore_ament_install']
[0.368s] [34mcolcon.colcon_core.package_identification[0m [1;30mLevel 1[0m _identify(log) by extension 'ignore'
[0.368s] [34mcolcon.colcon_core.package_identification[0m [1;30mLevel 1[0m _identify(log) ignored
[0.368s] [34mcolcon.colcon_core.package_identification[0m [1;30mLevel 1[0m _identify(src) by extensions ['ignore', 'ignore_ament_install']
[0.368s] [34mcolcon.colcon_core.package_identification[0m [1;30mLevel 1[0m _identify(src) by extension 'ignore'
[0.368s] [34mcolcon.colcon_core.package_identification[0m [1;30mLevel 1[0m _identify(src) by extension 'ignore_ament_install'
[0.368s] [34mcolcon.colcon_core.package_identification[0m [1;30mLevel 1[0m _identify(src) by extensions ['colcon_pkg']
[0.368s] [34mcolcon.colcon_core.package_identification[0m [1;30mLevel 1[0m _identify(src) by extension 'colcon_pkg'
[0.368s] [34mcolcon.colcon_core.package_identification[0m [1;30mLevel 1[0m _identify(src) by extensions ['colcon_meta']
[0.368s] [34mcolcon.colcon_core.package_identification[0m [1;30mLevel 1[0m _identify(src) by extension 'colcon_meta'
[0.368s] [34mcolcon.colcon_core.package_identification[0m [1;30mLevel 1[0m _identify(src) by extensions ['ros']
[0.368s] [34mcolcon.colcon_core.package_identification[0m [1;30mLevel 1[0m _identify(src) by extension 'ros'
[0.369s] [34mcolcon.colcon_core.package_identification[0m [1;30mLevel 1[0m _identify(src) by extensions ['cmake', 'python']
[0.369s] [34mcolcon.colcon_core.package_identification[0m [1;30mLevel 1[0m _identify(src) by extension 'cmake'
[0.369s] [34mcolcon.colcon_core.package_identification[0m [1;30mLevel 1[0m _identify(src) by extension 'python'
[0.369s] [34mcolcon.colcon_core.package_identification[0m [1;30mLevel 1[0m _identify(src) by extensions ['python_setup_py']
[0.369s] [34mcolcon.colcon_core.package_identification[0m [1;30mLevel 1[0m _identify(src) by extension 'python_setup_py'
[0.369s] [34mcolcon.colcon_core.package_identification[0m [1;30mLevel 1[0m _identify(src/object_detection) by extensions ['ignore', 'ignore_ament_install']
[0.369s] [34mcolcon.colcon_core.package_identification[0m [1;30mLevel 1[0m _identify(src/object_detection) by extension 'ignore'
[0.369s] [34mcolcon.colcon_core.package_identification[0m [1;30mLevel 1[0m _identify(src/object_detection) by extension 'ignore_ament_install'
[0.369s] [34mcolcon.colcon_core.package_identification[0m [1;30mLevel 1[0m _identify(src/object_detection) by extensions ['colcon_pkg']
[0.369s] [34mcolcon.colcon_core.package_identification[0m [1;30mLevel 1[0m _identify(src/object_detection) by extension 'colcon_pkg'
[0.369s] [34mcolcon.colcon_core.package_identification[0m [1;30mLevel 1[0m _identify(src/object_detection) by extensions ['colcon_meta']
[0.369s] [34mcolcon.colcon_core.package_identification[0m [1;30mLevel 1[0m _identify(src/object_detection) by extension 'colcon_meta'
[0.369s] [34mcolcon.colcon_core.package_identification[0m [1;30mLevel 1[0m _identify(src/object_detection) by extensions ['ros']
[0.369s] [34mcolcon.colcon_core.package_identification[0m [1;30mLevel 1[0m _identify(src/object_detection) by extension 'ros'
[0.373s] [34mcolcon.colcon_core.package_identification[0m [1;30mDEBUG[0m [32mPackage 'src/object_detection' with type 'ros.ament_python' and name 'object_detection'[0m
[0.374s] [34mcolcon.colcon_core.package_identification[0m [1;30mLevel 1[0m _identify(src/object_detection_msgs) by extensions ['ignore', 'ignore_ament_install']
[0.374s] [34mcolcon.colcon_core.package_identification[0m [1;30mLevel 1[0m _identify(src/object_detection_msgs) by extension 'ignore'
[0.374s] [34mcolcon.colcon_core.package_identification[0m [1;30mLevel 1[0m _identify(src/object_detection_msgs) by extension 'ignore_ament_install'
[0.374s] [34mcolcon.colcon_core.package_identification[0m [1;30mLevel 1[0m _identify(src/object_detection_msgs) by extensions ['colcon_pkg']
[0.374s] [34mcolcon.colcon_core.package_identification[0m [1;30mLevel 1[0m _identify(src/object_detection_msgs) by extension 'colcon_pkg'
[0.374s] [34mcolcon.colcon_core.package_identification[0m [1;30mLevel 1[0m _identify(src/object_detection_msgs) by extensions ['colcon_meta']
[0.374s] [34mcolcon.colcon_core.package_identification[0m [1;30mLevel 1[0m _identify(src/object_detection_msgs) by extension 'colcon_meta'
[0.374s] [34mcolcon.colcon_core.package_identification[0m [1;30mLevel 1[0m _identify(src/object_detection_msgs) by extensions ['ros']
[0.374s] [34mcolcon.colcon_core.package_identification[0m [1;30mLevel 1[0m _identify(src/object_detection_msgs) by extension 'ros'
[0.375s] [34mcolcon.colcon_core.package_identification[0m [1;30mDEBUG[0m [32mPackage 'src/object_detection_msgs' with type 'ros.ament_cmake' and name 'object_detection_msgs'[0m
[0.375s] [34mcolcon.colcon_core.package_discovery[0m [1;30mLevel 1[0m discover_packages(recursive) using defaults
[0.375s] [34mcolcon.colcon_core.package_discovery[0m [1;30mLevel 1[0m discover_packages(ignore) discover
[0.375s] [34mcolcon.colcon_core.package_discovery[0m [1;30mLevel 1[0m discover_packages(ignore) using defaults
[0.375s] [34mcolcon.colcon_core.package_discovery[0m [1;30mLevel 1[0m discover_packages(path) discover
[0.375s] [34mcolcon.colcon_core.package_discovery[0m [1;30mLevel 1[0m discover_packages(path) using defaults
[0.399s] [34mcolcon.colcon_core.verb[0m [1;30mLevel 5[0m set package 'object_detection_msgs' build argument 'cmake_args' from command line to 'None'
[0.399s] [34mcolcon.colcon_core.verb[0m [1;30mLevel 5[0m set package 'object_detection_msgs' build argument 'cmake_target' from command line to 'None'
[0.399s] [34mcolcon.colcon_core.verb[0m [1;30mLevel 5[0m set package 'object_detection_msgs' build argument 'cmake_target_skip_unavailable' from command line to 'False'
[0.399s] [34mcolcon.colcon_core.verb[0m [1;30mLevel 5[0m set package 'object_detection_msgs' build argument 'cmake_clean_cache' from command line to 'False'
[0.399s] [34mcolcon.colcon_core.verb[0m [1;30mLevel 5[0m set package 'object_detection_msgs' build argument 'cmake_clean_first' from command line to 'False'
[0.399s] [34mcolcon.colcon_core.verb[0m [1;30mLevel 5[0m set package 'object_detection_msgs' build argument 'cmake_force_configure' from command line to 'False'
[0.399s] [34mcolcon.colcon_core.verb[0m [1;30mLevel 5[0m set package 'object_detection_msgs' build argument 'ament_cmake_args' from command line to 'None'
[0.399s] [34mcolcon.colcon_core.verb[0m [1;30mLevel 5[0m set package 'object_detection_msgs' build argument 'catkin_cmake_args' from command line to 'None'
[0.399s] [34mcolcon.colcon_core.verb[0m [1;30mLevel 5[0m set package 'object_detection_msgs' build argument 'catkin_skip_building_tests' from command line to 'False'
[0.399s] [34mcolcon.colcon_core.verb[0m [1;30mDEBUG[0m [32mBuilding package 'object_detection_msgs' with the following arguments: {'ament_cmake_args': None, 'build_base': '/home/david-wang/Desktop/Projects/Wisconsin Robotics/WRoverSoftware_25-26/build/object_detection_msgs', 'catkin_cmake_args': None, 'catkin_skip_building_tests': False, 'cmake_args': None, 'cmake_clean_cache': False, 'cmake_clean_first': False, 'cmake_force_configure': False, 'cmake_target': None, 'cmake_target_skip_unavailable': False, 'install_base': '/home/david-wang/Desktop/Projects/Wisconsin Robotics/WRoverSoftware_25-26/install/object_detection_msgs', 'merge_install': False, 'path': '/home/david-wang/Desktop/Projects/Wisconsin Robotics/WRoverSoftware_25-26/src/object_detection_msgs', 'symlink_install': False, 'test_result_base': None}[0m
[0.400s] [34mcolcon.colcon_core.verb[0m [1;30mLevel 5[0m set package 'object_detection' build argument 'cmake_args' from command line to 'None'
[0.400s] [34mcolcon.colcon_core.verb[0m [1;30mLevel 5[0m set package 'object_detection' build argument 'cmake_target' from command line to 'None'
[0.400s] [34mcolcon.colcon_core.verb[0m [1;30mLevel 5[0m set package 'object_detection' build argument 'cmake_target_skip_unavailable' from command line to 'False'
[0.400s] [34mcolcon.colcon_core.verb[0m [1;30mLevel 5[0m set package 'object_detection' build argument 'cmake_clean_cache' from command line to 'False'
[0.400s] [34mcolcon.colcon_core.verb[0m [1;30mLevel 5[0m set package 'object_detection' build argument 'cmake_clean_first' from command line to 'False'
[0.400s] [34mcolcon.colcon_core.verb[0m [1;30mLevel 5[0m set package 'object_detection' build argument 'cmake_force_configure' from command line to 'False'
[0.400s] [34mcolcon.colcon_core.verb[0m [1;30mLevel 5[0m set package 'object_detection' build argument 'ament_cmake_args' from command line to 'None'
[0.400s] [34mcolcon.colcon_core.verb[0m [1;30mLevel 5[0m set package 'object_detection' build argument 'catkin_cmake_args' from command line to 'None'
[0.400s] [34mcolcon.colcon_core.verb[0m [1;30mLevel 5[0m set package 'object_detection' build argument 'catkin_skip_building_tests' from command line to 'False'
[0.400s] [34mcolcon.colcon_core.verb[0m [1;30mDEBUG[0m [32mBuilding package 'object_detection' with the following arguments: {'ament_cmake_args': None, 'build_base': '/home/david-wang/Desktop/Projects/Wisconsin Robotics/WRoverSoftware_25-26/build/object_detection', 'catkin_cmake_args': None, 'catkin_skip_building_tests': False, 'cmake_args': None, 'cmake_clean_cache': False, 'cmake_clean_first': False, 'cmake_force_configure': False, 'cmake_target': None, 'cmake_target_skip_unavailable': False, 'install_base': '/home/david-wang/Desktop/Projects/Wisconsin Robotics/WRoverSoftware_25-26/install/object_detection', 'merge_install': False, 'path': '/home/david-wang/Desktop/Projects/Wisconsin Robotics/WRoverSoftware_25-26/src/object_detection', 'symlink_install': False, 'test_result_base': None}[0m
[0.400s] [34mcolcon.colcon_core.executor[0m [1;30mINFO[0m Executing jobs using 'parallel' executor
[0.402s] [34mcolcon.colcon_parallel_executor.executor.parallel[0m [1;30mDEBUG[0m [32mrun_until_complete[0m
[0.402s] [34mcolcon.colcon_ros.task.ament_cmake.build[0m [1;30mINFO[0m Building ROS package in '/home/david-wang/Desktop/Projects/Wisconsin Robotics/WRoverSoftware_25-26/src/object_detection_msgs' with build type 'ament_cmake'
[0.402s] [34mcolcon.colcon_cmake.task.cmake.build[0m [1;30mINFO[0m Building CMake package in '/home/david-wang/Desktop/Projects/Wisconsin Robotics/WRoverSoftware_25-26/src/object_detection_msgs'
[0.410s] [34mcolcon.colcon_core.plugin_system[0m [1;30mINFO[0m Skipping extension 'colcon_core.shell.bat': Not used on non-Windows systems
[0.411s] [34mcolcon.colcon_core.shell[0m [1;30mINFO[0m Skip shell extension 'powershell' for command environment: Not usable outside of PowerShell
[0.411s] [34mcolcon.colcon_core.shell[0m [1;30mDEBUG[0m [32mSkip shell extension 'dsv' for command environment[0m
[0.426s] [34mcolcon.colcon_core.event_handler.log_command[0m [1;30mDEBUG[0m [32mInvoking command in '/home/david-wang/Desktop/Projects/Wisconsin Robotics/WRoverSoftware_25-26/build/object_detection_msgs': CMAKE_PREFIX_PATH=/opt/ros/jazzy DEBUGINFOD_URLS=https://debuginfod.ubuntu.com PS1=(.venv) \[\e]0;\u@\h: \w\a\]${debian_chroot:+($debian_chroot)}\[\033[01;32m\]\u@\h\[\033[00m\]:\[\033[01;34m\]\w\[\033[00m\]\$ VIRTUAL_ENV_PROMPT=(.venv) /usr/bin/cmake --build /home/david-wang/Desktop/Projects/Wisconsin Robotics/WRoverSoftware_25-26/build/object_detection_msgs -- -j12 -l12[0m
[2.143s] [34mcolcon.colcon_core.event_handler.log_command[0m [1;30mDEBUG[0m [32mInvoked command in '/home/david-wang/Desktop/Projects/Wisconsin Robotics/WRoverSoftware_25-26/build/object_detection_msgs' returned '2': CMAKE_PREFIX_PATH=/opt/ros/jazzy DEBUGINFOD_URLS=https://debuginfod.ubuntu.com PS1=(.venv) \[\e]0;\u@\h: \w\a\]${debian_chroot:+($debian_chroot)}\[\033[01;32m\]\u@\h\[\033[00m\]:\[\033[01;34m\]\w\[\033[00m\]\$ VIRTUAL_ENV_PROMPT=(.venv) /usr/bin/cmake --build /home/david-wang/Desktop/Projects/Wisconsin Robotics/WRoverSoftware_25-26/build/object_detection_msgs -- -j12 -l12[0m
[2.143s] [34mcolcon.colcon_core.environment[0m [1;30mLevel 1[0m create_environment_scripts_only(object_detection_msgs)
[2.148s] [34mcolcon.colcon_core.environment[0m [1;30mLevel 1[0m checking '/home/david-wang/Desktop/Projects/Wisconsin Robotics/WRoverSoftware_25-26/install/object_detection_msgs' for CMake module files
[2.149s] [34mcolcon.colcon_core.environment[0m [1;30mLevel 1[0m checking '/home/david-wang/Desktop/Projects/Wisconsin Robotics/WRoverSoftware_25-26/install/object_detection_msgs' for CMake config files
[2.150s] [34mcolcon.colcon_core.shell[0m [1;30mLevel 1[0m create_environment_hook('object_detection_msgs', 'cmake_prefix_path')
[2.150s] [34mcolcon.colcon_core.shell[0m [1;30mINFO[0m Creating environment hook '/home/david-wang/Desktop/Projects/Wisconsin Robotics/WRoverSoftware_25-26/install/object_detection_msgs/share/object_detection_msgs/hook/cmake_prefix_path.ps1'
[2.153s] [34mcolcon.colcon_core.shell[0m [1;30mINFO[0m Creating environment descriptor '/home/david-wang/Desktop/Projects/Wisconsin Robotics/WRoverSoftware_25-26/install/object_detection_msgs/share/object_detection_msgs/hook/cmake_prefix_path.dsv'
[2.153s] [34mcolcon.colcon_core.shell[0m [1;30mINFO[0m Creating environment hook '/home/david-wang/Desktop/Projects/Wisconsin Robotics/WRoverSoftware_25-26/install/object_detection_msgs/share/object_detection_msgs/hook/cmake_prefix_path.sh'
[2.154s] [34mcolcon.colcon_core.environment[0m [1;30mLevel 1[0m checking '/home/david-wang/Desktop/Projects/Wisconsin Robotics/WRoverSoftware_25-26/install/object_detection_msgs/lib'
[2.154s] [34mcolcon.colcon_core.shell[0m [1;30mLevel 1[0m create_environment_hook('object_detection_msgs', 'ld_library_path_lib')
[2.154s] [34mcolcon.colcon_core.shell[0m [1;30mINFO[0m Creating environment hook '/home/david-wang/Desktop/Projects/Wisconsin Robotics/WRoverSoftware_25-26/install/object_detection_msgs/share/object_detection_msgs/hook/ld_library_path_lib.ps1'
[2.155s] [34mcolcon.colcon_core.shell[0m [1;30mINFO[0m Creating environment descriptor '/home/david-wang/Desktop/Projects/Wisconsin Robotics/WRoverSoftware_25-26/install/object_detection_msgs/share/object_detection_msgs/hook/ld_library_path_lib.dsv'
[2.155s] [34mcolcon.colcon_core.shell[0m [1;30mINFO[0m Creating environment hook '/home/david-wang/Desktop/Projects/Wisconsin Robotics/WRoverSoftware_25-26/install/object_detection_msgs/share/object_detection_msgs/hook/ld_library_path_lib.sh'
[2.155s] [34mcolcon.colcon_core.environment[0m [1;30mLevel 1[0m checking '/home/david-wang/Desktop/Projects/Wisconsin Robotics/WRoverSoftware_25-26/install/object_detection_msgs/bin'
[2.156s] [34mcolcon.colcon_core.environment[0m [1;30mLevel 1[0m checking '/home/david-wang/Desktop/Projects/Wisconsin Robotics/WRoverSoftware_25-26/install/object_detection_msgs/lib/pkgconfig/object_detection_msgs.pc'
[2.157s] [34mcolcon.colcon_core.environment[0m [1;30mLevel 1[0m checking '/home/david-wang/Desktop/Projects/Wisconsin Robotics/WRoverSoftware_25-26/install/object_detection_msgs/lib/python3.12/site-packages'
[2.157s] [34mcolcon.colcon_core.shell[0m [1;30mLevel 1[0m create_environment_hook('object_detection_msgs', 'pythonpath')
[2.157s] [34mcolcon.colcon_core.shell[0m [1;30mINFO[0m Creating environment hook '/home/david-wang/Desktop/Projects/Wisconsin Robotics/WRoverSoftware_25-26/install/object_detection_msgs/share/object_detection_msgs/hook/pythonpath.ps1'
[2.157s] [34mcolcon.colcon_core.shell[0m [1;30mINFO[0m Creating environment descriptor '/home/david-wang/Desktop/Projects/Wisconsin Robotics/WRoverSoftware_25-26/install/object_detection_msgs/share/object_detection_msgs/hook/pythonpath.dsv'
[2.157s] [34mcolcon.colcon_core.shell[0m [1;30mINFO[0m Creating environment hook '/home/david-wang/Desktop/Projects/Wisconsin Robotics/WRoverSoftware_25-26/install/object_detection_msgs/share/object_detection_msgs/hook/pythonpath.sh'
[2.158s] [34mcolcon.colcon_core.environment[0m [1;30mLevel 1[0m checking '/home/david-wang/Desktop/Projects/Wisconsin Robotics/WRoverSoftware_25-26/install/object_detection_msgs/bin'
[2.158s] [34mcolcon.colcon_core.shell[0m [1;30mINFO[0m Creating package script '/home/david-wang/Desktop/Projects/Wisconsin Robotics/WRoverSoftware_25-26/install/object_detection_msgs/share/object_detection_msgs/package.ps1'
[2.159s] [34mcolcon.colcon_core.shell[0m [1;30mINFO[0m Creating package descriptor '/home/david-wang/Desktop/Projects/Wisconsin Robotics/WRoverSoftware_25-26/install/object_detection_msgs/share/object_detection_msgs/package.dsv'
[2.160s] [34mcolcon.colcon_core.shell[0m [1;30mINFO[0m Creating package script '/home/david-wang/Desktop/Projects/Wisconsin Robotics/WRoverSoftware_25-26/install/object_detection_msgs/share/object_detection_msgs/package.sh'
[2.160s] [34mcolcon.colcon_core.shell[0m [1;30mINFO[0m Creating package script '/home/david-wang/Desktop/Projects/Wisconsin Robotics/WRoverSoftware_25-26/install/object_detection_msgs/share/object_detection_msgs/package.bash'
[2.161s] [34mcolcon.colcon_core.shell[0m [1;30mINFO[0m Creating package script '/home/david-wang/Desktop/Projects/Wisconsin Robotics/WRoverSoftware_25-26/install/object_detection_msgs/share/object_detection_msgs/package.zsh'
[2.162s] [34mcolcon.colcon_core.environment[0m [1;30mLevel 1[0m create_file_with_runtime_dependencies(/home/david-wang/Desktop/Projects/Wisconsin Robotics/WRoverSoftware_25-26/install/object_detection_msgs/share/colcon-core/packages/object_detection_msgs)
[2.173s] [34mcolcon.colcon_parallel_executor.executor.parallel[0m [1;30mDEBUG[0m [32mclosing loop[0m
[2.174s] [34mcolcon.colcon_parallel_executor.executor.parallel[0m [1;30mDEBUG[0m [32mloop closed[0m
[2.174s] [34mcolcon.colcon_parallel_executor.executor.parallel[0m [1;30mDEBUG[0m [32mrun_until_complete finished with '2'[0m
[2.174s] [34mcolcon.colcon_core.event_reactor[0m [1;30mDEBUG[0m [32mjoining thread[0m
[2.177s] [34mcolcon.colcon_core.plugin_system[0m [1;30mINFO[0m Skipping extension 'colcon_notification.desktop_notification.notify2': 'notify2' not found
[2.178s] [34mcolcon.colcon_core.plugin_system[0m [1;30mINFO[0m Skipping extension 'colcon_notification.desktop_notification.terminal_notifier': Not used on non-Darwin systems
[2.178s] [34mcolcon.colcon_core.plugin_system[0m [1;30mINFO[0m Skipping extension 'colcon_notification.desktop_notification.win32': Not used on non-Windows systems
[2.178s] [34mcolcon.colcon_notification.desktop_notification[0m [1;30mINFO[0m Sending desktop notification using 'notify_send'
[2.208s] [34mcolcon.colcon_core.event_reactor[0m [1;30mDEBUG[0m [32mjoined thread[0m
[2.209s] [34mcolcon.colcon_core.shell[0m [1;30mINFO[0m Creating prefix script '/home/david-wang/Desktop/Projects/Wisconsin Robotics/WRoverSoftware_25-26/install/local_setup.ps1'
[2.210s] [34mcolcon.colcon_core.shell[0m [1;30mINFO[0m Creating prefix util module '/home/david-wang/Desktop/Projects/Wisconsin Robotics/WRoverSoftware_25-26/install/_local_setup_util_ps1.py'
[2.211s] [34mcolcon.colcon_core.shell[0m [1;30mINFO[0m Creating prefix chain script '/home/david-wang/Desktop/Projects/Wisconsin Robotics/WRoverSoftware_25-26/install/setup.ps1'
[2.212s] [34mcolcon.colcon_core.shell[0m [1;30mINFO[0m Creating prefix script '/home/david-wang/Desktop/Projects/Wisconsin Robotics/WRoverSoftware_25-26/install/local_setup.sh'
[2.213s] [34mcolcon.colcon_core.shell[0m [1;30mINFO[0m Creating prefix util module '/home/david-wang/Desktop/Projects/Wisconsin Robotics/WRoverSoftware_25-26/install/_local_setup_util_sh.py'
[2.213s] [34mcolcon.colcon_core.shell[0m [1;30mINFO[0m Creating prefix chain script '/home/david-wang/Desktop/Projects/Wisconsin Robotics/WRoverSoftware_25-26/install/setup.sh'
[2.214s] [34mcolcon.colcon_core.shell[0m [1;30mINFO[0m Creating prefix script '/home/david-wang/Desktop/Projects/Wisconsin Robotics/WRoverSoftware_25-26/install/local_setup.bash'
[2.215s] [34mcolcon.colcon_core.shell[0m [1;30mINFO[0m Creating prefix chain script '/home/david-wang/Desktop/Projects/Wisconsin Robotics/WRoverSoftware_25-26/install/setup.bash'
[2.215s] [34mcolcon.colcon_core.shell[0m [1;30mINFO[0m Creating prefix script '/home/david-wang/Desktop/Projects/Wisconsin Robotics/WRoverSoftware_25-26/install/local_setup.zsh'
[2.216s] [34mcolcon.colcon_core.shell[0m [1;30mINFO[0m Creating prefix chain script '/home/david-wang/Desktop/Projects/Wisconsin Robotics/WRoverSoftware_25-26/install/setup.zsh'
