[1.523s] Invoking command in '/home/wiscrobo/workspace/WRoverSoftware_25-26/localization_workspace/src/wr_fusion': PS1=\[\e]0;\u@\h: \w\a\]${debian_chroot:+($debian_chroot)}\[\033[01;32m\]\u@\h\[\033[00m\]:\[\033[01;34m\]\w\[\033[00m\]\$ PYTHONPATH=/home/wiscrobo/workspace/WRoverSoftware_25-26/localization_workspace/build/wr_fusion/prefix_override:/usr/lib/python3/dist-packages/colcon_core/task/python/colcon_distutils_commands:/home/wiscrobo/workspace/WRoverSoftware_25-26/localization_workspace/install/wr_fusion/lib/python3.10/site-packages:${PYTHONPATH} /usr/bin/python3 -W ignore:setup.py install is deprecated -W ignore:easy_install command is deprecated setup.py egg_info --egg-base ../../build/wr_fusion build --build-base /home/wiscrobo/workspace/WRoverSoftware_25-26/localization_workspace/build/wr_fusion/build install --record /home/wiscrobo/workspace/WRoverSoftware_25-26/localization_workspace/build/wr_fusion/install.log --single-version-externally-managed install_data
[2.094s] running egg_info
[2.095s] writing ../../build/wr_fusion/wr_fusion.egg-info/PKG-INFO
[2.096s] writing dependency_links to ../../build/wr_fusion/wr_fusion.egg-info/dependency_links.txt
[2.096s] writing entry points to ../../build/wr_fusion/wr_fusion.egg-info/entry_points.txt
[2.096s] writing requirements to ../../build/wr_fusion/wr_fusion.egg-info/requires.txt
[2.097s] writing top-level names to ../../build/wr_fusion/wr_fusion.egg-info/top_level.txt
[2.101s] reading manifest file '../../build/wr_fusion/wr_fusion.egg-info/SOURCES.txt'
[2.103s] writing manifest file '../../build/wr_fusion/wr_fusion.egg-info/SOURCES.txt'
[2.103s] running build
[2.103s] running build_py
[2.104s] running install
[2.105s] running install_lib
[2.108s] byte-compiling /home/wiscrobo/workspace/WRoverSoftware_25-26/localization_workspace/install/wr_fusion/lib/python3.10/site-packages/wr_fusion/fusion.py to fusion.cpython-310.pyc
[2.111s]   File "/home/wiscrobo/workspace/WRoverSoftware_25-26/localization_workspace/install/wr_fusion/lib/python3.10/site-packages/wr_fusion/fusion.py", line 278
[2.111s]     		)
[2.111s]     		^
[2.111s] SyntaxError: unmatched ')'
[2.111s] 
[2.112s] running install_data
[2.112s] running install_egg_info
[2.115s] removing '/home/wiscrobo/workspace/WRoverSoftware_25-26/localization_workspace/install/wr_fusion/lib/python3.10/site-packages/wr_fusion-0.0.0-py3.10.egg-info' (and everything under it)
[2.116s] Copying ../../build/wr_fusion/wr_fusion.egg-info to /home/wiscrobo/workspace/WRoverSoftware_25-26/localization_workspace/install/wr_fusion/lib/python3.10/site-packages/wr_fusion-0.0.0-py3.10.egg-info
[2.118s] running install_scripts
[2.167s] Installing fusion script to /home/wiscrobo/workspace/WRoverSoftware_25-26/localization_workspace/install/wr_fusion/lib/wr_fusion
[2.167s] writing list of installed files to '/home/wiscrobo/workspace/WRoverSoftware_25-26/localization_workspace/build/wr_fusion/install.log'
