[0.166s] DEBUG:colcon:Command line arguments: ['/usr/bin/colcon', 'build', '--packages-select', 'aruco_part', '--symlink-install']
[0.167s] DEBUG:colcon:Parsed command line arguments: Namespace(log_base=None, log_level=None, verb_name='build', build_base='build', install_base='install', merge_install=False, symlink_install=True, test_result_base=None, continue_on_error=False, executor='parallel', parallel_workers=3, event_handlers=None, ignore_user_meta=False, metas=['./colcon.meta'], base_paths=['.'], packages_ignore=None, packages_ignore_regex=None, paths=None, packages_up_to=None, packages_up_to_regex=None, packages_above=None, packages_above_and_dependencies=None, packages_above_depth=None, packages_select_by_dep=None, packages_skip_by_dep=None, packages_skip_up_to=None, packages_select_build_failed=False, packages_skip_build_finished=False, packages_select_test_failures=False, packages_skip_test_passed=False, packages_select=['aruco_part'], packages_skip=None, packages_select_regex=None, packages_skip_regex=None, packages_start=None, packages_end=None, allow_overriding=[], cmake_args=None, cmake_target=None, cmake_target_skip_unavailable=False, cmake_clean_cache=False, cmake_clean_first=False, cmake_force_configure=False, ament_cmake_args=None, catkin_cmake_args=None, catkin_skip_building_tests=False, mixin_files=None, mixin=None, verb_parser=<colcon_mixin.mixin.mixin_argument.MixinArgumentDecorator object at 0x748307457940>, verb_extension=<colcon_core.verb.build.BuildVerb object at 0x74830755f550>, main=<bound method BuildVerb.main of <colcon_core.verb.build.BuildVerb object at 0x74830755f550>>, mixin_verb=('build',))
[0.389s] Level 1:colcon.colcon_core.package_discovery:discover_packages(colcon_meta) check parameters
[0.389s] Level 1:colcon.colcon_core.package_discovery:discover_packages(recursive) check parameters
[0.389s] Level 1:colcon.colcon_core.package_discovery:discover_packages(ignore) check parameters
[0.390s] Level 1:colcon.colcon_core.package_discovery:discover_packages(path) check parameters
[0.390s] Level 1:colcon.colcon_core.package_discovery:discover_packages(colcon_meta) discover
[0.390s] Level 1:colcon.colcon_core.package_discovery:discover_packages(recursive) discover
[0.390s] INFO:colcon.colcon_core.package_discovery:Crawling recursively for packages in '/home/vboxuser/WRoverSoftware_25-26'
[0.390s] Level 1:colcon.colcon_core.package_identification:_identify(.) by extensions ['ignore', 'ignore_ament_install']
[0.390s] Level 1:colcon.colcon_core.package_identification:_identify(.) by extension 'ignore'
[0.391s] Level 1:colcon.colcon_core.package_identification:_identify(.) by extension 'ignore_ament_install'
[0.391s] Level 1:colcon.colcon_core.package_identification:_identify(.) by extensions ['colcon_pkg']
[0.391s] Level 1:colcon.colcon_core.package_identification:_identify(.) by extension 'colcon_pkg'
[0.391s] Level 1:colcon.colcon_core.package_identification:_identify(.) by extensions ['colcon_meta']
[0.391s] Level 1:colcon.colcon_core.package_identification:_identify(.) by extension 'colcon_meta'
[0.391s] Level 1:colcon.colcon_core.package_identification:_identify(.) by extensions ['ros']
[0.391s] Level 1:colcon.colcon_core.package_identification:_identify(.) by extension 'ros'
[0.424s] Level 1:colcon.colcon_core.package_identification:_identify(.) by extensions ['cmake', 'python']
[0.424s] Level 1:colcon.colcon_core.package_identification:_identify(.) by extension 'cmake'
[0.425s] Level 1:colcon.colcon_core.package_identification:_identify(.) by extension 'python'
[0.425s] Level 1:colcon.colcon_core.package_identification:_identify(.) by extensions ['python_setup_py']
[0.425s] Level 1:colcon.colcon_core.package_identification:_identify(.) by extension 'python_setup_py'
[0.425s] Level 1:colcon.colcon_core.package_identification:_identify(build) by extensions ['ignore', 'ignore_ament_install']
[0.425s] Level 1:colcon.colcon_core.package_identification:_identify(build) by extension 'ignore'
[0.425s] Level 1:colcon.colcon_core.package_identification:_identify(build) ignored
[0.426s] Level 1:colcon.colcon_core.package_identification:_identify(docs) by extensions ['ignore', 'ignore_ament_install']
[0.426s] Level 1:colcon.colcon_core.package_identification:_identify(docs) by extension 'ignore'
[0.426s] Level 1:colcon.colcon_core.package_identification:_identify(docs) by extension 'ignore_ament_install'
[0.427s] Level 1:colcon.colcon_core.package_identification:_identify(docs) by extensions ['colcon_pkg']
[0.427s] Level 1:colcon.colcon_core.package_identification:_identify(docs) by extension 'colcon_pkg'
[0.427s] Level 1:colcon.colcon_core.package_identification:_identify(docs) by extensions ['colcon_meta']
[0.427s] Level 1:colcon.colcon_core.package_identification:_identify(docs) by extension 'colcon_meta'
[0.427s] Level 1:colcon.colcon_core.package_identification:_identify(docs) by extensions ['ros']
[0.427s] Level 1:colcon.colcon_core.package_identification:_identify(docs) by extension 'ros'
[0.427s] Level 1:colcon.colcon_core.package_identification:_identify(docs) by extensions ['cmake', 'python']
[0.427s] Level 1:colcon.colcon_core.package_identification:_identify(docs) by extension 'cmake'
[0.427s] Level 1:colcon.colcon_core.package_identification:_identify(docs) by extension 'python'
[0.427s] Level 1:colcon.colcon_core.package_identification:_identify(docs) by extensions ['python_setup_py']
[0.427s] Level 1:colcon.colcon_core.package_identification:_identify(docs) by extension 'python_setup_py'
[0.427s] Level 1:colcon.colcon_core.package_identification:_identify(install) by extensions ['ignore', 'ignore_ament_install']
[0.428s] Level 1:colcon.colcon_core.package_identification:_identify(install) by extension 'ignore'
[0.428s] Level 1:colcon.colcon_core.package_identification:_identify(install) ignored
[0.428s] Level 1:colcon.colcon_core.package_identification:_identify(log) by extensions ['ignore', 'ignore_ament_install']
[0.428s] Level 1:colcon.colcon_core.package_identification:_identify(log) by extension 'ignore'
[0.428s] Level 1:colcon.colcon_core.package_identification:_identify(log) ignored
[0.428s] Level 1:colcon.colcon_core.package_identification:_identify(src) by extensions ['ignore', 'ignore_ament_install']
[0.428s] Level 1:colcon.colcon_core.package_identification:_identify(src) by extension 'ignore'
[0.428s] Level 1:colcon.colcon_core.package_identification:_identify(src) by extension 'ignore_ament_install'
[0.428s] Level 1:colcon.colcon_core.package_identification:_identify(src) by extensions ['colcon_pkg']
[0.428s] Level 1:colcon.colcon_core.package_identification:_identify(src) by extension 'colcon_pkg'
[0.428s] Level 1:colcon.colcon_core.package_identification:_identify(src) by extensions ['colcon_meta']
[0.428s] Level 1:colcon.colcon_core.package_identification:_identify(src) by extension 'colcon_meta'
[0.428s] Level 1:colcon.colcon_core.package_identification:_identify(src) by extensions ['ros']
[0.428s] Level 1:colcon.colcon_core.package_identification:_identify(src) by extension 'ros'
[0.428s] Level 1:colcon.colcon_core.package_identification:_identify(src) by extensions ['cmake', 'python']
[0.428s] Level 1:colcon.colcon_core.package_identification:_identify(src) by extension 'cmake'
[0.428s] Level 1:colcon.colcon_core.package_identification:_identify(src) by extension 'python'
[0.428s] Level 1:colcon.colcon_core.package_identification:_identify(src) by extensions ['python_setup_py']
[0.428s] Level 1:colcon.colcon_core.package_identification:_identify(src) by extension 'python_setup_py'
[0.429s] Level 1:colcon.colcon_core.package_identification:_identify(src/aruco_part) by extensions ['ignore', 'ignore_ament_install']
[0.429s] Level 1:colcon.colcon_core.package_identification:_identify(src/aruco_part) by extension 'ignore'
[0.429s] Level 1:colcon.colcon_core.package_identification:_identify(src/aruco_part) by extension 'ignore_ament_install'
[0.429s] Level 1:colcon.colcon_core.package_identification:_identify(src/aruco_part) by extensions ['colcon_pkg']
[0.429s] Level 1:colcon.colcon_core.package_identification:_identify(src/aruco_part) by extension 'colcon_pkg'
[0.429s] Level 1:colcon.colcon_core.package_identification:_identify(src/aruco_part) by extensions ['colcon_meta']
[0.429s] Level 1:colcon.colcon_core.package_identification:_identify(src/aruco_part) by extension 'colcon_meta'
[0.430s] Level 1:colcon.colcon_core.package_identification:_identify(src/aruco_part) by extensions ['ros']
[0.430s] Level 1:colcon.colcon_core.package_identification:_identify(src/aruco_part) by extension 'ros'
[0.433s] DEBUG:colcon.colcon_core.package_identification:Package 'src/aruco_part' with type 'ros.ament_python' and name 'aruco_part'
[0.433s] Level 1:colcon.colcon_core.package_discovery:discover_packages(recursive) using defaults
[0.433s] Level 1:colcon.colcon_core.package_discovery:discover_packages(ignore) discover
[0.433s] Level 1:colcon.colcon_core.package_discovery:discover_packages(ignore) using defaults
[0.433s] Level 1:colcon.colcon_core.package_discovery:discover_packages(path) discover
[0.433s] Level 1:colcon.colcon_core.package_discovery:discover_packages(path) using defaults
[0.488s] Level 1:colcon.colcon_core.package_discovery:discover_packages(prefix_path) check parameters
[0.488s] Level 1:colcon.colcon_core.package_discovery:discover_packages(prefix_path) discover
[0.498s] DEBUG:colcon.colcon_installed_package_information.package_discovery:Found 11 installed packages in /home/vboxuser/ros2_ws/install
[0.500s] DEBUG:colcon.colcon_installed_package_information.package_discovery:Found 271 installed packages in /opt/ros/humble
[0.503s] Level 1:colcon.colcon_core.package_discovery:discover_packages(prefix_path) using defaults
[0.558s] Level 5:colcon.colcon_core.verb:set package 'aruco_part' build argument 'cmake_args' from command line to 'None'
[0.559s] Level 5:colcon.colcon_core.verb:set package 'aruco_part' build argument 'cmake_target' from command line to 'None'
[0.559s] Level 5:colcon.colcon_core.verb:set package 'aruco_part' build argument 'cmake_target_skip_unavailable' from command line to 'False'
[0.559s] Level 5:colcon.colcon_core.verb:set package 'aruco_part' build argument 'cmake_clean_cache' from command line to 'False'
[0.559s] Level 5:colcon.colcon_core.verb:set package 'aruco_part' build argument 'cmake_clean_first' from command line to 'False'
[0.559s] Level 5:colcon.colcon_core.verb:set package 'aruco_part' build argument 'cmake_force_configure' from command line to 'False'
[0.559s] Level 5:colcon.colcon_core.verb:set package 'aruco_part' build argument 'ament_cmake_args' from command line to 'None'
[0.559s] Level 5:colcon.colcon_core.verb:set package 'aruco_part' build argument 'catkin_cmake_args' from command line to 'None'
[0.559s] Level 5:colcon.colcon_core.verb:set package 'aruco_part' build argument 'catkin_skip_building_tests' from command line to 'False'
[0.559s] DEBUG:colcon.colcon_core.verb:Building package 'aruco_part' with the following arguments: {'ament_cmake_args': None, 'build_base': '/home/vboxuser/WRoverSoftware_25-26/build/aruco_part', 'catkin_cmake_args': None, 'catkin_skip_building_tests': False, 'cmake_args': None, 'cmake_clean_cache': False, 'cmake_clean_first': False, 'cmake_force_configure': False, 'cmake_target': None, 'cmake_target_skip_unavailable': False, 'install_base': '/home/vboxuser/WRoverSoftware_25-26/install/aruco_part', 'merge_install': False, 'path': '/home/vboxuser/WRoverSoftware_25-26/src/aruco_part', 'symlink_install': True, 'test_result_base': None}
[0.559s] INFO:colcon.colcon_core.executor:Executing jobs using 'parallel' executor
[0.564s] DEBUG:colcon.colcon_parallel_executor.executor.parallel:run_until_complete
[0.564s] INFO:colcon.colcon_ros.task.ament_python.build:Building ROS package in '/home/vboxuser/WRoverSoftware_25-26/src/aruco_part' with build type 'ament_python'
[0.565s] Level 1:colcon.colcon_core.shell:create_environment_hook('aruco_part', 'ament_prefix_path')
[0.580s] INFO:colcon.colcon_core.plugin_system:Skipping extension 'colcon_core.shell.bat': Not used on non-Windows systems
[0.581s] INFO:colcon.colcon_core.shell:Creating environment hook '/home/vboxuser/WRoverSoftware_25-26/install/aruco_part/share/aruco_part/hook/ament_prefix_path.ps1'
[0.583s] INFO:colcon.colcon_core.shell:Creating environment descriptor '/home/vboxuser/WRoverSoftware_25-26/install/aruco_part/share/aruco_part/hook/ament_prefix_path.dsv'
[0.588s] INFO:colcon.colcon_core.shell:Creating environment hook '/home/vboxuser/WRoverSoftware_25-26/install/aruco_part/share/aruco_part/hook/ament_prefix_path.sh'
[0.591s] INFO:colcon.colcon_core.shell:Skip shell extension 'powershell' for command environment: Not usable outside of PowerShell
[0.592s] DEBUG:colcon.colcon_core.shell:Skip shell extension 'dsv' for command environment
[0.984s] INFO:colcon.colcon_core.task.python.build:Building Python package in '/home/vboxuser/WRoverSoftware_25-26/src/aruco_part'
[0.985s] INFO:colcon.colcon_core.shell:Skip shell extension 'powershell' for command environment: Not usable outside of PowerShell
[0.985s] DEBUG:colcon.colcon_core.shell:Skip shell extension 'dsv' for command environment
[1.786s] DEBUG:colcon.colcon_core.event_handler.log_command:Invoking command in '/home/vboxuser/WRoverSoftware_25-26/build/aruco_part': PYTHONPATH=/home/vboxuser/WRoverSoftware_25-26/build/aruco_part/prefix_override:/usr/lib/python3/dist-packages/colcon_core/task/python/colcon_distutils_commands:/home/vboxuser/WRoverSoftware_25-26/install/aruco_part/lib/python3.10/site-packages:${PYTHONPATH} /usr/bin/python3 -W ignore:setup.py install is deprecated -W ignore:easy_install command is deprecated setup.py develop --editable --build-directory /home/vboxuser/WRoverSoftware_25-26/build/aruco_part/build --no-deps symlink_data
[2.536s] Level 1:colcon.colcon_core.shell:create_environment_hook('aruco_part', 'pythonpath_develop')
[2.536s] INFO:colcon.colcon_core.shell:Creating environment hook '/home/vboxuser/WRoverSoftware_25-26/build/aruco_part/share/aruco_part/hook/pythonpath_develop.ps1'
[2.537s] INFO:colcon.colcon_core.shell:Creating environment descriptor '/home/vboxuser/WRoverSoftware_25-26/build/aruco_part/share/aruco_part/hook/pythonpath_develop.dsv'
[2.537s] INFO:colcon.colcon_core.shell:Creating environment hook '/home/vboxuser/WRoverSoftware_25-26/build/aruco_part/share/aruco_part/hook/pythonpath_develop.sh'
[2.543s] DEBUG:colcon.colcon_core.event_handler.log_command:Invoked command in '/home/vboxuser/WRoverSoftware_25-26/build/aruco_part' returned '0': PYTHONPATH=/home/vboxuser/WRoverSoftware_25-26/build/aruco_part/prefix_override:/usr/lib/python3/dist-packages/colcon_core/task/python/colcon_distutils_commands:/home/vboxuser/WRoverSoftware_25-26/install/aruco_part/lib/python3.10/site-packages:${PYTHONPATH} /usr/bin/python3 -W ignore:setup.py install is deprecated -W ignore:easy_install command is deprecated setup.py develop --editable --build-directory /home/vboxuser/WRoverSoftware_25-26/build/aruco_part/build --no-deps symlink_data
[2.564s] Level 1:colcon.colcon_core.environment:checking '/home/vboxuser/WRoverSoftware_25-26/install/aruco_part' for CMake module files
[2.566s] Level 1:colcon.colcon_core.environment:checking '/home/vboxuser/WRoverSoftware_25-26/install/aruco_part' for CMake config files
[2.568s] Level 1:colcon.colcon_core.environment:checking '/home/vboxuser/WRoverSoftware_25-26/install/aruco_part/lib'
[2.569s] Level 1:colcon.colcon_core.environment:checking '/home/vboxuser/WRoverSoftware_25-26/install/aruco_part/bin'
[2.570s] Level 1:colcon.colcon_core.environment:checking '/home/vboxuser/WRoverSoftware_25-26/install/aruco_part/lib/pkgconfig/aruco_part.pc'
[2.571s] Level 1:colcon.colcon_core.environment:checking '/home/vboxuser/WRoverSoftware_25-26/install/aruco_part/lib/python3.10/site-packages'
[2.571s] Level 1:colcon.colcon_core.shell:create_environment_hook('aruco_part', 'pythonpath')
[2.572s] INFO:colcon.colcon_core.shell:Creating environment hook '/home/vboxuser/WRoverSoftware_25-26/install/aruco_part/share/aruco_part/hook/pythonpath.ps1'
[2.573s] INFO:colcon.colcon_core.shell:Creating environment descriptor '/home/vboxuser/WRoverSoftware_25-26/install/aruco_part/share/aruco_part/hook/pythonpath.dsv'
[2.574s] INFO:colcon.colcon_core.shell:Creating environment hook '/home/vboxuser/WRoverSoftware_25-26/install/aruco_part/share/aruco_part/hook/pythonpath.sh'
[2.574s] Level 1:colcon.colcon_core.environment:checking '/home/vboxuser/WRoverSoftware_25-26/install/aruco_part/bin'
[2.574s] Level 1:colcon.colcon_core.environment:create_environment_scripts_only(aruco_part)
[2.575s] INFO:colcon.colcon_core.shell:Creating package script '/home/vboxuser/WRoverSoftware_25-26/install/aruco_part/share/aruco_part/package.ps1'
[2.579s] INFO:colcon.colcon_core.shell:Creating package descriptor '/home/vboxuser/WRoverSoftware_25-26/install/aruco_part/share/aruco_part/package.dsv'
[2.583s] INFO:colcon.colcon_core.shell:Creating package script '/home/vboxuser/WRoverSoftware_25-26/install/aruco_part/share/aruco_part/package.sh'
[2.586s] INFO:colcon.colcon_core.shell:Creating package script '/home/vboxuser/WRoverSoftware_25-26/install/aruco_part/share/aruco_part/package.bash'
[2.590s] INFO:colcon.colcon_core.shell:Creating package script '/home/vboxuser/WRoverSoftware_25-26/install/aruco_part/share/aruco_part/package.zsh'
[2.592s] Level 1:colcon.colcon_core.environment:create_file_with_runtime_dependencies(/home/vboxuser/WRoverSoftware_25-26/install/aruco_part/share/colcon-core/packages/aruco_part)
[2.593s] DEBUG:colcon.colcon_parallel_executor.executor.parallel:closing loop
[2.594s] DEBUG:colcon.colcon_parallel_executor.executor.parallel:loop closed
[2.595s] DEBUG:colcon.colcon_parallel_executor.executor.parallel:run_until_complete finished with '0'
[2.595s] DEBUG:colcon.colcon_core.event_reactor:joining thread
[2.611s] INFO:colcon.colcon_core.plugin_system:Skipping extension 'colcon_notification.desktop_notification.terminal_notifier': Not used on non-Darwin systems
[2.612s] INFO:colcon.colcon_core.plugin_system:Skipping extension 'colcon_notification.desktop_notification.win32': Not used on non-Windows systems
[2.613s] INFO:colcon.colcon_notification.desktop_notification:Sending desktop notification using 'notify2'
[2.657s] DEBUG:colcon.colcon_core.event_reactor:joined thread
[2.659s] INFO:colcon.colcon_core.shell:Creating prefix script '/home/vboxuser/WRoverSoftware_25-26/install/local_setup.ps1'
[2.663s] INFO:colcon.colcon_core.shell:Creating prefix util module '/home/vboxuser/WRoverSoftware_25-26/install/_local_setup_util_ps1.py'
[2.667s] INFO:colcon.colcon_core.shell:Creating prefix chain script '/home/vboxuser/WRoverSoftware_25-26/install/setup.ps1'
[2.670s] INFO:colcon.colcon_core.shell:Creating prefix script '/home/vboxuser/WRoverSoftware_25-26/install/local_setup.sh'
[2.680s] INFO:colcon.colcon_core.shell:Creating prefix util module '/home/vboxuser/WRoverSoftware_25-26/install/_local_setup_util_sh.py'
[2.680s] INFO:colcon.colcon_core.shell:Creating prefix chain script '/home/vboxuser/WRoverSoftware_25-26/install/setup.sh'
[2.684s] INFO:colcon.colcon_core.shell:Creating prefix script '/home/vboxuser/WRoverSoftware_25-26/install/local_setup.bash'
[2.688s] INFO:colcon.colcon_core.shell:Creating prefix chain script '/home/vboxuser/WRoverSoftware_25-26/install/setup.bash'
[2.694s] INFO:colcon.colcon_core.shell:Creating prefix script '/home/vboxuser/WRoverSoftware_25-26/install/local_setup.zsh'
[2.697s] INFO:colcon.colcon_core.shell:Creating prefix chain script '/home/vboxuser/WRoverSoftware_25-26/install/setup.zsh'
