[1.164s] Invoking command in '/home/vboxuser/WRoverSoftware_25-26/build/aruco_part': PYTHONPATH=/home/vboxuser/WRoverSoftware_25-26/build/aruco_part/prefix_override:/usr/lib/python3/dist-packages/colcon_core/task/python/colcon_distutils_commands:/home/vboxuser/WRoverSoftware_25-26/install/aruco_part/lib/python3.10/site-packages:${PYTHONPATH} /usr/bin/python3 -W ignore:setup.py install is deprecated -W ignore:easy_install command is deprecated setup.py develop --editable --build-directory /home/vboxuser/WRoverSoftware_25-26/build/aruco_part/build --no-deps symlink_data
[1.594s] running develop
[1.816s] running egg_info
[1.821s] writing aruco_part.egg-info/PKG-INFO
[1.821s] writing dependency_links to aruco_part.egg-info/dependency_links.txt
[1.821s] writing entry points to aruco_part.egg-info/entry_points.txt
[1.821s] writing requirements to aruco_part.egg-info/requires.txt
[1.831s] writing top-level names to aruco_part.egg-info/top_level.txt
[1.832s] reading manifest file 'aruco_part.egg-info/SOURCES.txt'
[1.835s] writing manifest file 'aruco_part.egg-info/SOURCES.txt'
[1.839s] running build_ext
[1.839s] Creating /home/vboxuser/WRoverSoftware_25-26/install/aruco_part/lib/python3.10/site-packages/aruco-part.egg-link (link to .)
[1.842s] Installing camera_info script to /home/vboxuser/WRoverSoftware_25-26/install/aruco_part/lib/aruco_part
[1.842s] Installing driving_logic script to /home/vboxuser/WRoverSoftware_25-26/install/aruco_part/lib/aruco_part
[1.842s] Installing fake_sensors script to /home/vboxuser/WRoverSoftware_25-26/install/aruco_part/lib/aruco_part
[1.845s] Installing fake_tag script to /home/vboxuser/WRoverSoftware_25-26/install/aruco_part/lib/aruco_part
[1.845s] Installing finding_tag script to /home/vboxuser/WRoverSoftware_25-26/install/aruco_part/lib/aruco_part
[1.845s] Installing path_visualizer script to /home/vboxuser/WRoverSoftware_25-26/install/aruco_part/lib/aruco_part
[1.845s] 
[1.845s] Installed /home/vboxuser/WRoverSoftware_25-26/build/aruco_part
[1.845s] running symlink_data
[1.886s] Invoked command in '/home/vboxuser/WRoverSoftware_25-26/build/aruco_part' returned '0': PYTHONPATH=/home/vboxuser/WRoverSoftware_25-26/build/aruco_part/prefix_override:/usr/lib/python3/dist-packages/colcon_core/task/python/colcon_distutils_commands:/home/vboxuser/WRoverSoftware_25-26/install/aruco_part/lib/python3.10/site-packages:${PYTHONPATH} /usr/bin/python3 -W ignore:setup.py install is deprecated -W ignore:easy_install command is deprecated setup.py develop --editable --build-directory /home/vboxuser/WRoverSoftware_25-26/build/aruco_part/build --no-deps symlink_data
