running develop
running egg_info
creating aruco_part.egg-info
writing aruco_part.egg-info/PKG-INFO
writing dependency_links to aruco_part.egg-info/dependency_links.txt
writing entry points to aruco_part.egg-info/entry_points.txt
writing requirements to aruco_part.egg-info/requires.txt
writing top-level names to aruco_part.egg-info/top_level.txt
writing manifest file 'aruco_part.egg-info/SOURCES.txt'
reading manifest file 'aruco_part.egg-info/SOURCES.txt'
writing manifest file 'aruco_part.egg-info/SOURCES.txt'
running build_ext
Creating /home/vboxuser/WRoverSoftware_25-26/install/aruco_part/lib/python3.10/site-packages/aruco-part.egg-link (link to .)
Installing driving_logic script to /home/vboxuser/WRoverSoftware_25-26/install/aruco_part/lib/aruco_part
Installing fake_sensors script to /home/vboxuser/WRoverSoftware_25-26/install/aruco_part/lib/aruco_part
Installing fake_tag script to /home/vboxuser/WRoverSoftware_25-26/install/aruco_part/lib/aruco_part
Installing path_visualizer script to /home/vboxuser/WRoverSoftware_25-26/install/aruco_part/lib/aruco_part

Installed /home/vboxuser/WRoverSoftware_25-26/build/aruco_part
running symlink_data
creating /home/vboxuser/WRoverSoftware_25-26/install/aruco_part/share/ament_index
creating /home/vboxuser/WRoverSoftware_25-26/install/aruco_part/share/ament_index/resource_index
creating /home/vboxuser/WRoverSoftware_25-26/install/aruco_part/share/ament_index/resource_index/packages
symbolically linking /home/vboxuser/WRoverSoftware_25-26/build/aruco_part/resource/aruco_part -> /home/vboxuser/WRoverSoftware_25-26/install/aruco_part/share/ament_index/resource_index/packages
symbolically linking /home/vboxuser/WRoverSoftware_25-26/build/aruco_part/package.xml -> /home/vboxuser/WRoverSoftware_25-26/install/aruco_part/share/aruco_part
