[1.083s] Invoking command in '/home/vboxuser/WRoverSoftware_25-26/build/aruco_part': PYTHONPATH=/home/vboxuser/WRoverSoftware_25-26/build/aruco_part/prefix_override:/usr/lib/python3/dist-packages/colcon_core/task/python/colcon_distutils_commands:/home/vboxuser/WRoverSoftware_25-26/install/aruco_part/lib/python3.10/site-packages:${PYTHONPATH} /usr/bin/python3 -W ignore:setup.py install is deprecated -W ignore:easy_install command is deprecated setup.py develop --editable --build-directory /home/vboxuser/WRoverSoftware_25-26/build/aruco_part/build --no-deps symlink_data
[1.510s] running develop
[1.731s] running egg_info
[1.733s] writing aruco_part.egg-info/PKG-INFO
[1.733s] writing dependency_links to aruco_part.egg-info/dependency_links.txt
[1.733s] writing entry points to aruco_part.egg-info/entry_points.txt
[1.733s] writing requirements to aruco_part.egg-info/requires.txt
[1.733s] writing top-level names to aruco_part.egg-info/top_level.txt
[1.740s] reading manifest file 'aruco_part.egg-info/SOURCES.txt'
[1.740s] writing manifest file 'aruco_part.egg-info/SOURCES.txt'
[1.740s] running build_ext
[1.740s] Creating /home/vboxuser/WRoverSoftware_25-26/install/aruco_part/lib/python3.10/site-packages/aruco-part.egg-link (link to .)
[1.748s] Installing driving_logic script to /home/vboxuser/WRoverSoftware_25-26/install/aruco_part/lib/aruco_part
[1.749s] Installing fake_sensors script to /home/vboxuser/WRoverSoftware_25-26/install/aruco_part/lib/aruco_part
[1.749s] Installing fake_tag script to /home/vboxuser/WRoverSoftware_25-26/install/aruco_part/lib/aruco_part
[1.749s] Installing path_visualizer script to /home/vboxuser/WRoverSoftware_25-26/install/aruco_part/lib/aruco_part
[1.749s] 
[1.749s] Installed /home/vboxuser/WRoverSoftware_25-26/build/aruco_part
[1.749s] running symlink_data
[1.806s] Invoked command in '/home/vboxuser/WRoverSoftware_25-26/build/aruco_part' returned '0': PYTHONPATH=/home/vboxuser/WRoverSoftware_25-26/build/aruco_part/prefix_override:/usr/lib/python3/dist-packages/colcon_core/task/python/colcon_distutils_commands:/home/vboxuser/WRoverSoftware_25-26/install/aruco_part/lib/python3.10/site-packages:${PYTHONPATH} /usr/bin/python3 -W ignore:setup.py install is deprecated -W ignore:easy_install command is deprecated setup.py develop --editable --build-directory /home/vboxuser/WRoverSoftware_25-26/build/aruco_part/build --no-deps symlink_data
