[1.217s] DEBUG:colcon:Command line arguments: ['/usr/bin/colcon', 'build']
[1.217s] DEBUG:colcon:Parsed command line arguments: Namespace(log_base=None, log_level=None, verb_name='build', build_base='build', install_base='install', merge_install=False, symlink_install=False, test_result_base=None, continue_on_error=False, executor='parallel', parallel_workers=4, event_handlers=None, ignore_user_meta=False, metas=['./colcon.meta'], base_paths=['.'], packages_ignore=None, packages_ignore_regex=None, paths=None, packages_up_to=None, packages_up_to_regex=None, packages_above=None, packages_above_and_dependencies=None, packages_above_depth=None, packages_select_by_dep=None, packages_skip_by_dep=None, packages_skip_up_to=None, packages_select_build_failed=False, packages_skip_build_finished=False, packages_select_test_failures=False, packages_skip_test_passed=False, packages_select=None, packages_skip=None, packages_select_regex=None, packages_skip_regex=None, packages_start=None, packages_end=None, allow_overriding=[], cmake_args=None, cmake_target=None, cmake_target_skip_unavailable=False, cmake_clean_cache=False, cmake_clean_first=False, cmake_force_configure=False, ament_cmake_args=None, catkin_cmake_args=None, catkin_skip_building_tests=False, mixin_files=None, mixin=None, verb_parser=<colcon_mixin.mixin.mixin_argument.MixinArgumentDecorator object at 0x766dabb2bac0>, verb_extension=<colcon_core.verb.build.BuildVerb object at 0x766dabb2b4f0>, main=<bound method BuildVerb.main of <colcon_core.verb.build.BuildVerb object at 0x766dabb2b4f0>>, mixin_verb=('build',))
[1.822s] Level 1:colcon.colcon_core.package_discovery:discover_packages(colcon_meta) check parameters
[1.822s] Level 1:colcon.colcon_core.package_discovery:discover_packages(recursive) check parameters
[1.822s] Level 1:colcon.colcon_core.package_discovery:discover_packages(ignore) check parameters
[1.822s] Level 1:colcon.colcon_core.package_discovery:discover_packages(path) check parameters
[1.822s] Level 1:colcon.colcon_core.package_discovery:discover_packages(colcon_meta) discover
[1.822s] Level 1:colcon.colcon_core.package_discovery:discover_packages(recursive) discover
[1.822s] INFO:colcon.colcon_core.package_discovery:Crawling recursively for packages in '/home/teggatz/documents/WRoverSoftware_25-26'
[1.822s] Level 1:colcon.colcon_core.package_identification:_identify(.) by extensions ['ignore', 'ignore_ament_install']
[1.822s] Level 1:colcon.colcon_core.package_identification:_identify(.) by extension 'ignore'
[1.822s] Level 1:colcon.colcon_core.package_identification:_identify(.) by extension 'ignore_ament_install'
[1.822s] Level 1:colcon.colcon_core.package_identification:_identify(.) by extensions ['colcon_pkg']
[1.822s] Level 1:colcon.colcon_core.package_identification:_identify(.) by extension 'colcon_pkg'
[1.822s] Level 1:colcon.colcon_core.package_identification:_identify(.) by extensions ['colcon_meta']
[1.822s] Level 1:colcon.colcon_core.package_identification:_identify(.) by extension 'colcon_meta'
[1.822s] Level 1:colcon.colcon_core.package_identification:_identify(.) by extensions ['ros']
[1.822s] Level 1:colcon.colcon_core.package_identification:_identify(.) by extension 'ros'
[1.837s] Level 1:colcon.colcon_core.package_identification:_identify(.) by extensions ['cmake', 'python']
[1.837s] Level 1:colcon.colcon_core.package_identification:_identify(.) by extension 'cmake'
[1.837s] Level 1:colcon.colcon_core.package_identification:_identify(.) by extension 'python'
[1.837s] Level 1:colcon.colcon_core.package_identification:_identify(.) by extensions ['python_setup_py']
[1.837s] Level 1:colcon.colcon_core.package_identification:_identify(.) by extension 'python_setup_py'
[1.837s] Level 1:colcon.colcon_core.package_identification:_identify(build) by extensions ['ignore', 'ignore_ament_install']
[1.837s] Level 1:colcon.colcon_core.package_identification:_identify(build) by extension 'ignore'
[1.837s] Level 1:colcon.colcon_core.package_identification:_identify(build) ignored
[1.838s] Level 1:colcon.colcon_core.package_identification:_identify(docs) by extensions ['ignore', 'ignore_ament_install']
[1.838s] Level 1:colcon.colcon_core.package_identification:_identify(docs) by extension 'ignore'
[1.838s] Level 1:colcon.colcon_core.package_identification:_identify(docs) by extension 'ignore_ament_install'
[1.838s] Level 1:colcon.colcon_core.package_identification:_identify(docs) by extensions ['colcon_pkg']
[1.838s] Level 1:colcon.colcon_core.package_identification:_identify(docs) by extension 'colcon_pkg'
[1.838s] Level 1:colcon.colcon_core.package_identification:_identify(docs) by extensions ['colcon_meta']
[1.838s] Level 1:colcon.colcon_core.package_identification:_identify(docs) by extension 'colcon_meta'
[1.838s] Level 1:colcon.colcon_core.package_identification:_identify(docs) by extensions ['ros']
[1.838s] Level 1:colcon.colcon_core.package_identification:_identify(docs) by extension 'ros'
[1.838s] Level 1:colcon.colcon_core.package_identification:_identify(docs) by extensions ['cmake', 'python']
[1.838s] Level 1:colcon.colcon_core.package_identification:_identify(docs) by extension 'cmake'
[1.838s] Level 1:colcon.colcon_core.package_identification:_identify(docs) by extension 'python'
[1.838s] Level 1:colcon.colcon_core.package_identification:_identify(docs) by extensions ['python_setup_py']
[1.838s] Level 1:colcon.colcon_core.package_identification:_identify(docs) by extension 'python_setup_py'
[1.838s] Level 1:colcon.colcon_core.package_identification:_identify(install) by extensions ['ignore', 'ignore_ament_install']
[1.838s] Level 1:colcon.colcon_core.package_identification:_identify(install) by extension 'ignore'
[1.838s] Level 1:colcon.colcon_core.package_identification:_identify(install) ignored
[1.838s] Level 1:colcon.colcon_core.package_identification:_identify(log) by extensions ['ignore', 'ignore_ament_install']
[1.838s] Level 1:colcon.colcon_core.package_identification:_identify(log) by extension 'ignore'
[1.838s] Level 1:colcon.colcon_core.package_identification:_identify(log) ignored
[1.838s] Level 1:colcon.colcon_core.package_identification:_identify(src) by extensions ['ignore', 'ignore_ament_install']
[1.838s] Level 1:colcon.colcon_core.package_identification:_identify(src) by extension 'ignore'
[1.838s] Level 1:colcon.colcon_core.package_identification:_identify(src) by extension 'ignore_ament_install'
[1.838s] Level 1:colcon.colcon_core.package_identification:_identify(src) by extensions ['colcon_pkg']
[1.838s] Level 1:colcon.colcon_core.package_identification:_identify(src) by extension 'colcon_pkg'
[1.838s] Level 1:colcon.colcon_core.package_identification:_identify(src) by extensions ['colcon_meta']
[1.838s] Level 1:colcon.colcon_core.package_identification:_identify(src) by extension 'colcon_meta'
[1.838s] Level 1:colcon.colcon_core.package_identification:_identify(src) by extensions ['ros']
[1.838s] Level 1:colcon.colcon_core.package_identification:_identify(src) by extension 'ros'
[1.839s] Level 1:colcon.colcon_core.package_identification:_identify(src) by extensions ['cmake', 'python']
[1.839s] Level 1:colcon.colcon_core.package_identification:_identify(src) by extension 'cmake'
[1.839s] Level 1:colcon.colcon_core.package_identification:_identify(src) by extension 'python'
[1.839s] Level 1:colcon.colcon_core.package_identification:_identify(src) by extensions ['python_setup_py']
[1.839s] Level 1:colcon.colcon_core.package_identification:_identify(src) by extension 'python_setup_py'
[1.839s] Level 1:colcon.colcon_core.package_identification:_identify(src/rover_simulation) by extensions ['ignore', 'ignore_ament_install']
[1.839s] Level 1:colcon.colcon_core.package_identification:_identify(src/rover_simulation) by extension 'ignore'
[1.839s] Level 1:colcon.colcon_core.package_identification:_identify(src/rover_simulation) by extension 'ignore_ament_install'
[1.839s] Level 1:colcon.colcon_core.package_identification:_identify(src/rover_simulation) by extensions ['colcon_pkg']
[1.839s] Level 1:colcon.colcon_core.package_identification:_identify(src/rover_simulation) by extension 'colcon_pkg'
[1.839s] Level 1:colcon.colcon_core.package_identification:_identify(src/rover_simulation) by extensions ['colcon_meta']
[1.839s] Level 1:colcon.colcon_core.package_identification:_identify(src/rover_simulation) by extension 'colcon_meta'
[1.839s] Level 1:colcon.colcon_core.package_identification:_identify(src/rover_simulation) by extensions ['ros']
[1.839s] Level 1:colcon.colcon_core.package_identification:_identify(src/rover_simulation) by extension 'ros'
[1.839s] Level 1:colcon.colcon_core.package_identification:_identify(src/rover_simulation) by extensions ['cmake', 'python']
[1.839s] Level 1:colcon.colcon_core.package_identification:_identify(src/rover_simulation) by extension 'cmake'
[1.839s] Level 1:colcon.colcon_core.package_identification:_identify(src/rover_simulation) by extension 'python'
[1.839s] Level 1:colcon.colcon_core.package_identification:_identify(src/rover_simulation) by extensions ['python_setup_py']
[1.839s] Level 1:colcon.colcon_core.package_identification:_identify(src/rover_simulation) by extension 'python_setup_py'
[1.839s] Level 1:colcon.colcon_core.package_identification:_identify(src/rover_simulation/Script) by extensions ['ignore', 'ignore_ament_install']
[1.839s] Level 1:colcon.colcon_core.package_identification:_identify(src/rover_simulation/Script) by extension 'ignore'
[1.839s] Level 1:colcon.colcon_core.package_identification:_identify(src/rover_simulation/Script) by extension 'ignore_ament_install'
[1.839s] Level 1:colcon.colcon_core.package_identification:_identify(src/rover_simulation/Script) by extensions ['colcon_pkg']
[1.839s] Level 1:colcon.colcon_core.package_identification:_identify(src/rover_simulation/Script) by extension 'colcon_pkg'
[1.839s] Level 1:colcon.colcon_core.package_identification:_identify(src/rover_simulation/Script) by extensions ['colcon_meta']
[1.839s] Level 1:colcon.colcon_core.package_identification:_identify(src/rover_simulation/Script) by extension 'colcon_meta'
[1.839s] Level 1:colcon.colcon_core.package_identification:_identify(src/rover_simulation/Script) by extensions ['ros']
[1.839s] Level 1:colcon.colcon_core.package_identification:_identify(src/rover_simulation/Script) by extension 'ros'
[1.839s] Level 1:colcon.colcon_core.package_identification:_identify(src/rover_simulation/Script) by extensions ['cmake', 'python']
[1.839s] Level 1:colcon.colcon_core.package_identification:_identify(src/rover_simulation/Script) by extension 'cmake'
[1.839s] Level 1:colcon.colcon_core.package_identification:_identify(src/rover_simulation/Script) by extension 'python'
[1.839s] Level 1:colcon.colcon_core.package_identification:_identify(src/rover_simulation/Script) by extensions ['python_setup_py']
[1.839s] Level 1:colcon.colcon_core.package_identification:_identify(src/rover_simulation/Script) by extension 'python_setup_py'
[1.840s] Level 1:colcon.colcon_core.package_identification:_identify(src/rover_simulation/__pycache__) by extensions ['ignore', 'ignore_ament_install']
[1.840s] Level 1:colcon.colcon_core.package_identification:_identify(src/rover_simulation/__pycache__) by extension 'ignore'
[1.840s] Level 1:colcon.colcon_core.package_identification:_identify(src/rover_simulation/__pycache__) by extension 'ignore_ament_install'
[1.840s] Level 1:colcon.colcon_core.package_identification:_identify(src/rover_simulation/__pycache__) by extensions ['colcon_pkg']
[1.840s] Level 1:colcon.colcon_core.package_identification:_identify(src/rover_simulation/__pycache__) by extension 'colcon_pkg'
[1.840s] Level 1:colcon.colcon_core.package_identification:_identify(src/rover_simulation/__pycache__) by extensions ['colcon_meta']
[1.840s] Level 1:colcon.colcon_core.package_identification:_identify(src/rover_simulation/__pycache__) by extension 'colcon_meta'
[1.840s] Level 1:colcon.colcon_core.package_identification:_identify(src/rover_simulation/__pycache__) by extensions ['ros']
[1.840s] Level 1:colcon.colcon_core.package_identification:_identify(src/rover_simulation/__pycache__) by extension 'ros'
[1.840s] Level 1:colcon.colcon_core.package_identification:_identify(src/rover_simulation/__pycache__) by extensions ['cmake', 'python']
[1.840s] Level 1:colcon.colcon_core.package_identification:_identify(src/rover_simulation/__pycache__) by extension 'cmake'
[1.840s] Level 1:colcon.colcon_core.package_identification:_identify(src/rover_simulation/__pycache__) by extension 'python'
[1.840s] Level 1:colcon.colcon_core.package_identification:_identify(src/rover_simulation/__pycache__) by extensions ['python_setup_py']
[1.840s] Level 1:colcon.colcon_core.package_identification:_identify(src/rover_simulation/__pycache__) by extension 'python_setup_py'
[1.840s] Level 1:colcon.colcon_core.package_identification:_identify(src/rover_simulation/meshes) by extensions ['ignore', 'ignore_ament_install']
[1.840s] Level 1:colcon.colcon_core.package_identification:_identify(src/rover_simulation/meshes) by extension 'ignore'
[1.840s] Level 1:colcon.colcon_core.package_identification:_identify(src/rover_simulation/meshes) by extension 'ignore_ament_install'
[1.840s] Level 1:colcon.colcon_core.package_identification:_identify(src/rover_simulation/meshes) by extensions ['colcon_pkg']
[1.840s] Level 1:colcon.colcon_core.package_identification:_identify(src/rover_simulation/meshes) by extension 'colcon_pkg'
[1.840s] Level 1:colcon.colcon_core.package_identification:_identify(src/rover_simulation/meshes) by extensions ['colcon_meta']
[1.840s] Level 1:colcon.colcon_core.package_identification:_identify(src/rover_simulation/meshes) by extension 'colcon_meta'
[1.840s] Level 1:colcon.colcon_core.package_identification:_identify(src/rover_simulation/meshes) by extensions ['ros']
[1.840s] Level 1:colcon.colcon_core.package_identification:_identify(src/rover_simulation/meshes) by extension 'ros'
[1.840s] Level 1:colcon.colcon_core.package_identification:_identify(src/rover_simulation/meshes) by extensions ['cmake', 'python']
[1.840s] Level 1:colcon.colcon_core.package_identification:_identify(src/rover_simulation/meshes) by extension 'cmake'
[1.840s] Level 1:colcon.colcon_core.package_identification:_identify(src/rover_simulation/meshes) by extension 'python'
[1.840s] Level 1:colcon.colcon_core.package_identification:_identify(src/rover_simulation/meshes) by extensions ['python_setup_py']
[1.840s] Level 1:colcon.colcon_core.package_identification:_identify(src/rover_simulation/meshes) by extension 'python_setup_py'
[1.840s] Level 1:colcon.colcon_core.package_identification:_identify(src/rover_simulation/meshes/drive) by extensions ['ignore', 'ignore_ament_install']
[1.840s] Level 1:colcon.colcon_core.package_identification:_identify(src/rover_simulation/meshes/drive) by extension 'ignore'
[1.840s] Level 1:colcon.colcon_core.package_identification:_identify(src/rover_simulation/meshes/drive) by extension 'ignore_ament_install'
[1.840s] Level 1:colcon.colcon_core.package_identification:_identify(src/rover_simulation/meshes/drive) by extensions ['colcon_pkg']
[1.840s] Level 1:colcon.colcon_core.package_identification:_identify(src/rover_simulation/meshes/drive) by extension 'colcon_pkg'
[1.840s] Level 1:colcon.colcon_core.package_identification:_identify(src/rover_simulation/meshes/drive) by extensions ['colcon_meta']
[1.840s] Level 1:colcon.colcon_core.package_identification:_identify(src/rover_simulation/meshes/drive) by extension 'colcon_meta'
[1.840s] Level 1:colcon.colcon_core.package_identification:_identify(src/rover_simulation/meshes/drive) by extensions ['ros']
[1.840s] Level 1:colcon.colcon_core.package_identification:_identify(src/rover_simulation/meshes/drive) by extension 'ros'
[1.840s] Level 1:colcon.colcon_core.package_identification:_identify(src/rover_simulation/meshes/drive) by extensions ['cmake', 'python']
[1.840s] Level 1:colcon.colcon_core.package_identification:_identify(src/rover_simulation/meshes/drive) by extension 'cmake'
[1.840s] Level 1:colcon.colcon_core.package_identification:_identify(src/rover_simulation/meshes/drive) by extension 'python'
[1.840s] Level 1:colcon.colcon_core.package_identification:_identify(src/rover_simulation/meshes/drive) by extensions ['python_setup_py']
[1.840s] Level 1:colcon.colcon_core.package_identification:_identify(src/rover_simulation/meshes/drive) by extension 'python_setup_py'
[1.841s] Level 1:colcon.colcon_core.package_identification:_identify(src/rover_simulation/meshes/drive/drive_chasis) by extensions ['ignore', 'ignore_ament_install']
[1.841s] Level 1:colcon.colcon_core.package_identification:_identify(src/rover_simulation/meshes/drive/drive_chasis) by extension 'ignore'
[1.841s] Level 1:colcon.colcon_core.package_identification:_identify(src/rover_simulation/meshes/drive/drive_chasis) by extension 'ignore_ament_install'
[1.841s] Level 1:colcon.colcon_core.package_identification:_identify(src/rover_simulation/meshes/drive/drive_chasis) by extensions ['colcon_pkg']
[1.841s] Level 1:colcon.colcon_core.package_identification:_identify(src/rover_simulation/meshes/drive/drive_chasis) by extension 'colcon_pkg'
[1.841s] Level 1:colcon.colcon_core.package_identification:_identify(src/rover_simulation/meshes/drive/drive_chasis) by extensions ['colcon_meta']
[1.841s] Level 1:colcon.colcon_core.package_identification:_identify(src/rover_simulation/meshes/drive/drive_chasis) by extension 'colcon_meta'
[1.841s] Level 1:colcon.colcon_core.package_identification:_identify(src/rover_simulation/meshes/drive/drive_chasis) by extensions ['ros']
[1.841s] Level 1:colcon.colcon_core.package_identification:_identify(src/rover_simulation/meshes/drive/drive_chasis) by extension 'ros'
[1.841s] Level 1:colcon.colcon_core.package_identification:_identify(src/rover_simulation/meshes/drive/drive_chasis) by extensions ['cmake', 'python']
[1.841s] Level 1:colcon.colcon_core.package_identification:_identify(src/rover_simulation/meshes/drive/drive_chasis) by extension 'cmake'
[1.841s] Level 1:colcon.colcon_core.package_identification:_identify(src/rover_simulation/meshes/drive/drive_chasis) by extension 'python'
[1.841s] Level 1:colcon.colcon_core.package_identification:_identify(src/rover_simulation/meshes/drive/drive_chasis) by extensions ['python_setup_py']
[1.841s] Level 1:colcon.colcon_core.package_identification:_identify(src/rover_simulation/meshes/drive/drive_chasis) by extension 'python_setup_py'
[1.842s] Level 1:colcon.colcon_core.package_identification:_identify(src/rover_simulation/meshes/drive/right_drive) by extensions ['ignore', 'ignore_ament_install']
[1.842s] Level 1:colcon.colcon_core.package_identification:_identify(src/rover_simulation/meshes/drive/right_drive) by extension 'ignore'
[1.842s] Level 1:colcon.colcon_core.package_identification:_identify(src/rover_simulation/meshes/drive/right_drive) by extension 'ignore_ament_install'
[1.842s] Level 1:colcon.colcon_core.package_identification:_identify(src/rover_simulation/meshes/drive/right_drive) by extensions ['colcon_pkg']
[1.842s] Level 1:colcon.colcon_core.package_identification:_identify(src/rover_simulation/meshes/drive/right_drive) by extension 'colcon_pkg'
[1.842s] Level 1:colcon.colcon_core.package_identification:_identify(src/rover_simulation/meshes/drive/right_drive) by extensions ['colcon_meta']
[1.842s] Level 1:colcon.colcon_core.package_identification:_identify(src/rover_simulation/meshes/drive/right_drive) by extension 'colcon_meta'
[1.842s] Level 1:colcon.colcon_core.package_identification:_identify(src/rover_simulation/meshes/drive/right_drive) by extensions ['ros']
[1.842s] Level 1:colcon.colcon_core.package_identification:_identify(src/rover_simulation/meshes/drive/right_drive) by extension 'ros'
[1.842s] Level 1:colcon.colcon_core.package_identification:_identify(src/rover_simulation/meshes/drive/right_drive) by extensions ['cmake', 'python']
[1.842s] Level 1:colcon.colcon_core.package_identification:_identify(src/rover_simulation/meshes/drive/right_drive) by extension 'cmake'
[1.842s] Level 1:colcon.colcon_core.package_identification:_identify(src/rover_simulation/meshes/drive/right_drive) by extension 'python'
[1.842s] Level 1:colcon.colcon_core.package_identification:_identify(src/rover_simulation/meshes/drive/right_drive) by extensions ['python_setup_py']
[1.842s] Level 1:colcon.colcon_core.package_identification:_identify(src/rover_simulation/meshes/drive/right_drive) by extension 'python_setup_py'
[1.842s] Level 1:colcon.colcon_core.package_identification:_identify(src/rover_simulation/meshes/drive/wheel_swivel) by extensions ['ignore', 'ignore_ament_install']
[1.842s] Level 1:colcon.colcon_core.package_identification:_identify(src/rover_simulation/meshes/drive/wheel_swivel) by extension 'ignore'
[1.843s] Level 1:colcon.colcon_core.package_identification:_identify(src/rover_simulation/meshes/drive/wheel_swivel) by extension 'ignore_ament_install'
[1.843s] Level 1:colcon.colcon_core.package_identification:_identify(src/rover_simulation/meshes/drive/wheel_swivel) by extensions ['colcon_pkg']
[1.843s] Level 1:colcon.colcon_core.package_identification:_identify(src/rover_simulation/meshes/drive/wheel_swivel) by extension 'colcon_pkg'
[1.843s] Level 1:colcon.colcon_core.package_identification:_identify(src/rover_simulation/meshes/drive/wheel_swivel) by extensions ['colcon_meta']
[1.843s] Level 1:colcon.colcon_core.package_identification:_identify(src/rover_simulation/meshes/drive/wheel_swivel) by extension 'colcon_meta'
[1.843s] Level 1:colcon.colcon_core.package_identification:_identify(src/rover_simulation/meshes/drive/wheel_swivel) by extensions ['ros']
[1.843s] Level 1:colcon.colcon_core.package_identification:_identify(src/rover_simulation/meshes/drive/wheel_swivel) by extension 'ros'
[1.843s] Level 1:colcon.colcon_core.package_identification:_identify(src/rover_simulation/meshes/drive/wheel_swivel) by extensions ['cmake', 'python']
[1.843s] Level 1:colcon.colcon_core.package_identification:_identify(src/rover_simulation/meshes/drive/wheel_swivel) by extension 'cmake'
[1.843s] Level 1:colcon.colcon_core.package_identification:_identify(src/rover_simulation/meshes/drive/wheel_swivel) by extension 'python'
[1.843s] Level 1:colcon.colcon_core.package_identification:_identify(src/rover_simulation/meshes/drive/wheel_swivel) by extensions ['python_setup_py']
[1.843s] Level 1:colcon.colcon_core.package_identification:_identify(src/rover_simulation/meshes/drive/wheel_swivel) by extension 'python_setup_py'
[1.843s] Level 1:colcon.colcon_core.package_identification:_identify(src/rover_simulation/meshes/mainChasis) by extensions ['ignore', 'ignore_ament_install']
[1.843s] Level 1:colcon.colcon_core.package_identification:_identify(src/rover_simulation/meshes/mainChasis) by extension 'ignore'
[1.843s] Level 1:colcon.colcon_core.package_identification:_identify(src/rover_simulation/meshes/mainChasis) by extension 'ignore_ament_install'
[1.843s] Level 1:colcon.colcon_core.package_identification:_identify(src/rover_simulation/meshes/mainChasis) by extensions ['colcon_pkg']
[1.843s] Level 1:colcon.colcon_core.package_identification:_identify(src/rover_simulation/meshes/mainChasis) by extension 'colcon_pkg'
[1.843s] Level 1:colcon.colcon_core.package_identification:_identify(src/rover_simulation/meshes/mainChasis) by extensions ['colcon_meta']
[1.843s] Level 1:colcon.colcon_core.package_identification:_identify(src/rover_simulation/meshes/mainChasis) by extension 'colcon_meta'
[1.843s] Level 1:colcon.colcon_core.package_identification:_identify(src/rover_simulation/meshes/mainChasis) by extensions ['ros']
[1.843s] Level 1:colcon.colcon_core.package_identification:_identify(src/rover_simulation/meshes/mainChasis) by extension 'ros'
[1.843s] Level 1:colcon.colcon_core.package_identification:_identify(src/rover_simulation/meshes/mainChasis) by extensions ['cmake', 'python']
[1.843s] Level 1:colcon.colcon_core.package_identification:_identify(src/rover_simulation/meshes/mainChasis) by extension 'cmake'
[1.843s] Level 1:colcon.colcon_core.package_identification:_identify(src/rover_simulation/meshes/mainChasis) by extension 'python'
[1.843s] Level 1:colcon.colcon_core.package_identification:_identify(src/rover_simulation/meshes/mainChasis) by extensions ['python_setup_py']
[1.843s] Level 1:colcon.colcon_core.package_identification:_identify(src/rover_simulation/meshes/mainChasis) by extension 'python_setup_py'
[1.843s] Level 1:colcon.colcon_core.package_identification:_identify(src/rover_simulation/rover) by extensions ['ignore', 'ignore_ament_install']
[1.843s] Level 1:colcon.colcon_core.package_identification:_identify(src/rover_simulation/rover) by extension 'ignore'
[1.843s] Level 1:colcon.colcon_core.package_identification:_identify(src/rover_simulation/rover) by extension 'ignore_ament_install'
[1.843s] Level 1:colcon.colcon_core.package_identification:_identify(src/rover_simulation/rover) by extensions ['colcon_pkg']
[1.843s] Level 1:colcon.colcon_core.package_identification:_identify(src/rover_simulation/rover) by extension 'colcon_pkg'
[1.843s] Level 1:colcon.colcon_core.package_identification:_identify(src/rover_simulation/rover) by extensions ['colcon_meta']
[1.843s] Level 1:colcon.colcon_core.package_identification:_identify(src/rover_simulation/rover) by extension 'colcon_meta'
[1.843s] Level 1:colcon.colcon_core.package_identification:_identify(src/rover_simulation/rover) by extensions ['ros']
[1.843s] Level 1:colcon.colcon_core.package_identification:_identify(src/rover_simulation/rover) by extension 'ros'
[1.843s] Level 1:colcon.colcon_core.package_identification:_identify(src/rover_simulation/rover) by extensions ['cmake', 'python']
[1.843s] Level 1:colcon.colcon_core.package_identification:_identify(src/rover_simulation/rover) by extension 'cmake'
[1.843s] Level 1:colcon.colcon_core.package_identification:_identify(src/rover_simulation/rover) by extension 'python'
[1.843s] Level 1:colcon.colcon_core.package_identification:_identify(src/rover_simulation/rover) by extensions ['python_setup_py']
[1.843s] Level 1:colcon.colcon_core.package_identification:_identify(src/rover_simulation/rover) by extension 'python_setup_py'
[1.844s] Level 1:colcon.colcon_core.package_identification:_identify(src/rover_simulation/rover/rover_parts) by extensions ['ignore', 'ignore_ament_install']
[1.844s] Level 1:colcon.colcon_core.package_identification:_identify(src/rover_simulation/rover/rover_parts) by extension 'ignore'
[1.844s] Level 1:colcon.colcon_core.package_identification:_identify(src/rover_simulation/rover/rover_parts) by extension 'ignore_ament_install'
[1.844s] Level 1:colcon.colcon_core.package_identification:_identify(src/rover_simulation/rover/rover_parts) by extensions ['colcon_pkg']
[1.844s] Level 1:colcon.colcon_core.package_identification:_identify(src/rover_simulation/rover/rover_parts) by extension 'colcon_pkg'
[1.844s] Level 1:colcon.colcon_core.package_identification:_identify(src/rover_simulation/rover/rover_parts) by extensions ['colcon_meta']
[1.844s] Level 1:colcon.colcon_core.package_identification:_identify(src/rover_simulation/rover/rover_parts) by extension 'colcon_meta'
[1.844s] Level 1:colcon.colcon_core.package_identification:_identify(src/rover_simulation/rover/rover_parts) by extensions ['ros']
[1.844s] Level 1:colcon.colcon_core.package_identification:_identify(src/rover_simulation/rover/rover_parts) by extension 'ros'
[1.844s] Level 1:colcon.colcon_core.package_identification:_identify(src/rover_simulation/rover/rover_parts) by extensions ['cmake', 'python']
[1.844s] Level 1:colcon.colcon_core.package_identification:_identify(src/rover_simulation/rover/rover_parts) by extension 'cmake'
[1.844s] Level 1:colcon.colcon_core.package_identification:_identify(src/rover_simulation/rover/rover_parts) by extension 'python'
[1.844s] Level 1:colcon.colcon_core.package_identification:_identify(src/rover_simulation/rover/rover_parts) by extensions ['python_setup_py']
[1.844s] Level 1:colcon.colcon_core.package_identification:_identify(src/rover_simulation/rover/rover_parts) by extension 'python_setup_py'
[1.845s] Level 1:colcon.colcon_core.package_identification:_identify(src/rover_simulation/rover/rover_parts/main_body) by extensions ['ignore', 'ignore_ament_install']
[1.845s] Level 1:colcon.colcon_core.package_identification:_identify(src/rover_simulation/rover/rover_parts/main_body) by extension 'ignore'
[1.845s] Level 1:colcon.colcon_core.package_identification:_identify(src/rover_simulation/rover/rover_parts/main_body) by extension 'ignore_ament_install'
[1.845s] Level 1:colcon.colcon_core.package_identification:_identify(src/rover_simulation/rover/rover_parts/main_body) by extensions ['colcon_pkg']
[1.845s] Level 1:colcon.colcon_core.package_identification:_identify(src/rover_simulation/rover/rover_parts/main_body) by extension 'colcon_pkg'
[1.845s] Level 1:colcon.colcon_core.package_identification:_identify(src/rover_simulation/rover/rover_parts/main_body) by extensions ['colcon_meta']
[1.845s] Level 1:colcon.colcon_core.package_identification:_identify(src/rover_simulation/rover/rover_parts/main_body) by extension 'colcon_meta'
[1.845s] Level 1:colcon.colcon_core.package_identification:_identify(src/rover_simulation/rover/rover_parts/main_body) by extensions ['ros']
[1.845s] Level 1:colcon.colcon_core.package_identification:_identify(src/rover_simulation/rover/rover_parts/main_body) by extension 'ros'
[1.845s] Level 1:colcon.colcon_core.package_identification:_identify(src/rover_simulation/rover/rover_parts/main_body) by extensions ['cmake', 'python']
[1.845s] Level 1:colcon.colcon_core.package_identification:_identify(src/rover_simulation/rover/rover_parts/main_body) by extension 'cmake'
[1.845s] Level 1:colcon.colcon_core.package_identification:_identify(src/rover_simulation/rover/rover_parts/main_body) by extension 'python'
[1.845s] Level 1:colcon.colcon_core.package_identification:_identify(src/rover_simulation/rover/rover_parts/main_body) by extensions ['python_setup_py']
[1.845s] Level 1:colcon.colcon_core.package_identification:_identify(src/rover_simulation/rover/rover_parts/main_body) by extension 'python_setup_py'
[1.845s] Level 1:colcon.colcon_core.package_identification:_identify(src/rover_simulation/rover/rover_parts/right_drive) by extensions ['ignore', 'ignore_ament_install']
[1.845s] Level 1:colcon.colcon_core.package_identification:_identify(src/rover_simulation/rover/rover_parts/right_drive) by extension 'ignore'
[1.845s] Level 1:colcon.colcon_core.package_identification:_identify(src/rover_simulation/rover/rover_parts/right_drive) by extension 'ignore_ament_install'
[1.845s] Level 1:colcon.colcon_core.package_identification:_identify(src/rover_simulation/rover/rover_parts/right_drive) by extensions ['colcon_pkg']
[1.845s] Level 1:colcon.colcon_core.package_identification:_identify(src/rover_simulation/rover/rover_parts/right_drive) by extension 'colcon_pkg'
[1.845s] Level 1:colcon.colcon_core.package_identification:_identify(src/rover_simulation/rover/rover_parts/right_drive) by extensions ['colcon_meta']
[1.845s] Level 1:colcon.colcon_core.package_identification:_identify(src/rover_simulation/rover/rover_parts/right_drive) by extension 'colcon_meta'
[1.845s] Level 1:colcon.colcon_core.package_identification:_identify(src/rover_simulation/rover/rover_parts/right_drive) by extensions ['ros']
[1.845s] Level 1:colcon.colcon_core.package_identification:_identify(src/rover_simulation/rover/rover_parts/right_drive) by extension 'ros'
[1.845s] Level 1:colcon.colcon_core.package_identification:_identify(src/rover_simulation/rover/rover_parts/right_drive) by extensions ['cmake', 'python']
[1.845s] Level 1:colcon.colcon_core.package_identification:_identify(src/rover_simulation/rover/rover_parts/right_drive) by extension 'cmake'
[1.845s] Level 1:colcon.colcon_core.package_identification:_identify(src/rover_simulation/rover/rover_parts/right_drive) by extension 'python'
[1.845s] Level 1:colcon.colcon_core.package_identification:_identify(src/rover_simulation/rover/rover_parts/right_drive) by extensions ['python_setup_py']
[1.846s] Level 1:colcon.colcon_core.package_identification:_identify(src/rover_simulation/rover/rover_parts/right_drive) by extension 'python_setup_py'
[1.846s] Level 1:colcon.colcon_core.package_identification:_identify(src/rover_simulation/rover/rover_parts/right_drive/parts) by extensions ['ignore', 'ignore_ament_install']
[1.846s] Level 1:colcon.colcon_core.package_identification:_identify(src/rover_simulation/rover/rover_parts/right_drive/parts) by extension 'ignore'
[1.846s] Level 1:colcon.colcon_core.package_identification:_identify(src/rover_simulation/rover/rover_parts/right_drive/parts) by extension 'ignore_ament_install'
[1.846s] Level 1:colcon.colcon_core.package_identification:_identify(src/rover_simulation/rover/rover_parts/right_drive/parts) by extensions ['colcon_pkg']
[1.846s] Level 1:colcon.colcon_core.package_identification:_identify(src/rover_simulation/rover/rover_parts/right_drive/parts) by extension 'colcon_pkg'
[1.846s] Level 1:colcon.colcon_core.package_identification:_identify(src/rover_simulation/rover/rover_parts/right_drive/parts) by extensions ['colcon_meta']
[1.846s] Level 1:colcon.colcon_core.package_identification:_identify(src/rover_simulation/rover/rover_parts/right_drive/parts) by extension 'colcon_meta'
[1.846s] Level 1:colcon.colcon_core.package_identification:_identify(src/rover_simulation/rover/rover_parts/right_drive/parts) by extensions ['ros']
[1.846s] Level 1:colcon.colcon_core.package_identification:_identify(src/rover_simulation/rover/rover_parts/right_drive/parts) by extension 'ros'
[1.846s] Level 1:colcon.colcon_core.package_identification:_identify(src/rover_simulation/rover/rover_parts/right_drive/parts) by extensions ['cmake', 'python']
[1.846s] Level 1:colcon.colcon_core.package_identification:_identify(src/rover_simulation/rover/rover_parts/right_drive/parts) by extension 'cmake'
[1.846s] Level 1:colcon.colcon_core.package_identification:_identify(src/rover_simulation/rover/rover_parts/right_drive/parts) by extension 'python'
[1.846s] Level 1:colcon.colcon_core.package_identification:_identify(src/rover_simulation/rover/rover_parts/right_drive/parts) by extensions ['python_setup_py']
[1.846s] Level 1:colcon.colcon_core.package_identification:_identify(src/rover_simulation/rover/rover_parts/right_drive/parts) by extension 'python_setup_py'
[1.847s] Level 1:colcon.colcon_core.package_identification:_identify(src/rover_simulation/rover/rover_parts/right_drive/parts/wheel_swivel) by extensions ['ignore', 'ignore_ament_install']
[1.847s] Level 1:colcon.colcon_core.package_identification:_identify(src/rover_simulation/rover/rover_parts/right_drive/parts/wheel_swivel) by extension 'ignore'
[1.847s] Level 1:colcon.colcon_core.package_identification:_identify(src/rover_simulation/rover/rover_parts/right_drive/parts/wheel_swivel) by extension 'ignore_ament_install'
[1.847s] Level 1:colcon.colcon_core.package_identification:_identify(src/rover_simulation/rover/rover_parts/right_drive/parts/wheel_swivel) by extensions ['colcon_pkg']
[1.847s] Level 1:colcon.colcon_core.package_identification:_identify(src/rover_simulation/rover/rover_parts/right_drive/parts/wheel_swivel) by extension 'colcon_pkg'
[1.847s] Level 1:colcon.colcon_core.package_identification:_identify(src/rover_simulation/rover/rover_parts/right_drive/parts/wheel_swivel) by extensions ['colcon_meta']
[1.847s] Level 1:colcon.colcon_core.package_identification:_identify(src/rover_simulation/rover/rover_parts/right_drive/parts/wheel_swivel) by extension 'colcon_meta'
[1.847s] Level 1:colcon.colcon_core.package_identification:_identify(src/rover_simulation/rover/rover_parts/right_drive/parts/wheel_swivel) by extensions ['ros']
[1.847s] Level 1:colcon.colcon_core.package_identification:_identify(src/rover_simulation/rover/rover_parts/right_drive/parts/wheel_swivel) by extension 'ros'
[1.847s] Level 1:colcon.colcon_core.package_identification:_identify(src/rover_simulation/rover/rover_parts/right_drive/parts/wheel_swivel) by extensions ['cmake', 'python']
[1.847s] Level 1:colcon.colcon_core.package_identification:_identify(src/rover_simulation/rover/rover_parts/right_drive/parts/wheel_swivel) by extension 'cmake'
[1.847s] Level 1:colcon.colcon_core.package_identification:_identify(src/rover_simulation/rover/rover_parts/right_drive/parts/wheel_swivel) by extension 'python'
[1.847s] Level 1:colcon.colcon_core.package_identification:_identify(src/rover_simulation/rover/rover_parts/right_drive/parts/wheel_swivel) by extensions ['python_setup_py']
[1.847s] Level 1:colcon.colcon_core.package_identification:_identify(src/rover_simulation/rover/rover_parts/right_drive/parts/wheel_swivel) by extension 'python_setup_py'
[1.847s] Level 1:colcon.colcon_core.package_identification:_identify(src/simulation) by extensions ['ignore', 'ignore_ament_install']
[1.847s] Level 1:colcon.colcon_core.package_identification:_identify(src/simulation) by extension 'ignore'
[1.847s] Level 1:colcon.colcon_core.package_identification:_identify(src/simulation) by extension 'ignore_ament_install'
[1.847s] Level 1:colcon.colcon_core.package_identification:_identify(src/simulation) by extensions ['colcon_pkg']
[1.847s] Level 1:colcon.colcon_core.package_identification:_identify(src/simulation) by extension 'colcon_pkg'
[1.847s] Level 1:colcon.colcon_core.package_identification:_identify(src/simulation) by extensions ['colcon_meta']
[1.847s] Level 1:colcon.colcon_core.package_identification:_identify(src/simulation) by extension 'colcon_meta'
[1.847s] Level 1:colcon.colcon_core.package_identification:_identify(src/simulation) by extensions ['ros']
[1.847s] Level 1:colcon.colcon_core.package_identification:_identify(src/simulation) by extension 'ros'
[1.850s] DEBUG:colcon.colcon_core.package_identification:Package 'src/simulation' with type 'ros.ament_python' and name 'simulation'
[1.850s] Level 1:colcon.colcon_core.package_identification:_identify(src/wr_path_planning) by extensions ['ignore', 'ignore_ament_install']
[1.850s] Level 1:colcon.colcon_core.package_identification:_identify(src/wr_path_planning) by extension 'ignore'
[1.850s] Level 1:colcon.colcon_core.package_identification:_identify(src/wr_path_planning) by extension 'ignore_ament_install'
[1.850s] Level 1:colcon.colcon_core.package_identification:_identify(src/wr_path_planning) by extensions ['colcon_pkg']
[1.850s] Level 1:colcon.colcon_core.package_identification:_identify(src/wr_path_planning) by extension 'colcon_pkg'
[1.850s] Level 1:colcon.colcon_core.package_identification:_identify(src/wr_path_planning) by extensions ['colcon_meta']
[1.850s] Level 1:colcon.colcon_core.package_identification:_identify(src/wr_path_planning) by extension 'colcon_meta'
[1.850s] Level 1:colcon.colcon_core.package_identification:_identify(src/wr_path_planning) by extensions ['ros']
[1.850s] Level 1:colcon.colcon_core.package_identification:_identify(src/wr_path_planning) by extension 'ros'
[1.851s] DEBUG:colcon.colcon_core.package_identification:Package 'src/wr_path_planning' with type 'ros.ament_python' and name 'wr_path_planning'
[1.851s] Level 1:colcon.colcon_core.package_discovery:discover_packages(recursive) using defaults
[1.851s] Level 1:colcon.colcon_core.package_discovery:discover_packages(ignore) discover
[1.851s] Level 1:colcon.colcon_core.package_discovery:discover_packages(ignore) using defaults
[1.851s] Level 1:colcon.colcon_core.package_discovery:discover_packages(path) discover
[1.851s] Level 1:colcon.colcon_core.package_discovery:discover_packages(path) using defaults
[1.887s] Level 1:colcon.colcon_core.package_discovery:discover_packages(prefix_path) check parameters
[1.887s] Level 1:colcon.colcon_core.package_discovery:discover_packages(prefix_path) discover
[1.893s] DEBUG:colcon.colcon_installed_package_information.package_discovery:Found 191 installed packages in /opt/ros/humble
[1.894s] Level 1:colcon.colcon_core.package_discovery:discover_packages(prefix_path) using defaults
[2.012s] Level 5:colcon.colcon_core.verb:set package 'simulation' build argument 'cmake_args' from command line to 'None'
[2.012s] Level 5:colcon.colcon_core.verb:set package 'simulation' build argument 'cmake_target' from command line to 'None'
[2.012s] Level 5:colcon.colcon_core.verb:set package 'simulation' build argument 'cmake_target_skip_unavailable' from command line to 'False'
[2.012s] Level 5:colcon.colcon_core.verb:set package 'simulation' build argument 'cmake_clean_cache' from command line to 'False'
[2.012s] Level 5:colcon.colcon_core.verb:set package 'simulation' build argument 'cmake_clean_first' from command line to 'False'
[2.012s] Level 5:colcon.colcon_core.verb:set package 'simulation' build argument 'cmake_force_configure' from command line to 'False'
[2.012s] Level 5:colcon.colcon_core.verb:set package 'simulation' build argument 'ament_cmake_args' from command line to 'None'
[2.012s] Level 5:colcon.colcon_core.verb:set package 'simulation' build argument 'catkin_cmake_args' from command line to 'None'
[2.013s] Level 5:colcon.colcon_core.verb:set package 'simulation' build argument 'catkin_skip_building_tests' from command line to 'False'
[2.013s] DEBUG:colcon.colcon_core.verb:Building package 'simulation' with the following arguments: {'ament_cmake_args': None, 'build_base': '/home/teggatz/documents/WRoverSoftware_25-26/build/simulation', 'catkin_cmake_args': None, 'catkin_skip_building_tests': False, 'cmake_args': None, 'cmake_clean_cache': False, 'cmake_clean_first': False, 'cmake_force_configure': False, 'cmake_target': None, 'cmake_target_skip_unavailable': False, 'install_base': '/home/teggatz/documents/WRoverSoftware_25-26/install/simulation', 'merge_install': False, 'path': '/home/teggatz/documents/WRoverSoftware_25-26/src/simulation', 'symlink_install': False, 'test_result_base': None}
[2.013s] Level 5:colcon.colcon_core.verb:set package 'wr_path_planning' build argument 'cmake_args' from command line to 'None'
[2.013s] Level 5:colcon.colcon_core.verb:set package 'wr_path_planning' build argument 'cmake_target' from command line to 'None'
[2.013s] Level 5:colcon.colcon_core.verb:set package 'wr_path_planning' build argument 'cmake_target_skip_unavailable' from command line to 'False'
[2.013s] Level 5:colcon.colcon_core.verb:set package 'wr_path_planning' build argument 'cmake_clean_cache' from command line to 'False'
[2.013s] Level 5:colcon.colcon_core.verb:set package 'wr_path_planning' build argument 'cmake_clean_first' from command line to 'False'
[2.013s] Level 5:colcon.colcon_core.verb:set package 'wr_path_planning' build argument 'cmake_force_configure' from command line to 'False'
[2.013s] Level 5:colcon.colcon_core.verb:set package 'wr_path_planning' build argument 'ament_cmake_args' from command line to 'None'
[2.013s] Level 5:colcon.colcon_core.verb:set package 'wr_path_planning' build argument 'catkin_cmake_args' from command line to 'None'
[2.013s] Level 5:colcon.colcon_core.verb:set package 'wr_path_planning' build argument 'catkin_skip_building_tests' from command line to 'False'
[2.013s] DEBUG:colcon.colcon_core.verb:Building package 'wr_path_planning' with the following arguments: {'ament_cmake_args': None, 'build_base': '/home/teggatz/documents/WRoverSoftware_25-26/build/wr_path_planning', 'catkin_cmake_args': None, 'catkin_skip_building_tests': False, 'cmake_args': None, 'cmake_clean_cache': False, 'cmake_clean_first': False, 'cmake_force_configure': False, 'cmake_target': None, 'cmake_target_skip_unavailable': False, 'install_base': '/home/teggatz/documents/WRoverSoftware_25-26/install/wr_path_planning', 'merge_install': False, 'path': '/home/teggatz/documents/WRoverSoftware_25-26/src/wr_path_planning', 'symlink_install': False, 'test_result_base': None}
[2.013s] INFO:colcon.colcon_core.executor:Executing jobs using 'parallel' executor
[2.014s] DEBUG:colcon.colcon_parallel_executor.executor.parallel:run_until_complete
[2.014s] INFO:colcon.colcon_ros.task.ament_python.build:Building ROS package in '/home/teggatz/documents/WRoverSoftware_25-26/src/simulation' with build type 'ament_python'
[2.014s] Level 1:colcon.colcon_core.shell:create_environment_hook('simulation', 'ament_prefix_path')
[2.022s] INFO:colcon.colcon_core.plugin_system:Skipping extension 'colcon_core.shell.bat': Not used on non-Windows systems
[2.022s] INFO:colcon.colcon_core.shell:Creating environment hook '/home/teggatz/documents/WRoverSoftware_25-26/install/simulation/share/simulation/hook/ament_prefix_path.ps1'
[2.023s] INFO:colcon.colcon_core.shell:Creating environment descriptor '/home/teggatz/documents/WRoverSoftware_25-26/install/simulation/share/simulation/hook/ament_prefix_path.dsv'
[2.023s] INFO:colcon.colcon_core.shell:Creating environment hook '/home/teggatz/documents/WRoverSoftware_25-26/install/simulation/share/simulation/hook/ament_prefix_path.sh'
[2.024s] INFO:colcon.colcon_core.shell:Skip shell extension 'powershell' for command environment: Not usable outside of PowerShell
[2.024s] DEBUG:colcon.colcon_core.shell:Skip shell extension 'dsv' for command environment
[2.027s] INFO:colcon.colcon_ros.task.ament_python.build:Building ROS package in '/home/teggatz/documents/WRoverSoftware_25-26/src/wr_path_planning' with build type 'ament_python'
[2.027s] Level 1:colcon.colcon_core.shell:create_environment_hook('wr_path_planning', 'ament_prefix_path')
[2.027s] INFO:colcon.colcon_core.shell:Creating environment hook '/home/teggatz/documents/WRoverSoftware_25-26/install/wr_path_planning/share/wr_path_planning/hook/ament_prefix_path.ps1'
[2.028s] INFO:colcon.colcon_core.shell:Creating environment descriptor '/home/teggatz/documents/WRoverSoftware_25-26/install/wr_path_planning/share/wr_path_planning/hook/ament_prefix_path.dsv'
[2.028s] INFO:colcon.colcon_core.shell:Creating environment hook '/home/teggatz/documents/WRoverSoftware_25-26/install/wr_path_planning/share/wr_path_planning/hook/ament_prefix_path.sh'
[2.028s] INFO:colcon.colcon_core.shell:Skip shell extension 'powershell' for command environment: Not usable outside of PowerShell
[2.028s] DEBUG:colcon.colcon_core.shell:Skip shell extension 'dsv' for command environment
[2.172s] INFO:colcon.colcon_core.task.python.build:Building Python package in '/home/teggatz/documents/WRoverSoftware_25-26/src/simulation'
[2.172s] INFO:colcon.colcon_core.shell:Skip shell extension 'powershell' for command environment: Not usable outside of PowerShell
[2.173s] DEBUG:colcon.colcon_core.shell:Skip shell extension 'dsv' for command environment
[2.300s] INFO:colcon.colcon_core.task.python.build:Building Python package in '/home/teggatz/documents/WRoverSoftware_25-26/src/wr_path_planning'
[2.300s] INFO:colcon.colcon_core.shell:Skip shell extension 'powershell' for command environment: Not usable outside of PowerShell
[2.300s] DEBUG:colcon.colcon_core.shell:Skip shell extension 'dsv' for command environment
[3.172s] DEBUG:colcon.colcon_core.event_handler.log_command:Invoking command in '/home/teggatz/documents/WRoverSoftware_25-26/src/simulation': PYTHONPATH=/home/teggatz/documents/WRoverSoftware_25-26/build/simulation/prefix_override:/usr/lib/python3/dist-packages/colcon_core/task/python/colcon_distutils_commands:/home/teggatz/documents/WRoverSoftware_25-26/install/simulation/lib/python3.10/site-packages:${PYTHONPATH} /usr/bin/python3 -W ignore:setup.py install is deprecated -W ignore:easy_install command is deprecated setup.py egg_info --egg-base ../../build/simulation build --build-base /home/teggatz/documents/WRoverSoftware_25-26/build/simulation/build install --record /home/teggatz/documents/WRoverSoftware_25-26/build/simulation/install.log --single-version-externally-managed install_data
[3.183s] DEBUG:colcon.colcon_core.event_handler.log_command:Invoking command in '/home/teggatz/documents/WRoverSoftware_25-26/src/wr_path_planning': PYTHONPATH=/home/teggatz/documents/WRoverSoftware_25-26/build/wr_path_planning/prefix_override:/usr/lib/python3/dist-packages/colcon_core/task/python/colcon_distutils_commands:/home/teggatz/documents/WRoverSoftware_25-26/install/wr_path_planning/lib/python3.10/site-packages:${PYTHONPATH} /usr/bin/python3 -W ignore:setup.py install is deprecated -W ignore:easy_install command is deprecated setup.py egg_info --egg-base ../../build/wr_path_planning build --build-base /home/teggatz/documents/WRoverSoftware_25-26/build/wr_path_planning/build install --record /home/teggatz/documents/WRoverSoftware_25-26/build/wr_path_planning/install.log --single-version-externally-managed install_data
[3.349s] DEBUG:colcon.colcon_core.event_handler.log_command:Invoked command in '/home/teggatz/documents/WRoverSoftware_25-26/src/wr_path_planning' returned '0': PYTHONPATH=/home/teggatz/documents/WRoverSoftware_25-26/build/wr_path_planning/prefix_override:/usr/lib/python3/dist-packages/colcon_core/task/python/colcon_distutils_commands:/home/teggatz/documents/WRoverSoftware_25-26/install/wr_path_planning/lib/python3.10/site-packages:${PYTHONPATH} /usr/bin/python3 -W ignore:setup.py install is deprecated -W ignore:easy_install command is deprecated setup.py egg_info --egg-base ../../build/wr_path_planning build --build-base /home/teggatz/documents/WRoverSoftware_25-26/build/wr_path_planning/build install --record /home/teggatz/documents/WRoverSoftware_25-26/build/wr_path_planning/install.log --single-version-externally-managed install_data
[3.357s] Level 1:colcon.colcon_core.environment:checking '/home/teggatz/documents/WRoverSoftware_25-26/install/wr_path_planning' for CMake module files
[3.357s] Level 1:colcon.colcon_core.environment:checking '/home/teggatz/documents/WRoverSoftware_25-26/install/wr_path_planning' for CMake config files
[3.357s] Level 1:colcon.colcon_core.environment:checking '/home/teggatz/documents/WRoverSoftware_25-26/install/wr_path_planning/lib'
[3.357s] Level 1:colcon.colcon_core.environment:checking '/home/teggatz/documents/WRoverSoftware_25-26/install/wr_path_planning/bin'
[3.358s] Level 1:colcon.colcon_core.environment:checking '/home/teggatz/documents/WRoverSoftware_25-26/install/wr_path_planning/lib/pkgconfig/wr_path_planning.pc'
[3.358s] Level 1:colcon.colcon_core.environment:checking '/home/teggatz/documents/WRoverSoftware_25-26/install/wr_path_planning/lib/python3.10/site-packages'
[3.358s] Level 1:colcon.colcon_core.shell:create_environment_hook('wr_path_planning', 'pythonpath')
[3.358s] INFO:colcon.colcon_core.shell:Creating environment hook '/home/teggatz/documents/WRoverSoftware_25-26/install/wr_path_planning/share/wr_path_planning/hook/pythonpath.ps1'
[3.358s] INFO:colcon.colcon_core.shell:Creating environment descriptor '/home/teggatz/documents/WRoverSoftware_25-26/install/wr_path_planning/share/wr_path_planning/hook/pythonpath.dsv'
[3.359s] INFO:colcon.colcon_core.shell:Creating environment hook '/home/teggatz/documents/WRoverSoftware_25-26/install/wr_path_planning/share/wr_path_planning/hook/pythonpath.sh'
[3.359s] Level 1:colcon.colcon_core.environment:checking '/home/teggatz/documents/WRoverSoftware_25-26/install/wr_path_planning/bin'
[3.359s] Level 1:colcon.colcon_core.environment:create_environment_scripts_only(wr_path_planning)
[3.359s] INFO:colcon.colcon_core.shell:Creating package script '/home/teggatz/documents/WRoverSoftware_25-26/install/wr_path_planning/share/wr_path_planning/package.ps1'
[3.360s] INFO:colcon.colcon_core.shell:Creating package descriptor '/home/teggatz/documents/WRoverSoftware_25-26/install/wr_path_planning/share/wr_path_planning/package.dsv'
[3.361s] INFO:colcon.colcon_core.shell:Creating package script '/home/teggatz/documents/WRoverSoftware_25-26/install/wr_path_planning/share/wr_path_planning/package.sh'
[3.362s] INFO:colcon.colcon_core.shell:Creating package script '/home/teggatz/documents/WRoverSoftware_25-26/install/wr_path_planning/share/wr_path_planning/package.bash'
[3.362s] INFO:colcon.colcon_core.shell:Creating package script '/home/teggatz/documents/WRoverSoftware_25-26/install/wr_path_planning/share/wr_path_planning/package.zsh'
[3.363s] Level 1:colcon.colcon_core.environment:create_file_with_runtime_dependencies(/home/teggatz/documents/WRoverSoftware_25-26/install/wr_path_planning/share/colcon-core/packages/wr_path_planning)
[3.365s] Level 1:colcon.colcon_core.environment:checking '/home/teggatz/documents/WRoverSoftware_25-26/install/simulation' for CMake module files
[3.365s] DEBUG:colcon.colcon_core.event_handler.log_command:Invoked command in '/home/teggatz/documents/WRoverSoftware_25-26/src/simulation' returned '0': PYTHONPATH=/home/teggatz/documents/WRoverSoftware_25-26/build/simulation/prefix_override:/usr/lib/python3/dist-packages/colcon_core/task/python/colcon_distutils_commands:/home/teggatz/documents/WRoverSoftware_25-26/install/simulation/lib/python3.10/site-packages:${PYTHONPATH} /usr/bin/python3 -W ignore:setup.py install is deprecated -W ignore:easy_install command is deprecated setup.py egg_info --egg-base ../../build/simulation build --build-base /home/teggatz/documents/WRoverSoftware_25-26/build/simulation/build install --record /home/teggatz/documents/WRoverSoftware_25-26/build/simulation/install.log --single-version-externally-managed install_data
[3.366s] Level 1:colcon.colcon_core.environment:checking '/home/teggatz/documents/WRoverSoftware_25-26/install/simulation' for CMake config files
[3.367s] Level 1:colcon.colcon_core.environment:checking '/home/teggatz/documents/WRoverSoftware_25-26/install/simulation/lib'
[3.367s] Level 1:colcon.colcon_core.environment:checking '/home/teggatz/documents/WRoverSoftware_25-26/install/simulation/bin'
[3.367s] Level 1:colcon.colcon_core.environment:checking '/home/teggatz/documents/WRoverSoftware_25-26/install/simulation/lib/pkgconfig/simulation.pc'
[3.367s] Level 1:colcon.colcon_core.environment:checking '/home/teggatz/documents/WRoverSoftware_25-26/install/simulation/lib/python3.10/site-packages'
[3.367s] Level 1:colcon.colcon_core.shell:create_environment_hook('simulation', 'pythonpath')
[3.367s] INFO:colcon.colcon_core.shell:Creating environment hook '/home/teggatz/documents/WRoverSoftware_25-26/install/simulation/share/simulation/hook/pythonpath.ps1'
[3.367s] INFO:colcon.colcon_core.shell:Creating environment descriptor '/home/teggatz/documents/WRoverSoftware_25-26/install/simulation/share/simulation/hook/pythonpath.dsv'
[3.367s] INFO:colcon.colcon_core.shell:Creating environment hook '/home/teggatz/documents/WRoverSoftware_25-26/install/simulation/share/simulation/hook/pythonpath.sh'
[3.368s] Level 1:colcon.colcon_core.environment:checking '/home/teggatz/documents/WRoverSoftware_25-26/install/simulation/bin'
[3.368s] Level 1:colcon.colcon_core.environment:create_environment_scripts_only(simulation)
[3.368s] INFO:colcon.colcon_core.shell:Creating package script '/home/teggatz/documents/WRoverSoftware_25-26/install/simulation/share/simulation/package.ps1'
[3.368s] INFO:colcon.colcon_core.shell:Creating package descriptor '/home/teggatz/documents/WRoverSoftware_25-26/install/simulation/share/simulation/package.dsv'
[3.368s] INFO:colcon.colcon_core.shell:Creating package script '/home/teggatz/documents/WRoverSoftware_25-26/install/simulation/share/simulation/package.sh'
[3.369s] INFO:colcon.colcon_core.shell:Creating package script '/home/teggatz/documents/WRoverSoftware_25-26/install/simulation/share/simulation/package.bash'
[3.369s] INFO:colcon.colcon_core.shell:Creating package script '/home/teggatz/documents/WRoverSoftware_25-26/install/simulation/share/simulation/package.zsh'
[3.369s] Level 1:colcon.colcon_core.environment:create_file_with_runtime_dependencies(/home/teggatz/documents/WRoverSoftware_25-26/install/simulation/share/colcon-core/packages/simulation)
[3.369s] DEBUG:colcon.colcon_parallel_executor.executor.parallel:closing loop
[3.370s] DEBUG:colcon.colcon_parallel_executor.executor.parallel:loop closed
[3.370s] DEBUG:colcon.colcon_parallel_executor.executor.parallel:run_until_complete finished with '0'
[3.370s] DEBUG:colcon.colcon_core.event_reactor:joining thread
[3.632s] INFO:colcon.colcon_core.plugin_system:Skipping extension 'colcon_notification.desktop_notification.notify_send': Could not find 'notify-send'
[3.632s] INFO:colcon.colcon_core.plugin_system:Skipping extension 'colcon_notification.desktop_notification.terminal_notifier': Not used on non-Darwin systems
[3.632s] INFO:colcon.colcon_core.plugin_system:Skipping extension 'colcon_notification.desktop_notification.win32': Not used on non-Windows systems
[3.633s] INFO:colcon.colcon_notification.desktop_notification:Sending desktop notification using 'notify2'
[3.633s] DEBUG:colcon.colcon_notification.desktop_notification.notify2:Failed to initialize notify2: org.freedesktop.DBus.Error.FileNotFound: Failed to connect to socket /run/user/1000/bus: No such file or directory
[3.634s] DEBUG:colcon.colcon_core.event_reactor:joined thread
[3.634s] INFO:colcon.colcon_core.shell:Creating prefix script '/home/teggatz/documents/WRoverSoftware_25-26/install/local_setup.ps1'
[3.637s] INFO:colcon.colcon_core.shell:Creating prefix util module '/home/teggatz/documents/WRoverSoftware_25-26/install/_local_setup_util_ps1.py'
[3.640s] INFO:colcon.colcon_core.shell:Creating prefix chain script '/home/teggatz/documents/WRoverSoftware_25-26/install/setup.ps1'
[3.642s] INFO:colcon.colcon_core.shell:Creating prefix script '/home/teggatz/documents/WRoverSoftware_25-26/install/local_setup.sh'
[3.643s] INFO:colcon.colcon_core.shell:Creating prefix util module '/home/teggatz/documents/WRoverSoftware_25-26/install/_local_setup_util_sh.py'
[3.644s] INFO:colcon.colcon_core.shell:Creating prefix chain script '/home/teggatz/documents/WRoverSoftware_25-26/install/setup.sh'
[3.646s] INFO:colcon.colcon_core.shell:Creating prefix script '/home/teggatz/documents/WRoverSoftware_25-26/install/local_setup.bash'
[3.647s] INFO:colcon.colcon_core.shell:Creating prefix chain script '/home/teggatz/documents/WRoverSoftware_25-26/install/setup.bash'
[3.649s] INFO:colcon.colcon_core.shell:Creating prefix script '/home/teggatz/documents/WRoverSoftware_25-26/install/local_setup.zsh'
[3.650s] INFO:colcon.colcon_core.shell:Creating prefix chain script '/home/teggatz/documents/WRoverSoftware_25-26/install/setup.zsh'
