/home/teggatz/Documents/WiscRobo/WRoverSoftware_25-26/install/simulation/lib/python3.10/site-packages/simulation/__init__.py
/home/teggatz/Documents/WiscRobo/WRoverSoftware_25-26/install/simulation/lib/python3.10/site-packages/simulation/__pycache__/__init__.cpython-310.pyc
/home/teggatz/Documents/WiscRobo/WRoverSoftware_25-26/install/simulation/share/ament_index/resource_index/packages/simulation
/home/teggatz/Documents/WiscRobo/WRoverSoftware_25-26/install/simulation/share/simulation/package.xml
/home/teggatz/Documents/WiscRobo/WRoverSoftware_25-26/install/simulation/share/simulation/launch/simulation.launch.py
/home/teggatz/Documents/WiscRobo/WRoverSoftware_25-26/install/simulation/share/simulation/models/world.sdf
/home/teggatz/Documents/WiscRobo/WRoverSoftware_25-26/install/simulation/share/simulation/models/rover/model.config
/home/teggatz/Documents/WiscRobo/WRoverSoftware_25-26/install/simulation/share/simulation/models/rover/rover.sdf
/home/teggatz/Documents/WiscRobo/WRoverSoftware_25-26/install/simulation/share/simulation/models/rover/rover_parts/right_drive/right_drive_new.sdf
/home/teggatz/Documents/WiscRobo/WRoverSoftware_25-26/install/simulation/share/simulation/models/rover/rover_parts/right_drive/model.config
/home/teggatz/Documents/WiscRobo/WRoverSoftware_25-26/install/simulation/share/simulation/models/rover/rover_parts/right_drive/right_drive.sdf
/home/teggatz/Documents/WiscRobo/WRoverSoftware_25-26/install/simulation/share/simulation/models/rover/rover_parts/right_drive/parts/wheel_swivel/model.config
/home/teggatz/Documents/WiscRobo/WRoverSoftware_25-26/install/simulation/share/simulation/models/rover/rover_parts/right_drive/parts/wheel_swivel/wheel_swivel.sdf
/home/teggatz/Documents/WiscRobo/WRoverSoftware_25-26/install/simulation/share/simulation/models/rover/rover_parts/main_body/model.config
/home/teggatz/Documents/WiscRobo/WRoverSoftware_25-26/install/simulation/share/simulation/models/rover/rover_parts/main_body/main_body.sdf
/home/teggatz/Documents/WiscRobo/WRoverSoftware_25-26/install/simulation/share/simulation/models/meshes/mainChasis/main_body_collision.stl
/home/teggatz/Documents/WiscRobo/WRoverSoftware_25-26/install/simulation/share/simulation/models/meshes/mainChasis/Chassis_Rough.stl
/home/teggatz/Documents/WiscRobo/WRoverSoftware_25-26/install/simulation/share/simulation/models/meshes/mainChasis/main_body_visual.dae
/home/teggatz/Documents/WiscRobo/WRoverSoftware_25-26/install/simulation/share/simulation/models/meshes/drive/right_drive/Right_Drive_Back_Swivel.stl
/home/teggatz/Documents/WiscRobo/WRoverSoftware_25-26/install/simulation/share/simulation/models/meshes/drive/right_drive/Right_Drive_Front_Swivel.stl
/home/teggatz/Documents/WiscRobo/WRoverSoftware_25-26/install/simulation/share/simulation/models/meshes/drive/right_drive/Right_Drive_Front_Wheel.stl
/home/teggatz/Documents/WiscRobo/WRoverSoftware_25-26/install/simulation/share/simulation/models/meshes/drive/right_drive/Right_Drive_Back_Wheel.stl
/home/teggatz/Documents/WiscRobo/WRoverSoftware_25-26/install/simulation/share/simulation/models/meshes/drive/wheel_swivel/right_swerve_wheel_right.stl
/home/teggatz/Documents/WiscRobo/WRoverSoftware_25-26/install/simulation/share/simulation/models/meshes/drive/wheel_swivel/wheel_right_collision.stl
/home/teggatz/Documents/WiscRobo/WRoverSoftware_25-26/install/simulation/share/simulation/models/meshes/drive/wheel_swivel/wheel_left_collision.stl
/home/teggatz/Documents/WiscRobo/WRoverSoftware_25-26/install/simulation/share/simulation/models/meshes/drive/wheel_swivel/right_swerve_wheel_left.stl
/home/teggatz/Documents/WiscRobo/WRoverSoftware_25-26/install/simulation/share/simulation/models/meshes/drive/drive_chasis/right_drive_chasis.stl
/home/teggatz/Documents/WiscRobo/WRoverSoftware_25-26/install/simulation/lib/python3.10/site-packages/simulation-0.0.0-py3.10.egg-info/requires.txt
/home/teggatz/Documents/WiscRobo/WRoverSoftware_25-26/install/simulation/lib/python3.10/site-packages/simulation-0.0.0-py3.10.egg-info/dependency_links.txt
/home/teggatz/Documents/WiscRobo/WRoverSoftware_25-26/install/simulation/lib/python3.10/site-packages/simulation-0.0.0-py3.10.egg-info/top_level.txt
/home/teggatz/Documents/WiscRobo/WRoverSoftware_25-26/install/simulation/lib/python3.10/site-packages/simulation-0.0.0-py3.10.egg-info/zip-safe
/home/teggatz/Documents/WiscRobo/WRoverSoftware_25-26/install/simulation/lib/python3.10/site-packages/simulation-0.0.0-py3.10.egg-info/SOURCES.txt
/home/teggatz/Documents/WiscRobo/WRoverSoftware_25-26/install/simulation/lib/python3.10/site-packages/simulation-0.0.0-py3.10.egg-info/PKG-INFO
/home/teggatz/Documents/WiscRobo/WRoverSoftware_25-26/install/simulation/lib/python3.10/site-packages/simulation-0.0.0-py3.10.egg-info/entry_points.txt
